0	1	mikroCPIC1618.exe -MSF -DBG -pP18F45K22 -DL -O11111114 -fo8 -N"C:\Users\Fernando\Desktop\osa\RTOS_PROJETOS_CODIGO_FONTES_osa_110306 (4)\osa_110306\osa\apps\14_PROJETO_PRIORIDADE_DAS_TASKS\RTOSproject.mcppi" -SP"C:\Users\Public\Documents\Mikroelektronika\mikroC PRO for PIC720\Defs\" -SP"C:\Users\Public\Documents\Mikroelektronika\mikroC PRO for PIC720\uses\P18\" -SP"C:\Users\Fernando\Desktop\osa\RTOS_PROJETOS_CODIGO_FONTES_osa_110306 (4)\osa_110306\osa\apps\14_PROJETO_PRIORIDADE_DAS_TASKS\" -SP"C:\Users\Fernando\Desktop\osa\RTOS_PROJETOS_CODIGO_FONTES_osa_110306 (4)\osa_110306\osa\" -IP"C:\Users\Public\Documents\Mikroelektronika\mikroC PRO for PIC720\uses\P18\" -IP"C:\Users\Fernando\Desktop\osa\RTOS_PROJETOS_CODIGO_FONTES_osa_110306 (4)\osa_110306\osa\apps\14_PROJETO_PRIORIDADE_DAS_TASKS\" -IP"C:\Users\Fernando\Desktop\osa\RTOS_PROJETOS_CODIGO_FONTES_osa_110306 (4)\osa_110306\osa\" "main.c" "osa.c" "bsp.c" "lcd.c" "timer.c" "usart.c" "__Lib_Math.mcl" "__Lib_MathDouble.mcl" "__Lib_System.mcl" "__Lib_Delays.mcl" "__Lib_CString.mcl" "__Lib_Conversions.mcl" "__Lib_ADC_K22_B.mcl" "__Lib_EEPROM_256.mcl" "__Lib_PWM_c21.mcl" "__Lib_UART_c67d67.mcl" "__Lib_LcdConsts.mcl" "__Lib_Lcd.mcl"	 
hint: 0	1139	Available RAM: 1515 [bytes], Available ROM: 32768 [bytes]	 
diagnostics: 0	122	Compilation Started	osacfg.h
hint: 0	1004	interrupt handler (INTERRUPT_HIGH at 0x0008)	main.c
diagnostics: 156	123	Compiled Successfully	main.c
hint: 93	1164	Variable 'adc' has been eliminated by optimizer	main.c
hint: 113	1164	Variable 'duty' has been eliminated by optimizer	main.c
diagnostics: 0	122	Compilation Started	osacfg.h
diagnostics: 140	123	Compiled Successfully	osa_tasks.c
hint: 217	1164	Variable 'msg_temp' has been eliminated by optimizer	osa_tasks.c
diagnostics: 0	122	Compilation Started	bsp.h
diagnostics: 30	123	Compiled Successfully	bsp.c
diagnostics: 0	122	Compilation Started	lcd.h
diagnostics: 9	123	Compiled Successfully	lcd.c
diagnostics: 0	122	Compilation Started	timer.h
diagnostics: 16	123	Compiled Successfully	timer.c
diagnostics: 0	122	Compilation Started	osacfg.h
warning: 9	1509	Generated baud rate is 9615 bps (error = 0.16 percent)	usart.c
diagnostics: 68	123	Compiled Successfully	usart.c
diagnostics: 0	127	All files Compiled in 1172 ms	 
hint: 0	1144	Used RAM (bytes): 173 (11%)  Free RAM (bytes): 1342 (89%)	Used RAM (bytes): 173 (11%)  Free RAM (bytes): 1342 (89%)
hint: 0	1144	Used ROM (bytes): 3927 (12%)  Free ROM (bytes): 28841 (88%)	Used ROM (bytes): 3927 (12%)  Free ROM (bytes): 28841 (88%)
diagnostics: 0	125	Project Linked Successfully	RTOSproject.mcppi
diagnostics: 0	128	Linked in 109 ms	 
diagnostics: 0	129	Project 'RTOSproject.mcppi' completed: 1312 ms	 
diagnostics: 0	103	Finished successfully: 25 mar 2019, 10:46:47	RTOSproject.mcppi
