;  LST file generated by mikroListExporter - v.2.0 
; Date/Time: 25/03/2019 10:29:30
;----------------------------------------------

;Address Opcode 	ASM
0x0000	0xF004EF20  	GOTO        2112
_INTERRUPT_HIGH:
;main.c,8 :: 		void INTERRUPT_HIGH() iv 0x0008 ics ICS_AUTO {
0x0008	0xF01CC000  	MOVFF       R0, 28
0x000C	0xF01BC001  	MOVFF       R1, 27
0x0010	0xF01AC002  	MOVFF       R2, 26
0x0014	0xF019C003  	MOVFF       R3, 25
0x0018	0xF018C004  	MOVFF       R4, 24
0x001C	0xF017C005  	MOVFF       R5, 23
0x0020	0xF016C008  	MOVFF       R8, 22
0x0024	0xF015C009  	MOVFF       R9, 21
;main.c,11 :: 		if (TMR2IF_bit){
0x0028	0xF01FCFE1  	MOVFF       FSR1L, 31
0x002C	0xF020CFE2  	MOVFF       FSR1H, 32
0x0030	0xF01DCFE9  	MOVFF       FSR0L, 29
0x0034	0xF01ECFEA  	MOVFF       FSR0H, 30
0x0038	0xA29E      	BTFSS       TMR2IF_bit, BitPos(TMR2IF_bit+0) 
0x003A	0xD06B      	BRA         L_INTERRUPT_HIGH0
;main.c,12 :: 		TMR2IF_bit = 0;
0x003C	0x929E      	BCF         TMR2IF_bit, BitPos(TMR2IF_bit+0) 
;main.c,13 :: 		OS_Timer();
0x003E	0x0100      	MOVLB       0
0x0040	0x6B6B      	CLRF        INTERRUPT_HIGH__os_i_L3, 1
L_INTERRUPT_HIGH1:
0x0042	0x0E04      	MOVLW       4
0x0044	0x5D6B      	SUBWF       INTERRUPT_HIGH__os_i_L3, 0, 1
0x0046	0xE265      	BC          L_INTERRUPT_HIGH2
0x0048	0x0E09      	MOVLW       9
0x004A	0x6E00      	MOVWF       R0 
0x004C	0x0E00      	MOVLW       0
0x004E	0x6E01      	MOVWF       R1 
0x0050	0xF004C06B  	MOVFF       INTERRUPT_HIGH__os_i_L3, R4
0x0054	0x0E00      	MOVLW       0
0x0056	0x6E05      	MOVWF       R5 
0x0058	0xDAA8      	RCALL       _Mul_16X16_U
0x005A	0x0E38      	MOVLW       __OS_Tasks
0x005C	0x2400      	ADDWF       R0, 0 
0x005E	0x6EE9      	MOVWF       FSR0L 
0x0060	0x0E00      	MOVLW       hi_addr(__OS_Tasks)
0x0062	0x2001      	ADDWFC      R1, 0 
0x0064	0x6EEA      	MOVWF       FSR0H 
0x0066	0xF000CFEE  	MOVFF       POSTINC0, R0
0x006A	0xA800      	BTFSS       R0, 4 
0x006C	0xD050      	BRA         L_INTERRUPT_HIGH4
0x006E	0x0E09      	MOVLW       9
0x0070	0x6E00      	MOVWF       R0 
0x0072	0x0E00      	MOVLW       0
0x0074	0x6E01      	MOVWF       R1 
0x0076	0xF004C06B  	MOVFF       INTERRUPT_HIGH__os_i_L3, R4
0x007A	0x0E00      	MOVLW       0
0x007C	0x6E05      	MOVWF       R5 
0x007E	0xDA95      	RCALL       _Mul_16X16_U
0x0080	0x0E38      	MOVLW       __OS_Tasks
0x0082	0x2600      	ADDWF       R0, 1 
0x0084	0x0E00      	MOVLW       hi_addr(__OS_Tasks)
0x0086	0x2201      	ADDWFC      R1, 1 
0x0088	0x0E05      	MOVLW       5
0x008A	0x2400      	ADDWF       R0, 0 
0x008C	0x6E04      	MOVWF       R4 
0x008E	0x0E00      	MOVLW       0
0x0090	0x2001      	ADDWFC      R1, 0 
0x0092	0x6E05      	MOVWF       R5 
0x0094	0xFFE9C004  	MOVFF       R4, FSR0L
0x0098	0xFFEAC005  	MOVFF       R5, FSR0H
0x009C	0x0E01      	MOVLW       1
0x009E	0x24EE      	ADDWF       POSTINC0, 0 
0x00A0	0x6E00      	MOVWF       R0 
0x00A2	0x0E00      	MOVLW       0
0x00A4	0x20EE      	ADDWFC      POSTINC0, 0 
0x00A6	0x6E01      	MOVWF       R1 
0x00A8	0x0E00      	MOVLW       0
0x00AA	0x20EE      	ADDWFC      POSTINC0, 0 
0x00AC	0x6E02      	MOVWF       R2 
0x00AE	0x0E00      	MOVLW       0
0x00B0	0x20EE      	ADDWFC      POSTINC0, 0 
0x00B2	0x6E03      	MOVWF       R3 
0x00B4	0xFFE1C004  	MOVFF       R4, FSR1L
0x00B8	0xFFE2C005  	MOVFF       R5, FSR1H
0x00BC	0xFFE6C000  	MOVFF       R0, POSTINC1
0x00C0	0xFFE6C001  	MOVFF       R1, POSTINC1
0x00C4	0xFFE6C002  	MOVFF       R2, POSTINC1
0x00C8	0xFFE6C003  	MOVFF       R3, POSTINC1
0x00CC	0xFFE9C004  	MOVFF       R4, FSR0L
0x00D0	0xFFEAC005  	MOVFF       R5, FSR0H
0x00D4	0xF000CFEE  	MOVFF       POSTINC0, R0
0x00D8	0xF001CFEE  	MOVFF       POSTINC0, R1
0x00DC	0xF002CFEE  	MOVFF       POSTINC0, R2
0x00E0	0xF003CFEE  	MOVFF       POSTINC0, R3
0x00E4	0x5000      	MOVF        R0, 0 
0x00E6	0x1001      	IORWF       R1, 0 
0x00E8	0x1002      	IORWF       R2, 0 
0x00EA	0x1003      	IORWF       R3, 0 
0x00EC	0xE110      	BNZ         L_INTERRUPT_HIGH5
0x00EE	0x0E09      	MOVLW       9
0x00F0	0x6E00      	MOVWF       R0 
0x00F2	0x0E00      	MOVLW       0
0x00F4	0x6E01      	MOVWF       R1 
0x00F6	0xF004C06B  	MOVFF       INTERRUPT_HIGH__os_i_L3, R4
0x00FA	0x0E00      	MOVLW       0
0x00FC	0x6E05      	MOVWF       R5 
0x00FE	0xDA55      	RCALL       _Mul_16X16_U
0x0100	0x0E38      	MOVLW       __OS_Tasks
0x0102	0x2400      	ADDWF       R0, 0 
0x0104	0x6EE1      	MOVWF       FSR1L 
0x0106	0x0E00      	MOVLW       hi_addr(__OS_Tasks)
0x0108	0x2001      	ADDWFC      R1, 0 
0x010A	0x6EE2      	MOVWF       FSR1H 
0x010C	0x98E6      	BCF         POSTINC1, 4 
L_INTERRUPT_HIGH5:
L_INTERRUPT_HIGH4:
0x010E	0x2B6B      	INCF        INTERRUPT_HIGH__os_i_L3, 1, 1
0x0110	0xD798      	BRA         L_INTERRUPT_HIGH1
L_INTERRUPT_HIGH2:
;main.c,14 :: 		}
L_INTERRUPT_HIGH0:
;main.c,17 :: 		}
L_end_INTERRUPT_HIGH:
L__INTERRUPT_HIGH69:
0x0112	0xF000C01C  	MOVFF       28, R0
0x0116	0xF001C01B  	MOVFF       27, R1
0x011A	0xF002C01A  	MOVFF       26, R2
0x011E	0xF003C019  	MOVFF       25, R3
0x0122	0xF004C018  	MOVFF       24, R4
0x0126	0xF005C017  	MOVFF       23, R5
0x012A	0xF008C016  	MOVFF       22, R8
0x012E	0xF009C015  	MOVFF       21, R9
0x0132	0xFFE9C01D  	MOVFF       29, FSR0L
0x0136	0xFFEAC01E  	MOVFF       30, FSR0H
0x013A	0xFFE1C01F  	MOVFF       31, FSR1L
0x013E	0xFFE2C020  	MOVFF       32, FSR1H
0x0142	0x0011      	RETFIE      1
; end of _INTERRUPT_HIGH
_Delay_1us:
;__Lib_Delays.c,7 :: 		void Delay_1us() {
;__Lib_Delays.c,8 :: 		Delay_us(1);
0x0144	0x0000      	NOP
0x0146	0x0000      	NOP
;__Lib_Delays.c,9 :: 		}
L_end_Delay_1us:
0x0148	0x0012      	RETURN      0
; end of _Delay_1us
_Delay_5500us:
;__Lib_Delays.c,31 :: 		void Delay_5500us() {
;__Lib_Delays.c,32 :: 		Delay_us(5500);
0x014A	0x0E0F      	MOVLW       15
0x014C	0x6E0C      	MOVWF       R12, 0
0x014E	0x0E47      	MOVLW       71
0x0150	0x6E0D      	MOVWF       R13, 0
L_Delay_5500us5:
0x0152	0x2E0D      	DECFSZ      R13, 1, 0
0x0154	0xD7FE      	BRA         L_Delay_5500us5
0x0156	0x2E0C      	DECFSZ      R12, 1, 0
0x0158	0xD7FC      	BRA         L_Delay_5500us5
0x015A	0x0000      	NOP
0x015C	0x0000      	NOP
;__Lib_Delays.c,33 :: 		}
L_end_Delay_5500us:
0x015E	0x0012      	RETURN      0
; end of _Delay_5500us
_Delay_50us:
;__Lib_Delays.c,19 :: 		void Delay_50us() {
;__Lib_Delays.c,20 :: 		Delay_us(50);
0x0160	0x0E21      	MOVLW       33
0x0162	0x6E0D      	MOVWF       R13, 0
L_Delay_50us2:
0x0164	0x2E0D      	DECFSZ      R13, 1, 0
0x0166	0xD7FE      	BRA         L_Delay_50us2
;__Lib_Delays.c,21 :: 		}
L_end_Delay_50us:
0x0168	0x0012      	RETURN      0
; end of _Delay_50us
_Lcd_Cmd:
;__Lib_Lcd.c,18 :: 		
;__Lib_Lcd.c,20 :: 		
0x016A	0x0100      	MOVLB       0
0x016C	0xBF6A      	BTFSC       FARG_Lcd_Cmd_out_char, 7, 1
0x016E	0xD002      	BRA         L__Lcd_Cmd21
0x0170	0x9681      	BCF         LCD_D7, BitPos(LCD_D7+0) 
0x0172	0xD001      	BRA         L__Lcd_Cmd22
L__Lcd_Cmd21:
0x0174	0x8681      	BSF         LCD_D7, BitPos(LCD_D7+0) 
L__Lcd_Cmd22:
;__Lib_Lcd.c,21 :: 		
0x0176	0xBD6A      	BTFSC       FARG_Lcd_Cmd_out_char, 6, 1
0x0178	0xD002      	BRA         L__Lcd_Cmd23
0x017A	0x9481      	BCF         LCD_D6, BitPos(LCD_D6+0) 
0x017C	0xD001      	BRA         L__Lcd_Cmd24
L__Lcd_Cmd23:
0x017E	0x8481      	BSF         LCD_D6, BitPos(LCD_D6+0) 
L__Lcd_Cmd24:
;__Lib_Lcd.c,22 :: 		
0x0180	0xBB6A      	BTFSC       FARG_Lcd_Cmd_out_char, 5, 1
0x0182	0xD002      	BRA         L__Lcd_Cmd25
0x0184	0x9281      	BCF         LCD_D5, BitPos(LCD_D5+0) 
0x0186	0xD001      	BRA         L__Lcd_Cmd26
L__Lcd_Cmd25:
0x0188	0x8281      	BSF         LCD_D5, BitPos(LCD_D5+0) 
L__Lcd_Cmd26:
;__Lib_Lcd.c,23 :: 		
0x018A	0xB96A      	BTFSC       FARG_Lcd_Cmd_out_char, 4, 1
0x018C	0xD002      	BRA         L__Lcd_Cmd27
0x018E	0x9081      	BCF         LCD_D4, BitPos(LCD_D4+0) 
0x0190	0xD001      	BRA         L__Lcd_Cmd28
L__Lcd_Cmd27:
0x0192	0x8081      	BSF         LCD_D4, BitPos(LCD_D4+0) 
L__Lcd_Cmd28:
;__Lib_Lcd.c,25 :: 		
0x0194	0xB034      	BTFSC       __Lib_Lcd_cmd_status, BitPos(__Lib_Lcd_cmd_status+0) 
0x0196	0xD002      	BRA         L__Lcd_Cmd29
0x0198	0x8881      	BSF         LCD_RS, BitPos(LCD_RS+0) 
0x019A	0xD001      	BRA         L__Lcd_Cmd30
L__Lcd_Cmd29:
0x019C	0x9881      	BCF         LCD_RS, BitPos(LCD_RS+0) 
L__Lcd_Cmd30:
;__Lib_Lcd.c,28 :: 		
0x019E	0x8A81      	BSF         LCD_EN, BitPos(LCD_EN+0) 
;__Lib_Lcd.c,29 :: 		
0x01A0	0xDFD1      	RCALL       _Delay_1us
;__Lib_Lcd.c,30 :: 		
0x01A2	0x9A81      	BCF         LCD_EN, BitPos(LCD_EN+0) 
;__Lib_Lcd.c,33 :: 		
0x01A4	0xB76A      	BTFSC       FARG_Lcd_Cmd_out_char, 3, 1
0x01A6	0xD002      	BRA         L__Lcd_Cmd31
0x01A8	0x9681      	BCF         LCD_D7, BitPos(LCD_D7+0) 
0x01AA	0xD001      	BRA         L__Lcd_Cmd32
L__Lcd_Cmd31:
0x01AC	0x8681      	BSF         LCD_D7, BitPos(LCD_D7+0) 
L__Lcd_Cmd32:
;__Lib_Lcd.c,34 :: 		
0x01AE	0xB56A      	BTFSC       FARG_Lcd_Cmd_out_char, 2, 1
0x01B0	0xD002      	BRA         L__Lcd_Cmd33
0x01B2	0x9481      	BCF         LCD_D6, BitPos(LCD_D6+0) 
0x01B4	0xD001      	BRA         L__Lcd_Cmd34
L__Lcd_Cmd33:
0x01B6	0x8481      	BSF         LCD_D6, BitPos(LCD_D6+0) 
L__Lcd_Cmd34:
;__Lib_Lcd.c,35 :: 		
0x01B8	0xB36A      	BTFSC       FARG_Lcd_Cmd_out_char, 1, 1
0x01BA	0xD002      	BRA         L__Lcd_Cmd35
0x01BC	0x9281      	BCF         LCD_D5, BitPos(LCD_D5+0) 
0x01BE	0xD001      	BRA         L__Lcd_Cmd36
L__Lcd_Cmd35:
0x01C0	0x8281      	BSF         LCD_D5, BitPos(LCD_D5+0) 
L__Lcd_Cmd36:
;__Lib_Lcd.c,36 :: 		
0x01C2	0xB16A      	BTFSC       FARG_Lcd_Cmd_out_char, 0, 1
0x01C4	0xD002      	BRA         L__Lcd_Cmd37
0x01C6	0x9081      	BCF         LCD_D4, BitPos(LCD_D4+0) 
0x01C8	0xD001      	BRA         L__Lcd_Cmd38
L__Lcd_Cmd37:
0x01CA	0x8081      	BSF         LCD_D4, BitPos(LCD_D4+0) 
L__Lcd_Cmd38:
;__Lib_Lcd.c,38 :: 		
0x01CC	0xB034      	BTFSC       __Lib_Lcd_cmd_status, BitPos(__Lib_Lcd_cmd_status+0) 
0x01CE	0xD002      	BRA         L__Lcd_Cmd39
0x01D0	0x8881      	BSF         LCD_RS, BitPos(LCD_RS+0) 
0x01D2	0xD001      	BRA         L__Lcd_Cmd40
L__Lcd_Cmd39:
0x01D4	0x9881      	BCF         LCD_RS, BitPos(LCD_RS+0) 
L__Lcd_Cmd40:
;__Lib_Lcd.c,40 :: 		
0x01D6	0x8A81      	BSF         LCD_EN, BitPos(LCD_EN+0) 
;__Lib_Lcd.c,41 :: 		
0x01D8	0xDFB5      	RCALL       _Delay_1us
;__Lib_Lcd.c,42 :: 		
0x01DA	0x9A81      	BCF         LCD_EN, BitPos(LCD_EN+0) 
;__Lib_Lcd.c,44 :: 		
0x01DC	0xA034      	BTFSS       __Lib_Lcd_cmd_status, BitPos(__Lib_Lcd_cmd_status+0) 
0x01DE	0xD002      	BRA         L_Lcd_Cmd0
;__Lib_Lcd.c,45 :: 		
0x01E0	0xDFB4      	RCALL       _Delay_5500us
0x01E2	0xD001      	BRA         L_Lcd_Cmd1
L_Lcd_Cmd0:
;__Lib_Lcd.c,47 :: 		
0x01E4	0xDFBD      	RCALL       _Delay_50us
L_Lcd_Cmd1:
;__Lib_Lcd.c,48 :: 		
L_end_Lcd_Cmd:
0x01E6	0x0012      	RETURN      0
; end of _Lcd_Cmd
__OS_SET_FSR_CUR_TASK:
;osa_pic18_mikroc.c,242 :: 		
;osa_pic18_mikroc.c,244 :: 		
0x01E8	0xFFE9C025  	MOVFF       __OS_CurTask, FSR0L
0x01EC	0xFFEAC026  	MOVFF       __OS_CurTask+1, FSR0H
;osa_pic18_mikroc.c,245 :: 		
L_end__OS_SET_FSR_CUR_TASK:
0x01F0	0x0012      	RETURN      0
; end of __OS_SET_FSR_CUR_TASK
_Div_16X16_U:
;__Lib_Math.c,102 :: 		
;__Lib_Math.c,109 :: 		
0x01F2	0x6A08      	CLRF        R8, 0
;__Lib_Math.c,110 :: 		
0x01F4	0x6A09      	CLRF        R9, 0
;__Lib_Math.c,111 :: 		
0x01F6	0x0E10      	MOVLW       16
;__Lib_Math.c,112 :: 		
0x01F8	0x6E0C      	MOVWF       R12, 0
;__Lib_Math.c,113 :: 		
0x01FA	0x3401      	RLCF        R1, 0, 0
;__Lib_Math.c,114 :: 		
0x01FC	0x3608      	RLCF        R8, 1, 0
;__Lib_Math.c,115 :: 		
0x01FE	0x3609      	RLCF        R9, 1, 0
;__Lib_Math.c,116 :: 		
0x0200	0x5004      	MOVF        R4, 0, 0
;__Lib_Math.c,117 :: 		
0x0202	0x5E08      	SUBWF       R8, 1, 0
;__Lib_Math.c,118 :: 		
0x0204	0x5005      	MOVF        R5, 0, 0
;__Lib_Math.c,119 :: 		
0x0206	0xA0D8      	BTFSS       STATUS, 0, 0
;__Lib_Math.c,120 :: 		
0x0208	0x3C05      	INCFSZ      R5, 0, 0
;__Lib_Math.c,121 :: 		
0x020A	0x5E09      	SUBWF       R9, 1, 0
;__Lib_Math.c,122 :: 		
0x020C	0xB0D8      	BTFSC       STATUS, 0, 0
;__Lib_Math.c,123 :: 		
0x020E	0xD007      	BRA         $+16
;__Lib_Math.c,124 :: 		
0x0210	0x5004      	MOVF        R4, 0, 0
;__Lib_Math.c,125 :: 		
0x0212	0x2608      	ADDWF       R8, 1, 0
;__Lib_Math.c,126 :: 		
0x0214	0x5005      	MOVF        R5, 0, 0
;__Lib_Math.c,127 :: 		
0x0216	0xB0D8      	BTFSC       STATUS, 0, 0
;__Lib_Math.c,128 :: 		
0x0218	0x3C05      	INCFSZ      R5, 0, 0
;__Lib_Math.c,129 :: 		
0x021A	0x2609      	ADDWF       R9, 1, 0
;__Lib_Math.c,130 :: 		
0x021C	0x90D8      	BCF         STATUS, 0, 0
;__Lib_Math.c,131 :: 		
0x021E	0x3600      	RLCF        R0, 1, 0
;__Lib_Math.c,132 :: 		
0x0220	0x3601      	RLCF        R1, 1, 0
;__Lib_Math.c,133 :: 		
0x0222	0x2E0C      	DECFSZ      R12, 1, 0
;__Lib_Math.c,134 :: 		
0x0224	0xD7EA      	BRA         $-42
;__Lib_Math.c,136 :: 		
L_end_Div_16X16_U:
0x0226	0x0012      	RETURN      0
; end of _Div_16X16_U
_Lcd_Chr_CP:
;__Lib_Lcd.c,50 :: 		
;__Lib_Lcd.c,52 :: 		
0x0228	0x9034      	BCF         __Lib_Lcd_cmd_status, BitPos(__Lib_Lcd_cmd_status+0) 
;__Lib_Lcd.c,53 :: 		
0x022A	0xF06AC060  	MOVFF       FARG_Lcd_Chr_CP_out_char, FARG_Lcd_Cmd_out_char
0x022E	0xDF9D      	RCALL       _Lcd_Cmd
;__Lib_Lcd.c,54 :: 		
0x0230	0x8034      	BSF         __Lib_Lcd_cmd_status, BitPos(__Lib_Lcd_cmd_status+0) 
;__Lib_Lcd.c,55 :: 		
L_end_Lcd_Chr_CP:
0x0232	0x0012      	RETURN      0
; end of _Lcd_Chr_CP
__OS_ClrReadySetClrCanContinue:
;osa_pic18_mikroc.c,207 :: 		
;osa_pic18_mikroc.c,209 :: 		
0x0234	0x0006      	POP
;osa_pic18_mikroc.c,211 :: 		
0x0236	0x9023      	BCF         __OS_Flags, 0 
;osa_pic18_mikroc.c,213 :: 		
0x0238	0xDFD7      	RCALL       __OS_SET_FSR_CUR_TASK
;osa_pic18_mikroc.c,214 :: 		
0x023A	0xFFECCFFD  	MOVFF       TOSL, PREINC0
0x023E	0xFFECCFFE  	MOVFF       TOSH, PREINC0
0x0242	0xFFECCFFF  	MOVFF       TOSU, PREINC0
;osa_pic18_mikroc.c,215 :: 		
0x0246	0x965C      	BCF         __OS_State, 3 
;osa_pic18_mikroc.c,218 :: 		
0x0248	0xA85C      	BTFSS       __OS_State, 4 
0x024A	0x9A5C      	BCF         __OS_State, 5 
L__OS_ClrReadySetClrCanContinue0:
;osa_pic18_mikroc.c,219 :: 		
0x024C	0xB037      	BTFSC       __OS_Temp, 0 
0x024E	0x8A5C      	BSF         __OS_State, 5 
L__OS_ClrReadySetClrCanContinue1:
;osa_pic18_mikroc.c,222 :: 		
L_end__OS_ClrReadySetClrCanContinue:
0x0250	0x0012      	RETURN      0
; end of __OS_ClrReadySetClrCanContinue
_WordToStr:
;__Lib_Conversions.c,98 :: 		
;__Lib_Conversions.c,103 :: 		
0x0252	0x6A5D      	CLRF        WordToStr_len_L0 
L_WordToStr11:
0x0254	0x0E05      	MOVLW       5
0x0256	0x5C5D      	SUBWF       WordToStr_len_L0, 0 
0x0258	0xE20B      	BC          L_WordToStr12
;__Lib_Conversions.c,104 :: 		
0x025A	0x505D      	MOVF        WordToStr_len_L0, 0 
0x025C	0x0100      	MOVLB       0
0x025E	0x2568      	ADDWF       FARG_WordToStr_output, 0, 1
0x0260	0x6EE1      	MOVWF       FSR1L 
0x0262	0x0E00      	MOVLW       0
0x0264	0x2169      	ADDWFC      FARG_WordToStr_output+1, 0, 1
0x0266	0x6EE2      	MOVWF       FSR1H 
0x0268	0x0E20      	MOVLW       32
0x026A	0x6EE6      	MOVWF       POSTINC1 
;__Lib_Conversions.c,103 :: 		
0x026C	0x2A5D      	INCF        WordToStr_len_L0, 1 
;__Lib_Conversions.c,104 :: 		
0x026E	0xD7F2      	BRA         L_WordToStr11
L_WordToStr12:
0x0270	0x0100      	MOVLB       0
;__Lib_Conversions.c,105 :: 		
0x0272	0x505D      	MOVF        WordToStr_len_L0, 0 
0x0274	0x2568      	ADDWF       FARG_WordToStr_output, 0, 1
0x0276	0x6EE1      	MOVWF       FSR1L 
0x0278	0x0E00      	MOVLW       0
0x027A	0x2169      	ADDWFC      FARG_WordToStr_output+1, 0, 1
0x027C	0x6EE2      	MOVWF       FSR1H 
0x027E	0x6AE6      	CLRF        POSTINC1 
0x0280	0x065D      	DECF        WordToStr_len_L0, 1 
;__Lib_Conversions.c,107 :: 		
L_WordToStr14:
;__Lib_Conversions.c,108 :: 		
0x0282	0x505D      	MOVF        WordToStr_len_L0, 0 
0x0284	0x2568      	ADDWF       FARG_WordToStr_output, 0, 1
0x0286	0x6E5E      	MOVWF       FLOC__WordToStr 
0x0288	0x0E00      	MOVLW       0
0x028A	0x2169      	ADDWFC      FARG_WordToStr_output+1, 0, 1
0x028C	0x6E5F      	MOVWF       FLOC__WordToStr+1 
0x028E	0x0E0A      	MOVLW       10
0x0290	0x6E04      	MOVWF       R4 
0x0292	0x0E00      	MOVLW       0
0x0294	0x6E05      	MOVWF       R5 
0x0296	0xF000C066  	MOVFF       FARG_WordToStr_input, R0
0x029A	0xF001C067  	MOVFF       FARG_WordToStr_input+1, R1
0x029E	0xDFA9      	RCALL       _Div_16X16_U
0x02A0	0xF000C008  	MOVFF       R8, R0
0x02A4	0xF001C009  	MOVFF       R9, R1
0x02A8	0x0E30      	MOVLW       48
0x02AA	0x2600      	ADDWF       R0, 1 
0x02AC	0xFFE1C05E  	MOVFF       FLOC__WordToStr, FSR1L
0x02B0	0xFFE2C05F  	MOVFF       FLOC__WordToStr+1, FSR1H
0x02B4	0xFFE6C000  	MOVFF       R0, POSTINC1
;__Lib_Conversions.c,109 :: 		
0x02B8	0x0E0A      	MOVLW       10
0x02BA	0x6E04      	MOVWF       R4 
0x02BC	0x0E00      	MOVLW       0
0x02BE	0x6E05      	MOVWF       R5 
0x02C0	0xF000C066  	MOVFF       FARG_WordToStr_input, R0
0x02C4	0xF001C067  	MOVFF       FARG_WordToStr_input+1, R1
0x02C8	0xDF94      	RCALL       _Div_16X16_U
0x02CA	0xF066C000  	MOVFF       R0, FARG_WordToStr_input
0x02CE	0xF067C001  	MOVFF       R1, FARG_WordToStr_input+1
;__Lib_Conversions.c,110 :: 		
0x02D2	0x0E00      	MOVLW       0
0x02D4	0x1801      	XORWF       R1, 0 
0x02D6	0xE102      	BNZ         L__WordToStr159
0x02D8	0x0E00      	MOVLW       0
0x02DA	0x1800      	XORWF       R0, 0 
L__WordToStr159:
0x02DC	0xE101      	BNZ         L_WordToStr16
;__Lib_Conversions.c,111 :: 		
0x02DE	0xD002      	BRA         L_WordToStr15
L_WordToStr16:
;__Lib_Conversions.c,112 :: 		
0x02E0	0x065D      	DECF        WordToStr_len_L0, 1 
;__Lib_Conversions.c,113 :: 		
0x02E2	0xD7CF      	BRA         L_WordToStr14
L_WordToStr15:
;__Lib_Conversions.c,114 :: 		
L_end_WordToStr:
0x02E4	0x0012      	RETURN      0
; end of _WordToStr
__OS_CheckEvent:
;osa_pic18_mikroc.c,383 :: 		
;osa_pic18_mikroc.c,421 :: 		
0x02E6	0x9A23      	BCF         __OS_Flags, 5 
;osa_pic18_mikroc.c,422 :: 		
0x02E8	0xDF7F      	RCALL       __OS_SET_FSR_CUR_TASK
;osa_pic18_mikroc.c,424 :: 		
0x02EA	0x525D      	MOVF        FARG__OS_CheckEvent_bEvent, 1 
0x02EC	0xE007      	BZ          L__OS_CheckEvent6
;osa_pic18_mikroc.c,426 :: 		
0x02EE	0xA65C      	BTFSS       __OS_State, 3 
0x02F0	0xD003      	BRA         L__OS_CheckEvent7
;osa_pic18_mikroc.c,430 :: 		
0x02F2	0x985C      	BCF         __OS_State, 4 
;osa_pic18_mikroc.c,431 :: 		
0x02F4	0x98EF      	BCF         INDF0, 4 
;osa_pic18_mikroc.c,439 :: 		
0x02F6	0xD00B      	BRA         L_end__OS_CheckEvent
;osa_pic18_mikroc.c,440 :: 		
L__OS_CheckEvent7:
;osa_pic18_mikroc.c,442 :: 		
0x02F8	0x865C      	BSF         __OS_State, 3 
;osa_pic18_mikroc.c,444 :: 		
0x02FA	0xD001      	BRA         L__OS_CheckEvent8
L__OS_CheckEvent6:
;osa_pic18_mikroc.c,445 :: 		
0x02FC	0x965C      	BCF         __OS_State, 3 
;osa_pic18_mikroc.c,446 :: 		
L__OS_CheckEvent8:
;osa_pic18_mikroc.c,450 :: 		
0x02FE	0xB85C      	BTFSC       __OS_State, 4 
0x0300	0xD005      	BRA         L__OS_CheckEvent11
0x0302	0xAA5C      	BTFSS       __OS_State, 5 
0x0304	0xD003      	BRA         L__OS_CheckEvent11
L___OS_CheckEvent18:
;osa_pic18_mikroc.c,452 :: 		
0x0306	0x865C      	BSF         __OS_State, 3 
;osa_pic18_mikroc.c,453 :: 		
0x0308	0x8A23      	BSF         __OS_Flags, 5 
;osa_pic18_mikroc.c,459 :: 		
0x030A	0xD001      	BRA         L_end__OS_CheckEvent
;osa_pic18_mikroc.c,460 :: 		
L__OS_CheckEvent11:
;osa_pic18_mikroc.c,464 :: 		
0x030C	0x0006      	POP
;osa_pic18_mikroc.c,469 :: 		
L_end__OS_CheckEvent:
0x030E	0x0012      	RETURN      0
; end of __OS_CheckEvent
__OS_EnterWaitMode:
;osa_pic18_mikroc.c,156 :: 		
;osa_pic18_mikroc.c,158 :: 		
0x0310	0x6A37      	CLRF        __OS_Temp 
;osa_pic18_mikroc.c,159 :: 		
0x0312	0xDF90      	RCALL       __OS_ClrReadySetClrCanContinue
;osa_pic18_mikroc.c,160 :: 		
L_end__OS_EnterWaitMode:
0x0314	0x0012      	RETURN      0
; end of __OS_EnterWaitMode
_Lcd_Out:
;__Lib_Lcd.c,184 :: 		
;__Lib_Lcd.c,187 :: 		
0x0316	0xD010      	BRA         L_Lcd_Out11
;__Lib_Lcd.c,188 :: 		
L_Lcd_Out13:
0x0318	0x0E80      	MOVLW       128
0x031A	0x0100      	MOVLB       0
0x031C	0x6F66      	MOVWF       FARG_Lcd_Out_row, 1
0x031E	0xD01A      	BRA         L_Lcd_Out12
;__Lib_Lcd.c,189 :: 		
L_Lcd_Out14:
0x0320	0x0EC0      	MOVLW       192
0x0322	0x6F66      	MOVWF       FARG_Lcd_Out_row, 1
0x0324	0xD017      	BRA         L_Lcd_Out12
;__Lib_Lcd.c,190 :: 		
L_Lcd_Out15:
0x0326	0x0E94      	MOVLW       148
0x0328	0x6F66      	MOVWF       FARG_Lcd_Out_row, 1
0x032A	0xD014      	BRA         L_Lcd_Out12
;__Lib_Lcd.c,191 :: 		
L_Lcd_Out16:
0x032C	0x0ED4      	MOVLW       212
0x032E	0x6F66      	MOVWF       FARG_Lcd_Out_row, 1
0x0330	0xD011      	BRA         L_Lcd_Out12
;__Lib_Lcd.c,192 :: 		
L_Lcd_Out17:
0x0332	0x0E80      	MOVLW       128
0x0334	0x6F66      	MOVWF       FARG_Lcd_Out_row, 1
;__Lib_Lcd.c,193 :: 		
0x0336	0xD00E      	BRA         L_Lcd_Out12
L_Lcd_Out11:
0x0338	0x0100      	MOVLB       0
0x033A	0x5166      	MOVF        FARG_Lcd_Out_row, 0, 1
0x033C	0x0A01      	XORLW       1
0x033E	0xE0EC      	BZ          L_Lcd_Out13
0x0340	0x5166      	MOVF        FARG_Lcd_Out_row, 0, 1
0x0342	0x0A02      	XORLW       2
0x0344	0xE0ED      	BZ          L_Lcd_Out14
0x0346	0x5166      	MOVF        FARG_Lcd_Out_row, 0, 1
0x0348	0x0A03      	XORLW       3
0x034A	0xE0ED      	BZ          L_Lcd_Out15
0x034C	0x5166      	MOVF        FARG_Lcd_Out_row, 0, 1
0x034E	0x0A04      	XORLW       4
0x0350	0xE0ED      	BZ          L_Lcd_Out16
0x0352	0xD7EF      	BRA         L_Lcd_Out17
L_Lcd_Out12:
;__Lib_Lcd.c,194 :: 		
0x0354	0x0567      	DECF        FARG_Lcd_Out_column, 0, 1
0x0356	0x6E00      	MOVWF       R0 
0x0358	0x5166      	MOVF        FARG_Lcd_Out_row, 0, 1
0x035A	0x2600      	ADDWF       R0, 1 
0x035C	0xF066C000  	MOVFF       R0, FARG_Lcd_Out_row
;__Lib_Lcd.c,196 :: 		
0x0360	0xF06AC000  	MOVFF       R0, FARG_Lcd_Cmd_out_char
0x0364	0xDF02      	RCALL       _Lcd_Cmd
;__Lib_Lcd.c,197 :: 		
0x0366	0x9034      	BCF         __Lib_Lcd_cmd_status, BitPos(__Lib_Lcd_cmd_status+0) 
;__Lib_Lcd.c,198 :: 		
0x0368	0x6A5D      	CLRF        Lcd_Out_i_L0 
;__Lib_Lcd.c,199 :: 		
L_Lcd_Out18:
0x036A	0x505D      	MOVF        Lcd_Out_i_L0, 0 
0x036C	0x2568      	ADDWF       FARG_Lcd_Out_text, 0, 1
0x036E	0x6EE9      	MOVWF       FSR0L 
0x0370	0x0E00      	MOVLW       0
0x0372	0x2169      	ADDWFC      FARG_Lcd_Out_text+1, 0, 1
0x0374	0x6EEA      	MOVWF       FSR0H 
0x0376	0x52EE      	MOVF        POSTINC0, 1 
0x0378	0xE00B      	BZ          L_Lcd_Out19
;__Lib_Lcd.c,200 :: 		
0x037A	0x505D      	MOVF        Lcd_Out_i_L0, 0 
0x037C	0x2568      	ADDWF       FARG_Lcd_Out_text, 0, 1
0x037E	0x6EE9      	MOVWF       FSR0L 
0x0380	0x0E00      	MOVLW       0
0x0382	0x2169      	ADDWFC      FARG_Lcd_Out_text+1, 0, 1
0x0384	0x6EEA      	MOVWF       FSR0H 
0x0386	0xF060CFEE  	MOVFF       POSTINC0, FARG_Lcd_Chr_CP_out_char
0x038A	0xDF4E      	RCALL       _Lcd_Chr_CP
0x038C	0x2A5D      	INCF        Lcd_Out_i_L0, 1 
0x038E	0xD7ED      	BRA         L_Lcd_Out18
L_Lcd_Out19:
;__Lib_Lcd.c,201 :: 		
0x0390	0x8034      	BSF         __Lib_Lcd_cmd_status, BitPos(__Lib_Lcd_cmd_status+0) 
;__Lib_Lcd.c,202 :: 		
L_end_Lcd_Out:
0x0392	0x0012      	RETURN      0
; end of _Lcd_Out
__OS_ReturnSave:
;osa_pic18_mikroc.c,106 :: 		
;osa_pic18_mikroc.c,108 :: 		
0x0394	0xDF29      	RCALL       __OS_SET_FSR_CUR_TASK
;osa_pic18_mikroc.c,109 :: 		
0x0396	0xFFECCFFD  	MOVFF       TOSL, PREINC0
0x039A	0xFFECCFFE  	MOVFF       TOSH, PREINC0
0x039E	0xFFECCFFF  	MOVFF       TOSU, PREINC0
;osa_pic18_mikroc.c,110 :: 		
0x03A2	0x865C      	BSF         __OS_State, 3 
;osa_pic18_mikroc.c,111 :: 		
0x03A4	0x0006      	POP
;osa_pic18_mikroc.c,112 :: 		
L_end__OS_ReturnSave:
0x03A6	0x0012      	RETURN      0
; end of __OS_ReturnSave
_Lcd_Init:
;__Lib_Lcd.c,84 :: 		
;__Lib_Lcd.c,86 :: 		
0x03A8	0x9A93      	BCF         LCD_EN_Direction, BitPos(LCD_EN_Direction+0) 
;__Lib_Lcd.c,87 :: 		
0x03AA	0x9893      	BCF         LCD_RS_Direction, BitPos(LCD_RS_Direction+0) 
;__Lib_Lcd.c,88 :: 		
0x03AC	0x9093      	BCF         LCD_D4_Direction, BitPos(LCD_D4_Direction+0) 
;__Lib_Lcd.c,89 :: 		
0x03AE	0x9293      	BCF         LCD_D5_Direction, BitPos(LCD_D5_Direction+0) 
;__Lib_Lcd.c,90 :: 		
0x03B0	0x9493      	BCF         LCD_D6_Direction, BitPos(LCD_D6_Direction+0) 
;__Lib_Lcd.c,91 :: 		
0x03B2	0x9693      	BCF         LCD_D7_Direction, BitPos(LCD_D7_Direction+0) 
;__Lib_Lcd.c,93 :: 		
0x03B4	0x9A81      	BCF         LCD_EN, BitPos(LCD_EN+0) 
;__Lib_Lcd.c,94 :: 		
0x03B6	0x9881      	BCF         LCD_RS, BitPos(LCD_RS+0) 
;__Lib_Lcd.c,95 :: 		
0x03B8	0x9681      	BCF         LCD_D7, BitPos(LCD_D7+0) 
;__Lib_Lcd.c,96 :: 		
0x03BA	0x9481      	BCF         LCD_D6, BitPos(LCD_D6+0) 
;__Lib_Lcd.c,97 :: 		
0x03BC	0x9281      	BCF         LCD_D5, BitPos(LCD_D5+0) 
;__Lib_Lcd.c,98 :: 		
0x03BE	0x9081      	BCF         LCD_D4, BitPos(LCD_D4+0) 
;__Lib_Lcd.c,100 :: 		
0x03C0	0xDEC4      	RCALL       _Delay_5500us
;__Lib_Lcd.c,101 :: 		
0x03C2	0xDEC3      	RCALL       _Delay_5500us
;__Lib_Lcd.c,102 :: 		
0x03C4	0xDEC2      	RCALL       _Delay_5500us
;__Lib_Lcd.c,105 :: 		
0x03C6	0x8281      	BSF         LCD_D5, BitPos(LCD_D5+0) 
;__Lib_Lcd.c,106 :: 		
0x03C8	0x8081      	BSF         LCD_D4, BitPos(LCD_D4+0) 
;__Lib_Lcd.c,107 :: 		
0x03CA	0x8A81      	BSF         LCD_EN, BitPos(LCD_EN+0) 
;__Lib_Lcd.c,108 :: 		
0x03CC	0xDEBB      	RCALL       _Delay_1us
;__Lib_Lcd.c,109 :: 		
0x03CE	0x9A81      	BCF         LCD_EN, BitPos(LCD_EN+0) 
;__Lib_Lcd.c,110 :: 		
0x03D0	0xDEBC      	RCALL       _Delay_5500us
;__Lib_Lcd.c,112 :: 		
0x03D2	0x8A81      	BSF         LCD_EN, BitPos(LCD_EN+0) 
;__Lib_Lcd.c,113 :: 		
0x03D4	0xDEB7      	RCALL       _Delay_1us
;__Lib_Lcd.c,114 :: 		
0x03D6	0x9A81      	BCF         LCD_EN, BitPos(LCD_EN+0) 
;__Lib_Lcd.c,115 :: 		
0x03D8	0xDEB8      	RCALL       _Delay_5500us
;__Lib_Lcd.c,117 :: 		
0x03DA	0x8A81      	BSF         LCD_EN, BitPos(LCD_EN+0) 
;__Lib_Lcd.c,118 :: 		
0x03DC	0xDEB3      	RCALL       _Delay_1us
;__Lib_Lcd.c,119 :: 		
0x03DE	0x9A81      	BCF         LCD_EN, BitPos(LCD_EN+0) 
;__Lib_Lcd.c,120 :: 		
0x03E0	0xDEB4      	RCALL       _Delay_5500us
;__Lib_Lcd.c,123 :: 		
0x03E2	0x9081      	BCF         LCD_D4, BitPos(LCD_D4+0) 
;__Lib_Lcd.c,124 :: 		
0x03E4	0x8A81      	BSF         LCD_EN, BitPos(LCD_EN+0) 
;__Lib_Lcd.c,125 :: 		
0x03E6	0xDEAE      	RCALL       _Delay_1us
;__Lib_Lcd.c,126 :: 		
0x03E8	0x9A81      	BCF         LCD_EN, BitPos(LCD_EN+0) 
;__Lib_Lcd.c,127 :: 		
0x03EA	0xDEAF      	RCALL       _Delay_5500us
;__Lib_Lcd.c,130 :: 		
0x03EC	0x8A81      	BSF         LCD_EN, BitPos(LCD_EN+0) 
;__Lib_Lcd.c,131 :: 		
0x03EE	0xDEAA      	RCALL       _Delay_1us
;__Lib_Lcd.c,132 :: 		
0x03F0	0x9A81      	BCF         LCD_EN, BitPos(LCD_EN+0) 
;__Lib_Lcd.c,134 :: 		
0x03F2	0x9281      	BCF         LCD_D5, BitPos(LCD_D5+0) 
;__Lib_Lcd.c,135 :: 		
0x03F4	0x8681      	BSF         LCD_D7, BitPos(LCD_D7+0) 
;__Lib_Lcd.c,136 :: 		
0x03F6	0x8A81      	BSF         LCD_EN, BitPos(LCD_EN+0) 
;__Lib_Lcd.c,137 :: 		
0x03F8	0xDEA5      	RCALL       _Delay_1us
;__Lib_Lcd.c,138 :: 		
0x03FA	0x9A81      	BCF         LCD_EN, BitPos(LCD_EN+0) 
;__Lib_Lcd.c,139 :: 		
0x03FC	0xDEA6      	RCALL       _Delay_5500us
;__Lib_Lcd.c,142 :: 		
0x03FE	0x9681      	BCF         LCD_D7, BitPos(LCD_D7+0) 
;__Lib_Lcd.c,143 :: 		
0x0400	0x8081      	BSF         LCD_D4, BitPos(LCD_D4+0) 
;__Lib_Lcd.c,144 :: 		
0x0402	0x8A81      	BSF         LCD_EN, BitPos(LCD_EN+0) 
;__Lib_Lcd.c,145 :: 		
0x0404	0xDE9F      	RCALL       _Delay_1us
;__Lib_Lcd.c,146 :: 		
0x0406	0x9A81      	BCF         LCD_EN, BitPos(LCD_EN+0) 
;__Lib_Lcd.c,148 :: 		
0x0408	0x9081      	BCF         LCD_D4, BitPos(LCD_D4+0) 
;__Lib_Lcd.c,149 :: 		
0x040A	0x8A81      	BSF         LCD_EN, BitPos(LCD_EN+0) 
;__Lib_Lcd.c,150 :: 		
0x040C	0xDE9B      	RCALL       _Delay_1us
;__Lib_Lcd.c,151 :: 		
0x040E	0x9A81      	BCF         LCD_EN, BitPos(LCD_EN+0) 
;__Lib_Lcd.c,152 :: 		
0x0410	0xDE9C      	RCALL       _Delay_5500us
;__Lib_Lcd.c,155 :: 		
0x0412	0x8A81      	BSF         LCD_EN, BitPos(LCD_EN+0) 
;__Lib_Lcd.c,156 :: 		
0x0414	0xDE97      	RCALL       _Delay_1us
;__Lib_Lcd.c,157 :: 		
0x0416	0x9A81      	BCF         LCD_EN, BitPos(LCD_EN+0) 
;__Lib_Lcd.c,159 :: 		
0x0418	0x8081      	BSF         LCD_D4, BitPos(LCD_D4+0) 
;__Lib_Lcd.c,160 :: 		
0x041A	0x8A81      	BSF         LCD_EN, BitPos(LCD_EN+0) 
;__Lib_Lcd.c,161 :: 		
0x041C	0xDE93      	RCALL       _Delay_1us
;__Lib_Lcd.c,162 :: 		
0x041E	0x9A81      	BCF         LCD_EN, BitPos(LCD_EN+0) 
;__Lib_Lcd.c,163 :: 		
0x0420	0xDE94      	RCALL       _Delay_5500us
;__Lib_Lcd.c,166 :: 		
0x0422	0x9081      	BCF         LCD_D4, BitPos(LCD_D4+0) 
;__Lib_Lcd.c,167 :: 		
0x0424	0x8A81      	BSF         LCD_EN, BitPos(LCD_EN+0) 
;__Lib_Lcd.c,168 :: 		
0x0426	0xDE8E      	RCALL       _Delay_1us
;__Lib_Lcd.c,169 :: 		
0x0428	0x9A81      	BCF         LCD_EN, BitPos(LCD_EN+0) 
;__Lib_Lcd.c,171 :: 		
0x042A	0x8681      	BSF         LCD_D7, BitPos(LCD_D7+0) 
;__Lib_Lcd.c,172 :: 		
0x042C	0x8481      	BSF         LCD_D6, BitPos(LCD_D6+0) 
;__Lib_Lcd.c,173 :: 		
0x042E	0x8281      	BSF         LCD_D5, BitPos(LCD_D5+0) 
;__Lib_Lcd.c,174 :: 		
0x0430	0x8081      	BSF         LCD_D4, BitPos(LCD_D4+0) 
;__Lib_Lcd.c,175 :: 		
0x0432	0x8A81      	BSF         LCD_EN, BitPos(LCD_EN+0) 
;__Lib_Lcd.c,176 :: 		
0x0434	0xDE87      	RCALL       _Delay_1us
;__Lib_Lcd.c,177 :: 		
0x0436	0x9A81      	BCF         LCD_EN, BitPos(LCD_EN+0) 
;__Lib_Lcd.c,179 :: 		
0x0438	0xDE88      	RCALL       _Delay_5500us
;__Lib_Lcd.c,181 :: 		
0x043A	0x8034      	BSF         __Lib_Lcd_cmd_status, BitPos(__Lib_Lcd_cmd_status+0) 
;__Lib_Lcd.c,182 :: 		
L_end_Lcd_Init:
0x043C	0x0012      	RETURN      0
; end of _Lcd_Init
__OS_InitDelay:
;osa_ttimer.c,69 :: 		
;osa_ttimer.c,72 :: 		
0x043E	0x9A5C      	BCF         __OS_State, 5 
0x0440	0xFFE1C025  	MOVFF       __OS_CurTask, FSR1L
0x0444	0xFFE2C026  	MOVFF       __OS_CurTask+1, FSR1H
0x0448	0x98E6      	BCF         POSTINC1, 4 
;osa_ttimer.c,77 :: 		
0x044A	0x0100      	MOVLB       0
0x044C	0x5166      	MOVF        FARG__OS_InitDelay_Delay, 0, 1
0x044E	0x1167      	IORWF       FARG__OS_InitDelay_Delay+1, 0, 1
0x0450	0x1168      	IORWF       FARG__OS_InitDelay_Delay+2, 0, 1
0x0452	0x1169      	IORWF       FARG__OS_InitDelay_Delay+3, 0, 1
0x0454	0xE046      	BZ          L__OS_InitDelay12
;osa_ttimer.c,79 :: 		
0x0456	0x0EFF      	MOVLW       255
0x0458	0x1966      	XORWF       FARG__OS_InitDelay_Delay, 0, 1
0x045A	0x6E00      	MOVWF       R0 
0x045C	0x0EFF      	MOVLW       255
0x045E	0x1967      	XORWF       FARG__OS_InitDelay_Delay+1, 0, 1
0x0460	0x6E01      	MOVWF       R1 
0x0462	0x0EFF      	MOVLW       255
0x0464	0x1968      	XORWF       FARG__OS_InitDelay_Delay+2, 0, 1
0x0466	0x6E02      	MOVWF       R2 
0x0468	0x0EFF      	MOVLW       255
0x046A	0x1969      	XORWF       FARG__OS_InitDelay_Delay+3, 0, 1
0x046C	0x6E03      	MOVWF       R3 
0x046E	0xF066C000  	MOVFF       R0, FARG__OS_InitDelay_Delay
0x0472	0xF067C001  	MOVFF       R1, FARG__OS_InitDelay_Delay+1
0x0476	0xF068C002  	MOVFF       R2, FARG__OS_InitDelay_Delay+2
0x047A	0xF069C003  	MOVFF       R3, FARG__OS_InitDelay_Delay+3
;osa_ttimer.c,80 :: 		
0x047E	0x0E01      	MOVLW       1
0x0480	0x2400      	ADDWF       R0, 0 
0x0482	0x6E04      	MOVWF       R4 
0x0484	0x0E00      	MOVLW       0
0x0486	0x2001      	ADDWFC      R1, 0 
0x0488	0x6E05      	MOVWF       R5 
0x048A	0x0E00      	MOVLW       0
0x048C	0x2002      	ADDWFC      R2, 0 
0x048E	0x6E06      	MOVWF       R6 
0x0490	0x0E00      	MOVLW       0
0x0492	0x2003      	ADDWFC      R3, 0 
0x0494	0x6E07      	MOVWF       R7 
0x0496	0xF066C004  	MOVFF       R4, FARG__OS_InitDelay_Delay
0x049A	0xF067C005  	MOVFF       R5, FARG__OS_InitDelay_Delay+1
0x049E	0xF068C006  	MOVFF       R6, FARG__OS_InitDelay_Delay+2
0x04A2	0xF069C007  	MOVFF       R7, FARG__OS_InitDelay_Delay+3
;osa_ttimer.c,81 :: 		
0x04A6	0xF000C025  	MOVFF       __OS_CurTask, R0
0x04AA	0xF001C026  	MOVFF       __OS_CurTask+1, R1
0x04AE	0x0E05      	MOVLW       5
0x04B0	0x2400      	ADDWF       R0, 0 
0x04B2	0x6EE1      	MOVWF       FSR1L 
0x04B4	0x0E00      	MOVLW       0
0x04B6	0x2001      	ADDWFC      R1, 0 
0x04B8	0x6EE2      	MOVWF       FSR1H 
0x04BA	0xFFE6C004  	MOVFF       R4, POSTINC1
0x04BE	0xFFE6C005  	MOVFF       R5, POSTINC1
0x04C2	0xFFE6C006  	MOVFF       R6, POSTINC1
0x04C6	0xFFE6C007  	MOVFF       R7, POSTINC1
;osa_ttimer.c,82 :: 		
0x04CA	0xFFE1C025  	MOVFF       __OS_CurTask, FSR1L
0x04CE	0xFFE2C026  	MOVFF       __OS_CurTask+1, FSR1H
0x04D2	0x86E6      	BSF         POSTINC1, 3 
0x04D4	0xFFE1C025  	MOVFF       __OS_CurTask, FSR1L
0x04D8	0xFFE2C026  	MOVFF       __OS_CurTask+1, FSR1H
0x04DC	0x88E6      	BSF         POSTINC1, 4 
;osa_ttimer.c,87 :: 		
0x04DE	0x885C      	BSF         __OS_State, 4 
;osa_ttimer.c,88 :: 		
0x04E0	0x865C      	BSF         __OS_State, 3 
;osa_ttimer.c,90 :: 		
L__OS_InitDelay12:
;osa_ttimer.c,91 :: 		
L_end__OS_InitDelay:
0x04E2	0x0012      	RETURN      0
; end of __OS_InitDelay
_OS_Init:
;osa_system.c,67 :: 		
;osa_system.c,72 :: 		
0x04E4	0x6A23      	CLRF        __OS_Flags 
;osa_system.c,81 :: 		
0x04E6	0x0E53      	MOVLW       __OS_Tasks+27
0x04E8	0x6E32      	MOVWF       __OS_LastTask 
0x04EA	0x0E00      	MOVLW       hi_addr(__OS_Tasks+27)
0x04EC	0x6E33      	MOVWF       __OS_LastTask+1 
;osa_system.c,260 :: 		
0x04EE	0x6A31      	CLRF        __OS_Bsems 
;osa_system.c,326 :: 		
0x04F0	0x9C38      	BCF         __OS_Tasks, 6 
;osa_system.c,329 :: 		
0x04F2	0x9C41      	BCF         __OS_Tasks+9, 6 
;osa_system.c,333 :: 		
0x04F4	0x9C4A      	BCF         __OS_Tasks+18, 6 
;osa_system.c,337 :: 		
0x04F6	0x9C53      	BCF         __OS_Tasks+27, 6 
;osa_system.c,394 :: 		
L_end_OS_Init:
0x04F8	0x0012      	RETURN      0
; end of _OS_Init
_InitLCD:
;lcd.c,3 :: 		void InitLCD(void)
;lcd.c,5 :: 		Lcd_Init();                        // Initialize LCD
0x04FA	0xDF56      	RCALL       _Lcd_Init
;lcd.c,6 :: 		Lcd_Cmd(_LCD_CLEAR);               // Clear display
0x04FC	0x0E01      	MOVLW       1
0x04FE	0x0100      	MOVLB       0
0x0500	0x6F6A      	MOVWF       FARG_Lcd_Cmd_out_char, 1
0x0502	0xDE33      	RCALL       _Lcd_Cmd
;lcd.c,7 :: 		Lcd_Cmd(_LCD_CURSOR_OFF);          // Cursor off
0x0504	0x0E0C      	MOVLW       12
0x0506	0x6F6A      	MOVWF       FARG_Lcd_Cmd_out_char, 1
0x0508	0xDE30      	RCALL       _Lcd_Cmd
;lcd.c,9 :: 		}
L_end_InitLCD:
0x050A	0x0012      	RETURN      0
; end of _InitLCD
__OS_Task_Create:
;osa_tasks.c,75 :: 		
;osa_tasks.c,79 :: 		
0x050C	0x9223      	BCF         __OS_Flags, 1 
;osa_tasks.c,88 :: 		
0x050E	0x0E38      	MOVLW       __OS_Tasks
0x0510	0x6E01      	MOVWF       R1 
0x0512	0x0E00      	MOVLW       hi_addr(__OS_Tasks)
0x0514	0x6E02      	MOVWF       R2 
;osa_tasks.c,89 :: 		
0x0516	0x6A37      	CLRF        __OS_Temp 
;osa_tasks.c,91 :: 		
L__OS_Task_Create13:
;osa_tasks.c,93 :: 		
0x0518	0xFFE9C001  	MOVFF       R1, FSR0L
0x051C	0xFFEAC002  	MOVFF       R2, FSR0H
0x0520	0xF000CFEE  	MOVFF       POSTINC0, R0
0x0524	0xBC00      	BTFSC       R0, 6 
0x0526	0xD02B      	BRA         L__OS_Task_Create16
;osa_tasks.c,95 :: 		
0x0528	0x0100      	MOVLB       0
0x052A	0x8D61      	BSF         FARG__OS_Task_Create_priority, 6, 1
;osa_tasks.c,96 :: 		
0x052C	0x8761      	BSF         FARG__OS_Task_Create_priority, 3, 1
;osa_tasks.c,98 :: 		
0x052E	0x0E01      	MOVLW       1
0x0530	0x2401      	ADDWF       R1, 0 
0x0532	0x6EE1      	MOVWF       FSR1L 
0x0534	0x0E00      	MOVLW       0
0x0536	0x2002      	ADDWFC      R2, 0 
0x0538	0x6EE2      	MOVWF       FSR1H 
0x053A	0xFFE6C062  	MOVFF       FARG__OS_Task_Create_TaskAddr, POSTINC1
0x053E	0xFFE6C063  	MOVFF       FARG__OS_Task_Create_TaskAddr+1, POSTINC1
0x0542	0xFFE6C064  	MOVFF       FARG__OS_Task_Create_TaskAddr+2, POSTINC1
0x0546	0xFFE6C065  	MOVFF       FARG__OS_Task_Create_TaskAddr+3, POSTINC1
;osa_tasks.c,101 :: 		
0x054A	0x0E05      	MOVLW       5
0x054C	0x2401      	ADDWF       R1, 0 
0x054E	0x6EE1      	MOVWF       FSR1L 
0x0550	0x0E00      	MOVLW       0
0x0552	0x2002      	ADDWFC      R2, 0 
0x0554	0x6EE2      	MOVWF       FSR1H 
0x0556	0x6AE6      	CLRF        POSTINC1 
0x0558	0x6AE6      	CLRF        POSTINC1 
0x055A	0x6AE6      	CLRF        POSTINC1 
0x055C	0x6AE6      	CLRF        POSTINC1 
;osa_tasks.c,108 :: 		
0x055E	0xFFE1C001  	MOVFF       R1, FSR1L
0x0562	0xFFE2C002  	MOVFF       R2, FSR1H
0x0566	0xFFE6C061  	MOVFF       FARG__OS_Task_Create_priority, POSTINC1
;osa_tasks.c,111 :: 		
0x056A	0x5002      	MOVF        R2, 0 
0x056C	0x1826      	XORWF       __OS_CurTask+1, 0 
0x056E	0xE102      	BNZ         L___OS_Task_Create32
0x0570	0x5025      	MOVF        __OS_CurTask, 0 
0x0572	0x1801      	XORWF       R1, 0 
L___OS_Task_Create32:
0x0574	0xE102      	BNZ         L__OS_Task_Create17
0x0576	0xF05CC061  	MOVFF       FARG__OS_Task_Create_priority, __OS_State
L__OS_Task_Create17:
;osa_tasks.c,126 :: 		
0x057A	0x9223      	BCF         __OS_Flags, 1 
;osa_tasks.c,128 :: 		
0x057C	0xD009      	BRA         L_end__OS_Task_Create
;osa_tasks.c,130 :: 		
L__OS_Task_Create16:
;osa_tasks.c,132 :: 		
0x057E	0x0E09      	MOVLW       9
0x0580	0x2601      	ADDWF       R1, 1 
0x0582	0x0E00      	MOVLW       0
0x0584	0x2202      	ADDWFC      R2, 1 
;osa_tasks.c,134 :: 		
0x0586	0x2A37      	INCF        __OS_Temp, 1 
0x0588	0x0E04      	MOVLW       4
0x058A	0x5C37      	SUBWF       __OS_Temp, 0 
0x058C	0xE3C5      	BNC         L__OS_Task_Create13
;osa_tasks.c,137 :: 		
0x058E	0x8223      	BSF         __OS_Flags, 1 
;osa_tasks.c,139 :: 		
;osa_tasks.c,140 :: 		
L_end__OS_Task_Create:
0x0590	0x0012      	RETURN      0
; end of __OS_Task_Create
__OS_JumpToTask:
;osa_pic18_mikroc.c,64 :: 		
;osa_pic18_mikroc.c,66 :: 		
0x0592	0xDE2A      	RCALL       __OS_SET_FSR_CUR_TASK
;osa_pic18_mikroc.c,67 :: 		
0x0594	0xF05CCFEE  	MOVFF       POSTINC0, __OS_State
;osa_pic18_mikroc.c,69 :: 		
0x0598	0x0005      	PUSH
;osa_pic18_mikroc.c,70 :: 		
0x059A	0x50EE      	MOVF        POSTINC0, 0, 0
;osa_pic18_mikroc.c,71 :: 		
0x059C	0x6EFD      	MOVWF       TOSL, 0
;osa_pic18_mikroc.c,72 :: 		
0x059E	0x50EE      	MOVF        POSTINC0, 0, 0
;osa_pic18_mikroc.c,73 :: 		
0x05A0	0x6EFE      	MOVWF       TOSH, 0
;osa_pic18_mikroc.c,74 :: 		
0x05A2	0x50EE      	MOVF        POSTINC0, 0, 0
;osa_pic18_mikroc.c,75 :: 		
0x05A4	0x6EFF      	MOVWF       TOSU, 0
;osa_pic18_mikroc.c,76 :: 		
0x05A6	0x0012      	RETURN      0
;osa_pic18_mikroc.c,78 :: 		
L_end__OS_JumpToTask:
0x05A8	0x0012      	RETURN      0
; end of __OS_JumpToTask
_Mul_16X16_U:
;__Lib_Math.c,440 :: 		
;__Lib_Math.c,447 :: 		
0x05AA	0x6A0B      	CLRF        R11, 0
;__Lib_Math.c,448 :: 		
0x05AC	0x6A0A      	CLRF        R10, 0
;__Lib_Math.c,449 :: 		
0x05AE	0x6A09      	CLRF        R9, 0
;__Lib_Math.c,450 :: 		
0x05B0	0x5000      	MOVF        R0, 0, 0
;__Lib_Math.c,451 :: 		
0x05B2	0x0204      	MULWF       R4, 0
;__Lib_Math.c,453 :: 		
0x05B4	0xF009CFF4  	MOVFF       PRODH, R9
;__Lib_Math.c,454 :: 		
0x05B8	0xF008CFF3  	MOVFF       PRODL, R8
;__Lib_Math.c,455 :: 		
0x05BC	0x5001      	MOVF        R1, 0, 0
;__Lib_Math.c,456 :: 		
0x05BE	0x0205      	MULWF       R5, 0
;__Lib_Math.c,458 :: 		
0x05C0	0xF00BCFF4  	MOVFF       PRODH, R11
;__Lib_Math.c,459 :: 		
0x05C4	0xF00ACFF3  	MOVFF       PRODL, R10
;__Lib_Math.c,460 :: 		
0x05C8	0x5000      	MOVF        R0, 0, 0
;__Lib_Math.c,461 :: 		
0x05CA	0x0205      	MULWF       R5, 0
;__Lib_Math.c,463 :: 		
0x05CC	0x50F3      	MOVF        PRODL, 0, 0
;__Lib_Math.c,464 :: 		
0x05CE	0x2609      	ADDWF       R9, 1, 0
;__Lib_Math.c,465 :: 		
0x05D0	0x50F4      	MOVF        PRODH, 0, 0
;__Lib_Math.c,466 :: 		
0x05D2	0x220A      	ADDWFC      R10, 1, 0
;__Lib_Math.c,467 :: 		
0x05D4	0x6AE8      	CLRF        WREG, 0
;__Lib_Math.c,468 :: 		
0x05D6	0x220B      	ADDWFC      R11, 1, 0
;__Lib_Math.c,469 :: 		
0x05D8	0x5001      	MOVF        R1, 0, 0
;__Lib_Math.c,470 :: 		
0x05DA	0x0204      	MULWF       R4, 0
;__Lib_Math.c,472 :: 		
0x05DC	0x50F3      	MOVF        PRODL, 0, 0
;__Lib_Math.c,473 :: 		
0x05DE	0x2609      	ADDWF       R9, 1, 0
;__Lib_Math.c,474 :: 		
0x05E0	0x50F4      	MOVF        PRODH, 0, 0
;__Lib_Math.c,475 :: 		
0x05E2	0x220A      	ADDWFC      R10, 1, 0
;__Lib_Math.c,476 :: 		
0x05E4	0x6AE8      	CLRF        WREG, 0
;__Lib_Math.c,477 :: 		
0x05E6	0x220B      	ADDWFC      R11, 1, 0
;__Lib_Math.c,479 :: 		
0x05E8	0xF000C008  	MOVFF       R8, R0
;__Lib_Math.c,480 :: 		
0x05EC	0xF001C009  	MOVFF       R9, R1
;__Lib_Math.c,481 :: 		
0x05F0	0xF002C00A  	MOVFF       R10, R2
;__Lib_Math.c,482 :: 		
0x05F4	0xF003C00B  	MOVFF       R11, R3
;__Lib_Math.c,485 :: 		
L_end_Mul_16X16_U:
0x05F8	0x0012      	RETURN      0
; end of _Mul_16X16_U
___CC2DW:
;__Lib_System.c,21 :: 		
;__Lib_System.c,23 :: 		
_CC2DL_Loop1:
;__Lib_System.c,24 :: 		
0x05FA	0x0009      	TBLRD*+
;__Lib_System.c,25 :: 		
0x05FC	0xFFE6CFF5  	MOVFF       TABLAT, POSTINC1
;__Lib_System.c,26 :: 		
0x0600	0x0600      	DECF        R0, 1, 0
;__Lib_System.c,27 :: 		
0x0602	0xE1FB      	BNZ         _CC2DL_Loop1
;__Lib_System.c,28 :: 		
0x0604	0x0601      	DECF        R1, 1, 0
;__Lib_System.c,29 :: 		
0x0606	0xE1F9      	BNZ         _CC2DL_Loop1
;__Lib_System.c,31 :: 		
L_end___CC2DW:
0x0608	0x0012      	RETURN      0
; end of ___CC2DW
_Task_LED0:
;main.c,104 :: 		void Task_LED0(void)
;main.c,106 :: 		OS_Bsem_Set(BS_LED0);
0x060A	0x8031      	BSF         __OS_Bsems, 0 
;main.c,108 :: 		for(;;)
L_Task_LED055:
;main.c,110 :: 		OS_Bsem_Wait(BS_LED0); //BS_LED0 == 1?? SIM, DESCE, CASO CONTRÁRIO, DEVOLVE O CONTROLE PARA O RTOS
0x060C	0xDE81      	RCALL       __OS_EnterWaitMode
0x060E	0x0000      	NOP
0x0610	0x0E01      	MOVLW       1
0x0612	0x1431      	ANDWF       __OS_Bsems, 0 
0x0614	0x6E00      	MOVWF       R0 
0x0616	0x0E00      	MOVLW       0
0x0618	0x0B00      	ANDLW       0
0x061A	0x6E01      	MOVWF       R1 
0x061C	0x0E00      	MOVLW       0
0x061E	0x1801      	XORWF       R1, 0 
0x0620	0xE102      	BNZ         L__Task_LED081
0x0622	0x0E00      	MOVLW       0
0x0624	0x1800      	XORWF       R0, 0 
L__Task_LED081:
0x0626	0x0E00      	MOVLW       0
0x0628	0xA4D8      	BTFSS       STATUS, 2 
0x062A	0x0E01      	MOVLW       1
0x062C	0x6E5D      	MOVWF       FARG__OS_CheckEvent_bEvent 
0x062E	0xDE5B      	RCALL       __OS_CheckEvent
0x0630	0x0EFE      	MOVLW       254
0x0632	0x1631      	ANDWF       __OS_Bsems, 1 
;main.c,112 :: 		LATD.RD0 = ~LATD.RD0;  //LED
0x0634	0x708C      	BTG         LATD, 0 
;main.c,113 :: 		OS_Delay(300 ms);      //Aguarda 300ms
0x0636	0x0E2C      	MOVLW       44
0x0638	0x0100      	MOVLB       0
0x063A	0x6F66      	MOVWF       FARG__OS_InitDelay_Delay, 1
0x063C	0x0E01      	MOVLW       1
0x063E	0x6F67      	MOVWF       FARG__OS_InitDelay_Delay+1, 1
0x0640	0x0E00      	MOVLW       0
0x0642	0x6F68      	MOVWF       FARG__OS_InitDelay_Delay+2, 1
0x0644	0x6F69      	MOVWF       FARG__OS_InitDelay_Delay+3, 1
0x0646	0xDEFB      	RCALL       __OS_InitDelay
0x0648	0xDEA5      	RCALL       __OS_ReturnSave
0x064A	0x0000      	NOP
;main.c,115 :: 		OS_Bsem_Reset(BS_LED0);
0x064C	0x0EFE      	MOVLW       254
0x064E	0x1631      	ANDWF       __OS_Bsems, 1 
;main.c,116 :: 		OS_Bsem_Set(BS_LED1);
0x0650	0x8231      	BSF         __OS_Bsems, 1 
;main.c,118 :: 		}
0x0652	0xD7DC      	BRA         L_Task_LED055
;main.c,119 :: 		}
L_end_Task_LED0:
0x0654	0x0012      	RETURN      0
; end of _Task_LED0
_Task_BUTTON1:
;main.c,82 :: 		void Task_BUTTON1(void)
;main.c,84 :: 		for (;;)
L_Task_BUTTON146:
;main.c,86 :: 		do
L_Task_BUTTON149:
;main.c,88 :: 		OS_Cond_Wait(!BTN1);            //pino RB0 for aterrado
0x0656	0xDE5C      	RCALL       __OS_EnterWaitMode
0x0658	0x0000      	NOP
0x065A	0xB284      	BTFSC       PORTE, 1 
0x065C	0xD002      	BRA         L__Task_BUTTON178
0x065E	0x80D8      	BSF         STATUS, 0 
0x0660	0xD001      	BRA         L__Task_BUTTON179
L__Task_BUTTON178:
0x0662	0x90D8      	BCF         STATUS, 0 
L__Task_BUTTON179:
0x0664	0x0E00      	MOVLW       0
0x0666	0xB0D8      	BTFSC       STATUS, 0 
0x0668	0x0E01      	MOVLW       1
0x066A	0x6E5D      	MOVWF       FARG__OS_CheckEvent_bEvent 
0x066C	0x505D      	MOVF        FARG__OS_CheckEvent_bEvent, 0 
0x066E	0x0A00      	XORLW       0
0x0670	0x0E00      	MOVLW       0
0x0672	0xA4D8      	BTFSS       STATUS, 2 
0x0674	0x0E01      	MOVLW       1
0x0676	0x6E5D      	MOVWF       FARG__OS_CheckEvent_bEvent 
0x0678	0xDE36      	RCALL       __OS_CheckEvent
;main.c,89 :: 		OS_Delay(40 ms);                // 40 ms for debounce
0x067A	0x0E28      	MOVLW       40
0x067C	0x0100      	MOVLB       0
0x067E	0x6F66      	MOVWF       FARG__OS_InitDelay_Delay, 1
0x0680	0x0E00      	MOVLW       0
0x0682	0x6F67      	MOVWF       FARG__OS_InitDelay_Delay+1, 1
0x0684	0x6F68      	MOVWF       FARG__OS_InitDelay_Delay+2, 1
0x0686	0x6F69      	MOVWF       FARG__OS_InitDelay_Delay+3, 1
0x0688	0xDEDA      	RCALL       __OS_InitDelay
0x068A	0xDE84      	RCALL       __OS_ReturnSave
0x068C	0x0000      	NOP
;main.c,90 :: 		} while (BTN1);
0x068E	0xB284      	BTFSC       PORTE, 1 
0x0690	0xD7E2      	BRA         L_Task_BUTTON149
;main.c,92 :: 		LATD.RD6 = ~LATD.RD6;             //Inverte o estado lógico do LED RD7
0x0692	0x7C8C      	BTG         LATD, 6 
;main.c,94 :: 		do
L_Task_BUTTON152:
;main.c,96 :: 		OS_Cond_Wait(BTN1);
0x0694	0xDE3D      	RCALL       __OS_EnterWaitMode
0x0696	0x0000      	NOP
0x0698	0x0E00      	MOVLW       0
0x069A	0xB284      	BTFSC       PORTE, 1 
0x069C	0x0E01      	MOVLW       1
0x069E	0x6E5D      	MOVWF       FARG__OS_CheckEvent_bEvent 
0x06A0	0x505D      	MOVF        FARG__OS_CheckEvent_bEvent, 0 
0x06A2	0x0A00      	XORLW       0
0x06A4	0x0E00      	MOVLW       0
0x06A6	0xA4D8      	BTFSS       STATUS, 2 
0x06A8	0x0E01      	MOVLW       1
0x06AA	0x6E5D      	MOVWF       FARG__OS_CheckEvent_bEvent 
0x06AC	0xDE1C      	RCALL       __OS_CheckEvent
;main.c,97 :: 		OS_Delay(40 ms);                // 40 ms for debounce
0x06AE	0x0E28      	MOVLW       40
0x06B0	0x0100      	MOVLB       0
0x06B2	0x6F66      	MOVWF       FARG__OS_InitDelay_Delay, 1
0x06B4	0x0E00      	MOVLW       0
0x06B6	0x6F67      	MOVWF       FARG__OS_InitDelay_Delay+1, 1
0x06B8	0x6F68      	MOVWF       FARG__OS_InitDelay_Delay+2, 1
0x06BA	0x6F69      	MOVWF       FARG__OS_InitDelay_Delay+3, 1
0x06BC	0xDEC0      	RCALL       __OS_InitDelay
0x06BE	0xDE6A      	RCALL       __OS_ReturnSave
0x06C0	0x0000      	NOP
;main.c,98 :: 		} while (!BTN1);
0x06C2	0xA284      	BTFSS       PORTE, 1 
0x06C4	0xD7E7      	BRA         L_Task_BUTTON152
;main.c,100 :: 		}
0x06C6	0xD7C7      	BRA         L_Task_BUTTON146
;main.c,101 :: 		}
L_end_Task_BUTTON1:
0x06C8	0x0012      	RETURN      0
; end of _Task_BUTTON1
_Task_BUTTON0:
;main.c,61 :: 		void Task_BUTTON0(void)
;main.c,63 :: 		for (;;)
L_Task_BUTTON037:
;main.c,65 :: 		do
L_Task_BUTTON040:
;main.c,67 :: 		OS_Cond_Wait(!BTN0);            //pino RB0 for aterrado
0x06CA	0xDE22      	RCALL       __OS_EnterWaitMode
0x06CC	0x0000      	NOP
0x06CE	0xB084      	BTFSC       PORTE, 0 
0x06D0	0xD002      	BRA         L__Task_BUTTON075
0x06D2	0x80D8      	BSF         STATUS, 0 
0x06D4	0xD001      	BRA         L__Task_BUTTON076
L__Task_BUTTON075:
0x06D6	0x90D8      	BCF         STATUS, 0 
L__Task_BUTTON076:
0x06D8	0x0E00      	MOVLW       0
0x06DA	0xB0D8      	BTFSC       STATUS, 0 
0x06DC	0x0E01      	MOVLW       1
0x06DE	0x6E5D      	MOVWF       FARG__OS_CheckEvent_bEvent 
0x06E0	0x505D      	MOVF        FARG__OS_CheckEvent_bEvent, 0 
0x06E2	0x0A00      	XORLW       0
0x06E4	0x0E00      	MOVLW       0
0x06E6	0xA4D8      	BTFSS       STATUS, 2 
0x06E8	0x0E01      	MOVLW       1
0x06EA	0x6E5D      	MOVWF       FARG__OS_CheckEvent_bEvent 
0x06EC	0xDDFC      	RCALL       __OS_CheckEvent
;main.c,68 :: 		OS_Delay(40 ms);                // 40 ms for debounce
0x06EE	0x0E28      	MOVLW       40
0x06F0	0x0100      	MOVLB       0
0x06F2	0x6F66      	MOVWF       FARG__OS_InitDelay_Delay, 1
0x06F4	0x0E00      	MOVLW       0
0x06F6	0x6F67      	MOVWF       FARG__OS_InitDelay_Delay+1, 1
0x06F8	0x6F68      	MOVWF       FARG__OS_InitDelay_Delay+2, 1
0x06FA	0x6F69      	MOVWF       FARG__OS_InitDelay_Delay+3, 1
0x06FC	0xDEA0      	RCALL       __OS_InitDelay
0x06FE	0xDE4A      	RCALL       __OS_ReturnSave
0x0700	0x0000      	NOP
;main.c,69 :: 		} while (BTN0);
0x0702	0xB084      	BTFSC       PORTE, 0 
0x0704	0xD7E2      	BRA         L_Task_BUTTON040
;main.c,71 :: 		LATD.RD7 = ~LATD.RD7;             //Inverte o estado lógico do LED RD7
0x0706	0x7E8C      	BTG         LATD, 7 
;main.c,73 :: 		do
L_Task_BUTTON043:
;main.c,75 :: 		OS_Cond_Wait(BTN0);
0x0708	0xDE03      	RCALL       __OS_EnterWaitMode
0x070A	0x0000      	NOP
0x070C	0x0E00      	MOVLW       0
0x070E	0xB084      	BTFSC       PORTE, 0 
0x0710	0x0E01      	MOVLW       1
0x0712	0x6E5D      	MOVWF       FARG__OS_CheckEvent_bEvent 
0x0714	0x505D      	MOVF        FARG__OS_CheckEvent_bEvent, 0 
0x0716	0x0A00      	XORLW       0
0x0718	0x0E00      	MOVLW       0
0x071A	0xA4D8      	BTFSS       STATUS, 2 
0x071C	0x0E01      	MOVLW       1
0x071E	0x6E5D      	MOVWF       FARG__OS_CheckEvent_bEvent 
0x0720	0xDDE2      	RCALL       __OS_CheckEvent
;main.c,76 :: 		OS_Delay(40 ms);                // 40 ms for debounce
0x0722	0x0E28      	MOVLW       40
0x0724	0x0100      	MOVLB       0
0x0726	0x6F66      	MOVWF       FARG__OS_InitDelay_Delay, 1
0x0728	0x0E00      	MOVLW       0
0x072A	0x6F67      	MOVWF       FARG__OS_InitDelay_Delay+1, 1
0x072C	0x6F68      	MOVWF       FARG__OS_InitDelay_Delay+2, 1
0x072E	0x6F69      	MOVWF       FARG__OS_InitDelay_Delay+3, 1
0x0730	0xDE86      	RCALL       __OS_InitDelay
0x0732	0xDE30      	RCALL       __OS_ReturnSave
0x0734	0x0000      	NOP
;main.c,77 :: 		} while (!BTN0);
0x0736	0xA084      	BTFSS       PORTE, 0 
0x0738	0xD7E7      	BRA         L_Task_BUTTON043
;main.c,79 :: 		}
0x073A	0xD7C7      	BRA         L_Task_BUTTON037
;main.c,80 :: 		}
L_end_Task_BUTTON0:
0x073C	0x0012      	RETURN      0
; end of _Task_BUTTON0
_Task_LCD:
;main.c,47 :: 		void Task_LCD(void)
;main.c,52 :: 		for(;;)
L_Task_LCD34:
;main.c,54 :: 		count++;
0x073E	0x4A21      	INFSNZ      Task_LCD_count_L0, 1 
0x0740	0x2A22      	INCF        Task_LCD_count_L0+1, 1 
;main.c,55 :: 		WordToStr(count, txt);
0x0742	0xF066C021  	MOVFF       Task_LCD_count_L0, FARG_WordToStr_input
0x0746	0xF067C022  	MOVFF       Task_LCD_count_L0+1, FARG_WordToStr_input+1
0x074A	0x0E27      	MOVLW       Task_LCD_txt_L0
0x074C	0x0100      	MOVLB       0
0x074E	0x6F68      	MOVWF       FARG_WordToStr_output, 1
0x0750	0x0E00      	MOVLW       hi_addr(Task_LCD_txt_L0)
0x0752	0x6F69      	MOVWF       FARG_WordToStr_output+1, 1
0x0754	0xDD7E      	RCALL       _WordToStr
;main.c,56 :: 		Lcd_Out(1,1, txt);
0x0756	0x0E01      	MOVLW       1
0x0758	0x6F66      	MOVWF       FARG_Lcd_Out_row, 1
0x075A	0x0E01      	MOVLW       1
0x075C	0x6F67      	MOVWF       FARG_Lcd_Out_column, 1
0x075E	0x0E27      	MOVLW       Task_LCD_txt_L0
0x0760	0x6F68      	MOVWF       FARG_Lcd_Out_text, 1
0x0762	0x0E00      	MOVLW       hi_addr(Task_LCD_txt_L0)
0x0764	0x6F69      	MOVWF       FARG_Lcd_Out_text+1, 1
0x0766	0xDDD7      	RCALL       _Lcd_Out
;main.c,57 :: 		OS_Delay(500);
0x0768	0x0EF4      	MOVLW       244
0x076A	0x6F66      	MOVWF       FARG__OS_InitDelay_Delay, 1
0x076C	0x0E01      	MOVLW       1
0x076E	0x6F67      	MOVWF       FARG__OS_InitDelay_Delay+1, 1
0x0770	0x0E00      	MOVLW       0
0x0772	0x6F68      	MOVWF       FARG__OS_InitDelay_Delay+2, 1
0x0774	0x6F69      	MOVWF       FARG__OS_InitDelay_Delay+3, 1
0x0776	0xDE63      	RCALL       __OS_InitDelay
0x0778	0xDE0D      	RCALL       __OS_ReturnSave
0x077A	0x0000      	NOP
;main.c,58 :: 		}
0x077C	0xD7E0      	BRA         L_Task_LCD34
;main.c,59 :: 		}
L_end_Task_LCD:
0x077E	0x0012      	RETURN      0
; end of _Task_LCD
_Task_LED2:
;main.c,135 :: 		void Task_LED2(void)
;main.c,137 :: 		for(;;)
L_Task_LED261:
;main.c,139 :: 		OS_Bsem_Wait(BS_LED2);
0x0780	0xDDC7      	RCALL       __OS_EnterWaitMode
0x0782	0x0000      	NOP
0x0784	0x0E04      	MOVLW       4
0x0786	0x1431      	ANDWF       __OS_Bsems, 0 
0x0788	0x6E00      	MOVWF       R0 
0x078A	0x0E00      	MOVLW       0
0x078C	0x0B00      	ANDLW       0
0x078E	0x6E01      	MOVWF       R1 
0x0790	0x0E00      	MOVLW       0
0x0792	0x1801      	XORWF       R1, 0 
0x0794	0xE102      	BNZ         L__Task_LED285
0x0796	0x0E00      	MOVLW       0
0x0798	0x1800      	XORWF       R0, 0 
L__Task_LED285:
0x079A	0x0E00      	MOVLW       0
0x079C	0xA4D8      	BTFSS       STATUS, 2 
0x079E	0x0E01      	MOVLW       1
0x07A0	0x6E5D      	MOVWF       FARG__OS_CheckEvent_bEvent 
0x07A2	0xDDA1      	RCALL       __OS_CheckEvent
0x07A4	0x0EFB      	MOVLW       251
0x07A6	0x1631      	ANDWF       __OS_Bsems, 1 
;main.c,141 :: 		LATD.RD2 = ~LATD.RD2;
0x07A8	0x748C      	BTG         LATD, 2 
;main.c,142 :: 		OS_Delay(300 ms);
0x07AA	0x0E2C      	MOVLW       44
0x07AC	0x0100      	MOVLB       0
0x07AE	0x6F66      	MOVWF       FARG__OS_InitDelay_Delay, 1
0x07B0	0x0E01      	MOVLW       1
0x07B2	0x6F67      	MOVWF       FARG__OS_InitDelay_Delay+1, 1
0x07B4	0x0E00      	MOVLW       0
0x07B6	0x6F68      	MOVWF       FARG__OS_InitDelay_Delay+2, 1
0x07B8	0x6F69      	MOVWF       FARG__OS_InitDelay_Delay+3, 1
0x07BA	0xDE41      	RCALL       __OS_InitDelay
0x07BC	0xDDEB      	RCALL       __OS_ReturnSave
0x07BE	0x0000      	NOP
;main.c,144 :: 		OS_Bsem_Reset(BS_LED2);
0x07C0	0x0EFB      	MOVLW       251
0x07C2	0x1631      	ANDWF       __OS_Bsems, 1 
;main.c,145 :: 		OS_Bsem_Set(BS_LED0);
0x07C4	0x8031      	BSF         __OS_Bsems, 0 
;main.c,146 :: 		}
0x07C6	0xD7DC      	BRA         L_Task_LED261
;main.c,147 :: 		}
L_end_Task_LED2:
0x07C8	0x0012      	RETURN      0
; end of _Task_LED2
_InitMCU:
;bsp.c,3 :: 		void InitMCU(void)
;bsp.c,6 :: 		ANSELA = 0;
0x07CA	0x010F      	MOVLB       15
0x07CC	0x6B38      	CLRF        ANSELA, 1
;bsp.c,7 :: 		ANSELB = 0;
0x07CE	0x6B39      	CLRF        ANSELB, 1
;bsp.c,8 :: 		ANSELC = 0;
0x07D0	0x6B3A      	CLRF        ANSELC, 1
;bsp.c,9 :: 		ANSELD = 0;
0x07D2	0x6B3B      	CLRF        ANSELD, 1
;bsp.c,10 :: 		ANSELE = 0;
0x07D4	0x6B3C      	CLRF        ANSELE, 1
;bsp.c,15 :: 		TRISD = 0;        //PORTD configurado como Saída
0x07D6	0x6A95      	CLRF        TRISD 
;bsp.c,16 :: 		PORTD = 0;        //LEDs OFF
0x07D8	0x6A83      	CLRF        PORTD 
;bsp.c,18 :: 		TRISE.RE0 = 1;    //pinos dos BTN como entrada
0x07DA	0x8096      	BSF         TRISE, 0 
;bsp.c,19 :: 		TRISE.RE1 = 1;
0x07DC	0x8296      	BSF         TRISE, 1 
;bsp.c,20 :: 		}
L_end_InitMCU:
0x07DE	0x0012      	RETURN      0
; end of _InitMCU
_TickTimerIE:
;timer.c,3 :: 		void TickTimerIE(void)
;timer.c,6 :: 		T2CON = T2CON_CONST;
0x07E0	0x0E4D      	MOVLW       77
0x07E2	0x6EBA      	MOVWF       T2CON 
;timer.c,7 :: 		PR2 = PR2_CONST;
0x07E4	0x0E31      	MOVLW       49
0x07E6	0x6EBB      	MOVWF       PR2 
;timer.c,9 :: 		INTCON.GIEH = 1;
0x07E8	0x8EF2      	BSF         INTCON, 7 
;timer.c,10 :: 		INTCON.GIEL = 1;
0x07EA	0x8CF2      	BSF         INTCON, 6 
;timer.c,11 :: 		RCON.IPEN = 1;
0x07EC	0x8ED0      	BSF         RCON, 7 
;timer.c,13 :: 		TMR2IE_bit = 1;
0x07EE	0x829D      	BSF         TMR2IE_bit, BitPos(TMR2IE_bit+0) 
;timer.c,14 :: 		TMR2IP_bit = 1;
0x07F0	0x829F      	BSF         TMR2IP_bit, BitPos(TMR2IP_bit+0) 
;timer.c,15 :: 		T2CON.TMR2ON = 1;
0x07F2	0x84BA      	BSF         T2CON, 2 
;timer.c,16 :: 		}
L_end_TickTimerIE:
0x07F4	0x0012      	RETURN      0
; end of _TickTimerIE
_Task_LED1:
;main.c,121 :: 		void Task_LED1(void)
;main.c,123 :: 		for(;;)
L_Task_LED158:
;main.c,125 :: 		OS_Bsem_Wait(BS_LED1);
0x07F6	0xDD8C      	RCALL       __OS_EnterWaitMode
0x07F8	0x0000      	NOP
0x07FA	0x0E02      	MOVLW       2
0x07FC	0x1431      	ANDWF       __OS_Bsems, 0 
0x07FE	0x6E00      	MOVWF       R0 
0x0800	0x0E00      	MOVLW       0
0x0802	0x0B00      	ANDLW       0
0x0804	0x6E01      	MOVWF       R1 
0x0806	0x0E00      	MOVLW       0
0x0808	0x1801      	XORWF       R1, 0 
0x080A	0xE102      	BNZ         L__Task_LED183
0x080C	0x0E00      	MOVLW       0
0x080E	0x1800      	XORWF       R0, 0 
L__Task_LED183:
0x0810	0x0E00      	MOVLW       0
0x0812	0xA4D8      	BTFSS       STATUS, 2 
0x0814	0x0E01      	MOVLW       1
0x0816	0x6E5D      	MOVWF       FARG__OS_CheckEvent_bEvent 
0x0818	0xDD66      	RCALL       __OS_CheckEvent
0x081A	0x0EFD      	MOVLW       253
0x081C	0x1631      	ANDWF       __OS_Bsems, 1 
;main.c,127 :: 		LATD.RD1 = ~LATD.RD1;
0x081E	0x728C      	BTG         LATD, 1 
;main.c,128 :: 		OS_Delay(300 ms);
0x0820	0x0E2C      	MOVLW       44
0x0822	0x0100      	MOVLB       0
0x0824	0x6F66      	MOVWF       FARG__OS_InitDelay_Delay, 1
0x0826	0x0E01      	MOVLW       1
0x0828	0x6F67      	MOVWF       FARG__OS_InitDelay_Delay+1, 1
0x082A	0x0E00      	MOVLW       0
0x082C	0x6F68      	MOVWF       FARG__OS_InitDelay_Delay+2, 1
0x082E	0x6F69      	MOVWF       FARG__OS_InitDelay_Delay+3, 1
0x0830	0xDE06      	RCALL       __OS_InitDelay
0x0832	0xDDB0      	RCALL       __OS_ReturnSave
0x0834	0x0000      	NOP
;main.c,130 :: 		OS_Bsem_Reset(BS_LED1);
0x0836	0x0EFD      	MOVLW       253
0x0838	0x1631      	ANDWF       __OS_Bsems, 1 
;main.c,131 :: 		OS_Bsem_Set(BS_LED2);
0x083A	0x8431      	BSF         __OS_Bsems, 2 
;main.c,132 :: 		}
0x083C	0xD7DC      	BRA         L_Task_LED158
;main.c,133 :: 		}
L_end_Task_LED1:
0x083E	0x0012      	RETURN      0
; end of _Task_LED1
_main:
0x0840	0x6A21      	CLRF        Task_LCD_count_L0 
0x0842	0x6A22      	CLRF        34 
;main.c,20 :: 		void main (void)
;main.c,22 :: 		InitMCU();                         //Inicializa os periféricos do MCU
0x0844	0xDFC2      	RCALL       _InitMCU
;main.c,23 :: 		TickTimerIE();                     //Configura e habilita a Interrupção TickTimer
0x0846	0xDFCC      	RCALL       _TickTimerIE
;main.c,24 :: 		InitLCD();
0x0848	0xDE58      	RCALL       _InitLCD
;main.c,26 :: 		OS_Init();                         //Inicializa RTO's
0x084A	0xDE4C      	RCALL       _OS_Init
;main.c,29 :: 		OS_Task_Create(0, Task_LED0);      //Cria task LE0 (máxima prioridade)
0x084C	0x6B61      	CLRF        FARG__OS_Task_Create_priority, 1
0x084E	0x0E0A      	MOVLW       _Task_LED0
0x0850	0x6F62      	MOVWF       FARG__OS_Task_Create_TaskAddr, 1
0x0852	0x0E06      	MOVLW       hi_addr(_Task_LED0)
0x0854	0x6F63      	MOVWF       FARG__OS_Task_Create_TaskAddr+1, 1
0x0856	0x0E00      	MOVLW       0
0x0858	0x6F64      	MOVWF       FARG__OS_Task_Create_TaskAddr+2, 1
0x085A	0x0E00      	MOVLW       0
0x085C	0x6F65      	MOVWF       FARG__OS_Task_Create_TaskAddr+3, 1
0x085E	0xDE56      	RCALL       __OS_Task_Create
;main.c,30 :: 		OS_Task_Create(0, Task_LED1);      //Cria task LE1 (máxima prioridade)
0x0860	0x0100      	MOVLB       0
0x0862	0x6B61      	CLRF        FARG__OS_Task_Create_priority, 1
0x0864	0x0EF6      	MOVLW       _Task_LED1
0x0866	0x6F62      	MOVWF       FARG__OS_Task_Create_TaskAddr, 1
0x0868	0x0E07      	MOVLW       hi_addr(_Task_LED1)
0x086A	0x6F63      	MOVWF       FARG__OS_Task_Create_TaskAddr+1, 1
0x086C	0x0E00      	MOVLW       0
0x086E	0x6F64      	MOVWF       FARG__OS_Task_Create_TaskAddr+2, 1
0x0870	0x0E00      	MOVLW       0
0x0872	0x6F65      	MOVWF       FARG__OS_Task_Create_TaskAddr+3, 1
0x0874	0xDE4B      	RCALL       __OS_Task_Create
;main.c,31 :: 		OS_Task_Create(0, Task_LED2);      //Cria task LE2 (máxima prioridade)
0x0876	0x0100      	MOVLB       0
0x0878	0x6B61      	CLRF        FARG__OS_Task_Create_priority, 1
0x087A	0x0E80      	MOVLW       _Task_LED2
0x087C	0x6F62      	MOVWF       FARG__OS_Task_Create_TaskAddr, 1
0x087E	0x0E07      	MOVLW       hi_addr(_Task_LED2)
0x0880	0x6F63      	MOVWF       FARG__OS_Task_Create_TaskAddr+1, 1
0x0882	0x0E00      	MOVLW       0
0x0884	0x6F64      	MOVWF       FARG__OS_Task_Create_TaskAddr+2, 1
0x0886	0x0E00      	MOVLW       0
0x0888	0x6F65      	MOVWF       FARG__OS_Task_Create_TaskAddr+3, 1
0x088A	0xDE40      	RCALL       __OS_Task_Create
;main.c,32 :: 		OS_Task_Create(0, Task_LCD);       //Cria a task LCD
0x088C	0x0100      	MOVLB       0
0x088E	0x6B61      	CLRF        FARG__OS_Task_Create_priority, 1
0x0890	0x0E3E      	MOVLW       _Task_LCD
0x0892	0x6F62      	MOVWF       FARG__OS_Task_Create_TaskAddr, 1
0x0894	0x0E07      	MOVLW       hi_addr(_Task_LCD)
0x0896	0x6F63      	MOVWF       FARG__OS_Task_Create_TaskAddr+1, 1
0x0898	0x0E00      	MOVLW       0
0x089A	0x6F64      	MOVWF       FARG__OS_Task_Create_TaskAddr+2, 1
0x089C	0x0E00      	MOVLW       0
0x089E	0x6F65      	MOVWF       FARG__OS_Task_Create_TaskAddr+3, 1
0x08A0	0xDE35      	RCALL       __OS_Task_Create
;main.c,33 :: 		OS_Task_Create(0, Task_BUTTON0);       //Cria a task LCD
0x08A2	0x0100      	MOVLB       0
0x08A4	0x6B61      	CLRF        FARG__OS_Task_Create_priority, 1
0x08A6	0x0ECA      	MOVLW       _Task_BUTTON0
0x08A8	0x6F62      	MOVWF       FARG__OS_Task_Create_TaskAddr, 1
0x08AA	0x0E06      	MOVLW       hi_addr(_Task_BUTTON0)
0x08AC	0x6F63      	MOVWF       FARG__OS_Task_Create_TaskAddr+1, 1
0x08AE	0x0E00      	MOVLW       0
0x08B0	0x6F64      	MOVWF       FARG__OS_Task_Create_TaskAddr+2, 1
0x08B2	0x0E00      	MOVLW       0
0x08B4	0x6F65      	MOVWF       FARG__OS_Task_Create_TaskAddr+3, 1
0x08B6	0xDE2A      	RCALL       __OS_Task_Create
;main.c,34 :: 		OS_Task_Create(0, Task_BUTTON1);       //Cria a task LCD
0x08B8	0x0100      	MOVLB       0
0x08BA	0x6B61      	CLRF        FARG__OS_Task_Create_priority, 1
0x08BC	0x0E56      	MOVLW       _Task_BUTTON1
0x08BE	0x6F62      	MOVWF       FARG__OS_Task_Create_TaskAddr, 1
0x08C0	0x0E06      	MOVLW       hi_addr(_Task_BUTTON1)
0x08C2	0x6F63      	MOVWF       FARG__OS_Task_Create_TaskAddr+1, 1
0x08C4	0x0E00      	MOVLW       0
0x08C6	0x6F64      	MOVWF       FARG__OS_Task_Create_TaskAddr+2, 1
0x08C8	0x0E00      	MOVLW       0
0x08CA	0x6F65      	MOVWF       FARG__OS_Task_Create_TaskAddr+3, 1
0x08CC	0xDE1F      	RCALL       __OS_Task_Create
;main.c,36 :: 		OS_Bsem_Reset(BS_LED0);    //Reset -> OCUPADO - Set -> LIVRE
0x08CE	0x9031      	BCF         __OS_Bsems, 0 
;main.c,37 :: 		OS_Bsem_Reset(BS_LED1);
0x08D0	0x9231      	BCF         __OS_Bsems, 1 
;main.c,38 :: 		OS_Bsem_Reset(BS_LED2);
0x08D2	0x9431      	BCF         __OS_Bsems, 2 
;main.c,40 :: 		OS_EI();
0x08D4	0x8EF2      	BSF         GIE_bit, BitPos(GIE_bit+0) 
0x08D6	0xBED0      	BTFSC       IPEN_bit, BitPos(IPEN_bit+0) 
0x08D8	0x8CF2      	BSF         GIEL_bit, BitPos(GIEL_bit+0) 
L_main6:
;main.c,42 :: 		OS_Run();
L_main7:
0x08DA	0x9823      	BCF         __OS_Flags, 4 
0x08DC	0x8623      	BSF         __OS_Flags, 3 
0x08DE	0x0E08      	MOVLW       8
0x08E0	0x6E24      	MOVWF       __OS_Best_Priority 
0x08E2	0xF025C032  	MOVFF       __OS_LastTask, __OS_CurTask
0x08E6	0xF026C033  	MOVFF       __OS_LastTask+1, __OS_CurTask+1
L_main10:
0x08EA	0x0E00      	MOVLW       hi_addr(__OS_Tasks+27)
0x08EC	0x5C26      	SUBWF       __OS_CurTask+1, 0 
0x08EE	0xE102      	BNZ         L__main71
0x08F0	0x0E53      	MOVLW       __OS_Tasks+27
0x08F2	0x5C25      	SUBWF       __OS_CurTask, 0 
L__main71:
0x08F4	0xE305      	BNC         L_main13
0x08F6	0x0E38      	MOVLW       __OS_Tasks
0x08F8	0x6E25      	MOVWF       __OS_CurTask 
0x08FA	0x0E00      	MOVLW       hi_addr(__OS_Tasks)
0x08FC	0x6E26      	MOVWF       __OS_CurTask+1 
0x08FE	0xD00A      	BRA         L_main14
L_main13:
0x0900	0x0E09      	MOVLW       9
0x0902	0x2425      	ADDWF       __OS_CurTask, 0 
0x0904	0x6E00      	MOVWF       R0 
0x0906	0x0E00      	MOVLW       0
0x0908	0x2026      	ADDWFC      __OS_CurTask+1, 0 
0x090A	0x6E01      	MOVWF       R1 
0x090C	0xF025C000  	MOVFF       R0, __OS_CurTask
0x0910	0xF026C001  	MOVFF       R1, __OS_CurTask+1
L_main14:
0x0914	0xFFE9C025  	MOVFF       __OS_CurTask, FSR0L
0x0918	0xFFEAC026  	MOVFF       __OS_CurTask+1, FSR0H
0x091C	0x0E01      	MOVLW       1
0x091E	0x6E00      	MOVWF       R0 
0x0920	0x0E5C      	MOVLW       __OS_State
0x0922	0x6EE1      	MOVWF       FSR1L 
0x0924	0x0E00      	MOVLW       hi_addr(__OS_State)
0x0926	0x6EE2      	MOVWF       FSR1H 
L_main15:
0x0928	0xFFE6CFEE  	MOVFF       POSTINC0, POSTINC1
0x092C	0x0600      	DECF        R0, 1 
0x092E	0xE1FC      	BNZ         L_main15
0x0930	0xAC5C      	BTFSS       __OS_State, 6 
0x0932	0xD003      	BRA         L__main67
0x0934	0xBE5C      	BTFSC       __OS_State, 7 
0x0936	0xD001      	BRA         L__main67
0x0938	0xD001      	BRA         L_main18
L__main67:
0x093A	0xD02E      	BRA         ___main__OS_SCHED_CONTINUE
L_main18:
0x093C	0xF000C05C  	MOVFF       __OS_State, R0
0x0940	0x0E07      	MOVLW       7
0x0942	0x1600      	ANDWF       R0, 1 
0x0944	0xF037C000  	MOVFF       R0, __OS_Temp
0x0948	0x5024      	MOVF        __OS_Best_Priority, 0 
0x094A	0x5C37      	SUBWF       __OS_Temp, 0 
0x094C	0xE301      	BNC         L_main19
0x094E	0xD024      	BRA         ___main__OS_SCHED_CONTINUE
L_main19:
0x0950	0xB65C      	BTFSC       __OS_State, 3 
0x0952	0xD00C      	BRA         L_main20
___main__OS_SCHED_RUN:
0x0954	0xDE1E      	RCALL       __OS_JumpToTask
0x0956	0xDC48      	RCALL       __OS_SET_FSR_CUR_TASK
0x0958	0x0ED7      	MOVLW       215
0x095A	0x16EF      	ANDWF       __indf, 1 
0x095C	0x0E28      	MOVLW       40
0x095E	0x145C      	ANDWF       __OS_State, 0 
0x0960	0x6E00      	MOVWF       R0 
0x0962	0x5000      	MOVF        R0, 0 
0x0964	0x12EF      	IORWF       __indf, 1 
0x0966	0xB623      	BTFSC       __OS_Flags, 3 
0x0968	0xD001      	BRA         L_main21
0x096A	0xD03B      	BRA         ___main_SCHED_END
L_main21:
L_main20:
0x096C	0xA85C      	BTFSS       __OS_State, 4 
0x096E	0xD003      	BRA         L_main24
0x0970	0xBA5C      	BTFSC       __OS_State, 5 
0x0972	0xD001      	BRA         L_main24
L__main66:
0x0974	0xD011      	BRA         ___main__OS_SCHED_CONTINUE
L_main24:
0x0976	0xA65C      	BTFSS       __OS_State, 3 
0x0978	0xD00F      	BRA         L_main25
0x097A	0x8823      	BSF         __OS_Flags, 4 
0x097C	0xF035C025  	MOVFF       __OS_CurTask, __OS_BestTask
0x0980	0xF036C026  	MOVFF       __OS_CurTask+1, __OS_BestTask+1
0x0984	0xF000C05C  	MOVFF       __OS_State, R0
0x0988	0x0E07      	MOVLW       7
0x098A	0x1600      	ANDWF       R0, 1 
0x098C	0xF024C000  	MOVFF       R0, __OS_Best_Priority
0x0990	0x5024      	MOVF        __OS_Best_Priority, 0 
0x0992	0x0A00      	XORLW       0
0x0994	0xE101      	BNZ         L_main26
0x0996	0xD007      	BRA         L_main11
L_main26:
L_main25:
___main__OS_SCHED_CONTINUE:
0x0998	0x5026      	MOVF        __OS_CurTask+1, 0 
0x099A	0x1833      	XORWF       __OS_LastTask+1, 0 
0x099C	0xE102      	BNZ         L__main72
0x099E	0x5032      	MOVF        __OS_LastTask, 0 
0x09A0	0x1825      	XORWF       __OS_CurTask, 0 
L__main72:
0x09A2	0xE001      	BZ          L__main65
0x09A4	0xD7A2      	BRA         L_main10
L__main65:
L_main11:
0x09A6	0xA823      	BTFSS       __OS_Flags, 4 
0x09A8	0xD01C      	BRA         L_main29
0x09AA	0x9623      	BCF         __OS_Flags, 3 
0x09AC	0xF025C035  	MOVFF       __OS_BestTask, __OS_CurTask
0x09B0	0xF026C036  	MOVFF       __OS_BestTask+1, __OS_CurTask+1
0x09B4	0xF032C025  	MOVFF       __OS_CurTask, __OS_LastTask
0x09B8	0xF033C026  	MOVFF       __OS_CurTask+1, __OS_LastTask+1
0x09BC	0xFFE9C025  	MOVFF       __OS_CurTask, FSR0L
0x09C0	0xFFEAC026  	MOVFF       __OS_CurTask+1, FSR0H
0x09C4	0x0E01      	MOVLW       1
0x09C6	0x6E00      	MOVWF       R0 
0x09C8	0x0E5C      	MOVLW       __OS_State
0x09CA	0x6EE1      	MOVWF       FSR1L 
0x09CC	0x0E00      	MOVLW       hi_addr(__OS_State)
0x09CE	0x6EE2      	MOVWF       FSR1H 
L_main30:
0x09D0	0xFFE6CFEE  	MOVFF       POSTINC0, POSTINC1
0x09D4	0x0600      	DECF        R0, 1 
0x09D6	0xE1FC      	BNZ         L_main30
0x09D8	0xAC5C      	BTFSS       __OS_State, 6 
0x09DA	0xD003      	BRA         L_main33
0x09DC	0xBE5C      	BTFSC       __OS_State, 7 
0x09DE	0xD001      	BRA         L_main33
L__main64:
0x09E0	0xD7B9      	BRA         ___main__OS_SCHED_RUN
L_main33:
L_main29:
___main_SCHED_END:
0x09E2	0xD77B      	BRA         L_main7
;main.c,44 :: 		}
L_end_main:
0x09E4	0xD7FF      	BRA         $+0
; end of _main
Symbol List:
//** Routines locations **
//ADDRESS    SIZE    PROCEDURE
//----------------------------------------------
0x0008     [316]    _INTERRUPT_HIGH
0x0144       [6]    _Delay_1us
0x014A      [22]    _Delay_5500us
0x0160      [10]    _Delay_50us
0x016A     [126]    _Lcd_Cmd
0x01E8      [10]    __OS_SET_FSR_CUR_TASK
0x01F2      [54]    _Div_16X16_U
0x0228      [12]    _Lcd_Chr_CP
0x0234      [30]    __OS_ClrReadySetClrCanContinue
0x0252     [148]    _WordToStr
0x02E6      [42]    __OS_CheckEvent
0x0310       [6]    __OS_EnterWaitMode
0x0316     [126]    _Lcd_Out
0x0394      [20]    __OS_ReturnSave
0x03A8     [150]    _Lcd_Init
0x043E     [166]    __OS_InitDelay
0x04E4      [22]    _OS_Init
0x04FA      [18]    _InitLCD
0x050C     [134]    __OS_Task_Create
0x0592      [24]    __OS_JumpToTask
0x05AA      [80]    _Mul_16X16_U
0x05FA      [16]    ___CC2DW
0x060A      [76]    _Task_LED0
0x0656     [116]    _Task_BUTTON1
0x06CA     [116]    _Task_BUTTON0
0x073E      [66]    _Task_LCD
0x0780      [74]    _Task_LED2
0x07CA      [22]    _InitMCU
0x07E0      [22]    _TickTimerIE
0x07F6      [74]    _Task_LED1
0x0840     [422]    _main
//** Variables locations ** 
//ADDRESS    SIZE    VARIABLE
//----------------------------------------------
0x0000       [1]    EEPROM_Write_SaveINTCON_L0
0x0000       [1]    UART1_Init_tmp_L0
0x0000       [1]    UART2_Init_tmp_L0
0x0000       [1]    R0
0x0001       [1]    UART1_Read___tmp_UART1_Read_L0
0x0001       [1]    UART2_Read___tmp_UART2_Read_L0
0x0001       [2]    _OS_Task_Create_Task_L0
0x0001       [1]    R1
0x0001       [1]    OS_DI_temp_L0
0x0002       [2]    memcpy_dd_L0
0x0002       [2]    memset_pp_L0
0x0002       [2]    strlen_cp_L0
0x0002       [1]    R2
0x0002       [2]    memchr_s_L0
0x0003       [1]    R3
0x0003       [2]    Ltrim_original_L0
0x0003       [2]    memmove_tt_L0
0x0004       [2]    strcpy_cp_L0
0x0004       [1]    R4
0x0004       [2]    memcpy_ss_L0
0x0004       [2]    strcat_cp_L0
0x0004       [2]    strncat_cp_L0
0x0004       [2]    strncpy_cp_L0
0x0005       [2]    memmove_ff_L0
0x0005       [2]    Ltrim_p_L0
0x0005       [2]    LongWordToHex_input_half_L0
0x0005       [2]    LongIntToHex_input_half_L0
0x0005       [1]    R5
0x0006       [1]    R6
0x0007       [1]    R7
0x0008       [1]    R8
0x0009       [1]    R9
0x000A       [1]    R10
0x000B       [1]    R11
0x000C       [1]    R12
0x000D       [1]    R13
0x000E       [1]    R14
0x000F       [1]    R15
0x0010       [1]    R16
0x0011       [1]    R17
0x0012       [1]    R18
0x0013       [1]    R19
0x0014       [1]    R20
0x0021       [2]    Task_LCD_count_L0
0x0023       [1]    __OS_Flags
0x0024       [1]    __OS_Best_Priority
0x0025       [2]    __OS_CurTask
0x0027      [10]    Task_LCD_txt_L0
0x0031       [1]    __OS_Bsems
0x0032       [2]    __OS_LastTask
0x0034       [0]    __Lib_Lcd_cmd_status
0x0035       [2]    __OS_BestTask
0x0037       [1]    __OS_Temp
0x0038      [36]    __OS_Tasks
0x005C       [1]    __OS_State
0x005D       [1]    WordToStr_len_L0
0x005D       [1]    Lcd_Out_i_L0
0x005D       [1]    FARG__OS_CheckEvent_bEvent
0x005E       [2]    FLOC__WordToStr
0x0060       [1]    FARG_Lcd_Chr_CP_out_char
0x0061       [1]    FARG__OS_Task_Create_priority
0x0062       [4]    FARG__OS_Task_Create_TaskAddr
0x0066       [1]    FARG_Lcd_Out_row
0x0066       [2]    FARG_WordToStr_input
0x0066       [4]    FARG__OS_InitDelay_Delay
0x0067       [1]    FARG_Lcd_Out_column
0x0068       [2]    FARG_WordToStr_output
0x0068       [2]    FARG_Lcd_Out_text
0x006A       [1]    FARG_Lcd_Cmd_out_char
0x006B       [1]    INTERRUPT_HIGH__os_i_L3
0x0F38       [1]    ANSELA
0x0F39       [1]    ANSELB
0x0F3A       [1]    ANSELC
0x0F3B       [1]    ANSELD
0x0F3C       [1]    ANSELE
0x0F81       [0]    RB5_bit
0x0F81       [0]    RB0_bit
0x0F81       [0]    RB1_bit
0x0F81       [0]    LCD_RS
0x0F81       [0]    LCD_EN
0x0F81       [0]    LCD_D4
0x0F81       [0]    RB2_bit
0x0F81       [0]    RB3_bit
0x0F81       [0]    RB4_bit
0x0F81       [0]    LCD_D5
0x0F81       [0]    LCD_D6
0x0F81       [0]    LCD_D7
0x0F83       [1]    PORTD
0x0F84       [1]    PORTE
0x0F8C       [1]    LATD
0x0F93       [0]    TRISB2_bit
0x0F93       [0]    TRISB1_bit
0x0F93       [0]    LCD_RS_Direction
0x0F93       [0]    TRISB4_bit
0x0F93       [0]    TRISB3_bit
0x0F93       [0]    LCD_D5_Direction
0x0F93       [0]    LCD_D6_Direction
0x0F93       [0]    LCD_D7_Direction
0x0F93       [0]    LCD_D4_Direction
0x0F93       [0]    TRISB0_bit
0x0F93       [0]    TRISB5_bit
0x0F93       [0]    LCD_EN_Direction
0x0F95       [1]    TRISD
0x0F96       [1]    TRISE
0x0F9D       [0]    TMR2IE_bit
0x0F9E       [0]    TMR2IF_bit
0x0F9F       [0]    TMR2IP_bit
0x0FBA       [1]    T2CON
0x0FBB       [1]    PR2
0x0FD0       [0]    IPEN_bit
0x0FD0       [1]    RCON
0x0FD8       [1]    STATUS
0x0FD9       [1]    FSR2L
0x0FDA       [1]    FSR2H
0x0FDE       [1]    POSTINC2
0x0FE0       [1]    BSR
0x0FE1       [1]    FSR1L
0x0FE2       [1]    FSR1H
0x0FE4       [1]    PREINC1
0x0FE6       [1]    POSTINC1
0x0FE7       [1]    INDF1
0x0FE8       [1]    WREG
0x0FE9       [2]    __fsr
0x0FE9       [1]    FSR0L
0x0FEA       [1]    FSR0H
0x0FEC       [1]    __preinc
0x0FEE       [1]    __postinc
0x0FEE       [1]    POSTINC0
0x0FEF       [1]    __indf
0x0FF2       [1]    INTCON
0x0FF2       [0]    GIEL_bit
0x0FF2       [0]    GIE_bit
0x0FF3       [1]    PRODL
0x0FF4       [1]    PRODH
0x0FF5       [1]    TABLAT
0x0FF6       [1]    TBLPTRL
0x0FF7       [1]    TBLPTRH
0x0FF8       [1]    TBLPTRU
0x0FFD       [1]    __tosl
0x0FFE       [1]    __tosh
0x0FFF       [1]    __tosu
