;  LST file generated by mikroListExporter - v.2.0 
; Date/Time: 25/03/2019 10:44:43
;----------------------------------------------

;Address Opcode 	ASM
0x0000	0xF003EFEA  	GOTO        2004
_INTERRUPT_HIGH:
;main.c,7 :: 		void INTERRUPT_HIGH() iv 0x0008 ics ICS_AUTO {
0x0008	0xF01BC000  	MOVFF       R0, 27
0x000C	0xF01AC001  	MOVFF       R1, 26
0x0010	0xF019C002  	MOVFF       R2, 25
0x0014	0xF018C003  	MOVFF       R3, 24
0x0018	0xF017C004  	MOVFF       R4, 23
0x001C	0xF016C005  	MOVFF       R5, 22
0x0020	0xF015C006  	MOVFF       R6, 21
;main.c,10 :: 		if (TMR2IF_bit){
0x0024	0xF01ECFE1  	MOVFF       FSR1L, 30
0x0028	0xF01FCFE2  	MOVFF       FSR1H, 31
0x002C	0xF01CCFE9  	MOVFF       FSR0L, 28
0x0030	0xF01DCFEA  	MOVFF       FSR0H, 29
0x0034	0xA29E      	BTFSS       TMR2IF_bit, BitPos(TMR2IF_bit+0) 
0x0036	0xD0B9      	BRA         L_INTERRUPT_HIGH0
;main.c,11 :: 		TMR2IF_bit = 0;
0x0038	0x929E      	BCF         TMR2IF_bit, BitPos(TMR2IF_bit+0) 
;main.c,12 :: 		OS_Timer();
0x003A	0x0100      	MOVLB       0
0x003C	0x6B60      	CLRF        INTERRUPT_HIGH__os_i_L3, 1
L_INTERRUPT_HIGH1:
0x003E	0x0E04      	MOVLW       4
0x0040	0x5D60      	SUBWF       INTERRUPT_HIGH__os_i_L3, 0, 1
0x0042	0xE265      	BC          L_INTERRUPT_HIGH2
0x0044	0x0E09      	MOVLW       9
0x0046	0x6E00      	MOVWF       R0 
0x0048	0x0E00      	MOVLW       0
0x004A	0x6E01      	MOVWF       R1 
0x004C	0xF004C060  	MOVFF       INTERRUPT_HIGH__os_i_L3, R4
0x0050	0x0E00      	MOVLW       0
0x0052	0x6E05      	MOVWF       R5 
0x0054	0xDA93      	RCALL       _Mul_16X16_U
0x0056	0x0E26      	MOVLW       __OS_Tasks
0x0058	0x2400      	ADDWF       R0, 0 
0x005A	0x6EE9      	MOVWF       FSR0L 
0x005C	0x0E00      	MOVLW       hi_addr(__OS_Tasks)
0x005E	0x2001      	ADDWFC      R1, 0 
0x0060	0x6EEA      	MOVWF       FSR0H 
0x0062	0xF000CFEE  	MOVFF       POSTINC0, R0
0x0066	0xA800      	BTFSS       R0, 4 
0x0068	0xD050      	BRA         L_INTERRUPT_HIGH4
0x006A	0x0E09      	MOVLW       9
0x006C	0x6E00      	MOVWF       R0 
0x006E	0x0E00      	MOVLW       0
0x0070	0x6E01      	MOVWF       R1 
0x0072	0xF004C060  	MOVFF       INTERRUPT_HIGH__os_i_L3, R4
0x0076	0x0E00      	MOVLW       0
0x0078	0x6E05      	MOVWF       R5 
0x007A	0xDA80      	RCALL       _Mul_16X16_U
0x007C	0x0E26      	MOVLW       __OS_Tasks
0x007E	0x2600      	ADDWF       R0, 1 
0x0080	0x0E00      	MOVLW       hi_addr(__OS_Tasks)
0x0082	0x2201      	ADDWFC      R1, 1 
0x0084	0x0E05      	MOVLW       5
0x0086	0x2400      	ADDWF       R0, 0 
0x0088	0x6E04      	MOVWF       R4 
0x008A	0x0E00      	MOVLW       0
0x008C	0x2001      	ADDWFC      R1, 0 
0x008E	0x6E05      	MOVWF       R5 
0x0090	0xFFE9C004  	MOVFF       R4, FSR0L
0x0094	0xFFEAC005  	MOVFF       R5, FSR0H
0x0098	0x0E01      	MOVLW       1
0x009A	0x24EE      	ADDWF       POSTINC0, 0 
0x009C	0x6E00      	MOVWF       R0 
0x009E	0x0E00      	MOVLW       0
0x00A0	0x20EE      	ADDWFC      POSTINC0, 0 
0x00A2	0x6E01      	MOVWF       R1 
0x00A4	0x0E00      	MOVLW       0
0x00A6	0x20EE      	ADDWFC      POSTINC0, 0 
0x00A8	0x6E02      	MOVWF       R2 
0x00AA	0x0E00      	MOVLW       0
0x00AC	0x20EE      	ADDWFC      POSTINC0, 0 
0x00AE	0x6E03      	MOVWF       R3 
0x00B0	0xFFE1C004  	MOVFF       R4, FSR1L
0x00B4	0xFFE2C005  	MOVFF       R5, FSR1H
0x00B8	0xFFE6C000  	MOVFF       R0, POSTINC1
0x00BC	0xFFE6C001  	MOVFF       R1, POSTINC1
0x00C0	0xFFE6C002  	MOVFF       R2, POSTINC1
0x00C4	0xFFE6C003  	MOVFF       R3, POSTINC1
0x00C8	0xFFE9C004  	MOVFF       R4, FSR0L
0x00CC	0xFFEAC005  	MOVFF       R5, FSR0H
0x00D0	0xF000CFEE  	MOVFF       POSTINC0, R0
0x00D4	0xF001CFEE  	MOVFF       POSTINC0, R1
0x00D8	0xF002CFEE  	MOVFF       POSTINC0, R2
0x00DC	0xF003CFEE  	MOVFF       POSTINC0, R3
0x00E0	0x5000      	MOVF        R0, 0 
0x00E2	0x1001      	IORWF       R1, 0 
0x00E4	0x1002      	IORWF       R2, 0 
0x00E6	0x1003      	IORWF       R3, 0 
0x00E8	0xE110      	BNZ         L_INTERRUPT_HIGH5
0x00EA	0x0E09      	MOVLW       9
0x00EC	0x6E00      	MOVWF       R0 
0x00EE	0x0E00      	MOVLW       0
0x00F0	0x6E01      	MOVWF       R1 
0x00F2	0xF004C060  	MOVFF       INTERRUPT_HIGH__os_i_L3, R4
0x00F6	0x0E00      	MOVLW       0
0x00F8	0x6E05      	MOVWF       R5 
0x00FA	0xDA40      	RCALL       _Mul_16X16_U
0x00FC	0x0E26      	MOVLW       __OS_Tasks
0x00FE	0x2400      	ADDWF       R0, 0 
0x0100	0x6EE1      	MOVWF       FSR1L 
0x0102	0x0E00      	MOVLW       hi_addr(__OS_Tasks)
0x0104	0x2001      	ADDWFC      R1, 0 
0x0106	0x6EE2      	MOVWF       FSR1H 
0x0108	0x98E6      	BCF         POSTINC1, 4 
L_INTERRUPT_HIGH5:
L_INTERRUPT_HIGH4:
0x010A	0x2B60      	INCF        INTERRUPT_HIGH__os_i_L3, 1, 1
0x010C	0xD798      	BRA         L_INTERRUPT_HIGH1
L_INTERRUPT_HIGH2:
0x010E	0x6B61      	CLRF        INTERRUPT_HIGH__os_i_L3_L3, 1
L_INTERRUPT_HIGH6:
0x0110	0x0E02      	MOVLW       2
0x0112	0x5D61      	SUBWF       INTERRUPT_HIGH__os_i_L3_L3, 0, 1
0x0114	0xE24A      	BC          L_INTERRUPT_HIGH7
0x0116	0xF000C061  	MOVFF       INTERRUPT_HIGH__os_i_L3_L3, R0
0x011A	0x0E00      	MOVLW       0
0x011C	0x6E01      	MOVWF       R1 
0x011E	0x3600      	RLCF        R0, 1 
0x0120	0x9000      	BCF         R0, 0 
0x0122	0x3601      	RLCF        R1, 1 
0x0124	0x3600      	RLCF        R0, 1 
0x0126	0x9000      	BCF         R0, 0 
0x0128	0x3601      	RLCF        R1, 1 
0x012A	0x0E4D      	MOVLW       __OS_Stimers
0x012C	0x2400      	ADDWF       R0, 0 
0x012E	0x6EE9      	MOVWF       FSR0L 
0x0130	0x0E00      	MOVLW       hi_addr(__OS_Stimers)
0x0132	0x2001      	ADDWFC      R1, 0 
0x0134	0x6EEA      	MOVWF       FSR0H 
0x0136	0xF004CFEE  	MOVFF       POSTINC0, R4
0x013A	0xF005CFEE  	MOVFF       POSTINC0, R5
0x013E	0xF006CFEE  	MOVFF       POSTINC0, R6
0x0142	0xF007CFEE  	MOVFF       POSTINC0, R7
0x0146	0xAE07      	BTFSS       R7, 7 
0x0148	0xD02E      	BRA         L_INTERRUPT_HIGH9
0x014A	0xF000C061  	MOVFF       INTERRUPT_HIGH__os_i_L3_L3, R0
0x014E	0x0E00      	MOVLW       0
0x0150	0x6E01      	MOVWF       R1 
0x0152	0x3600      	RLCF        R0, 1 
0x0154	0x9000      	BCF         R0, 0 
0x0156	0x3601      	RLCF        R1, 1 
0x0158	0x3600      	RLCF        R0, 1 
0x015A	0x9000      	BCF         R0, 0 
0x015C	0x3601      	RLCF        R1, 1 
0x015E	0x0E4D      	MOVLW       __OS_Stimers
0x0160	0x2400      	ADDWF       R0, 0 
0x0162	0x6E04      	MOVWF       R4 
0x0164	0x0E00      	MOVLW       hi_addr(__OS_Stimers)
0x0166	0x2001      	ADDWFC      R1, 0 
0x0168	0x6E05      	MOVWF       R5 
0x016A	0xFFE9C004  	MOVFF       R4, FSR0L
0x016E	0xFFEAC005  	MOVFF       R5, FSR0H
0x0172	0xF000CFEE  	MOVFF       POSTINC0, R0
0x0176	0xF001CFEE  	MOVFF       POSTINC0, R1
0x017A	0xF002CFEE  	MOVFF       POSTINC0, R2
0x017E	0xF003CFEE  	MOVFF       POSTINC0, R3
0x0182	0x0E01      	MOVLW       1
0x0184	0x2600      	ADDWF       R0, 1 
0x0186	0x0E00      	MOVLW       0
0x0188	0x2201      	ADDWFC      R1, 1 
0x018A	0x2202      	ADDWFC      R2, 1 
0x018C	0x2203      	ADDWFC      R3, 1 
0x018E	0xFFE1C004  	MOVFF       R4, FSR1L
0x0192	0xFFE2C005  	MOVFF       R5, FSR1H
0x0196	0xFFE6C000  	MOVFF       R0, POSTINC1
0x019A	0xFFE6C001  	MOVFF       R1, POSTINC1
0x019E	0xFFE6C002  	MOVFF       R2, POSTINC1
0x01A2	0xFFE6C003  	MOVFF       R3, POSTINC1
L_INTERRUPT_HIGH9:
0x01A6	0x2B61      	INCF        INTERRUPT_HIGH__os_i_L3_L3, 1, 1
0x01A8	0xD7B3      	BRA         L_INTERRUPT_HIGH6
L_INTERRUPT_HIGH7:
;main.c,13 :: 		}
L_INTERRUPT_HIGH0:
;main.c,15 :: 		}
L_end_INTERRUPT_HIGH:
L__INTERRUPT_HIGH55:
0x01AA	0xF000C01B  	MOVFF       27, R0
0x01AE	0xF001C01A  	MOVFF       26, R1
0x01B2	0xF002C019  	MOVFF       25, R2
0x01B6	0xF003C018  	MOVFF       24, R3
0x01BA	0xF004C017  	MOVFF       23, R4
0x01BE	0xF005C016  	MOVFF       22, R5
0x01C2	0xF006C015  	MOVFF       21, R6
0x01C6	0xFFE9C01C  	MOVFF       28, FSR0L
0x01CA	0xFFEAC01D  	MOVFF       29, FSR0H
0x01CE	0xFFE1C01E  	MOVFF       30, FSR1L
0x01D2	0xFFE2C01F  	MOVFF       31, FSR1H
0x01D6	0x0011      	RETFIE      1
; end of _INTERRUPT_HIGH
__OS_SET_FSR_CUR_TASK:
;osa_pic18_mikroc.c,242 :: 		
;osa_pic18_mikroc.c,244 :: 		
0x01D8	0xFFE9C055  	MOVFF       __OS_CurTask, FSR0L
0x01DC	0xFFEAC056  	MOVFF       __OS_CurTask+1, FSR0H
;osa_pic18_mikroc.c,245 :: 		
L_end__OS_SET_FSR_CUR_TASK:
0x01E0	0x0012      	RETURN      0
; end of __OS_SET_FSR_CUR_TASK
_Delay_1us:
;__Lib_Delays.c,7 :: 		void Delay_1us() {
;__Lib_Delays.c,8 :: 		Delay_us(1);
0x01E2	0x0000      	NOP
0x01E4	0x0000      	NOP
;__Lib_Delays.c,9 :: 		}
L_end_Delay_1us:
0x01E6	0x0012      	RETURN      0
; end of _Delay_1us
_Delay_5500us:
;__Lib_Delays.c,31 :: 		void Delay_5500us() {
;__Lib_Delays.c,32 :: 		Delay_us(5500);
0x01E8	0x0E0F      	MOVLW       15
0x01EA	0x6E0C      	MOVWF       R12, 0
0x01EC	0x0E47      	MOVLW       71
0x01EE	0x6E0D      	MOVWF       R13, 0
L_Delay_5500us5:
0x01F0	0x2E0D      	DECFSZ      R13, 1, 0
0x01F2	0xD7FE      	BRA         L_Delay_5500us5
0x01F4	0x2E0C      	DECFSZ      R12, 1, 0
0x01F6	0xD7FC      	BRA         L_Delay_5500us5
0x01F8	0x0000      	NOP
0x01FA	0x0000      	NOP
;__Lib_Delays.c,33 :: 		}
L_end_Delay_5500us:
0x01FC	0x0012      	RETURN      0
; end of _Delay_5500us
_Delay_50us:
;__Lib_Delays.c,19 :: 		void Delay_50us() {
;__Lib_Delays.c,20 :: 		Delay_us(50);
0x01FE	0x0E21      	MOVLW       33
0x0200	0x6E0D      	MOVWF       R13, 0
L_Delay_50us2:
0x0202	0x2E0D      	DECFSZ      R13, 1, 0
0x0204	0xD7FE      	BRA         L_Delay_50us2
;__Lib_Delays.c,21 :: 		}
L_end_Delay_50us:
0x0206	0x0012      	RETURN      0
; end of _Delay_50us
__OS_ClrReadySetClrCanContinue:
;osa_pic18_mikroc.c,207 :: 		
;osa_pic18_mikroc.c,209 :: 		
0x0208	0x0006      	POP
;osa_pic18_mikroc.c,211 :: 		
0x020A	0x904C      	BCF         __OS_Flags, 0 
;osa_pic18_mikroc.c,213 :: 		
0x020C	0xDFE5      	RCALL       __OS_SET_FSR_CUR_TASK
;osa_pic18_mikroc.c,214 :: 		
0x020E	0xFFECCFFD  	MOVFF       TOSL, PREINC0
0x0212	0xFFECCFFE  	MOVFF       TOSH, PREINC0
0x0216	0xFFECCFFF  	MOVFF       TOSU, PREINC0
;osa_pic18_mikroc.c,215 :: 		
0x021A	0x964A      	BCF         __OS_State, 3 
;osa_pic18_mikroc.c,218 :: 		
0x021C	0xA84A      	BTFSS       __OS_State, 4 
0x021E	0x9A4A      	BCF         __OS_State, 5 
L__OS_ClrReadySetClrCanContinue0:
;osa_pic18_mikroc.c,219 :: 		
0x0220	0xB025      	BTFSC       __OS_Temp, 0 
0x0222	0x8A4A      	BSF         __OS_State, 5 
L__OS_ClrReadySetClrCanContinue1:
;osa_pic18_mikroc.c,222 :: 		
L_end__OS_ClrReadySetClrCanContinue:
0x0224	0x0012      	RETURN      0
; end of __OS_ClrReadySetClrCanContinue
__OS_CheckEvent:
;osa_pic18_mikroc.c,383 :: 		
;osa_pic18_mikroc.c,421 :: 		
0x0226	0x9A4C      	BCF         __OS_Flags, 5 
;osa_pic18_mikroc.c,422 :: 		
0x0228	0xDFD7      	RCALL       __OS_SET_FSR_CUR_TASK
;osa_pic18_mikroc.c,424 :: 		
0x022A	0x525F      	MOVF        FARG__OS_CheckEvent_bEvent, 1 
0x022C	0xE007      	BZ          L__OS_CheckEvent10
;osa_pic18_mikroc.c,426 :: 		
0x022E	0xA64A      	BTFSS       __OS_State, 3 
0x0230	0xD003      	BRA         L__OS_CheckEvent11
;osa_pic18_mikroc.c,430 :: 		
0x0232	0x984A      	BCF         __OS_State, 4 
;osa_pic18_mikroc.c,431 :: 		
0x0234	0x98EF      	BCF         INDF0, 4 
;osa_pic18_mikroc.c,439 :: 		
0x0236	0xD00B      	BRA         L_end__OS_CheckEvent
;osa_pic18_mikroc.c,440 :: 		
L__OS_CheckEvent11:
;osa_pic18_mikroc.c,442 :: 		
0x0238	0x864A      	BSF         __OS_State, 3 
;osa_pic18_mikroc.c,444 :: 		
0x023A	0xD001      	BRA         L__OS_CheckEvent12
L__OS_CheckEvent10:
;osa_pic18_mikroc.c,445 :: 		
0x023C	0x964A      	BCF         __OS_State, 3 
;osa_pic18_mikroc.c,446 :: 		
L__OS_CheckEvent12:
;osa_pic18_mikroc.c,450 :: 		
0x023E	0xB84A      	BTFSC       __OS_State, 4 
0x0240	0xD005      	BRA         L__OS_CheckEvent15
0x0242	0xAA4A      	BTFSS       __OS_State, 5 
0x0244	0xD003      	BRA         L__OS_CheckEvent15
L___OS_CheckEvent29:
;osa_pic18_mikroc.c,452 :: 		
0x0246	0x864A      	BSF         __OS_State, 3 
;osa_pic18_mikroc.c,453 :: 		
0x0248	0x8A4C      	BSF         __OS_Flags, 5 
;osa_pic18_mikroc.c,459 :: 		
0x024A	0xD001      	BRA         L_end__OS_CheckEvent
;osa_pic18_mikroc.c,460 :: 		
L__OS_CheckEvent15:
;osa_pic18_mikroc.c,464 :: 		
0x024C	0x0006      	POP
;osa_pic18_mikroc.c,469 :: 		
L_end__OS_CheckEvent:
0x024E	0x0012      	RETURN      0
; end of __OS_CheckEvent
__OS_Stimer_GetFree:
;osa_stimer.c,93 :: 		
;osa_stimer.c,98 :: 		
0x0250	0x924C      	BCF         __OS_Flags, 1 
;osa_stimer.c,100 :: 		
0x0252	0x6A03      	CLRF        R3 
L__OS_Stimer_GetFree16:
0x0254	0x5003      	MOVF        R3, 0 
0x0256	0x0800      	SUBLW       0
0x0258	0xE33F      	BNC         L__OS_Stimer_GetFree17
;osa_stimer.c,102 :: 		
0x025A	0x0E24      	MOVLW       __OS_StimersFree
0x025C	0x6EE9      	MOVWF       FSR0L 
0x025E	0x0E00      	MOVLW       hi_addr(__OS_StimersFree)
0x0260	0x6EEA      	MOVWF       FSR0H 
0x0262	0x5003      	MOVF        R3, 0 
0x0264	0x26E9      	ADDWF       FSR0L, 1 
0x0266	0xB0D8      	BTFSC       STATUS, 0 
0x0268	0x2AEA      	INCF        FSR0H, 1 
0x026A	0xF000CFEE  	MOVFF       POSTINC0, R0
0x026E	0xF005C000  	MOVFF       R0, R5
;osa_stimer.c,103 :: 		
0x0272	0x5200      	MOVF        R0, 1 
0x0274	0xE02F      	BZ          L__OS_Stimer_GetFree19
;osa_stimer.c,105 :: 		
0x0276	0xB05F      	BTFSC       FARG__OS_Stimer_GetFree_bCreate, 0 
0x0278	0xD002      	BRA         L__OS_Stimer_GetFree20
0x027A	0x6A00      	CLRF        R0 
0x027C	0xD030      	BRA         L_end__OS_Stimer_GetFree
L__OS_Stimer_GetFree20:
;osa_stimer.c,107 :: 		
0x027E	0xF004C003  	MOVFF       R3, R4
0x0282	0x3604      	RLCF        R4, 1 
0x0284	0x9004      	BCF         R4, 0 
0x0286	0x3604      	RLCF        R4, 1 
0x0288	0x9004      	BCF         R4, 0 
0x028A	0x3604      	RLCF        R4, 1 
0x028C	0x9004      	BCF         R4, 0 
;osa_stimer.c,108 :: 		
0x028E	0x0E01      	MOVLW       1
0x0290	0x6E06      	MOVWF       R6 
;osa_stimer.c,109 :: 		
L__OS_Stimer_GetFree21:
0x0292	0x5006      	MOVF        R6, 0 
0x0294	0x1405      	ANDWF       R5, 0 
0x0296	0x6E00      	MOVWF       R0 
0x0298	0xE104      	BNZ         L__OS_Stimer_GetFree22
;osa_stimer.c,111 :: 		
0x029A	0x3606      	RLCF        R6, 1 
0x029C	0x9006      	BCF         R6, 0 
;osa_stimer.c,112 :: 		
0x029E	0x2A04      	INCF        R4, 1 
;osa_stimer.c,113 :: 		
0x02A0	0xD7F8      	BRA         L__OS_Stimer_GetFree21
L__OS_Stimer_GetFree22:
;osa_stimer.c,114 :: 		
0x02A2	0x0E24      	MOVLW       __OS_StimersFree
0x02A4	0x6E01      	MOVWF       R1 
0x02A6	0x0E00      	MOVLW       hi_addr(__OS_StimersFree)
0x02A8	0x6E02      	MOVWF       R2 
0x02AA	0x5003      	MOVF        R3, 0 
0x02AC	0x2601      	ADDWF       R1, 1 
0x02AE	0xB0D8      	BTFSC       STATUS, 0 
0x02B0	0x2A02      	INCF        R2, 1 
0x02B2	0x1C06      	COMF        R6, 0 
0x02B4	0x6E00      	MOVWF       R0 
0x02B6	0xFFE9C001  	MOVFF       R1, FSR0L
0x02BA	0xFFEAC002  	MOVFF       R2, FSR0H
0x02BE	0x50EE      	MOVF        POSTINC0, 0 
0x02C0	0x1600      	ANDWF       R0, 1 
0x02C2	0xFFE1C001  	MOVFF       R1, FSR1L
0x02C6	0xFFE2C002  	MOVFF       R2, FSR1H
0x02CA	0xFFE6C000  	MOVFF       R0, POSTINC1
;osa_stimer.c,115 :: 		
0x02CE	0xF000C004  	MOVFF       R4, R0
0x02D2	0xD005      	BRA         L_end__OS_Stimer_GetFree
;osa_stimer.c,116 :: 		
L__OS_Stimer_GetFree19:
;osa_stimer.c,100 :: 		
0x02D4	0x2A03      	INCF        R3, 1 
;osa_stimer.c,117 :: 		
0x02D6	0xD7BE      	BRA         L__OS_Stimer_GetFree16
L__OS_Stimer_GetFree17:
;osa_stimer.c,119 :: 		
0x02D8	0x824C      	BSF         __OS_Flags, 1 
;osa_stimer.c,120 :: 		
0x02DA	0x0EFF      	MOVLW       255
0x02DC	0x6E00      	MOVWF       R0 
;osa_stimer.c,121 :: 		
L_end__OS_Stimer_GetFree:
0x02DE	0x0012      	RETURN      0
; end of __OS_Stimer_GetFree
__OS_Stimer_Free:
;osa_stimer.c,126 :: 		
;osa_stimer.c,128 :: 		
0x02E0	0xF000C05F  	MOVFF       FARG__OS_Stimer_Free_ID, R0
0x02E4	0x3200      	RRCF        R0, 1 
0x02E6	0x9E00      	BCF         R0, 7 
0x02E8	0x3200      	RRCF        R0, 1 
0x02EA	0x9E00      	BCF         R0, 7 
0x02EC	0x3200      	RRCF        R0, 1 
0x02EE	0x9E00      	BCF         R0, 7 
0x02F0	0x0E24      	MOVLW       __OS_StimersFree
0x02F2	0x6E02      	MOVWF       R2 
0x02F4	0x0E00      	MOVLW       hi_addr(__OS_StimersFree)
0x02F6	0x6E03      	MOVWF       R3 
0x02F8	0x5000      	MOVF        R0, 0 
0x02FA	0x2602      	ADDWF       R2, 1 
0x02FC	0xB0D8      	BTFSC       STATUS, 0 
0x02FE	0x2A03      	INCF        R3, 1 
0x0300	0x0E07      	MOVLW       7
0x0302	0x145F      	ANDWF       FARG__OS_Stimer_Free_ID, 0 
0x0304	0x6E00      	MOVWF       R0 
0x0306	0xF001C000  	MOVFF       R0, R1
0x030A	0x0E01      	MOVLW       1
0x030C	0x6E00      	MOVWF       R0 
0x030E	0x5001      	MOVF        R1, 0 
L___OS_Stimer_Free44:
0x0310	0xE004      	BZ          L___OS_Stimer_Free45
0x0312	0x3600      	RLCF        R0, 1 
0x0314	0x9000      	BCF         R0, 0 
0x0316	0x0FFF      	ADDLW       255
0x0318	0xD7FB      	BRA         L___OS_Stimer_Free44
L___OS_Stimer_Free45:
0x031A	0xFFE9C002  	MOVFF       R2, FSR0L
0x031E	0xFFEAC003  	MOVFF       R3, FSR0H
0x0322	0x50EE      	MOVF        POSTINC0, 0 
0x0324	0x1200      	IORWF       R0, 1 
0x0326	0xFFE1C002  	MOVFF       R2, FSR1L
0x032A	0xFFE2C003  	MOVFF       R3, FSR1H
0x032E	0xFFE6C000  	MOVFF       R0, POSTINC1
;osa_stimer.c,129 :: 		
L_end__OS_Stimer_Free:
0x0332	0x0012      	RETURN      0
; end of __OS_Stimer_Free
__OS_EnterWaitMode:
;osa_pic18_mikroc.c,156 :: 		
;osa_pic18_mikroc.c,158 :: 		
0x0334	0x6A25      	CLRF        __OS_Temp 
;osa_pic18_mikroc.c,159 :: 		
0x0336	0xDF68      	RCALL       __OS_ClrReadySetClrCanContinue
;osa_pic18_mikroc.c,160 :: 		
L_end__OS_EnterWaitMode:
0x0338	0x0012      	RETURN      0
; end of __OS_EnterWaitMode
_Lcd_Init:
;__Lib_Lcd.c,84 :: 		
;__Lib_Lcd.c,86 :: 		
0x033A	0x9A93      	BCF         LCD_EN_Direction, BitPos(LCD_EN_Direction+0) 
;__Lib_Lcd.c,87 :: 		
0x033C	0x9893      	BCF         LCD_RS_Direction, BitPos(LCD_RS_Direction+0) 
;__Lib_Lcd.c,88 :: 		
0x033E	0x9093      	BCF         LCD_D4_Direction, BitPos(LCD_D4_Direction+0) 
;__Lib_Lcd.c,89 :: 		
0x0340	0x9293      	BCF         LCD_D5_Direction, BitPos(LCD_D5_Direction+0) 
;__Lib_Lcd.c,90 :: 		
0x0342	0x9493      	BCF         LCD_D6_Direction, BitPos(LCD_D6_Direction+0) 
;__Lib_Lcd.c,91 :: 		
0x0344	0x9693      	BCF         LCD_D7_Direction, BitPos(LCD_D7_Direction+0) 
;__Lib_Lcd.c,93 :: 		
0x0346	0x9A81      	BCF         LCD_EN, BitPos(LCD_EN+0) 
;__Lib_Lcd.c,94 :: 		
0x0348	0x9881      	BCF         LCD_RS, BitPos(LCD_RS+0) 
;__Lib_Lcd.c,95 :: 		
0x034A	0x9681      	BCF         LCD_D7, BitPos(LCD_D7+0) 
;__Lib_Lcd.c,96 :: 		
0x034C	0x9481      	BCF         LCD_D6, BitPos(LCD_D6+0) 
;__Lib_Lcd.c,97 :: 		
0x034E	0x9281      	BCF         LCD_D5, BitPos(LCD_D5+0) 
;__Lib_Lcd.c,98 :: 		
0x0350	0x9081      	BCF         LCD_D4, BitPos(LCD_D4+0) 
;__Lib_Lcd.c,100 :: 		
0x0352	0xDF4A      	RCALL       _Delay_5500us
;__Lib_Lcd.c,101 :: 		
0x0354	0xDF49      	RCALL       _Delay_5500us
;__Lib_Lcd.c,102 :: 		
0x0356	0xDF48      	RCALL       _Delay_5500us
;__Lib_Lcd.c,105 :: 		
0x0358	0x8281      	BSF         LCD_D5, BitPos(LCD_D5+0) 
;__Lib_Lcd.c,106 :: 		
0x035A	0x8081      	BSF         LCD_D4, BitPos(LCD_D4+0) 
;__Lib_Lcd.c,107 :: 		
0x035C	0x8A81      	BSF         LCD_EN, BitPos(LCD_EN+0) 
;__Lib_Lcd.c,108 :: 		
0x035E	0xDF41      	RCALL       _Delay_1us
;__Lib_Lcd.c,109 :: 		
0x0360	0x9A81      	BCF         LCD_EN, BitPos(LCD_EN+0) 
;__Lib_Lcd.c,110 :: 		
0x0362	0xDF42      	RCALL       _Delay_5500us
;__Lib_Lcd.c,112 :: 		
0x0364	0x8A81      	BSF         LCD_EN, BitPos(LCD_EN+0) 
;__Lib_Lcd.c,113 :: 		
0x0366	0xDF3D      	RCALL       _Delay_1us
;__Lib_Lcd.c,114 :: 		
0x0368	0x9A81      	BCF         LCD_EN, BitPos(LCD_EN+0) 
;__Lib_Lcd.c,115 :: 		
0x036A	0xDF3E      	RCALL       _Delay_5500us
;__Lib_Lcd.c,117 :: 		
0x036C	0x8A81      	BSF         LCD_EN, BitPos(LCD_EN+0) 
;__Lib_Lcd.c,118 :: 		
0x036E	0xDF39      	RCALL       _Delay_1us
;__Lib_Lcd.c,119 :: 		
0x0370	0x9A81      	BCF         LCD_EN, BitPos(LCD_EN+0) 
;__Lib_Lcd.c,120 :: 		
0x0372	0xDF3A      	RCALL       _Delay_5500us
;__Lib_Lcd.c,123 :: 		
0x0374	0x9081      	BCF         LCD_D4, BitPos(LCD_D4+0) 
;__Lib_Lcd.c,124 :: 		
0x0376	0x8A81      	BSF         LCD_EN, BitPos(LCD_EN+0) 
;__Lib_Lcd.c,125 :: 		
0x0378	0xDF34      	RCALL       _Delay_1us
;__Lib_Lcd.c,126 :: 		
0x037A	0x9A81      	BCF         LCD_EN, BitPos(LCD_EN+0) 
;__Lib_Lcd.c,127 :: 		
0x037C	0xDF35      	RCALL       _Delay_5500us
;__Lib_Lcd.c,130 :: 		
0x037E	0x8A81      	BSF         LCD_EN, BitPos(LCD_EN+0) 
;__Lib_Lcd.c,131 :: 		
0x0380	0xDF30      	RCALL       _Delay_1us
;__Lib_Lcd.c,132 :: 		
0x0382	0x9A81      	BCF         LCD_EN, BitPos(LCD_EN+0) 
;__Lib_Lcd.c,134 :: 		
0x0384	0x9281      	BCF         LCD_D5, BitPos(LCD_D5+0) 
;__Lib_Lcd.c,135 :: 		
0x0386	0x8681      	BSF         LCD_D7, BitPos(LCD_D7+0) 
;__Lib_Lcd.c,136 :: 		
0x0388	0x8A81      	BSF         LCD_EN, BitPos(LCD_EN+0) 
;__Lib_Lcd.c,137 :: 		
0x038A	0xDF2B      	RCALL       _Delay_1us
;__Lib_Lcd.c,138 :: 		
0x038C	0x9A81      	BCF         LCD_EN, BitPos(LCD_EN+0) 
;__Lib_Lcd.c,139 :: 		
0x038E	0xDF2C      	RCALL       _Delay_5500us
;__Lib_Lcd.c,142 :: 		
0x0390	0x9681      	BCF         LCD_D7, BitPos(LCD_D7+0) 
;__Lib_Lcd.c,143 :: 		
0x0392	0x8081      	BSF         LCD_D4, BitPos(LCD_D4+0) 
;__Lib_Lcd.c,144 :: 		
0x0394	0x8A81      	BSF         LCD_EN, BitPos(LCD_EN+0) 
;__Lib_Lcd.c,145 :: 		
0x0396	0xDF25      	RCALL       _Delay_1us
;__Lib_Lcd.c,146 :: 		
0x0398	0x9A81      	BCF         LCD_EN, BitPos(LCD_EN+0) 
;__Lib_Lcd.c,148 :: 		
0x039A	0x9081      	BCF         LCD_D4, BitPos(LCD_D4+0) 
;__Lib_Lcd.c,149 :: 		
0x039C	0x8A81      	BSF         LCD_EN, BitPos(LCD_EN+0) 
;__Lib_Lcd.c,150 :: 		
0x039E	0xDF21      	RCALL       _Delay_1us
;__Lib_Lcd.c,151 :: 		
0x03A0	0x9A81      	BCF         LCD_EN, BitPos(LCD_EN+0) 
;__Lib_Lcd.c,152 :: 		
0x03A2	0xDF22      	RCALL       _Delay_5500us
;__Lib_Lcd.c,155 :: 		
0x03A4	0x8A81      	BSF         LCD_EN, BitPos(LCD_EN+0) 
;__Lib_Lcd.c,156 :: 		
0x03A6	0xDF1D      	RCALL       _Delay_1us
;__Lib_Lcd.c,157 :: 		
0x03A8	0x9A81      	BCF         LCD_EN, BitPos(LCD_EN+0) 
;__Lib_Lcd.c,159 :: 		
0x03AA	0x8081      	BSF         LCD_D4, BitPos(LCD_D4+0) 
;__Lib_Lcd.c,160 :: 		
0x03AC	0x8A81      	BSF         LCD_EN, BitPos(LCD_EN+0) 
;__Lib_Lcd.c,161 :: 		
0x03AE	0xDF19      	RCALL       _Delay_1us
;__Lib_Lcd.c,162 :: 		
0x03B0	0x9A81      	BCF         LCD_EN, BitPos(LCD_EN+0) 
;__Lib_Lcd.c,163 :: 		
0x03B2	0xDF1A      	RCALL       _Delay_5500us
;__Lib_Lcd.c,166 :: 		
0x03B4	0x9081      	BCF         LCD_D4, BitPos(LCD_D4+0) 
;__Lib_Lcd.c,167 :: 		
0x03B6	0x8A81      	BSF         LCD_EN, BitPos(LCD_EN+0) 
;__Lib_Lcd.c,168 :: 		
0x03B8	0xDF14      	RCALL       _Delay_1us
;__Lib_Lcd.c,169 :: 		
0x03BA	0x9A81      	BCF         LCD_EN, BitPos(LCD_EN+0) 
;__Lib_Lcd.c,171 :: 		
0x03BC	0x8681      	BSF         LCD_D7, BitPos(LCD_D7+0) 
;__Lib_Lcd.c,172 :: 		
0x03BE	0x8481      	BSF         LCD_D6, BitPos(LCD_D6+0) 
;__Lib_Lcd.c,173 :: 		
0x03C0	0x8281      	BSF         LCD_D5, BitPos(LCD_D5+0) 
;__Lib_Lcd.c,174 :: 		
0x03C2	0x8081      	BSF         LCD_D4, BitPos(LCD_D4+0) 
;__Lib_Lcd.c,175 :: 		
0x03C4	0x8A81      	BSF         LCD_EN, BitPos(LCD_EN+0) 
;__Lib_Lcd.c,176 :: 		
0x03C6	0xDF0D      	RCALL       _Delay_1us
;__Lib_Lcd.c,177 :: 		
0x03C8	0x9A81      	BCF         LCD_EN, BitPos(LCD_EN+0) 
;__Lib_Lcd.c,179 :: 		
0x03CA	0xDF0E      	RCALL       _Delay_5500us
;__Lib_Lcd.c,181 :: 		
0x03CC	0x8021      	BSF         __Lib_Lcd_cmd_status, BitPos(__Lib_Lcd_cmd_status+0) 
;__Lib_Lcd.c,182 :: 		
L_end_Lcd_Init:
0x03CE	0x0012      	RETURN      0
; end of _Lcd_Init
_Lcd_Cmd:
;__Lib_Lcd.c,18 :: 		
;__Lib_Lcd.c,20 :: 		
0x03D0	0xBE5F      	BTFSC       FARG_Lcd_Cmd_out_char, 7 
0x03D2	0xD002      	BRA         L__Lcd_Cmd21
0x03D4	0x9681      	BCF         LCD_D7, BitPos(LCD_D7+0) 
0x03D6	0xD001      	BRA         L__Lcd_Cmd22
L__Lcd_Cmd21:
0x03D8	0x8681      	BSF         LCD_D7, BitPos(LCD_D7+0) 
L__Lcd_Cmd22:
;__Lib_Lcd.c,21 :: 		
0x03DA	0xBC5F      	BTFSC       FARG_Lcd_Cmd_out_char, 6 
0x03DC	0xD002      	BRA         L__Lcd_Cmd23
0x03DE	0x9481      	BCF         LCD_D6, BitPos(LCD_D6+0) 
0x03E0	0xD001      	BRA         L__Lcd_Cmd24
L__Lcd_Cmd23:
0x03E2	0x8481      	BSF         LCD_D6, BitPos(LCD_D6+0) 
L__Lcd_Cmd24:
;__Lib_Lcd.c,22 :: 		
0x03E4	0xBA5F      	BTFSC       FARG_Lcd_Cmd_out_char, 5 
0x03E6	0xD002      	BRA         L__Lcd_Cmd25
0x03E8	0x9281      	BCF         LCD_D5, BitPos(LCD_D5+0) 
0x03EA	0xD001      	BRA         L__Lcd_Cmd26
L__Lcd_Cmd25:
0x03EC	0x8281      	BSF         LCD_D5, BitPos(LCD_D5+0) 
L__Lcd_Cmd26:
;__Lib_Lcd.c,23 :: 		
0x03EE	0xB85F      	BTFSC       FARG_Lcd_Cmd_out_char, 4 
0x03F0	0xD002      	BRA         L__Lcd_Cmd27
0x03F2	0x9081      	BCF         LCD_D4, BitPos(LCD_D4+0) 
0x03F4	0xD001      	BRA         L__Lcd_Cmd28
L__Lcd_Cmd27:
0x03F6	0x8081      	BSF         LCD_D4, BitPos(LCD_D4+0) 
L__Lcd_Cmd28:
;__Lib_Lcd.c,25 :: 		
0x03F8	0xB021      	BTFSC       __Lib_Lcd_cmd_status, BitPos(__Lib_Lcd_cmd_status+0) 
0x03FA	0xD002      	BRA         L__Lcd_Cmd29
0x03FC	0x8881      	BSF         LCD_RS, BitPos(LCD_RS+0) 
0x03FE	0xD001      	BRA         L__Lcd_Cmd30
L__Lcd_Cmd29:
0x0400	0x9881      	BCF         LCD_RS, BitPos(LCD_RS+0) 
L__Lcd_Cmd30:
;__Lib_Lcd.c,28 :: 		
0x0402	0x8A81      	BSF         LCD_EN, BitPos(LCD_EN+0) 
;__Lib_Lcd.c,29 :: 		
0x0404	0xDEEE      	RCALL       _Delay_1us
;__Lib_Lcd.c,30 :: 		
0x0406	0x9A81      	BCF         LCD_EN, BitPos(LCD_EN+0) 
;__Lib_Lcd.c,33 :: 		
0x0408	0xB65F      	BTFSC       FARG_Lcd_Cmd_out_char, 3 
0x040A	0xD002      	BRA         L__Lcd_Cmd31
0x040C	0x9681      	BCF         LCD_D7, BitPos(LCD_D7+0) 
0x040E	0xD001      	BRA         L__Lcd_Cmd32
L__Lcd_Cmd31:
0x0410	0x8681      	BSF         LCD_D7, BitPos(LCD_D7+0) 
L__Lcd_Cmd32:
;__Lib_Lcd.c,34 :: 		
0x0412	0xB45F      	BTFSC       FARG_Lcd_Cmd_out_char, 2 
0x0414	0xD002      	BRA         L__Lcd_Cmd33
0x0416	0x9481      	BCF         LCD_D6, BitPos(LCD_D6+0) 
0x0418	0xD001      	BRA         L__Lcd_Cmd34
L__Lcd_Cmd33:
0x041A	0x8481      	BSF         LCD_D6, BitPos(LCD_D6+0) 
L__Lcd_Cmd34:
;__Lib_Lcd.c,35 :: 		
0x041C	0xB25F      	BTFSC       FARG_Lcd_Cmd_out_char, 1 
0x041E	0xD002      	BRA         L__Lcd_Cmd35
0x0420	0x9281      	BCF         LCD_D5, BitPos(LCD_D5+0) 
0x0422	0xD001      	BRA         L__Lcd_Cmd36
L__Lcd_Cmd35:
0x0424	0x8281      	BSF         LCD_D5, BitPos(LCD_D5+0) 
L__Lcd_Cmd36:
;__Lib_Lcd.c,36 :: 		
0x0426	0xB05F      	BTFSC       FARG_Lcd_Cmd_out_char, 0 
0x0428	0xD002      	BRA         L__Lcd_Cmd37
0x042A	0x9081      	BCF         LCD_D4, BitPos(LCD_D4+0) 
0x042C	0xD001      	BRA         L__Lcd_Cmd38
L__Lcd_Cmd37:
0x042E	0x8081      	BSF         LCD_D4, BitPos(LCD_D4+0) 
L__Lcd_Cmd38:
;__Lib_Lcd.c,38 :: 		
0x0430	0xB021      	BTFSC       __Lib_Lcd_cmd_status, BitPos(__Lib_Lcd_cmd_status+0) 
0x0432	0xD002      	BRA         L__Lcd_Cmd39
0x0434	0x8881      	BSF         LCD_RS, BitPos(LCD_RS+0) 
0x0436	0xD001      	BRA         L__Lcd_Cmd40
L__Lcd_Cmd39:
0x0438	0x9881      	BCF         LCD_RS, BitPos(LCD_RS+0) 
L__Lcd_Cmd40:
;__Lib_Lcd.c,40 :: 		
0x043A	0x8A81      	BSF         LCD_EN, BitPos(LCD_EN+0) 
;__Lib_Lcd.c,41 :: 		
0x043C	0xDED2      	RCALL       _Delay_1us
;__Lib_Lcd.c,42 :: 		
0x043E	0x9A81      	BCF         LCD_EN, BitPos(LCD_EN+0) 
;__Lib_Lcd.c,44 :: 		
0x0440	0xA021      	BTFSS       __Lib_Lcd_cmd_status, BitPos(__Lib_Lcd_cmd_status+0) 
0x0442	0xD002      	BRA         L_Lcd_Cmd0
;__Lib_Lcd.c,45 :: 		
0x0444	0xDED1      	RCALL       _Delay_5500us
0x0446	0xD001      	BRA         L_Lcd_Cmd1
L_Lcd_Cmd0:
;__Lib_Lcd.c,47 :: 		
0x0448	0xDEDA      	RCALL       _Delay_50us
L_Lcd_Cmd1:
;__Lib_Lcd.c,48 :: 		
L_end_Lcd_Cmd:
0x044A	0x0012      	RETURN      0
; end of _Lcd_Cmd
__OS_ReturnSave:
;osa_pic18_mikroc.c,106 :: 		
;osa_pic18_mikroc.c,108 :: 		
0x044C	0xDEC5      	RCALL       __OS_SET_FSR_CUR_TASK
;osa_pic18_mikroc.c,109 :: 		
0x044E	0xFFECCFFD  	MOVFF       TOSL, PREINC0
0x0452	0xFFECCFFE  	MOVFF       TOSH, PREINC0
0x0456	0xFFECCFFF  	MOVFF       TOSU, PREINC0
;osa_pic18_mikroc.c,110 :: 		
0x045A	0x864A      	BSF         __OS_State, 3 
;osa_pic18_mikroc.c,111 :: 		
0x045C	0x0006      	POP
;osa_pic18_mikroc.c,112 :: 		
L_end__OS_ReturnSave:
0x045E	0x0012      	RETURN      0
; end of __OS_ReturnSave
__OS_JumpToTask:
;osa_pic18_mikroc.c,64 :: 		
;osa_pic18_mikroc.c,66 :: 		
0x0460	0xDEBB      	RCALL       __OS_SET_FSR_CUR_TASK
;osa_pic18_mikroc.c,67 :: 		
0x0462	0xF04ACFEE  	MOVFF       POSTINC0, __OS_State
;osa_pic18_mikroc.c,69 :: 		
0x0466	0x0005      	PUSH
;osa_pic18_mikroc.c,70 :: 		
0x0468	0x50EE      	MOVF        POSTINC0, 0, 0
;osa_pic18_mikroc.c,71 :: 		
0x046A	0x6EFD      	MOVWF       TOSL, 0
;osa_pic18_mikroc.c,72 :: 		
0x046C	0x50EE      	MOVF        POSTINC0, 0, 0
;osa_pic18_mikroc.c,73 :: 		
0x046E	0x6EFE      	MOVWF       TOSH, 0
;osa_pic18_mikroc.c,74 :: 		
0x0470	0x50EE      	MOVF        POSTINC0, 0, 0
;osa_pic18_mikroc.c,75 :: 		
0x0472	0x6EFF      	MOVWF       TOSU, 0
;osa_pic18_mikroc.c,76 :: 		
0x0474	0x0012      	RETURN      0
;osa_pic18_mikroc.c,78 :: 		
L_end__OS_JumpToTask:
0x0476	0x0012      	RETURN      0
; end of __OS_JumpToTask
__OS_Task_Create:
;osa_tasks.c,75 :: 		
;osa_tasks.c,79 :: 		
0x0478	0x924C      	BCF         __OS_Flags, 1 
;osa_tasks.c,88 :: 		
0x047A	0x0E26      	MOVLW       __OS_Tasks
0x047C	0x6E01      	MOVWF       R1 
0x047E	0x0E00      	MOVLW       hi_addr(__OS_Tasks)
0x0480	0x6E02      	MOVWF       R2 
;osa_tasks.c,89 :: 		
0x0482	0x6A25      	CLRF        __OS_Temp 
;osa_tasks.c,91 :: 		
L__OS_Task_Create24:
;osa_tasks.c,93 :: 		
0x0484	0xFFE9C001  	MOVFF       R1, FSR0L
0x0488	0xFFEAC002  	MOVFF       R2, FSR0H
0x048C	0xF000CFEE  	MOVFF       POSTINC0, R0
0x0490	0xBC00      	BTFSC       R0, 6 
0x0492	0xD02A      	BRA         L__OS_Task_Create27
;osa_tasks.c,95 :: 		
0x0494	0x8C5A      	BSF         FARG__OS_Task_Create_priority, 6 
;osa_tasks.c,96 :: 		
0x0496	0x865A      	BSF         FARG__OS_Task_Create_priority, 3 
;osa_tasks.c,98 :: 		
0x0498	0x0E01      	MOVLW       1
0x049A	0x2401      	ADDWF       R1, 0 
0x049C	0x6EE1      	MOVWF       FSR1L 
0x049E	0x0E00      	MOVLW       0
0x04A0	0x2002      	ADDWFC      R2, 0 
0x04A2	0x6EE2      	MOVWF       FSR1H 
0x04A4	0xFFE6C05B  	MOVFF       FARG__OS_Task_Create_TaskAddr, POSTINC1
0x04A8	0xFFE6C05C  	MOVFF       FARG__OS_Task_Create_TaskAddr+1, POSTINC1
0x04AC	0xFFE6C05D  	MOVFF       FARG__OS_Task_Create_TaskAddr+2, POSTINC1
0x04B0	0xFFE6C05E  	MOVFF       FARG__OS_Task_Create_TaskAddr+3, POSTINC1
;osa_tasks.c,101 :: 		
0x04B4	0x0E05      	MOVLW       5
0x04B6	0x2401      	ADDWF       R1, 0 
0x04B8	0x6EE1      	MOVWF       FSR1L 
0x04BA	0x0E00      	MOVLW       0
0x04BC	0x2002      	ADDWFC      R2, 0 
0x04BE	0x6EE2      	MOVWF       FSR1H 
0x04C0	0x6AE6      	CLRF        POSTINC1 
0x04C2	0x6AE6      	CLRF        POSTINC1 
0x04C4	0x6AE6      	CLRF        POSTINC1 
0x04C6	0x6AE6      	CLRF        POSTINC1 
;osa_tasks.c,108 :: 		
0x04C8	0xFFE1C001  	MOVFF       R1, FSR1L
0x04CC	0xFFE2C002  	MOVFF       R2, FSR1H
0x04D0	0xFFE6C05A  	MOVFF       FARG__OS_Task_Create_priority, POSTINC1
;osa_tasks.c,111 :: 		
0x04D4	0x5002      	MOVF        R2, 0 
0x04D6	0x1856      	XORWF       __OS_CurTask+1, 0 
0x04D8	0xE102      	BNZ         L___OS_Task_Create49
0x04DA	0x5055      	MOVF        __OS_CurTask, 0 
0x04DC	0x1801      	XORWF       R1, 0 
L___OS_Task_Create49:
0x04DE	0xE102      	BNZ         L__OS_Task_Create28
0x04E0	0xF04AC05A  	MOVFF       FARG__OS_Task_Create_priority, __OS_State
L__OS_Task_Create28:
;osa_tasks.c,126 :: 		
0x04E4	0x924C      	BCF         __OS_Flags, 1 
;osa_tasks.c,128 :: 		
0x04E6	0xD009      	BRA         L_end__OS_Task_Create
;osa_tasks.c,130 :: 		
L__OS_Task_Create27:
;osa_tasks.c,132 :: 		
0x04E8	0x0E09      	MOVLW       9
0x04EA	0x2601      	ADDWF       R1, 1 
0x04EC	0x0E00      	MOVLW       0
0x04EE	0x2202      	ADDWFC      R2, 1 
;osa_tasks.c,134 :: 		
0x04F0	0x2A25      	INCF        __OS_Temp, 1 
0x04F2	0x0E04      	MOVLW       4
0x04F4	0x5C25      	SUBWF       __OS_Temp, 0 
0x04F6	0xE3C6      	BNC         L__OS_Task_Create24
;osa_tasks.c,137 :: 		
0x04F8	0x824C      	BSF         __OS_Flags, 1 
;osa_tasks.c,139 :: 		
;osa_tasks.c,140 :: 		
L_end__OS_Task_Create:
0x04FA	0x0012      	RETURN      0
; end of __OS_Task_Create
_Task_LED0:
;main.c,40 :: 		void Task_LED0 (void)
;main.c,42 :: 		OS_Stimer_Run(stimer1, 100);
0x04FC	0x0EFF      	MOVLW       255
0x04FE	0x164D      	ANDWF       __OS_Stimers, 1 
0x0500	0x0EFF      	MOVLW       255
0x0502	0x164E      	ANDWF       __OS_Stimers+1, 1 
0x0504	0x0EFF      	MOVLW       255
0x0506	0x164F      	ANDWF       __OS_Stimers+2, 1 
0x0508	0x0E7F      	MOVLW       127
0x050A	0x1650      	ANDWF       __OS_Stimers+3, 1 
0x050C	0x0E9C      	MOVLW       156
0x050E	0x6E4D      	MOVWF       __OS_Stimers 
0x0510	0x0EFF      	MOVLW       255
0x0512	0x6E4E      	MOVWF       __OS_Stimers+1 
0x0514	0x6E4F      	MOVWF       __OS_Stimers+2 
0x0516	0x6E50      	MOVWF       __OS_Stimers+3 
;main.c,44 :: 		for(;;)
L_Task_LED038:
;main.c,46 :: 		if (!OS_Stimer_IsRun(stimer1))
0x0518	0xBE50      	BTFSC       __OS_Stimers+3, 7 
0x051A	0xD02C      	BRA         L_Task_LED041
;main.c,48 :: 		OS_Stimer_Wait(stimer1);
0x051C	0xDF0B      	RCALL       __OS_EnterWaitMode
0x051E	0x0000      	NOP
0x0520	0x0E00      	MOVLW       0
0x0522	0x144D      	ANDWF       __OS_Stimers, 0 
0x0524	0x6E00      	MOVWF       R0 
0x0526	0x0E00      	MOVLW       0
0x0528	0x144E      	ANDWF       __OS_Stimers+1, 0 
0x052A	0x6E01      	MOVWF       R1 
0x052C	0x0E00      	MOVLW       0
0x052E	0x144F      	ANDWF       __OS_Stimers+2, 0 
0x0530	0x6E02      	MOVWF       R2 
0x0532	0x0E80      	MOVLW       128
0x0534	0x1450      	ANDWF       __OS_Stimers+3, 0 
0x0536	0x6E03      	MOVWF       R3 
0x0538	0x5000      	MOVF        R0, 0 
0x053A	0x1001      	IORWF       R1, 0 
0x053C	0x1002      	IORWF       R2, 0 
0x053E	0x1003      	IORWF       R3, 0 
0x0540	0x0E01      	MOVLW       1
0x0542	0xA4D8      	BTFSS       STATUS, 2 
0x0544	0x0E00      	MOVLW       0
0x0546	0x6E5F      	MOVWF       FARG__OS_CheckEvent_bEvent 
0x0548	0x505F      	MOVF        FARG__OS_CheckEvent_bEvent, 0 
0x054A	0x0A00      	XORLW       0
0x054C	0x0E00      	MOVLW       0
0x054E	0xA4D8      	BTFSS       STATUS, 2 
0x0550	0x0E01      	MOVLW       1
0x0552	0x6E5F      	MOVWF       FARG__OS_CheckEvent_bEvent 
0x0554	0xDE68      	RCALL       __OS_CheckEvent
;main.c,49 :: 		LATD.RD0 = ~LATD.RD0;
0x0556	0x708C      	BTG         LATD, 0 
;main.c,50 :: 		OS_Stimer_Run(stimer1, 100);
0x0558	0x0EFF      	MOVLW       255
0x055A	0x164D      	ANDWF       __OS_Stimers, 1 
0x055C	0x0EFF      	MOVLW       255
0x055E	0x164E      	ANDWF       __OS_Stimers+1, 1 
0x0560	0x0EFF      	MOVLW       255
0x0562	0x164F      	ANDWF       __OS_Stimers+2, 1 
0x0564	0x0E7F      	MOVLW       127
0x0566	0x1650      	ANDWF       __OS_Stimers+3, 1 
0x0568	0x0E9C      	MOVLW       156
0x056A	0x6E4D      	MOVWF       __OS_Stimers 
0x056C	0x0EFF      	MOVLW       255
0x056E	0x6E4E      	MOVWF       __OS_Stimers+1 
0x0570	0x6E4F      	MOVWF       __OS_Stimers+2 
0x0572	0x6E50      	MOVWF       __OS_Stimers+3 
;main.c,51 :: 		}
L_Task_LED041:
;main.c,53 :: 		OS_Yield();
0x0574	0xDF6B      	RCALL       __OS_ReturnSave
0x0576	0x0000      	NOP
;main.c,54 :: 		}
0x0578	0xD7CF      	BRA         L_Task_LED038
;main.c,55 :: 		}
L_end_Task_LED0:
0x057A	0x0012      	RETURN      0
; end of _Task_LED0
_Mul_16X16_U:
;__Lib_Math.c,440 :: 		
;__Lib_Math.c,447 :: 		
0x057C	0x6A0B      	CLRF        R11, 0
;__Lib_Math.c,448 :: 		
0x057E	0x6A0A      	CLRF        R10, 0
;__Lib_Math.c,449 :: 		
0x0580	0x6A09      	CLRF        R9, 0
;__Lib_Math.c,450 :: 		
0x0582	0x5000      	MOVF        R0, 0, 0
;__Lib_Math.c,451 :: 		
0x0584	0x0204      	MULWF       R4, 0
;__Lib_Math.c,453 :: 		
0x0586	0xF009CFF4  	MOVFF       PRODH, R9
;__Lib_Math.c,454 :: 		
0x058A	0xF008CFF3  	MOVFF       PRODL, R8
;__Lib_Math.c,455 :: 		
0x058E	0x5001      	MOVF        R1, 0, 0
;__Lib_Math.c,456 :: 		
0x0590	0x0205      	MULWF       R5, 0
;__Lib_Math.c,458 :: 		
0x0592	0xF00BCFF4  	MOVFF       PRODH, R11
;__Lib_Math.c,459 :: 		
0x0596	0xF00ACFF3  	MOVFF       PRODL, R10
;__Lib_Math.c,460 :: 		
0x059A	0x5000      	MOVF        R0, 0, 0
;__Lib_Math.c,461 :: 		
0x059C	0x0205      	MULWF       R5, 0
;__Lib_Math.c,463 :: 		
0x059E	0x50F3      	MOVF        PRODL, 0, 0
;__Lib_Math.c,464 :: 		
0x05A0	0x2609      	ADDWF       R9, 1, 0
;__Lib_Math.c,465 :: 		
0x05A2	0x50F4      	MOVF        PRODH, 0, 0
;__Lib_Math.c,466 :: 		
0x05A4	0x220A      	ADDWFC      R10, 1, 0
;__Lib_Math.c,467 :: 		
0x05A6	0x6AE8      	CLRF        WREG, 0
;__Lib_Math.c,468 :: 		
0x05A8	0x220B      	ADDWFC      R11, 1, 0
;__Lib_Math.c,469 :: 		
0x05AA	0x5001      	MOVF        R1, 0, 0
;__Lib_Math.c,470 :: 		
0x05AC	0x0204      	MULWF       R4, 0
;__Lib_Math.c,472 :: 		
0x05AE	0x50F3      	MOVF        PRODL, 0, 0
;__Lib_Math.c,473 :: 		
0x05B0	0x2609      	ADDWF       R9, 1, 0
;__Lib_Math.c,474 :: 		
0x05B2	0x50F4      	MOVF        PRODH, 0, 0
;__Lib_Math.c,475 :: 		
0x05B4	0x220A      	ADDWFC      R10, 1, 0
;__Lib_Math.c,476 :: 		
0x05B6	0x6AE8      	CLRF        WREG, 0
;__Lib_Math.c,477 :: 		
0x05B8	0x220B      	ADDWFC      R11, 1, 0
;__Lib_Math.c,479 :: 		
0x05BA	0xF000C008  	MOVFF       R8, R0
;__Lib_Math.c,480 :: 		
0x05BE	0xF001C009  	MOVFF       R9, R1
;__Lib_Math.c,481 :: 		
0x05C2	0xF002C00A  	MOVFF       R10, R2
;__Lib_Math.c,482 :: 		
0x05C6	0xF003C00B  	MOVFF       R11, R3
;__Lib_Math.c,485 :: 		
L_end_Mul_16X16_U:
0x05CA	0x0012      	RETURN      0
; end of _Mul_16X16_U
___CC2DW:
;__Lib_System.c,21 :: 		
;__Lib_System.c,23 :: 		
_CC2DL_Loop1:
;__Lib_System.c,24 :: 		
0x05CC	0x0009      	TBLRD*+
;__Lib_System.c,25 :: 		
0x05CE	0xFFE6CFF5  	MOVFF       TABLAT, POSTINC1
;__Lib_System.c,26 :: 		
0x05D2	0x0600      	DECF        R0, 1, 0
;__Lib_System.c,27 :: 		
0x05D4	0xE1FB      	BNZ         _CC2DL_Loop1
;__Lib_System.c,28 :: 		
0x05D6	0x0601      	DECF        R1, 1, 0
;__Lib_System.c,29 :: 		
0x05D8	0xE1F9      	BNZ         _CC2DL_Loop1
;__Lib_System.c,31 :: 		
L_end___CC2DW:
0x05DA	0x0012      	RETURN      0
; end of ___CC2DW
_OS_Init:
;osa_system.c,67 :: 		
;osa_system.c,72 :: 		
0x05DC	0x6A4C      	CLRF        __OS_Flags 
;osa_system.c,81 :: 		
0x05DE	0x0E41      	MOVLW       __OS_Tasks+27
0x05E0	0x6E58      	MOVWF       __OS_LastTask 
0x05E2	0x0E00      	MOVLW       hi_addr(__OS_Tasks+27)
0x05E4	0x6E59      	MOVWF       __OS_LastTask+1 
;osa_system.c,238 :: 		
0x05E6	0x0E03      	MOVLW       3
0x05E8	0x6E24      	MOVWF       __OS_StimersFree 
;osa_system.c,260 :: 		
0x05EA	0x6A57      	CLRF        __OS_Bsems 
;osa_system.c,326 :: 		
0x05EC	0x9C26      	BCF         __OS_Tasks, 6 
;osa_system.c,329 :: 		
0x05EE	0x9C2F      	BCF         __OS_Tasks+9, 6 
;osa_system.c,333 :: 		
0x05F0	0x9C38      	BCF         __OS_Tasks+18, 6 
;osa_system.c,337 :: 		
0x05F2	0x9C41      	BCF         __OS_Tasks+27, 6 
;osa_system.c,394 :: 		
L_end_OS_Init:
0x05F4	0x0012      	RETURN      0
; end of _OS_Init
_Task_LED2:
;main.c,77 :: 		void Task_LED2 (void)
;main.c,81 :: 		for(;;)
L_Task_LED246:
;main.c,83 :: 		if(OS_Stimer_Found()){
0x05F6	0x6A5F      	CLRF        FARG__OS_Stimer_GetFree_bCreate 
0x05F8	0xDE2B      	RCALL       __OS_Stimer_GetFree
0x05FA	0x5000      	MOVF        R0, 0 
0x05FC	0x0AFF      	XORLW       255
0x05FE	0xB4D8      	BTFSC       STATUS, 2 
0x0600	0xD081      	BRA         L_Task_LED249
;main.c,84 :: 		OS_Stimer_Alloc(stimer_id);
0x0602	0x0E01      	MOVLW       1
0x0604	0x6E5F      	MOVWF       FARG__OS_Stimer_GetFree_bCreate 
0x0606	0xDE24      	RCALL       __OS_Stimer_GetFree
0x0608	0xF020C000  	MOVFF       R0, Task_LED2_stimer_id_L0
;main.c,85 :: 		OS_Stimer_Run(stimer_id, 2000);
0x060C	0xF001C000  	MOVFF       R0, R1
0x0610	0x0E00      	MOVLW       0
0x0612	0x6E02      	MOVWF       R2 
0x0614	0x3601      	RLCF        R1, 1 
0x0616	0x9001      	BCF         R1, 0 
0x0618	0x3602      	RLCF        R2, 1 
0x061A	0x3601      	RLCF        R1, 1 
0x061C	0x9001      	BCF         R1, 0 
0x061E	0x3602      	RLCF        R2, 1 
0x0620	0x0E4D      	MOVLW       __OS_Stimers
0x0622	0x2401      	ADDWF       R1, 0 
0x0624	0x6E04      	MOVWF       R4 
0x0626	0x0E00      	MOVLW       hi_addr(__OS_Stimers)
0x0628	0x2002      	ADDWFC      R2, 0 
0x062A	0x6E05      	MOVWF       R5 
0x062C	0xFFE9C004  	MOVFF       R4, FSR0L
0x0630	0xFFEAC005  	MOVFF       R5, FSR0H
0x0634	0xF000CFEE  	MOVFF       POSTINC0, R0
0x0638	0xF001CFEE  	MOVFF       POSTINC0, R1
0x063C	0xF002CFEE  	MOVFF       POSTINC0, R2
0x0640	0xF003CFEE  	MOVFF       POSTINC0, R3
0x0644	0x0EFF      	MOVLW       255
0x0646	0x1600      	ANDWF       R0, 1 
0x0648	0x0EFF      	MOVLW       255
0x064A	0x1601      	ANDWF       R1, 1 
0x064C	0x0EFF      	MOVLW       255
0x064E	0x1602      	ANDWF       R2, 1 
0x0650	0x0E7F      	MOVLW       127
0x0652	0x1603      	ANDWF       R3, 1 
0x0654	0xFFE1C004  	MOVFF       R4, FSR1L
0x0658	0xFFE2C005  	MOVFF       R5, FSR1H
0x065C	0xFFE6C000  	MOVFF       R0, POSTINC1
0x0660	0xFFE6C001  	MOVFF       R1, POSTINC1
0x0664	0xFFE6C002  	MOVFF       R2, POSTINC1
0x0668	0xFFE6C003  	MOVFF       R3, POSTINC1
0x066C	0xF000C020  	MOVFF       Task_LED2_stimer_id_L0, R0
0x0670	0x0E00      	MOVLW       0
0x0672	0x6E01      	MOVWF       R1 
0x0674	0x3600      	RLCF        R0, 1 
0x0676	0x9000      	BCF         R0, 0 
0x0678	0x3601      	RLCF        R1, 1 
0x067A	0x3600      	RLCF        R0, 1 
0x067C	0x9000      	BCF         R0, 0 
0x067E	0x3601      	RLCF        R1, 1 
0x0680	0x0E4D      	MOVLW       __OS_Stimers
0x0682	0x2400      	ADDWF       R0, 0 
0x0684	0x6EE1      	MOVWF       FSR1L 
0x0686	0x0E00      	MOVLW       hi_addr(__OS_Stimers)
0x0688	0x2001      	ADDWFC      R1, 0 
0x068A	0x6EE2      	MOVWF       FSR1H 
0x068C	0x0E30      	MOVLW       48
0x068E	0x6EE6      	MOVWF       POSTINC1 
0x0690	0x0EF8      	MOVLW       248
0x0692	0x6EE6      	MOVWF       POSTINC1 
0x0694	0x0EFF      	MOVLW       255
0x0696	0x6EE6      	MOVWF       POSTINC1 
0x0698	0x6EE6      	MOVWF       POSTINC1 
;main.c,87 :: 		OS_Stimer_Wait(stimer_id);
0x069A	0xDE4C      	RCALL       __OS_EnterWaitMode
0x069C	0x0000      	NOP
0x069E	0xF000C020  	MOVFF       Task_LED2_stimer_id_L0, R0
0x06A2	0x0E00      	MOVLW       0
0x06A4	0x6E01      	MOVWF       R1 
0x06A6	0x3600      	RLCF        R0, 1 
0x06A8	0x9000      	BCF         R0, 0 
0x06AA	0x3601      	RLCF        R1, 1 
0x06AC	0x3600      	RLCF        R0, 1 
0x06AE	0x9000      	BCF         R0, 0 
0x06B0	0x3601      	RLCF        R1, 1 
0x06B2	0x0E4D      	MOVLW       __OS_Stimers
0x06B4	0x2400      	ADDWF       R0, 0 
0x06B6	0x6EE9      	MOVWF       FSR0L 
0x06B8	0x0E00      	MOVLW       hi_addr(__OS_Stimers)
0x06BA	0x2001      	ADDWFC      R1, 0 
0x06BC	0x6EEA      	MOVWF       FSR0H 
0x06BE	0xF000CFEE  	MOVFF       POSTINC0, R0
0x06C2	0xF001CFEE  	MOVFF       POSTINC0, R1
0x06C6	0xF002CFEE  	MOVFF       POSTINC0, R2
0x06CA	0xF003CFEE  	MOVFF       POSTINC0, R3
0x06CE	0x0E00      	MOVLW       0
0x06D0	0x1600      	ANDWF       R0, 1 
0x06D2	0x0E00      	MOVLW       0
0x06D4	0x1601      	ANDWF       R1, 1 
0x06D6	0x0E00      	MOVLW       0
0x06D8	0x1602      	ANDWF       R2, 1 
0x06DA	0x0E80      	MOVLW       128
0x06DC	0x1603      	ANDWF       R3, 1 
0x06DE	0x5000      	MOVF        R0, 0 
0x06E0	0x1001      	IORWF       R1, 0 
0x06E2	0x1002      	IORWF       R2, 0 
0x06E4	0x1003      	IORWF       R3, 0 
0x06E6	0x0E01      	MOVLW       1
0x06E8	0xA4D8      	BTFSS       STATUS, 2 
0x06EA	0x0E00      	MOVLW       0
0x06EC	0x6E5F      	MOVWF       FARG__OS_CheckEvent_bEvent 
0x06EE	0x505F      	MOVF        FARG__OS_CheckEvent_bEvent, 0 
0x06F0	0x0A00      	XORLW       0
0x06F2	0x0E00      	MOVLW       0
0x06F4	0xA4D8      	BTFSS       STATUS, 2 
0x06F6	0x0E01      	MOVLW       1
0x06F8	0x6E5F      	MOVWF       FARG__OS_CheckEvent_bEvent 
0x06FA	0xDD95      	RCALL       __OS_CheckEvent
;main.c,88 :: 		LATD.RD2 = ~LATD.RD2;
0x06FC	0x748C      	BTG         LATD, 2 
;main.c,90 :: 		OS_Stimer_Free(stimer_id);
0x06FE	0xF05FC020  	MOVFF       Task_LED2_stimer_id_L0, FARG__OS_Stimer_Free_ID
0x0702	0xDDEE      	RCALL       __OS_Stimer_Free
;main.c,92 :: 		}
L_Task_LED249:
;main.c,94 :: 		OS_Yield();
0x0704	0xDEA3      	RCALL       __OS_ReturnSave
0x0706	0x0000      	NOP
;main.c,95 :: 		}
0x0708	0xD776      	BRA         L_Task_LED246
;main.c,97 :: 		}
L_end_Task_LED2:
0x070A	0x0012      	RETURN      0
; end of _Task_LED2
_InitLCD:
;lcd.c,3 :: 		void InitLCD(void)
;lcd.c,5 :: 		Lcd_Init();                        // Initialize LCD
0x070C	0xDE16      	RCALL       _Lcd_Init
;lcd.c,6 :: 		Lcd_Cmd(_LCD_CLEAR);               // Clear display
0x070E	0x0E01      	MOVLW       1
0x0710	0x6E5F      	MOVWF       FARG_Lcd_Cmd_out_char 
0x0712	0xDE5E      	RCALL       _Lcd_Cmd
;lcd.c,7 :: 		Lcd_Cmd(_LCD_CURSOR_OFF);          // Cursor off
0x0714	0x0E0C      	MOVLW       12
0x0716	0x6E5F      	MOVWF       FARG_Lcd_Cmd_out_char 
0x0718	0xDE5B      	RCALL       _Lcd_Cmd
;lcd.c,9 :: 		}
L_end_InitLCD:
0x071A	0x0012      	RETURN      0
; end of _InitLCD
_Task_LED1:
;main.c,58 :: 		void Task_LED1 (void)
;main.c,61 :: 		OS_Stimer_Run(stimer2, 500);
0x071C	0x0EFF      	MOVLW       255
0x071E	0x1651      	ANDWF       __OS_Stimers+4, 1 
0x0720	0x0EFF      	MOVLW       255
0x0722	0x1652      	ANDWF       __OS_Stimers+5, 1 
0x0724	0x0EFF      	MOVLW       255
0x0726	0x1653      	ANDWF       __OS_Stimers+6, 1 
0x0728	0x0E7F      	MOVLW       127
0x072A	0x1654      	ANDWF       __OS_Stimers+7, 1 
0x072C	0x0E0C      	MOVLW       12
0x072E	0x6E51      	MOVWF       __OS_Stimers+4 
0x0730	0x0EFE      	MOVLW       254
0x0732	0x6E52      	MOVWF       __OS_Stimers+5 
0x0734	0x0EFF      	MOVLW       255
0x0736	0x6E53      	MOVWF       __OS_Stimers+6 
0x0738	0x6E54      	MOVWF       __OS_Stimers+7 
;main.c,63 :: 		for(;;)
L_Task_LED142:
;main.c,65 :: 		if (!OS_Stimer_IsRun(stimer2))
0x073A	0xBE54      	BTFSC       __OS_Stimers+7, 7 
0x073C	0xD02D      	BRA         L_Task_LED145
;main.c,67 :: 		OS_Stimer_Wait(stimer2);
0x073E	0xDDFA      	RCALL       __OS_EnterWaitMode
0x0740	0x0000      	NOP
0x0742	0x0E00      	MOVLW       0
0x0744	0x1451      	ANDWF       __OS_Stimers+4, 0 
0x0746	0x6E00      	MOVWF       R0 
0x0748	0x0E00      	MOVLW       0
0x074A	0x1452      	ANDWF       __OS_Stimers+5, 0 
0x074C	0x6E01      	MOVWF       R1 
0x074E	0x0E00      	MOVLW       0
0x0750	0x1453      	ANDWF       __OS_Stimers+6, 0 
0x0752	0x6E02      	MOVWF       R2 
0x0754	0x0E80      	MOVLW       128
0x0756	0x1454      	ANDWF       __OS_Stimers+7, 0 
0x0758	0x6E03      	MOVWF       R3 
0x075A	0x5000      	MOVF        R0, 0 
0x075C	0x1001      	IORWF       R1, 0 
0x075E	0x1002      	IORWF       R2, 0 
0x0760	0x1003      	IORWF       R3, 0 
0x0762	0x0E01      	MOVLW       1
0x0764	0xA4D8      	BTFSS       STATUS, 2 
0x0766	0x0E00      	MOVLW       0
0x0768	0x6E5F      	MOVWF       FARG__OS_CheckEvent_bEvent 
0x076A	0x505F      	MOVF        FARG__OS_CheckEvent_bEvent, 0 
0x076C	0x0A00      	XORLW       0
0x076E	0x0E00      	MOVLW       0
0x0770	0xA4D8      	BTFSS       STATUS, 2 
0x0772	0x0E01      	MOVLW       1
0x0774	0x6E5F      	MOVWF       FARG__OS_CheckEvent_bEvent 
0x0776	0xDD57      	RCALL       __OS_CheckEvent
;main.c,68 :: 		LATD.RD1 = ~LATD.RD1;
0x0778	0x728C      	BTG         LATD, 1 
;main.c,69 :: 		OS_Stimer_Run(stimer2, 500);
0x077A	0x0EFF      	MOVLW       255
0x077C	0x1651      	ANDWF       __OS_Stimers+4, 1 
0x077E	0x0EFF      	MOVLW       255
0x0780	0x1652      	ANDWF       __OS_Stimers+5, 1 
0x0782	0x0EFF      	MOVLW       255
0x0784	0x1653      	ANDWF       __OS_Stimers+6, 1 
0x0786	0x0E7F      	MOVLW       127
0x0788	0x1654      	ANDWF       __OS_Stimers+7, 1 
0x078A	0x0E0C      	MOVLW       12
0x078C	0x6E51      	MOVWF       __OS_Stimers+4 
0x078E	0x0EFE      	MOVLW       254
0x0790	0x6E52      	MOVWF       __OS_Stimers+5 
0x0792	0x0EFF      	MOVLW       255
0x0794	0x6E53      	MOVWF       __OS_Stimers+6 
0x0796	0x6E54      	MOVWF       __OS_Stimers+7 
;main.c,70 :: 		}
L_Task_LED145:
;main.c,72 :: 		OS_Yield();
0x0798	0xDE59      	RCALL       __OS_ReturnSave
0x079A	0x0000      	NOP
;main.c,73 :: 		}
0x079C	0xD7CE      	BRA         L_Task_LED142
;main.c,75 :: 		}
L_end_Task_LED1:
0x079E	0x0012      	RETURN      0
; end of _Task_LED1
_InitMCU:
;bsp.c,3 :: 		void InitMCU(void)
;bsp.c,6 :: 		ANSELA = 0;
0x07A0	0x010F      	MOVLB       15
0x07A2	0x6B38      	CLRF        ANSELA, 1
;bsp.c,7 :: 		ANSELB = 0;
0x07A4	0x6B39      	CLRF        ANSELB, 1
;bsp.c,8 :: 		ANSELC = 0;
0x07A6	0x6B3A      	CLRF        ANSELC, 1
;bsp.c,9 :: 		ANSELD = 0;
0x07A8	0x6B3B      	CLRF        ANSELD, 1
;bsp.c,10 :: 		ANSELE = 0;
0x07AA	0x6B3C      	CLRF        ANSELE, 1
;bsp.c,15 :: 		TRISD = 0;        //PORTD configurado como Saída
0x07AC	0x6A95      	CLRF        TRISD 
;bsp.c,16 :: 		PORTD = 0;        //LEDs OFF
0x07AE	0x6A83      	CLRF        PORTD 
;bsp.c,18 :: 		TRISE.RE0 = 1;    //pinos dos BTN como entrada
0x07B0	0x8096      	BSF         TRISE, 0 
;bsp.c,19 :: 		TRISE.RE1 = 1;
0x07B2	0x8296      	BSF         TRISE, 1 
;bsp.c,22 :: 		TRISE.RE0 = 1;    //Button0
0x07B4	0x8096      	BSF         TRISE, 0 
;bsp.c,23 :: 		PORTE.RE0 = 1;
0x07B6	0x8084      	BSF         PORTE, 0 
;bsp.c,25 :: 		TRISE.RE1 = 1;    //Button0
0x07B8	0x8296      	BSF         TRISE, 1 
;bsp.c,26 :: 		PORTE.RE1 = 1;
0x07BA	0x8284      	BSF         PORTE, 1 
;bsp.c,27 :: 		}
L_end_InitMCU:
0x07BC	0x0012      	RETURN      0
; end of _InitMCU
_TickTimerIE:
;timer.c,3 :: 		void TickTimerIE(void)
;timer.c,6 :: 		T2CON = T2CON_CONST;
0x07BE	0x0E4D      	MOVLW       77
0x07C0	0x6EBA      	MOVWF       T2CON 
;timer.c,7 :: 		PR2 = PR2_CONST;
0x07C2	0x0E31      	MOVLW       49
0x07C4	0x6EBB      	MOVWF       PR2 
;timer.c,9 :: 		INTCON.GIEH = 1;
0x07C6	0x8EF2      	BSF         INTCON, 7 
;timer.c,10 :: 		INTCON.GIEL = 1;
0x07C8	0x8CF2      	BSF         INTCON, 6 
;timer.c,11 :: 		RCON.IPEN = 1;
0x07CA	0x8ED0      	BSF         RCON, 7 
;timer.c,13 :: 		TMR2IE_bit = 1;
0x07CC	0x829D      	BSF         TMR2IE_bit, BitPos(TMR2IE_bit+0) 
;timer.c,14 :: 		TMR2IP_bit = 1;
0x07CE	0x829F      	BSF         TMR2IP_bit, BitPos(TMR2IP_bit+0) 
;timer.c,15 :: 		T2CON.TMR2ON = 1;
0x07D0	0x84BA      	BSF         T2CON, 2 
;timer.c,16 :: 		}
L_end_TickTimerIE:
0x07D2	0x0012      	RETURN      0
; end of _TickTimerIE
_main:
0x07D4	0x0E02      	MOVLW       2
0x07D6	0x6E20      	MOVWF       Task_LED2_stimer_id_L0 
;main.c,18 :: 		void main (void)
;main.c,20 :: 		InitMCU();                         //Inicializa os periféricos do MCU
0x07D8	0xDFE3      	RCALL       _InitMCU
;main.c,21 :: 		TickTimerIE();                     //Configura e habilita a Interrupção TickTimer
0x07DA	0xDFF1      	RCALL       _TickTimerIE
;main.c,22 :: 		InitLCD();
0x07DC	0xDF97      	RCALL       _InitLCD
;main.c,24 :: 		OS_Init();                         //Inicializa RTO's
0x07DE	0xDEFE      	RCALL       _OS_Init
;main.c,27 :: 		OS_Task_Create(0, Task_LED0);      //Cria task LED0 (máxima prioridade
0x07E0	0x6A5A      	CLRF        FARG__OS_Task_Create_priority 
0x07E2	0x0EFC      	MOVLW       _Task_LED0
0x07E4	0x6E5B      	MOVWF       FARG__OS_Task_Create_TaskAddr 
0x07E6	0x0E04      	MOVLW       hi_addr(_Task_LED0)
0x07E8	0x6E5C      	MOVWF       FARG__OS_Task_Create_TaskAddr+1 
0x07EA	0x0E00      	MOVLW       0
0x07EC	0x6E5D      	MOVWF       FARG__OS_Task_Create_TaskAddr+2 
0x07EE	0x0E00      	MOVLW       0
0x07F0	0x6E5E      	MOVWF       FARG__OS_Task_Create_TaskAddr+3 
0x07F2	0xDE42      	RCALL       __OS_Task_Create
;main.c,28 :: 		OS_Task_Create(0, Task_LED1);      //Cria task LED1 (máxima prioridade)
0x07F4	0x6A5A      	CLRF        FARG__OS_Task_Create_priority 
0x07F6	0x0E1C      	MOVLW       _Task_LED1
0x07F8	0x6E5B      	MOVWF       FARG__OS_Task_Create_TaskAddr 
0x07FA	0x0E07      	MOVLW       hi_addr(_Task_LED1)
0x07FC	0x6E5C      	MOVWF       FARG__OS_Task_Create_TaskAddr+1 
0x07FE	0x0E00      	MOVLW       0
0x0800	0x6E5D      	MOVWF       FARG__OS_Task_Create_TaskAddr+2 
0x0802	0x0E00      	MOVLW       0
0x0804	0x6E5E      	MOVWF       FARG__OS_Task_Create_TaskAddr+3 
0x0806	0xDE38      	RCALL       __OS_Task_Create
;main.c,29 :: 		OS_Task_Create(0, Task_LED2);      //Cria task LED2 (máxima prioridade)
0x0808	0x6A5A      	CLRF        FARG__OS_Task_Create_priority 
0x080A	0x0EF6      	MOVLW       _Task_LED2
0x080C	0x6E5B      	MOVWF       FARG__OS_Task_Create_TaskAddr 
0x080E	0x0E05      	MOVLW       hi_addr(_Task_LED2)
0x0810	0x6E5C      	MOVWF       FARG__OS_Task_Create_TaskAddr+1 
0x0812	0x0E00      	MOVLW       0
0x0814	0x6E5D      	MOVWF       FARG__OS_Task_Create_TaskAddr+2 
0x0816	0x0E00      	MOVLW       0
0x0818	0x6E5E      	MOVWF       FARG__OS_Task_Create_TaskAddr+3 
0x081A	0xDE2E      	RCALL       __OS_Task_Create
;main.c,31 :: 		OS_EI();
0x081C	0x8EF2      	BSF         GIE_bit, BitPos(GIE_bit+0) 
0x081E	0xBED0      	BTFSC       IPEN_bit, BitPos(IPEN_bit+0) 
0x0820	0x8CF2      	BSF         GIEL_bit, BitPos(GIEL_bit+0) 
L_main10:
;main.c,33 :: 		OS_Run();
L_main11:
0x0822	0x984C      	BCF         __OS_Flags, 4 
0x0824	0x864C      	BSF         __OS_Flags, 3 
0x0826	0x0E08      	MOVLW       8
0x0828	0x6E4B      	MOVWF       __OS_Best_Priority 
0x082A	0xF055C058  	MOVFF       __OS_LastTask, __OS_CurTask
0x082E	0xF056C059  	MOVFF       __OS_LastTask+1, __OS_CurTask+1
L_main14:
0x0832	0x0E00      	MOVLW       hi_addr(__OS_Tasks+27)
0x0834	0x5C56      	SUBWF       __OS_CurTask+1, 0 
0x0836	0xE102      	BNZ         L__main57
0x0838	0x0E41      	MOVLW       __OS_Tasks+27
0x083A	0x5C55      	SUBWF       __OS_CurTask, 0 
L__main57:
0x083C	0xE305      	BNC         L_main17
0x083E	0x0E26      	MOVLW       __OS_Tasks
0x0840	0x6E55      	MOVWF       __OS_CurTask 
0x0842	0x0E00      	MOVLW       hi_addr(__OS_Tasks)
0x0844	0x6E56      	MOVWF       __OS_CurTask+1 
0x0846	0xD00A      	BRA         L_main18
L_main17:
0x0848	0x0E09      	MOVLW       9
0x084A	0x2455      	ADDWF       __OS_CurTask, 0 
0x084C	0x6E00      	MOVWF       R0 
0x084E	0x0E00      	MOVLW       0
0x0850	0x2056      	ADDWFC      __OS_CurTask+1, 0 
0x0852	0x6E01      	MOVWF       R1 
0x0854	0xF055C000  	MOVFF       R0, __OS_CurTask
0x0858	0xF056C001  	MOVFF       R1, __OS_CurTask+1
L_main18:
0x085C	0xFFE9C055  	MOVFF       __OS_CurTask, FSR0L
0x0860	0xFFEAC056  	MOVFF       __OS_CurTask+1, FSR0H
0x0864	0x0E01      	MOVLW       1
0x0866	0x6E00      	MOVWF       R0 
0x0868	0x0E4A      	MOVLW       __OS_State
0x086A	0x6EE1      	MOVWF       FSR1L 
0x086C	0x0E00      	MOVLW       hi_addr(__OS_State)
0x086E	0x6EE2      	MOVWF       FSR1H 
L_main19:
0x0870	0xFFE6CFEE  	MOVFF       POSTINC0, POSTINC1
0x0874	0x0600      	DECF        R0, 1 
0x0876	0xE1FC      	BNZ         L_main19
0x0878	0xAC4A      	BTFSS       __OS_State, 6 
0x087A	0xD003      	BRA         L__main53
0x087C	0xBE4A      	BTFSC       __OS_State, 7 
0x087E	0xD001      	BRA         L__main53
0x0880	0xD001      	BRA         L_main22
L__main53:
0x0882	0xD02E      	BRA         ___main__OS_SCHED_CONTINUE
L_main22:
0x0884	0xF000C04A  	MOVFF       __OS_State, R0
0x0888	0x0E07      	MOVLW       7
0x088A	0x1600      	ANDWF       R0, 1 
0x088C	0xF025C000  	MOVFF       R0, __OS_Temp
0x0890	0x504B      	MOVF        __OS_Best_Priority, 0 
0x0892	0x5C25      	SUBWF       __OS_Temp, 0 
0x0894	0xE301      	BNC         L_main23
0x0896	0xD024      	BRA         ___main__OS_SCHED_CONTINUE
L_main23:
0x0898	0xB64A      	BTFSC       __OS_State, 3 
0x089A	0xD00C      	BRA         L_main24
___main__OS_SCHED_RUN:
0x089C	0xDDE1      	RCALL       __OS_JumpToTask
0x089E	0xDC9C      	RCALL       __OS_SET_FSR_CUR_TASK
0x08A0	0x0ED7      	MOVLW       215
0x08A2	0x16EF      	ANDWF       __indf, 1 
0x08A4	0x0E28      	MOVLW       40
0x08A6	0x144A      	ANDWF       __OS_State, 0 
0x08A8	0x6E00      	MOVWF       R0 
0x08AA	0x5000      	MOVF        R0, 0 
0x08AC	0x12EF      	IORWF       __indf, 1 
0x08AE	0xB64C      	BTFSC       __OS_Flags, 3 
0x08B0	0xD001      	BRA         L_main25
0x08B2	0xD03B      	BRA         ___main_SCHED_END
L_main25:
L_main24:
0x08B4	0xA84A      	BTFSS       __OS_State, 4 
0x08B6	0xD003      	BRA         L_main28
0x08B8	0xBA4A      	BTFSC       __OS_State, 5 
0x08BA	0xD001      	BRA         L_main28
L__main52:
0x08BC	0xD011      	BRA         ___main__OS_SCHED_CONTINUE
L_main28:
0x08BE	0xA64A      	BTFSS       __OS_State, 3 
0x08C0	0xD00F      	BRA         L_main29
0x08C2	0x884C      	BSF         __OS_Flags, 4 
0x08C4	0xF022C055  	MOVFF       __OS_CurTask, __OS_BestTask
0x08C8	0xF023C056  	MOVFF       __OS_CurTask+1, __OS_BestTask+1
0x08CC	0xF000C04A  	MOVFF       __OS_State, R0
0x08D0	0x0E07      	MOVLW       7
0x08D2	0x1600      	ANDWF       R0, 1 
0x08D4	0xF04BC000  	MOVFF       R0, __OS_Best_Priority
0x08D8	0x504B      	MOVF        __OS_Best_Priority, 0 
0x08DA	0x0A00      	XORLW       0
0x08DC	0xE101      	BNZ         L_main30
0x08DE	0xD007      	BRA         L_main15
L_main30:
L_main29:
___main__OS_SCHED_CONTINUE:
0x08E0	0x5056      	MOVF        __OS_CurTask+1, 0 
0x08E2	0x1859      	XORWF       __OS_LastTask+1, 0 
0x08E4	0xE102      	BNZ         L__main58
0x08E6	0x5058      	MOVF        __OS_LastTask, 0 
0x08E8	0x1855      	XORWF       __OS_CurTask, 0 
L__main58:
0x08EA	0xE001      	BZ          L__main51
0x08EC	0xD7A2      	BRA         L_main14
L__main51:
L_main15:
0x08EE	0xA84C      	BTFSS       __OS_Flags, 4 
0x08F0	0xD01C      	BRA         L_main33
0x08F2	0x964C      	BCF         __OS_Flags, 3 
0x08F4	0xF055C022  	MOVFF       __OS_BestTask, __OS_CurTask
0x08F8	0xF056C023  	MOVFF       __OS_BestTask+1, __OS_CurTask+1
0x08FC	0xF058C055  	MOVFF       __OS_CurTask, __OS_LastTask
0x0900	0xF059C056  	MOVFF       __OS_CurTask+1, __OS_LastTask+1
0x0904	0xFFE9C055  	MOVFF       __OS_CurTask, FSR0L
0x0908	0xFFEAC056  	MOVFF       __OS_CurTask+1, FSR0H
0x090C	0x0E01      	MOVLW       1
0x090E	0x6E00      	MOVWF       R0 
0x0910	0x0E4A      	MOVLW       __OS_State
0x0912	0x6EE1      	MOVWF       FSR1L 
0x0914	0x0E00      	MOVLW       hi_addr(__OS_State)
0x0916	0x6EE2      	MOVWF       FSR1H 
L_main34:
0x0918	0xFFE6CFEE  	MOVFF       POSTINC0, POSTINC1
0x091C	0x0600      	DECF        R0, 1 
0x091E	0xE1FC      	BNZ         L_main34
0x0920	0xAC4A      	BTFSS       __OS_State, 6 
0x0922	0xD003      	BRA         L_main37
0x0924	0xBE4A      	BTFSC       __OS_State, 7 
0x0926	0xD001      	BRA         L_main37
L__main50:
0x0928	0xD7B9      	BRA         ___main__OS_SCHED_RUN
L_main37:
L_main33:
___main_SCHED_END:
0x092A	0xD77B      	BRA         L_main11
;main.c,35 :: 		}
L_end_main:
0x092C	0xD7FF      	BRA         $+0
; end of _main
Symbol List:
//** Routines locations **
//ADDRESS    SIZE    PROCEDURE
//----------------------------------------------
0x0008     [464]    _INTERRUPT_HIGH
0x01D8      [10]    __OS_SET_FSR_CUR_TASK
0x01E2       [6]    _Delay_1us
0x01E8      [22]    _Delay_5500us
0x01FE      [10]    _Delay_50us
0x0208      [30]    __OS_ClrReadySetClrCanContinue
0x0226      [42]    __OS_CheckEvent
0x0250     [144]    __OS_Stimer_GetFree
0x02E0      [84]    __OS_Stimer_Free
0x0334       [6]    __OS_EnterWaitMode
0x033A     [150]    _Lcd_Init
0x03D0     [124]    _Lcd_Cmd
0x044C      [20]    __OS_ReturnSave
0x0460      [24]    __OS_JumpToTask
0x0478     [132]    __OS_Task_Create
0x04FC     [128]    _Task_LED0
0x057C      [80]    _Mul_16X16_U
0x05CC      [16]    ___CC2DW
0x05DC      [26]    _OS_Init
0x05F6     [278]    _Task_LED2
0x070C      [16]    _InitLCD
0x071C     [132]    _Task_LED1
0x07A0      [30]    _InitMCU
0x07BE      [22]    _TickTimerIE
0x07D4     [346]    _main
//** Variables locations ** 
//ADDRESS    SIZE    VARIABLE
//----------------------------------------------
0x0000       [1]    UART2_Init_tmp_L0
0x0000       [1]    EEPROM_Write_SaveINTCON_L0
0x0000       [1]    UART1_Init_tmp_L0
0x0000       [1]    R0
0x0001       [1]    R1
0x0001       [1]    OS_DI_temp_L0
0x0001       [2]    _OS_Task_Create_Task_L0
0x0001       [1]    UART1_Read___tmp_UART1_Read_L0
0x0001       [1]    UART2_Read___tmp_UART2_Read_L0
0x0002       [2]    strlen_cp_L0
0x0002       [2]    memset_pp_L0
0x0002       [2]    memchr_s_L0
0x0002       [1]    R2
0x0002       [2]    memcpy_dd_L0
0x0003       [1]    R3
0x0003       [2]    Ltrim_original_L0
0x0003       [2]    memmove_tt_L0
0x0003       [1]    _OS_Stimer_GetFree_n_L0
0x0004       [2]    strcat_cp_L0
0x0004       [1]    _OS_Stimer_GetFree_i_L0
0x0004       [2]    memcpy_ss_L0
0x0004       [1]    R4
0x0004       [2]    strncpy_cp_L0
0x0004       [2]    strncat_cp_L0
0x0004       [2]    strcpy_cp_L0
0x0005       [2]    memmove_ff_L0
0x0005       [2]    LongIntToHex_input_half_L0
0x0005       [2]    LongWordToHex_input_half_L0
0x0005       [2]    Ltrim_p_L0
0x0005       [1]    _OS_Stimer_GetFree_temp_L0
0x0005       [1]    R5
0x0006       [1]    R6
0x0006       [1]    _OS_Stimer_GetFree_mask_L0
0x0007       [1]    R7
0x0008       [1]    R8
0x0009       [1]    R9
0x000A       [1]    R10
0x000B       [1]    R11
0x000C       [1]    R12
0x000D       [1]    R13
0x000E       [1]    R14
0x000F       [1]    R15
0x0010       [1]    R16
0x0011       [1]    R17
0x0012       [1]    R18
0x0013       [1]    R19
0x0014       [1]    R20
0x0020       [1]    Task_LED2_stimer_id_L0
0x0021       [0]    __Lib_Lcd_cmd_status
0x0022       [2]    __OS_BestTask
0x0024       [1]    __OS_StimersFree
0x0025       [1]    __OS_Temp
0x0026      [36]    __OS_Tasks
0x004A       [1]    __OS_State
0x004B       [1]    __OS_Best_Priority
0x004C       [1]    __OS_Flags
0x004D       [8]    __OS_Stimers
0x0055       [2]    __OS_CurTask
0x0057       [1]    __OS_Bsems
0x0058       [2]    __OS_LastTask
0x005A       [1]    FARG__OS_Task_Create_priority
0x005B       [4]    FARG__OS_Task_Create_TaskAddr
0x005F       [1]    FARG_Lcd_Cmd_out_char
0x005F       [1]    FARG__OS_Stimer_Free_ID
0x005F       [1]    FARG__OS_Stimer_GetFree_bCreate
0x005F       [1]    FARG__OS_CheckEvent_bEvent
0x0060       [1]    INTERRUPT_HIGH__os_i_L3
0x0061       [1]    INTERRUPT_HIGH__os_i_L3_L3
0x0F38       [1]    ANSELA
0x0F39       [1]    ANSELB
0x0F3A       [1]    ANSELC
0x0F3B       [1]    ANSELD
0x0F3C       [1]    ANSELE
0x0F81       [0]    LCD_D6
0x0F81       [0]    LCD_D7
0x0F81       [0]    LCD_D5
0x0F81       [0]    LCD_EN
0x0F81       [0]    LCD_D4
0x0F81       [0]    LCD_RS
0x0F81       [0]    RB0_bit
0x0F81       [0]    RB2_bit
0x0F81       [0]    RB5_bit
0x0F81       [0]    RB4_bit
0x0F81       [0]    RB3_bit
0x0F81       [0]    RB1_bit
0x0F83       [1]    PORTD
0x0F84       [1]    PORTE
0x0F8C       [1]    LATD
0x0F93       [0]    TRISB1_bit
0x0F93       [0]    TRISB0_bit
0x0F93       [0]    LCD_RS_Direction
0x0F93       [0]    TRISB5_bit
0x0F93       [0]    LCD_D6_Direction
0x0F93       [0]    LCD_EN_Direction
0x0F93       [0]    LCD_D4_Direction
0x0F93       [0]    LCD_D5_Direction
0x0F93       [0]    TRISB3_bit
0x0F93       [0]    TRISB4_bit
0x0F93       [0]    LCD_D7_Direction
0x0F93       [0]    TRISB2_bit
0x0F95       [1]    TRISD
0x0F96       [1]    TRISE
0x0F9D       [0]    TMR2IE_bit
0x0F9E       [0]    TMR2IF_bit
0x0F9F       [0]    TMR2IP_bit
0x0FBA       [1]    T2CON
0x0FBB       [1]    PR2
0x0FD0       [1]    RCON
0x0FD0       [0]    IPEN_bit
0x0FD8       [1]    STATUS
0x0FD9       [1]    FSR2L
0x0FDA       [1]    FSR2H
0x0FDE       [1]    POSTINC2
0x0FE0       [1]    BSR
0x0FE1       [1]    FSR1L
0x0FE2       [1]    FSR1H
0x0FE4       [1]    PREINC1
0x0FE6       [1]    POSTINC1
0x0FE7       [1]    INDF1
0x0FE8       [1]    WREG
0x0FE9       [1]    FSR0L
0x0FE9       [2]    __fsr
0x0FEA       [1]    FSR0H
0x0FEC       [1]    __preinc
0x0FEE       [1]    __postinc
0x0FEE       [1]    POSTINC0
0x0FEF       [1]    __indf
0x0FF2       [0]    GIE_bit
0x0FF2       [1]    INTCON
0x0FF2       [0]    GIEL_bit
0x0FF3       [1]    PRODL
0x0FF4       [1]    PRODH
0x0FF5       [1]    TABLAT
0x0FF6       [1]    TBLPTRL
0x0FF7       [1]    TBLPTRH
0x0FF8       [1]    TBLPTRU
0x0FFD       [1]    __tosl
0x0FFE       [1]    __tosh
0x0FFF       [1]    __tosu
