;  LST file generated by mikroListExporter - v.2.0 
; Date/Time: 25/03/2019 10:36:43
;----------------------------------------------

;Address Opcode 	ASM
0x0000	0xF004EF7C  	GOTO        2296
_INTERRUPT_HIGH:
;main.c,7 :: 		void INTERRUPT_HIGH() iv 0x0008 ics ICS_AUTO {
0x0008	0xF01CC000  	MOVFF       R0, 28
0x000C	0xF01BC001  	MOVFF       R1, 27
0x0010	0xF01AC002  	MOVFF       R2, 26
0x0014	0xF019C003  	MOVFF       R3, 25
0x0018	0xF018C004  	MOVFF       R4, 24
0x001C	0xF017C005  	MOVFF       R5, 23
0x0020	0xF016C008  	MOVFF       R8, 22
0x0024	0xF015C009  	MOVFF       R9, 21
;main.c,10 :: 		if (TMR2IF_bit){
0x0028	0xF01FCFE1  	MOVFF       FSR1L, 31
0x002C	0xF020CFE2  	MOVFF       FSR1H, 32
0x0030	0xF01DCFE9  	MOVFF       FSR0L, 29
0x0034	0xF01ECFEA  	MOVFF       FSR0H, 30
0x0038	0xA29E      	BTFSS       TMR2IF_bit, BitPos(TMR2IF_bit+0) 
0x003A	0xD06B      	BRA         L_INTERRUPT_HIGH0
;main.c,11 :: 		TMR2IF_bit = 0;
0x003C	0x929E      	BCF         TMR2IF_bit, BitPos(TMR2IF_bit+0) 
;main.c,12 :: 		OS_Timer();
0x003E	0x0100      	MOVLB       0
0x0040	0x6B75      	CLRF        INTERRUPT_HIGH__os_i_L3, 1
L_INTERRUPT_HIGH1:
0x0042	0x0E04      	MOVLW       4
0x0044	0x5D75      	SUBWF       INTERRUPT_HIGH__os_i_L3, 0, 1
0x0046	0xE265      	BC          L_INTERRUPT_HIGH2
0x0048	0x0E09      	MOVLW       9
0x004A	0x6E00      	MOVWF       R0 
0x004C	0x0E00      	MOVLW       0
0x004E	0x6E01      	MOVWF       R1 
0x0050	0xF004C075  	MOVFF       INTERRUPT_HIGH__os_i_L3, R4
0x0054	0x0E00      	MOVLW       0
0x0056	0x6E05      	MOVWF       R5 
0x0058	0xDAD8      	RCALL       _Mul_16X16_U
0x005A	0x0E29      	MOVLW       __OS_Tasks
0x005C	0x2400      	ADDWF       R0, 0 
0x005E	0x6EE9      	MOVWF       FSR0L 
0x0060	0x0E00      	MOVLW       hi_addr(__OS_Tasks)
0x0062	0x2001      	ADDWFC      R1, 0 
0x0064	0x6EEA      	MOVWF       FSR0H 
0x0066	0xF000CFEE  	MOVFF       POSTINC0, R0
0x006A	0xA800      	BTFSS       R0, 4 
0x006C	0xD050      	BRA         L_INTERRUPT_HIGH4
0x006E	0x0E09      	MOVLW       9
0x0070	0x6E00      	MOVWF       R0 
0x0072	0x0E00      	MOVLW       0
0x0074	0x6E01      	MOVWF       R1 
0x0076	0xF004C075  	MOVFF       INTERRUPT_HIGH__os_i_L3, R4
0x007A	0x0E00      	MOVLW       0
0x007C	0x6E05      	MOVWF       R5 
0x007E	0xDAC5      	RCALL       _Mul_16X16_U
0x0080	0x0E29      	MOVLW       __OS_Tasks
0x0082	0x2600      	ADDWF       R0, 1 
0x0084	0x0E00      	MOVLW       hi_addr(__OS_Tasks)
0x0086	0x2201      	ADDWFC      R1, 1 
0x0088	0x0E05      	MOVLW       5
0x008A	0x2400      	ADDWF       R0, 0 
0x008C	0x6E04      	MOVWF       R4 
0x008E	0x0E00      	MOVLW       0
0x0090	0x2001      	ADDWFC      R1, 0 
0x0092	0x6E05      	MOVWF       R5 
0x0094	0xFFE9C004  	MOVFF       R4, FSR0L
0x0098	0xFFEAC005  	MOVFF       R5, FSR0H
0x009C	0x0E01      	MOVLW       1
0x009E	0x24EE      	ADDWF       POSTINC0, 0 
0x00A0	0x6E00      	MOVWF       R0 
0x00A2	0x0E00      	MOVLW       0
0x00A4	0x20EE      	ADDWFC      POSTINC0, 0 
0x00A6	0x6E01      	MOVWF       R1 
0x00A8	0x0E00      	MOVLW       0
0x00AA	0x20EE      	ADDWFC      POSTINC0, 0 
0x00AC	0x6E02      	MOVWF       R2 
0x00AE	0x0E00      	MOVLW       0
0x00B0	0x20EE      	ADDWFC      POSTINC0, 0 
0x00B2	0x6E03      	MOVWF       R3 
0x00B4	0xFFE1C004  	MOVFF       R4, FSR1L
0x00B8	0xFFE2C005  	MOVFF       R5, FSR1H
0x00BC	0xFFE6C000  	MOVFF       R0, POSTINC1
0x00C0	0xFFE6C001  	MOVFF       R1, POSTINC1
0x00C4	0xFFE6C002  	MOVFF       R2, POSTINC1
0x00C8	0xFFE6C003  	MOVFF       R3, POSTINC1
0x00CC	0xFFE9C004  	MOVFF       R4, FSR0L
0x00D0	0xFFEAC005  	MOVFF       R5, FSR0H
0x00D4	0xF000CFEE  	MOVFF       POSTINC0, R0
0x00D8	0xF001CFEE  	MOVFF       POSTINC0, R1
0x00DC	0xF002CFEE  	MOVFF       POSTINC0, R2
0x00E0	0xF003CFEE  	MOVFF       POSTINC0, R3
0x00E4	0x5000      	MOVF        R0, 0 
0x00E6	0x1001      	IORWF       R1, 0 
0x00E8	0x1002      	IORWF       R2, 0 
0x00EA	0x1003      	IORWF       R3, 0 
0x00EC	0xE110      	BNZ         L_INTERRUPT_HIGH5
0x00EE	0x0E09      	MOVLW       9
0x00F0	0x6E00      	MOVWF       R0 
0x00F2	0x0E00      	MOVLW       0
0x00F4	0x6E01      	MOVWF       R1 
0x00F6	0xF004C075  	MOVFF       INTERRUPT_HIGH__os_i_L3, R4
0x00FA	0x0E00      	MOVLW       0
0x00FC	0x6E05      	MOVWF       R5 
0x00FE	0xDA85      	RCALL       _Mul_16X16_U
0x0100	0x0E29      	MOVLW       __OS_Tasks
0x0102	0x2400      	ADDWF       R0, 0 
0x0104	0x6EE1      	MOVWF       FSR1L 
0x0106	0x0E00      	MOVLW       hi_addr(__OS_Tasks)
0x0108	0x2001      	ADDWFC      R1, 0 
0x010A	0x6EE2      	MOVWF       FSR1H 
0x010C	0x98E6      	BCF         POSTINC1, 4 
L_INTERRUPT_HIGH5:
L_INTERRUPT_HIGH4:
0x010E	0x2B75      	INCF        INTERRUPT_HIGH__os_i_L3, 1, 1
0x0110	0xD798      	BRA         L_INTERRUPT_HIGH1
L_INTERRUPT_HIGH2:
;main.c,13 :: 		}
L_INTERRUPT_HIGH0:
;main.c,15 :: 		}
L_end_INTERRUPT_HIGH:
L__INTERRUPT_HIGH61:
0x0112	0xF000C01C  	MOVFF       28, R0
0x0116	0xF001C01B  	MOVFF       27, R1
0x011A	0xF002C01A  	MOVFF       26, R2
0x011E	0xF003C019  	MOVFF       25, R3
0x0122	0xF004C018  	MOVFF       24, R4
0x0126	0xF005C017  	MOVFF       23, R5
0x012A	0xF008C016  	MOVFF       22, R8
0x012E	0xF009C015  	MOVFF       21, R9
0x0132	0xFFE9C01D  	MOVFF       29, FSR0L
0x0136	0xFFEAC01E  	MOVFF       30, FSR0H
0x013A	0xFFE1C01F  	MOVFF       31, FSR1L
0x013E	0xFFE2C020  	MOVFF       32, FSR1H
0x0142	0x0011      	RETFIE      1
; end of _INTERRUPT_HIGH
_Delay_50us:
;__Lib_Delays.c,19 :: 		void Delay_50us() {
;__Lib_Delays.c,20 :: 		Delay_us(50);
0x0144	0x0E21      	MOVLW       33
0x0146	0x6E0D      	MOVWF       R13, 0
L_Delay_50us2:
0x0148	0x2E0D      	DECFSZ      R13, 1, 0
0x014A	0xD7FE      	BRA         L_Delay_50us2
;__Lib_Delays.c,21 :: 		}
L_end_Delay_50us:
0x014C	0x0012      	RETURN      0
; end of _Delay_50us
_Delay_5500us:
;__Lib_Delays.c,31 :: 		void Delay_5500us() {
;__Lib_Delays.c,32 :: 		Delay_us(5500);
0x014E	0x0E0F      	MOVLW       15
0x0150	0x6E0C      	MOVWF       R12, 0
0x0152	0x0E47      	MOVLW       71
0x0154	0x6E0D      	MOVWF       R13, 0
L_Delay_5500us5:
0x0156	0x2E0D      	DECFSZ      R13, 1, 0
0x0158	0xD7FE      	BRA         L_Delay_5500us5
0x015A	0x2E0C      	DECFSZ      R12, 1, 0
0x015C	0xD7FC      	BRA         L_Delay_5500us5
0x015E	0x0000      	NOP
0x0160	0x0000      	NOP
;__Lib_Delays.c,33 :: 		}
L_end_Delay_5500us:
0x0162	0x0012      	RETURN      0
; end of _Delay_5500us
_Delay_1us:
;__Lib_Delays.c,7 :: 		void Delay_1us() {
;__Lib_Delays.c,8 :: 		Delay_us(1);
0x0164	0x0000      	NOP
0x0166	0x0000      	NOP
;__Lib_Delays.c,9 :: 		}
L_end_Delay_1us:
0x0168	0x0012      	RETURN      0
; end of _Delay_1us
_Lcd_Cmd:
;__Lib_Lcd.c,18 :: 		
;__Lib_Lcd.c,20 :: 		
0x016A	0x0100      	MOVLB       0
0x016C	0xBF74      	BTFSC       FARG_Lcd_Cmd_out_char, 7, 1
0x016E	0xD002      	BRA         L__Lcd_Cmd21
0x0170	0x9681      	BCF         LCD_D7, BitPos(LCD_D7+0) 
0x0172	0xD001      	BRA         L__Lcd_Cmd22
L__Lcd_Cmd21:
0x0174	0x8681      	BSF         LCD_D7, BitPos(LCD_D7+0) 
L__Lcd_Cmd22:
;__Lib_Lcd.c,21 :: 		
0x0176	0xBD74      	BTFSC       FARG_Lcd_Cmd_out_char, 6, 1
0x0178	0xD002      	BRA         L__Lcd_Cmd23
0x017A	0x9481      	BCF         LCD_D6, BitPos(LCD_D6+0) 
0x017C	0xD001      	BRA         L__Lcd_Cmd24
L__Lcd_Cmd23:
0x017E	0x8481      	BSF         LCD_D6, BitPos(LCD_D6+0) 
L__Lcd_Cmd24:
;__Lib_Lcd.c,22 :: 		
0x0180	0xBB74      	BTFSC       FARG_Lcd_Cmd_out_char, 5, 1
0x0182	0xD002      	BRA         L__Lcd_Cmd25
0x0184	0x9281      	BCF         LCD_D5, BitPos(LCD_D5+0) 
0x0186	0xD001      	BRA         L__Lcd_Cmd26
L__Lcd_Cmd25:
0x0188	0x8281      	BSF         LCD_D5, BitPos(LCD_D5+0) 
L__Lcd_Cmd26:
;__Lib_Lcd.c,23 :: 		
0x018A	0xB974      	BTFSC       FARG_Lcd_Cmd_out_char, 4, 1
0x018C	0xD002      	BRA         L__Lcd_Cmd27
0x018E	0x9081      	BCF         LCD_D4, BitPos(LCD_D4+0) 
0x0190	0xD001      	BRA         L__Lcd_Cmd28
L__Lcd_Cmd27:
0x0192	0x8081      	BSF         LCD_D4, BitPos(LCD_D4+0) 
L__Lcd_Cmd28:
;__Lib_Lcd.c,25 :: 		
0x0194	0xB160      	BTFSC       __Lib_Lcd_cmd_status, BitPos(__Lib_Lcd_cmd_status+0), 1
0x0196	0xD002      	BRA         L__Lcd_Cmd29
0x0198	0x8881      	BSF         LCD_RS, BitPos(LCD_RS+0) 
0x019A	0xD001      	BRA         L__Lcd_Cmd30
L__Lcd_Cmd29:
0x019C	0x9881      	BCF         LCD_RS, BitPos(LCD_RS+0) 
L__Lcd_Cmd30:
;__Lib_Lcd.c,28 :: 		
0x019E	0x8A81      	BSF         LCD_EN, BitPos(LCD_EN+0) 
;__Lib_Lcd.c,29 :: 		
0x01A0	0xDFE1      	RCALL       _Delay_1us
;__Lib_Lcd.c,30 :: 		
0x01A2	0x9A81      	BCF         LCD_EN, BitPos(LCD_EN+0) 
;__Lib_Lcd.c,33 :: 		
0x01A4	0xB774      	BTFSC       FARG_Lcd_Cmd_out_char, 3, 1
0x01A6	0xD002      	BRA         L__Lcd_Cmd31
0x01A8	0x9681      	BCF         LCD_D7, BitPos(LCD_D7+0) 
0x01AA	0xD001      	BRA         L__Lcd_Cmd32
L__Lcd_Cmd31:
0x01AC	0x8681      	BSF         LCD_D7, BitPos(LCD_D7+0) 
L__Lcd_Cmd32:
;__Lib_Lcd.c,34 :: 		
0x01AE	0xB574      	BTFSC       FARG_Lcd_Cmd_out_char, 2, 1
0x01B0	0xD002      	BRA         L__Lcd_Cmd33
0x01B2	0x9481      	BCF         LCD_D6, BitPos(LCD_D6+0) 
0x01B4	0xD001      	BRA         L__Lcd_Cmd34
L__Lcd_Cmd33:
0x01B6	0x8481      	BSF         LCD_D6, BitPos(LCD_D6+0) 
L__Lcd_Cmd34:
;__Lib_Lcd.c,35 :: 		
0x01B8	0xB374      	BTFSC       FARG_Lcd_Cmd_out_char, 1, 1
0x01BA	0xD002      	BRA         L__Lcd_Cmd35
0x01BC	0x9281      	BCF         LCD_D5, BitPos(LCD_D5+0) 
0x01BE	0xD001      	BRA         L__Lcd_Cmd36
L__Lcd_Cmd35:
0x01C0	0x8281      	BSF         LCD_D5, BitPos(LCD_D5+0) 
L__Lcd_Cmd36:
;__Lib_Lcd.c,36 :: 		
0x01C2	0xB174      	BTFSC       FARG_Lcd_Cmd_out_char, 0, 1
0x01C4	0xD002      	BRA         L__Lcd_Cmd37
0x01C6	0x9081      	BCF         LCD_D4, BitPos(LCD_D4+0) 
0x01C8	0xD001      	BRA         L__Lcd_Cmd38
L__Lcd_Cmd37:
0x01CA	0x8081      	BSF         LCD_D4, BitPos(LCD_D4+0) 
L__Lcd_Cmd38:
;__Lib_Lcd.c,38 :: 		
0x01CC	0xB160      	BTFSC       __Lib_Lcd_cmd_status, BitPos(__Lib_Lcd_cmd_status+0), 1
0x01CE	0xD002      	BRA         L__Lcd_Cmd39
0x01D0	0x8881      	BSF         LCD_RS, BitPos(LCD_RS+0) 
0x01D2	0xD001      	BRA         L__Lcd_Cmd40
L__Lcd_Cmd39:
0x01D4	0x9881      	BCF         LCD_RS, BitPos(LCD_RS+0) 
L__Lcd_Cmd40:
;__Lib_Lcd.c,40 :: 		
0x01D6	0x8A81      	BSF         LCD_EN, BitPos(LCD_EN+0) 
;__Lib_Lcd.c,41 :: 		
0x01D8	0xDFC5      	RCALL       _Delay_1us
;__Lib_Lcd.c,42 :: 		
0x01DA	0x9A81      	BCF         LCD_EN, BitPos(LCD_EN+0) 
;__Lib_Lcd.c,44 :: 		
0x01DC	0xA160      	BTFSS       __Lib_Lcd_cmd_status, BitPos(__Lib_Lcd_cmd_status+0), 1
0x01DE	0xD002      	BRA         L_Lcd_Cmd0
;__Lib_Lcd.c,45 :: 		
0x01E0	0xDFB6      	RCALL       _Delay_5500us
0x01E2	0xD001      	BRA         L_Lcd_Cmd1
L_Lcd_Cmd0:
;__Lib_Lcd.c,47 :: 		
0x01E4	0xDFAF      	RCALL       _Delay_50us
L_Lcd_Cmd1:
;__Lib_Lcd.c,48 :: 		
L_end_Lcd_Cmd:
0x01E6	0x0012      	RETURN      0
; end of _Lcd_Cmd
__OS_SET_FSR_CUR_TASK:
;osa_pic18_mikroc.c,242 :: 		
;osa_pic18_mikroc.c,244 :: 		
0x01E8	0xFFE9C026  	MOVFF       __OS_CurTask, FSR0L
0x01EC	0xFFEAC027  	MOVFF       __OS_CurTask+1, FSR0H
;osa_pic18_mikroc.c,245 :: 		
L_end__OS_SET_FSR_CUR_TASK:
0x01F0	0x0012      	RETURN      0
; end of __OS_SET_FSR_CUR_TASK
_Lcd_Chr_CP:
;__Lib_Lcd.c,50 :: 		
;__Lib_Lcd.c,52 :: 		
0x01F2	0x0100      	MOVLB       0
0x01F4	0x9160      	BCF         __Lib_Lcd_cmd_status, BitPos(__Lib_Lcd_cmd_status+0), 1
;__Lib_Lcd.c,53 :: 		
0x01F6	0xF074C073  	MOVFF       FARG_Lcd_Chr_CP_out_char, FARG_Lcd_Cmd_out_char
0x01FA	0xDFB7      	RCALL       _Lcd_Cmd
;__Lib_Lcd.c,54 :: 		
0x01FC	0x8160      	BSF         __Lib_Lcd_cmd_status, BitPos(__Lib_Lcd_cmd_status+0), 1
;__Lib_Lcd.c,55 :: 		
L_end_Lcd_Chr_CP:
0x01FE	0x0012      	RETURN      0
; end of _Lcd_Chr_CP
_Div_16X16_U:
;__Lib_Math.c,102 :: 		
;__Lib_Math.c,109 :: 		
0x0200	0x6A08      	CLRF        R8, 0
;__Lib_Math.c,110 :: 		
0x0202	0x6A09      	CLRF        R9, 0
;__Lib_Math.c,111 :: 		
0x0204	0x0E10      	MOVLW       16
;__Lib_Math.c,112 :: 		
0x0206	0x6E0C      	MOVWF       R12, 0
;__Lib_Math.c,113 :: 		
0x0208	0x3401      	RLCF        R1, 0, 0
;__Lib_Math.c,114 :: 		
0x020A	0x3608      	RLCF        R8, 1, 0
;__Lib_Math.c,115 :: 		
0x020C	0x3609      	RLCF        R9, 1, 0
;__Lib_Math.c,116 :: 		
0x020E	0x5004      	MOVF        R4, 0, 0
;__Lib_Math.c,117 :: 		
0x0210	0x5E08      	SUBWF       R8, 1, 0
;__Lib_Math.c,118 :: 		
0x0212	0x5005      	MOVF        R5, 0, 0
;__Lib_Math.c,119 :: 		
0x0214	0xA0D8      	BTFSS       STATUS, 0, 0
;__Lib_Math.c,120 :: 		
0x0216	0x3C05      	INCFSZ      R5, 0, 0
;__Lib_Math.c,121 :: 		
0x0218	0x5E09      	SUBWF       R9, 1, 0
;__Lib_Math.c,122 :: 		
0x021A	0xB0D8      	BTFSC       STATUS, 0, 0
;__Lib_Math.c,123 :: 		
0x021C	0xD007      	BRA         $+16
;__Lib_Math.c,124 :: 		
0x021E	0x5004      	MOVF        R4, 0, 0
;__Lib_Math.c,125 :: 		
0x0220	0x2608      	ADDWF       R8, 1, 0
;__Lib_Math.c,126 :: 		
0x0222	0x5005      	MOVF        R5, 0, 0
;__Lib_Math.c,127 :: 		
0x0224	0xB0D8      	BTFSC       STATUS, 0, 0
;__Lib_Math.c,128 :: 		
0x0226	0x3C05      	INCFSZ      R5, 0, 0
;__Lib_Math.c,129 :: 		
0x0228	0x2609      	ADDWF       R9, 1, 0
;__Lib_Math.c,130 :: 		
0x022A	0x90D8      	BCF         STATUS, 0, 0
;__Lib_Math.c,131 :: 		
0x022C	0x3600      	RLCF        R0, 1, 0
;__Lib_Math.c,132 :: 		
0x022E	0x3601      	RLCF        R1, 1, 0
;__Lib_Math.c,133 :: 		
0x0230	0x2E0C      	DECFSZ      R12, 1, 0
;__Lib_Math.c,134 :: 		
0x0232	0xD7EA      	BRA         $-42
;__Lib_Math.c,136 :: 		
L_end_Div_16X16_U:
0x0234	0x0012      	RETURN      0
; end of _Div_16X16_U
__OS_ClrReadySetClrCanContinue:
;osa_pic18_mikroc.c,207 :: 		
;osa_pic18_mikroc.c,209 :: 		
0x0236	0x0006      	POP
;osa_pic18_mikroc.c,211 :: 		
0x0238	0x9050      	BCF         __OS_Flags, 0 
;osa_pic18_mikroc.c,213 :: 		
0x023A	0xDFD6      	RCALL       __OS_SET_FSR_CUR_TASK
;osa_pic18_mikroc.c,214 :: 		
0x023C	0xFFECCFFD  	MOVFF       TOSL, PREINC0
0x0240	0xFFECCFFE  	MOVFF       TOSH, PREINC0
0x0244	0xFFECCFFF  	MOVFF       TOSU, PREINC0
;osa_pic18_mikroc.c,215 :: 		
0x0248	0x9628      	BCF         __OS_State, 3 
;osa_pic18_mikroc.c,218 :: 		
0x024A	0xA828      	BTFSS       __OS_State, 4 
0x024C	0x9A28      	BCF         __OS_State, 5 
L__OS_ClrReadySetClrCanContinue0:
;osa_pic18_mikroc.c,219 :: 		
0x024E	0xB052      	BTFSC       __OS_Temp, 0 
0x0250	0x8A28      	BSF         __OS_State, 5 
L__OS_ClrReadySetClrCanContinue1:
;osa_pic18_mikroc.c,222 :: 		
L_end__OS_ClrReadySetClrCanContinue:
0x0252	0x0012      	RETURN      0
; end of __OS_ClrReadySetClrCanContinue
_Delay_22us:
;__Lib_Delays.c,15 :: 		void Delay_22us() {
;__Lib_Delays.c,16 :: 		Delay_us(22);
0x0254	0x0E0E      	MOVLW       14
0x0256	0x6E0D      	MOVWF       R13, 0
L_Delay_22us1:
0x0258	0x2E0D      	DECFSZ      R13, 1, 0
0x025A	0xD7FE      	BRA         L_Delay_22us1
0x025C	0x0000      	NOP
;__Lib_Delays.c,17 :: 		}
L_end_Delay_22us:
0x025E	0x0012      	RETURN      0
; end of _Delay_22us
_Lcd_Out:
;__Lib_Lcd.c,184 :: 		
;__Lib_Lcd.c,187 :: 		
0x0260	0xD010      	BRA         L_Lcd_Out11
;__Lib_Lcd.c,188 :: 		
L_Lcd_Out13:
0x0262	0x0E80      	MOVLW       128
0x0264	0x0100      	MOVLB       0
0x0266	0x6F6C      	MOVWF       FARG_Lcd_Out_row, 1
0x0268	0xD01A      	BRA         L_Lcd_Out12
;__Lib_Lcd.c,189 :: 		
L_Lcd_Out14:
0x026A	0x0EC0      	MOVLW       192
0x026C	0x6F6C      	MOVWF       FARG_Lcd_Out_row, 1
0x026E	0xD017      	BRA         L_Lcd_Out12
;__Lib_Lcd.c,190 :: 		
L_Lcd_Out15:
0x0270	0x0E94      	MOVLW       148
0x0272	0x6F6C      	MOVWF       FARG_Lcd_Out_row, 1
0x0274	0xD014      	BRA         L_Lcd_Out12
;__Lib_Lcd.c,191 :: 		
L_Lcd_Out16:
0x0276	0x0ED4      	MOVLW       212
0x0278	0x6F6C      	MOVWF       FARG_Lcd_Out_row, 1
0x027A	0xD011      	BRA         L_Lcd_Out12
;__Lib_Lcd.c,192 :: 		
L_Lcd_Out17:
0x027C	0x0E80      	MOVLW       128
0x027E	0x6F6C      	MOVWF       FARG_Lcd_Out_row, 1
;__Lib_Lcd.c,193 :: 		
0x0280	0xD00E      	BRA         L_Lcd_Out12
L_Lcd_Out11:
0x0282	0x0100      	MOVLB       0
0x0284	0x516C      	MOVF        FARG_Lcd_Out_row, 0, 1
0x0286	0x0A01      	XORLW       1
0x0288	0xE0EC      	BZ          L_Lcd_Out13
0x028A	0x516C      	MOVF        FARG_Lcd_Out_row, 0, 1
0x028C	0x0A02      	XORLW       2
0x028E	0xE0ED      	BZ          L_Lcd_Out14
0x0290	0x516C      	MOVF        FARG_Lcd_Out_row, 0, 1
0x0292	0x0A03      	XORLW       3
0x0294	0xE0ED      	BZ          L_Lcd_Out15
0x0296	0x516C      	MOVF        FARG_Lcd_Out_row, 0, 1
0x0298	0x0A04      	XORLW       4
0x029A	0xE0ED      	BZ          L_Lcd_Out16
0x029C	0xD7EF      	BRA         L_Lcd_Out17
L_Lcd_Out12:
;__Lib_Lcd.c,194 :: 		
0x029E	0x056D      	DECF        FARG_Lcd_Out_column, 0, 1
0x02A0	0x6E00      	MOVWF       R0 
0x02A2	0x516C      	MOVF        FARG_Lcd_Out_row, 0, 1
0x02A4	0x2600      	ADDWF       R0, 1 
0x02A6	0xF06CC000  	MOVFF       R0, FARG_Lcd_Out_row
;__Lib_Lcd.c,196 :: 		
0x02AA	0xF074C000  	MOVFF       R0, FARG_Lcd_Cmd_out_char
0x02AE	0xDF5D      	RCALL       _Lcd_Cmd
;__Lib_Lcd.c,197 :: 		
0x02B0	0x9160      	BCF         __Lib_Lcd_cmd_status, BitPos(__Lib_Lcd_cmd_status+0), 1
;__Lib_Lcd.c,198 :: 		
0x02B2	0x6B70      	CLRF        Lcd_Out_i_L0, 1
;__Lib_Lcd.c,199 :: 		
L_Lcd_Out18:
0x02B4	0x5170      	MOVF        Lcd_Out_i_L0, 0, 1
0x02B6	0x256E      	ADDWF       FARG_Lcd_Out_text, 0, 1
0x02B8	0x6EE9      	MOVWF       FSR0L 
0x02BA	0x0E00      	MOVLW       0
0x02BC	0x216F      	ADDWFC      FARG_Lcd_Out_text+1, 0, 1
0x02BE	0x6EEA      	MOVWF       FSR0H 
0x02C0	0x52EE      	MOVF        POSTINC0, 1 
0x02C2	0xE00B      	BZ          L_Lcd_Out19
;__Lib_Lcd.c,200 :: 		
0x02C4	0x5170      	MOVF        Lcd_Out_i_L0, 0, 1
0x02C6	0x256E      	ADDWF       FARG_Lcd_Out_text, 0, 1
0x02C8	0x6EE9      	MOVWF       FSR0L 
0x02CA	0x0E00      	MOVLW       0
0x02CC	0x216F      	ADDWFC      FARG_Lcd_Out_text+1, 0, 1
0x02CE	0x6EEA      	MOVWF       FSR0H 
0x02D0	0xF073CFEE  	MOVFF       POSTINC0, FARG_Lcd_Chr_CP_out_char
0x02D4	0xDF8E      	RCALL       _Lcd_Chr_CP
0x02D6	0x2B70      	INCF        Lcd_Out_i_L0, 1, 1
0x02D8	0xD7ED      	BRA         L_Lcd_Out18
L_Lcd_Out19:
;__Lib_Lcd.c,201 :: 		
0x02DA	0x8160      	BSF         __Lib_Lcd_cmd_status, BitPos(__Lib_Lcd_cmd_status+0), 1
;__Lib_Lcd.c,202 :: 		
L_end_Lcd_Out:
0x02DC	0x0012      	RETURN      0
; end of _Lcd_Out
_WordToStr:
;__Lib_Conversions.c,98 :: 		
;__Lib_Conversions.c,103 :: 		
0x02DE	0x0100      	MOVLB       0
0x02E0	0x6B70      	CLRF        WordToStr_len_L0, 1
L_WordToStr11:
0x02E2	0x0E05      	MOVLW       5
0x02E4	0x5D70      	SUBWF       WordToStr_len_L0, 0, 1
0x02E6	0xE20A      	BC          L_WordToStr12
;__Lib_Conversions.c,104 :: 		
0x02E8	0x5170      	MOVF        WordToStr_len_L0, 0, 1
0x02EA	0x256E      	ADDWF       FARG_WordToStr_output, 0, 1
0x02EC	0x6EE1      	MOVWF       FSR1L 
0x02EE	0x0E00      	MOVLW       0
0x02F0	0x216F      	ADDWFC      FARG_WordToStr_output+1, 0, 1
0x02F2	0x6EE2      	MOVWF       FSR1H 
0x02F4	0x0E20      	MOVLW       32
0x02F6	0x6EE6      	MOVWF       POSTINC1 
;__Lib_Conversions.c,103 :: 		
0x02F8	0x2B70      	INCF        WordToStr_len_L0, 1, 1
;__Lib_Conversions.c,104 :: 		
0x02FA	0xD7F3      	BRA         L_WordToStr11
L_WordToStr12:
;__Lib_Conversions.c,105 :: 		
0x02FC	0x5170      	MOVF        WordToStr_len_L0, 0, 1
0x02FE	0x256E      	ADDWF       FARG_WordToStr_output, 0, 1
0x0300	0x6EE1      	MOVWF       FSR1L 
0x0302	0x0E00      	MOVLW       0
0x0304	0x216F      	ADDWFC      FARG_WordToStr_output+1, 0, 1
0x0306	0x6EE2      	MOVWF       FSR1H 
0x0308	0x6AE6      	CLRF        POSTINC1 
0x030A	0x0770      	DECF        WordToStr_len_L0, 1, 1
;__Lib_Conversions.c,107 :: 		
L_WordToStr14:
;__Lib_Conversions.c,108 :: 		
0x030C	0x5170      	MOVF        WordToStr_len_L0, 0, 1
0x030E	0x256E      	ADDWF       FARG_WordToStr_output, 0, 1
0x0310	0x6F71      	MOVWF       FLOC__WordToStr, 1
0x0312	0x0E00      	MOVLW       0
0x0314	0x216F      	ADDWFC      FARG_WordToStr_output+1, 0, 1
0x0316	0x6F72      	MOVWF       FLOC__WordToStr+1, 1
0x0318	0x0E0A      	MOVLW       10
0x031A	0x6E04      	MOVWF       R4 
0x031C	0x0E00      	MOVLW       0
0x031E	0x6E05      	MOVWF       R5 
0x0320	0xF000C06C  	MOVFF       FARG_WordToStr_input, R0
0x0324	0xF001C06D  	MOVFF       FARG_WordToStr_input+1, R1
0x0328	0xDF6B      	RCALL       _Div_16X16_U
0x032A	0xF000C008  	MOVFF       R8, R0
0x032E	0xF001C009  	MOVFF       R9, R1
0x0332	0x0E30      	MOVLW       48
0x0334	0x2600      	ADDWF       R0, 1 
0x0336	0xFFE1C071  	MOVFF       FLOC__WordToStr, FSR1L
0x033A	0xFFE2C072  	MOVFF       FLOC__WordToStr+1, FSR1H
0x033E	0xFFE6C000  	MOVFF       R0, POSTINC1
;__Lib_Conversions.c,109 :: 		
0x0342	0x0E0A      	MOVLW       10
0x0344	0x6E04      	MOVWF       R4 
0x0346	0x0E00      	MOVLW       0
0x0348	0x6E05      	MOVWF       R5 
0x034A	0xF000C06C  	MOVFF       FARG_WordToStr_input, R0
0x034E	0xF001C06D  	MOVFF       FARG_WordToStr_input+1, R1
0x0352	0xDF56      	RCALL       _Div_16X16_U
0x0354	0xF06CC000  	MOVFF       R0, FARG_WordToStr_input
0x0358	0xF06DC001  	MOVFF       R1, FARG_WordToStr_input+1
;__Lib_Conversions.c,110 :: 		
0x035C	0x0E00      	MOVLW       0
0x035E	0x1801      	XORWF       R1, 0 
0x0360	0xE102      	BNZ         L__WordToStr159
0x0362	0x0E00      	MOVLW       0
0x0364	0x1800      	XORWF       R0, 0 
L__WordToStr159:
0x0366	0xE101      	BNZ         L_WordToStr16
;__Lib_Conversions.c,111 :: 		
0x0368	0xD002      	BRA         L_WordToStr15
L_WordToStr16:
;__Lib_Conversions.c,112 :: 		
0x036A	0x0770      	DECF        WordToStr_len_L0, 1, 1
;__Lib_Conversions.c,113 :: 		
0x036C	0xD7CF      	BRA         L_WordToStr14
L_WordToStr15:
;__Lib_Conversions.c,114 :: 		
L_end_WordToStr:
0x036E	0x0012      	RETURN      0
; end of _WordToStr
_Lcd_Init:
;__Lib_Lcd.c,84 :: 		
;__Lib_Lcd.c,86 :: 		
0x0370	0x9A93      	BCF         LCD_EN_Direction, BitPos(LCD_EN_Direction+0) 
;__Lib_Lcd.c,87 :: 		
0x0372	0x9893      	BCF         LCD_RS_Direction, BitPos(LCD_RS_Direction+0) 
;__Lib_Lcd.c,88 :: 		
0x0374	0x9093      	BCF         LCD_D4_Direction, BitPos(LCD_D4_Direction+0) 
;__Lib_Lcd.c,89 :: 		
0x0376	0x9293      	BCF         LCD_D5_Direction, BitPos(LCD_D5_Direction+0) 
;__Lib_Lcd.c,90 :: 		
0x0378	0x9493      	BCF         LCD_D6_Direction, BitPos(LCD_D6_Direction+0) 
;__Lib_Lcd.c,91 :: 		
0x037A	0x9693      	BCF         LCD_D7_Direction, BitPos(LCD_D7_Direction+0) 
;__Lib_Lcd.c,93 :: 		
0x037C	0x9A81      	BCF         LCD_EN, BitPos(LCD_EN+0) 
;__Lib_Lcd.c,94 :: 		
0x037E	0x9881      	BCF         LCD_RS, BitPos(LCD_RS+0) 
;__Lib_Lcd.c,95 :: 		
0x0380	0x9681      	BCF         LCD_D7, BitPos(LCD_D7+0) 
;__Lib_Lcd.c,96 :: 		
0x0382	0x9481      	BCF         LCD_D6, BitPos(LCD_D6+0) 
;__Lib_Lcd.c,97 :: 		
0x0384	0x9281      	BCF         LCD_D5, BitPos(LCD_D5+0) 
;__Lib_Lcd.c,98 :: 		
0x0386	0x9081      	BCF         LCD_D4, BitPos(LCD_D4+0) 
;__Lib_Lcd.c,100 :: 		
0x0388	0xDEE2      	RCALL       _Delay_5500us
;__Lib_Lcd.c,101 :: 		
0x038A	0xDEE1      	RCALL       _Delay_5500us
;__Lib_Lcd.c,102 :: 		
0x038C	0xDEE0      	RCALL       _Delay_5500us
;__Lib_Lcd.c,105 :: 		
0x038E	0x8281      	BSF         LCD_D5, BitPos(LCD_D5+0) 
;__Lib_Lcd.c,106 :: 		
0x0390	0x8081      	BSF         LCD_D4, BitPos(LCD_D4+0) 
;__Lib_Lcd.c,107 :: 		
0x0392	0x8A81      	BSF         LCD_EN, BitPos(LCD_EN+0) 
;__Lib_Lcd.c,108 :: 		
0x0394	0xDEE7      	RCALL       _Delay_1us
;__Lib_Lcd.c,109 :: 		
0x0396	0x9A81      	BCF         LCD_EN, BitPos(LCD_EN+0) 
;__Lib_Lcd.c,110 :: 		
0x0398	0xDEDA      	RCALL       _Delay_5500us
;__Lib_Lcd.c,112 :: 		
0x039A	0x8A81      	BSF         LCD_EN, BitPos(LCD_EN+0) 
;__Lib_Lcd.c,113 :: 		
0x039C	0xDEE3      	RCALL       _Delay_1us
;__Lib_Lcd.c,114 :: 		
0x039E	0x9A81      	BCF         LCD_EN, BitPos(LCD_EN+0) 
;__Lib_Lcd.c,115 :: 		
0x03A0	0xDED6      	RCALL       _Delay_5500us
;__Lib_Lcd.c,117 :: 		
0x03A2	0x8A81      	BSF         LCD_EN, BitPos(LCD_EN+0) 
;__Lib_Lcd.c,118 :: 		
0x03A4	0xDEDF      	RCALL       _Delay_1us
;__Lib_Lcd.c,119 :: 		
0x03A6	0x9A81      	BCF         LCD_EN, BitPos(LCD_EN+0) 
;__Lib_Lcd.c,120 :: 		
0x03A8	0xDED2      	RCALL       _Delay_5500us
;__Lib_Lcd.c,123 :: 		
0x03AA	0x9081      	BCF         LCD_D4, BitPos(LCD_D4+0) 
;__Lib_Lcd.c,124 :: 		
0x03AC	0x8A81      	BSF         LCD_EN, BitPos(LCD_EN+0) 
;__Lib_Lcd.c,125 :: 		
0x03AE	0xDEDA      	RCALL       _Delay_1us
;__Lib_Lcd.c,126 :: 		
0x03B0	0x9A81      	BCF         LCD_EN, BitPos(LCD_EN+0) 
;__Lib_Lcd.c,127 :: 		
0x03B2	0xDECD      	RCALL       _Delay_5500us
;__Lib_Lcd.c,130 :: 		
0x03B4	0x8A81      	BSF         LCD_EN, BitPos(LCD_EN+0) 
;__Lib_Lcd.c,131 :: 		
0x03B6	0xDED6      	RCALL       _Delay_1us
;__Lib_Lcd.c,132 :: 		
0x03B8	0x9A81      	BCF         LCD_EN, BitPos(LCD_EN+0) 
;__Lib_Lcd.c,134 :: 		
0x03BA	0x9281      	BCF         LCD_D5, BitPos(LCD_D5+0) 
;__Lib_Lcd.c,135 :: 		
0x03BC	0x8681      	BSF         LCD_D7, BitPos(LCD_D7+0) 
;__Lib_Lcd.c,136 :: 		
0x03BE	0x8A81      	BSF         LCD_EN, BitPos(LCD_EN+0) 
;__Lib_Lcd.c,137 :: 		
0x03C0	0xDED1      	RCALL       _Delay_1us
;__Lib_Lcd.c,138 :: 		
0x03C2	0x9A81      	BCF         LCD_EN, BitPos(LCD_EN+0) 
;__Lib_Lcd.c,139 :: 		
0x03C4	0xDEC4      	RCALL       _Delay_5500us
;__Lib_Lcd.c,142 :: 		
0x03C6	0x9681      	BCF         LCD_D7, BitPos(LCD_D7+0) 
;__Lib_Lcd.c,143 :: 		
0x03C8	0x8081      	BSF         LCD_D4, BitPos(LCD_D4+0) 
;__Lib_Lcd.c,144 :: 		
0x03CA	0x8A81      	BSF         LCD_EN, BitPos(LCD_EN+0) 
;__Lib_Lcd.c,145 :: 		
0x03CC	0xDECB      	RCALL       _Delay_1us
;__Lib_Lcd.c,146 :: 		
0x03CE	0x9A81      	BCF         LCD_EN, BitPos(LCD_EN+0) 
;__Lib_Lcd.c,148 :: 		
0x03D0	0x9081      	BCF         LCD_D4, BitPos(LCD_D4+0) 
;__Lib_Lcd.c,149 :: 		
0x03D2	0x8A81      	BSF         LCD_EN, BitPos(LCD_EN+0) 
;__Lib_Lcd.c,150 :: 		
0x03D4	0xDEC7      	RCALL       _Delay_1us
;__Lib_Lcd.c,151 :: 		
0x03D6	0x9A81      	BCF         LCD_EN, BitPos(LCD_EN+0) 
;__Lib_Lcd.c,152 :: 		
0x03D8	0xDEBA      	RCALL       _Delay_5500us
;__Lib_Lcd.c,155 :: 		
0x03DA	0x8A81      	BSF         LCD_EN, BitPos(LCD_EN+0) 
;__Lib_Lcd.c,156 :: 		
0x03DC	0xDEC3      	RCALL       _Delay_1us
;__Lib_Lcd.c,157 :: 		
0x03DE	0x9A81      	BCF         LCD_EN, BitPos(LCD_EN+0) 
;__Lib_Lcd.c,159 :: 		
0x03E0	0x8081      	BSF         LCD_D4, BitPos(LCD_D4+0) 
;__Lib_Lcd.c,160 :: 		
0x03E2	0x8A81      	BSF         LCD_EN, BitPos(LCD_EN+0) 
;__Lib_Lcd.c,161 :: 		
0x03E4	0xDEBF      	RCALL       _Delay_1us
;__Lib_Lcd.c,162 :: 		
0x03E6	0x9A81      	BCF         LCD_EN, BitPos(LCD_EN+0) 
;__Lib_Lcd.c,163 :: 		
0x03E8	0xDEB2      	RCALL       _Delay_5500us
;__Lib_Lcd.c,166 :: 		
0x03EA	0x9081      	BCF         LCD_D4, BitPos(LCD_D4+0) 
;__Lib_Lcd.c,167 :: 		
0x03EC	0x8A81      	BSF         LCD_EN, BitPos(LCD_EN+0) 
;__Lib_Lcd.c,168 :: 		
0x03EE	0xDEBA      	RCALL       _Delay_1us
;__Lib_Lcd.c,169 :: 		
0x03F0	0x9A81      	BCF         LCD_EN, BitPos(LCD_EN+0) 
;__Lib_Lcd.c,171 :: 		
0x03F2	0x8681      	BSF         LCD_D7, BitPos(LCD_D7+0) 
;__Lib_Lcd.c,172 :: 		
0x03F4	0x8481      	BSF         LCD_D6, BitPos(LCD_D6+0) 
;__Lib_Lcd.c,173 :: 		
0x03F6	0x8281      	BSF         LCD_D5, BitPos(LCD_D5+0) 
;__Lib_Lcd.c,174 :: 		
0x03F8	0x8081      	BSF         LCD_D4, BitPos(LCD_D4+0) 
;__Lib_Lcd.c,175 :: 		
0x03FA	0x8A81      	BSF         LCD_EN, BitPos(LCD_EN+0) 
;__Lib_Lcd.c,176 :: 		
0x03FC	0xDEB3      	RCALL       _Delay_1us
;__Lib_Lcd.c,177 :: 		
0x03FE	0x9A81      	BCF         LCD_EN, BitPos(LCD_EN+0) 
;__Lib_Lcd.c,179 :: 		
0x0400	0xDEA6      	RCALL       _Delay_5500us
;__Lib_Lcd.c,181 :: 		
0x0402	0x0100      	MOVLB       0
0x0404	0x8160      	BSF         __Lib_Lcd_cmd_status, BitPos(__Lib_Lcd_cmd_status+0), 1
;__Lib_Lcd.c,182 :: 		
L_end_Lcd_Init:
0x0406	0x0012      	RETURN      0
; end of _Lcd_Init
__OS_EnterWaitMode:
;osa_pic18_mikroc.c,156 :: 		
;osa_pic18_mikroc.c,158 :: 		
0x0408	0x6A52      	CLRF        __OS_Temp 
;osa_pic18_mikroc.c,159 :: 		
0x040A	0xDF15      	RCALL       __OS_ClrReadySetClrCanContinue
;osa_pic18_mikroc.c,160 :: 		
L_end__OS_EnterWaitMode:
0x040C	0x0012      	RETURN      0
; end of __OS_EnterWaitMode
__OS_InitDelay:
;osa_ttimer.c,69 :: 		
;osa_ttimer.c,72 :: 		
0x040E	0x9A28      	BCF         __OS_State, 5 
0x0410	0xFFE1C026  	MOVFF       __OS_CurTask, FSR1L
0x0414	0xFFE2C027  	MOVFF       __OS_CurTask+1, FSR1H
0x0418	0x98E6      	BCF         POSTINC1, 4 
;osa_ttimer.c,77 :: 		
0x041A	0x0100      	MOVLB       0
0x041C	0x516C      	MOVF        FARG__OS_InitDelay_Delay, 0, 1
0x041E	0x116D      	IORWF       FARG__OS_InitDelay_Delay+1, 0, 1
0x0420	0x116E      	IORWF       FARG__OS_InitDelay_Delay+2, 0, 1
0x0422	0x116F      	IORWF       FARG__OS_InitDelay_Delay+3, 0, 1
0x0424	0xE046      	BZ          L__OS_InitDelay16
;osa_ttimer.c,79 :: 		
0x0426	0x0EFF      	MOVLW       255
0x0428	0x196C      	XORWF       FARG__OS_InitDelay_Delay, 0, 1
0x042A	0x6E00      	MOVWF       R0 
0x042C	0x0EFF      	MOVLW       255
0x042E	0x196D      	XORWF       FARG__OS_InitDelay_Delay+1, 0, 1
0x0430	0x6E01      	MOVWF       R1 
0x0432	0x0EFF      	MOVLW       255
0x0434	0x196E      	XORWF       FARG__OS_InitDelay_Delay+2, 0, 1
0x0436	0x6E02      	MOVWF       R2 
0x0438	0x0EFF      	MOVLW       255
0x043A	0x196F      	XORWF       FARG__OS_InitDelay_Delay+3, 0, 1
0x043C	0x6E03      	MOVWF       R3 
0x043E	0xF06CC000  	MOVFF       R0, FARG__OS_InitDelay_Delay
0x0442	0xF06DC001  	MOVFF       R1, FARG__OS_InitDelay_Delay+1
0x0446	0xF06EC002  	MOVFF       R2, FARG__OS_InitDelay_Delay+2
0x044A	0xF06FC003  	MOVFF       R3, FARG__OS_InitDelay_Delay+3
;osa_ttimer.c,80 :: 		
0x044E	0x0E01      	MOVLW       1
0x0450	0x2400      	ADDWF       R0, 0 
0x0452	0x6E04      	MOVWF       R4 
0x0454	0x0E00      	MOVLW       0
0x0456	0x2001      	ADDWFC      R1, 0 
0x0458	0x6E05      	MOVWF       R5 
0x045A	0x0E00      	MOVLW       0
0x045C	0x2002      	ADDWFC      R2, 0 
0x045E	0x6E06      	MOVWF       R6 
0x0460	0x0E00      	MOVLW       0
0x0462	0x2003      	ADDWFC      R3, 0 
0x0464	0x6E07      	MOVWF       R7 
0x0466	0xF06CC004  	MOVFF       R4, FARG__OS_InitDelay_Delay
0x046A	0xF06DC005  	MOVFF       R5, FARG__OS_InitDelay_Delay+1
0x046E	0xF06EC006  	MOVFF       R6, FARG__OS_InitDelay_Delay+2
0x0472	0xF06FC007  	MOVFF       R7, FARG__OS_InitDelay_Delay+3
;osa_ttimer.c,81 :: 		
0x0476	0xF000C026  	MOVFF       __OS_CurTask, R0
0x047A	0xF001C027  	MOVFF       __OS_CurTask+1, R1
0x047E	0x0E05      	MOVLW       5
0x0480	0x2400      	ADDWF       R0, 0 
0x0482	0x6EE1      	MOVWF       FSR1L 
0x0484	0x0E00      	MOVLW       0
0x0486	0x2001      	ADDWFC      R1, 0 
0x0488	0x6EE2      	MOVWF       FSR1H 
0x048A	0xFFE6C004  	MOVFF       R4, POSTINC1
0x048E	0xFFE6C005  	MOVFF       R5, POSTINC1
0x0492	0xFFE6C006  	MOVFF       R6, POSTINC1
0x0496	0xFFE6C007  	MOVFF       R7, POSTINC1
;osa_ttimer.c,82 :: 		
0x049A	0xFFE1C026  	MOVFF       __OS_CurTask, FSR1L
0x049E	0xFFE2C027  	MOVFF       __OS_CurTask+1, FSR1H
0x04A2	0x86E6      	BSF         POSTINC1, 3 
0x04A4	0xFFE1C026  	MOVFF       __OS_CurTask, FSR1L
0x04A8	0xFFE2C027  	MOVFF       __OS_CurTask+1, FSR1H
0x04AC	0x88E6      	BSF         POSTINC1, 4 
;osa_ttimer.c,87 :: 		
0x04AE	0x8828      	BSF         __OS_State, 4 
;osa_ttimer.c,88 :: 		
0x04B0	0x8628      	BSF         __OS_State, 3 
;osa_ttimer.c,90 :: 		
L__OS_InitDelay16:
;osa_ttimer.c,91 :: 		
L_end__OS_InitDelay:
0x04B2	0x0012      	RETURN      0
; end of __OS_InitDelay
_ADC_Read:
;__Lib_ADC_K22_B.c,70 :: 		
;__Lib_ADC_K22_B.c,73 :: 		
0x04B4	0x6AC2      	CLRF        ADCON0 
;__Lib_ADC_K22_B.c,74 :: 		
0x04B6	0x1C23      	COMF        _vref_mask, 0 
0x04B8	0x6E00      	MOVWF       R0 
0x04BA	0x5000      	MOVF        R0, 0 
0x04BC	0x16C1      	ANDWF       ADCON1, 1 
;__Lib_ADC_K22_B.c,75 :: 		
0x04BE	0x0E0F      	MOVLW       15
0x04C0	0x12C0      	IORWF       ADCON2, 1 
;__Lib_ADC_K22_B.c,76 :: 		
0x04C2	0x8EC0      	BSF         ADCON2, 7 
;__Lib_ADC_K22_B.c,77 :: 		
0x04C4	0xF000C06C  	MOVFF       FARG_ADC_Read_channel, R0
0x04C8	0x3600      	RLCF        R0, 1 
0x04CA	0x9000      	BCF         R0, 0 
0x04CC	0x3600      	RLCF        R0, 1 
0x04CE	0x9000      	BCF         R0, 0 
0x04D0	0x5000      	MOVF        R0, 0 
0x04D2	0x12C2      	IORWF       ADCON0, 1 
;__Lib_ADC_K22_B.c,78 :: 		
0x04D4	0x80C2      	BSF         ADCON0, 0 
;__Lib_ADC_K22_B.c,79 :: 		
0x04D6	0xDEBE      	RCALL       _Delay_22us
;__Lib_ADC_K22_B.c,80 :: 		
0x04D8	0x82C2      	BSF         ADCON0, 1 
;__Lib_ADC_K22_B.c,81 :: 		
L_ADC_Read7:
0x04DA	0xA2C2      	BTFSS       ADCON0, 1 
0x04DC	0xD001      	BRA         L_ADC_Read8
;__Lib_ADC_K22_B.c,82 :: 		
0x04DE	0xD7FD      	BRA         L_ADC_Read7
L_ADC_Read8:
;__Lib_ADC_K22_B.c,83 :: 		
0x04E0	0xF001CFC4  	MOVFF       ADRESH, R1
0x04E4	0x6A00      	CLRF        R0 
0x04E6	0xF06DC000  	MOVFF       R0, ADC_Read_rslt_L0
0x04EA	0xF06EC001  	MOVFF       R1, ADC_Read_rslt_L0+1
;__Lib_ADC_K22_B.c,84 :: 		
0x04EE	0x50C3      	MOVF        ADRESL, 0 
0x04F0	0x1200      	IORWF       R0, 1 
0x04F2	0x0E00      	MOVLW       0
0x04F4	0x1201      	IORWF       R1, 1 
0x04F6	0xF06DC000  	MOVFF       R0, ADC_Read_rslt_L0
0x04FA	0xF06EC001  	MOVFF       R1, ADC_Read_rslt_L0+1
;__Lib_ADC_K22_B.c,85 :: 		
0x04FE	0x90C2      	BCF         ADCON0, 0 
;__Lib_ADC_K22_B.c,86 :: 		
0x0500	0x0E00      	MOVLW       0
0x0502	0x1400      	ANDWF       R0, 0 
0x0504	0x6E02      	MOVWF       R2 
0x0506	0x5001      	MOVF        R1, 0 
0x0508	0x0B80      	ANDLW       128
0x050A	0x6E03      	MOVWF       R3 
0x050C	0x0E00      	MOVLW       0
0x050E	0x1803      	XORWF       R3, 0 
0x0510	0xE102      	BNZ         L__ADC_Read15
0x0512	0x0E00      	MOVLW       0
0x0514	0x1802      	XORWF       R2, 0 
L__ADC_Read15:
0x0516	0xE003      	BZ          L_ADC_Read9
;__Lib_ADC_K22_B.c,87 :: 		
0x0518	0x0100      	MOVLB       0
0x051A	0x6B6D      	CLRF        ADC_Read_rslt_L0, 1
0x051C	0x6B6E      	CLRF        ADC_Read_rslt_L0+1, 1
L_ADC_Read9:
;__Lib_ADC_K22_B.c,88 :: 		
0x051E	0xF000C06D  	MOVFF       ADC_Read_rslt_L0, R0
0x0522	0xF001C06E  	MOVFF       ADC_Read_rslt_L0+1, R1
;__Lib_ADC_K22_B.c,89 :: 		
L_end_ADC_Read:
0x0526	0x0012      	RETURN      0
; end of _ADC_Read
__OS_CheckEvent:
;osa_pic18_mikroc.c,383 :: 		
;osa_pic18_mikroc.c,421 :: 		
0x0528	0x9A50      	BCF         __OS_Flags, 5 
;osa_pic18_mikroc.c,422 :: 		
0x052A	0xDE5E      	RCALL       __OS_SET_FSR_CUR_TASK
;osa_pic18_mikroc.c,424 :: 		
0x052C	0x0100      	MOVLB       0
0x052E	0x536C      	MOVF        FARG__OS_CheckEvent_bEvent, 1, 1
0x0530	0xE007      	BZ          L__OS_CheckEvent10
;osa_pic18_mikroc.c,426 :: 		
0x0532	0xA628      	BTFSS       __OS_State, 3 
0x0534	0xD003      	BRA         L__OS_CheckEvent11
;osa_pic18_mikroc.c,430 :: 		
0x0536	0x9828      	BCF         __OS_State, 4 
;osa_pic18_mikroc.c,431 :: 		
0x0538	0x98EF      	BCF         INDF0, 4 
;osa_pic18_mikroc.c,439 :: 		
0x053A	0xD00B      	BRA         L_end__OS_CheckEvent
;osa_pic18_mikroc.c,440 :: 		
L__OS_CheckEvent11:
;osa_pic18_mikroc.c,442 :: 		
0x053C	0x8628      	BSF         __OS_State, 3 
;osa_pic18_mikroc.c,444 :: 		
0x053E	0xD001      	BRA         L__OS_CheckEvent12
L__OS_CheckEvent10:
;osa_pic18_mikroc.c,445 :: 		
0x0540	0x9628      	BCF         __OS_State, 3 
;osa_pic18_mikroc.c,446 :: 		
L__OS_CheckEvent12:
;osa_pic18_mikroc.c,450 :: 		
0x0542	0xB828      	BTFSC       __OS_State, 4 
0x0544	0xD005      	BRA         L__OS_CheckEvent15
0x0546	0xAA28      	BTFSS       __OS_State, 5 
0x0548	0xD003      	BRA         L__OS_CheckEvent15
L___OS_CheckEvent43:
;osa_pic18_mikroc.c,452 :: 		
0x054A	0x8628      	BSF         __OS_State, 3 
;osa_pic18_mikroc.c,453 :: 		
0x054C	0x8A50      	BSF         __OS_Flags, 5 
;osa_pic18_mikroc.c,459 :: 		
0x054E	0xD001      	BRA         L_end__OS_CheckEvent
;osa_pic18_mikroc.c,460 :: 		
L__OS_CheckEvent15:
;osa_pic18_mikroc.c,464 :: 		
0x0550	0x0006      	POP
;osa_pic18_mikroc.c,469 :: 		
L_end__OS_CheckEvent:
0x0552	0x0012      	RETURN      0
; end of __OS_CheckEvent
__OS_ReturnSave:
;osa_pic18_mikroc.c,106 :: 		
;osa_pic18_mikroc.c,108 :: 		
0x0554	0xDE49      	RCALL       __OS_SET_FSR_CUR_TASK
;osa_pic18_mikroc.c,109 :: 		
0x0556	0xFFECCFFD  	MOVFF       TOSL, PREINC0
0x055A	0xFFECCFFE  	MOVFF       TOSH, PREINC0
0x055E	0xFFECCFFF  	MOVFF       TOSU, PREINC0
;osa_pic18_mikroc.c,110 :: 		
0x0562	0x8628      	BSF         __OS_State, 3 
;osa_pic18_mikroc.c,111 :: 		
0x0564	0x0006      	POP
;osa_pic18_mikroc.c,112 :: 		
L_end__OS_ReturnSave:
0x0566	0x0012      	RETURN      0
; end of __OS_ReturnSave
__OS_JumpToTask:
;osa_pic18_mikroc.c,64 :: 		
;osa_pic18_mikroc.c,66 :: 		
0x0568	0xDE3F      	RCALL       __OS_SET_FSR_CUR_TASK
;osa_pic18_mikroc.c,67 :: 		
0x056A	0xF028CFEE  	MOVFF       POSTINC0, __OS_State
;osa_pic18_mikroc.c,69 :: 		
0x056E	0x0005      	PUSH
;osa_pic18_mikroc.c,70 :: 		
0x0570	0x50EE      	MOVF        POSTINC0, 0, 0
;osa_pic18_mikroc.c,71 :: 		
0x0572	0x6EFD      	MOVWF       TOSL, 0
;osa_pic18_mikroc.c,72 :: 		
0x0574	0x50EE      	MOVF        POSTINC0, 0, 0
;osa_pic18_mikroc.c,73 :: 		
0x0576	0x6EFE      	MOVWF       TOSH, 0
;osa_pic18_mikroc.c,74 :: 		
0x0578	0x50EE      	MOVF        POSTINC0, 0, 0
;osa_pic18_mikroc.c,75 :: 		
0x057A	0x6EFF      	MOVWF       TOSU, 0
;osa_pic18_mikroc.c,76 :: 		
0x057C	0x0012      	RETURN      0
;osa_pic18_mikroc.c,78 :: 		
L_end__OS_JumpToTask:
0x057E	0x0012      	RETURN      0
; end of __OS_JumpToTask
___CC2DW:
;__Lib_System.c,21 :: 		
;__Lib_System.c,23 :: 		
_CC2DL_Loop1:
;__Lib_System.c,24 :: 		
0x0580	0x0009      	TBLRD*+
;__Lib_System.c,25 :: 		
0x0582	0xFFE6CFF5  	MOVFF       TABLAT, POSTINC1
;__Lib_System.c,26 :: 		
0x0586	0x0600      	DECF        R0, 1, 0
;__Lib_System.c,27 :: 		
0x0588	0xE1FB      	BNZ         _CC2DL_Loop1
;__Lib_System.c,28 :: 		
0x058A	0x0601      	DECF        R1, 1, 0
;__Lib_System.c,29 :: 		
0x058C	0xE1F9      	BNZ         _CC2DL_Loop1
;__Lib_System.c,31 :: 		
L_end___CC2DW:
0x058E	0x0012      	RETURN      0
; end of ___CC2DW
_Task_AD0:
;main.c,71 :: 		void Task_AD0(void)
;main.c,75 :: 		OS_Smsg_Create (msg_ad0);
0x0590	0x6A51      	CLRF        _msg_ad0 
;main.c,77 :: 		for(;;)
L_Task_AD041:
;main.c,79 :: 		result = ADC_Read(0);
0x0592	0x0100      	MOVLB       0
0x0594	0x6B6C      	CLRF        FARG_ADC_Read_channel, 1
0x0596	0xDF8E      	RCALL       _ADC_Read
0x0598	0xF063C000  	MOVFF       R0, Task_AD0_result_L0
0x059C	0xF064C001  	MOVFF       R1, Task_AD0_result_L0+1
;main.c,80 :: 		OS_Smsg_Send(msg_ad0, result);
0x05A0	0x5051      	MOVF        _msg_ad0, 0 
0x05A2	0x0A00      	XORLW       0
0x05A4	0xE010      	BZ          L_Task_AD044
0x05A6	0xDF30      	RCALL       __OS_EnterWaitMode
0x05A8	0x0000      	NOP
0x05AA	0x5051      	MOVF        _msg_ad0, 0 
0x05AC	0x0A00      	XORLW       0
0x05AE	0x0E01      	MOVLW       1
0x05B0	0xA4D8      	BTFSS       STATUS, 2 
0x05B2	0x0E00      	MOVLW       0
0x05B4	0x0100      	MOVLB       0
0x05B6	0x6F6C      	MOVWF       FARG__OS_CheckEvent_bEvent, 1
0x05B8	0x516C      	MOVF        FARG__OS_CheckEvent_bEvent, 0, 1
0x05BA	0x0A00      	XORLW       0
0x05BC	0x0E00      	MOVLW       0
0x05BE	0xA4D8      	BTFSS       STATUS, 2 
0x05C0	0x0E01      	MOVLW       1
0x05C2	0x6F6C      	MOVWF       FARG__OS_CheckEvent_bEvent, 1
0x05C4	0xDFB1      	RCALL       __OS_CheckEvent
L_Task_AD044:
0x05C6	0xF051C063  	MOVFF       Task_AD0_result_L0, _msg_ad0
;main.c,81 :: 		OS_Cond_Wait(!OS_Smsg_Check(msg_ad0));
0x05CA	0xDF1E      	RCALL       __OS_EnterWaitMode
0x05CC	0x0000      	NOP
0x05CE	0x5051      	MOVF        _msg_ad0, 0 
0x05D0	0x0A00      	XORLW       0
0x05D2	0x0E00      	MOVLW       0
0x05D4	0xA4D8      	BTFSS       STATUS, 2 
0x05D6	0x0E01      	MOVLW       1
0x05D8	0x0100      	MOVLB       0
0x05DA	0x6F6C      	MOVWF       FARG__OS_CheckEvent_bEvent, 1
0x05DC	0x536C      	MOVF        FARG__OS_CheckEvent_bEvent, 1, 1
0x05DE	0x0E01      	MOVLW       1
0x05E0	0xA4D8      	BTFSS       STATUS, 2 
0x05E2	0x0E00      	MOVLW       0
0x05E4	0x6F6C      	MOVWF       FARG__OS_CheckEvent_bEvent, 1
0x05E6	0x516C      	MOVF        FARG__OS_CheckEvent_bEvent, 0, 1
0x05E8	0x0A00      	XORLW       0
0x05EA	0x0E00      	MOVLW       0
0x05EC	0xA4D8      	BTFSS       STATUS, 2 
0x05EE	0x0E01      	MOVLW       1
0x05F0	0x6F6C      	MOVWF       FARG__OS_CheckEvent_bEvent, 1
0x05F2	0xDF9A      	RCALL       __OS_CheckEvent
;main.c,83 :: 		OS_Delay(50 ms);
0x05F4	0x0E32      	MOVLW       50
0x05F6	0x6F6C      	MOVWF       FARG__OS_InitDelay_Delay, 1
0x05F8	0x0E00      	MOVLW       0
0x05FA	0x6F6D      	MOVWF       FARG__OS_InitDelay_Delay+1, 1
0x05FC	0x6F6E      	MOVWF       FARG__OS_InitDelay_Delay+2, 1
0x05FE	0x6F6F      	MOVWF       FARG__OS_InitDelay_Delay+3, 1
0x0600	0xDF06      	RCALL       __OS_InitDelay
0x0602	0xDFA8      	RCALL       __OS_ReturnSave
0x0604	0x0000      	NOP
;main.c,84 :: 		}
0x0606	0xD7C5      	BRA         L_Task_AD041
;main.c,85 :: 		}
L_end_Task_AD0:
0x0608	0x0012      	RETURN      0
; end of _Task_AD0
_Mul_16X16_U:
;__Lib_Math.c,440 :: 		
;__Lib_Math.c,447 :: 		
0x060A	0x6A0B      	CLRF        R11, 0
;__Lib_Math.c,448 :: 		
0x060C	0x6A0A      	CLRF        R10, 0
;__Lib_Math.c,449 :: 		
0x060E	0x6A09      	CLRF        R9, 0
;__Lib_Math.c,450 :: 		
0x0610	0x5000      	MOVF        R0, 0, 0
;__Lib_Math.c,451 :: 		
0x0612	0x0204      	MULWF       R4, 0
;__Lib_Math.c,453 :: 		
0x0614	0xF009CFF4  	MOVFF       PRODH, R9
;__Lib_Math.c,454 :: 		
0x0618	0xF008CFF3  	MOVFF       PRODL, R8
;__Lib_Math.c,455 :: 		
0x061C	0x5001      	MOVF        R1, 0, 0
;__Lib_Math.c,456 :: 		
0x061E	0x0205      	MULWF       R5, 0
;__Lib_Math.c,458 :: 		
0x0620	0xF00BCFF4  	MOVFF       PRODH, R11
;__Lib_Math.c,459 :: 		
0x0624	0xF00ACFF3  	MOVFF       PRODL, R10
;__Lib_Math.c,460 :: 		
0x0628	0x5000      	MOVF        R0, 0, 0
;__Lib_Math.c,461 :: 		
0x062A	0x0205      	MULWF       R5, 0
;__Lib_Math.c,463 :: 		
0x062C	0x50F3      	MOVF        PRODL, 0, 0
;__Lib_Math.c,464 :: 		
0x062E	0x2609      	ADDWF       R9, 1, 0
;__Lib_Math.c,465 :: 		
0x0630	0x50F4      	MOVF        PRODH, 0, 0
;__Lib_Math.c,466 :: 		
0x0632	0x220A      	ADDWFC      R10, 1, 0
;__Lib_Math.c,467 :: 		
0x0634	0x6AE8      	CLRF        WREG, 0
;__Lib_Math.c,468 :: 		
0x0636	0x220B      	ADDWFC      R11, 1, 0
;__Lib_Math.c,469 :: 		
0x0638	0x5001      	MOVF        R1, 0, 0
;__Lib_Math.c,470 :: 		
0x063A	0x0204      	MULWF       R4, 0
;__Lib_Math.c,472 :: 		
0x063C	0x50F3      	MOVF        PRODL, 0, 0
;__Lib_Math.c,473 :: 		
0x063E	0x2609      	ADDWF       R9, 1, 0
;__Lib_Math.c,474 :: 		
0x0640	0x50F4      	MOVF        PRODH, 0, 0
;__Lib_Math.c,475 :: 		
0x0642	0x220A      	ADDWFC      R10, 1, 0
;__Lib_Math.c,476 :: 		
0x0644	0x6AE8      	CLRF        WREG, 0
;__Lib_Math.c,477 :: 		
0x0646	0x220B      	ADDWFC      R11, 1, 0
;__Lib_Math.c,479 :: 		
0x0648	0xF000C008  	MOVFF       R8, R0
;__Lib_Math.c,480 :: 		
0x064C	0xF001C009  	MOVFF       R9, R1
;__Lib_Math.c,481 :: 		
0x0650	0xF002C00A  	MOVFF       R10, R2
;__Lib_Math.c,482 :: 		
0x0654	0xF003C00B  	MOVFF       R11, R3
;__Lib_Math.c,485 :: 		
L_end_Mul_16X16_U:
0x0658	0x0012      	RETURN      0
; end of _Mul_16X16_U
_TickTimerIE:
;timer.c,3 :: 		void TickTimerIE(void)
;timer.c,6 :: 		T2CON = T2CON_CONST;
0x065A	0x0E4D      	MOVLW       77
0x065C	0x6EBA      	MOVWF       T2CON 
;timer.c,7 :: 		PR2 = PR2_CONST;
0x065E	0x0E31      	MOVLW       49
0x0660	0x6EBB      	MOVWF       PR2 
;timer.c,9 :: 		INTCON.GIEH = 1;
0x0662	0x8EF2      	BSF         INTCON, 7 
;timer.c,10 :: 		INTCON.GIEL = 1;
0x0664	0x8CF2      	BSF         INTCON, 6 
;timer.c,11 :: 		RCON.IPEN = 1;
0x0666	0x8ED0      	BSF         RCON, 7 
;timer.c,13 :: 		TMR2IE_bit = 1;
0x0668	0x829D      	BSF         TMR2IE_bit, BitPos(TMR2IE_bit+0) 
;timer.c,14 :: 		TMR2IP_bit = 1;
0x066A	0x829F      	BSF         TMR2IP_bit, BitPos(TMR2IP_bit+0) 
;timer.c,15 :: 		T2CON.TMR2ON = 1;
0x066C	0x84BA      	BSF         T2CON, 2 
;timer.c,16 :: 		}
L_end_TickTimerIE:
0x066E	0x0012      	RETURN      0
; end of _TickTimerIE
_OS_Init:
;osa_system.c,67 :: 		
;osa_system.c,72 :: 		
0x0670	0x6A50      	CLRF        __OS_Flags 
;osa_system.c,81 :: 		
0x0672	0x0E44      	MOVLW       __OS_Tasks+27
0x0674	0x6E24      	MOVWF       __OS_LastTask 
0x0676	0x0E00      	MOVLW       hi_addr(__OS_Tasks+27)
0x0678	0x6E25      	MOVWF       __OS_LastTask+1 
;osa_system.c,260 :: 		
0x067A	0x6A5F      	CLRF        __OS_Bsems 
;osa_system.c,326 :: 		
0x067C	0x9C29      	BCF         __OS_Tasks, 6 
;osa_system.c,329 :: 		
0x067E	0x9C32      	BCF         __OS_Tasks+9, 6 
;osa_system.c,333 :: 		
0x0680	0x9C3B      	BCF         __OS_Tasks+18, 6 
;osa_system.c,337 :: 		
0x0682	0x9C44      	BCF         __OS_Tasks+27, 6 
;osa_system.c,394 :: 		
L_end_OS_Init:
0x0684	0x0012      	RETURN      0
; end of _OS_Init
_InitLCD:
;lcd.c,3 :: 		void InitLCD(void)
;lcd.c,5 :: 		Lcd_Init();                        // Initialize LCD
0x0686	0xDE74      	RCALL       _Lcd_Init
;lcd.c,6 :: 		Lcd_Cmd(_LCD_CLEAR);               // Clear display
0x0688	0x0E01      	MOVLW       1
0x068A	0x6F74      	MOVWF       FARG_Lcd_Cmd_out_char, 1
0x068C	0xDD6E      	RCALL       _Lcd_Cmd
;lcd.c,7 :: 		Lcd_Cmd(_LCD_CURSOR_OFF);          // Cursor off
0x068E	0x0E0C      	MOVLW       12
0x0690	0x6F74      	MOVWF       FARG_Lcd_Cmd_out_char, 1
0x0692	0xDD6B      	RCALL       _Lcd_Cmd
;lcd.c,9 :: 		}
L_end_InitLCD:
0x0694	0x0012      	RETURN      0
; end of _InitLCD
__OS_Task_Create:
;osa_tasks.c,75 :: 		
;osa_tasks.c,79 :: 		
0x0696	0x9250      	BCF         __OS_Flags, 1 
;osa_tasks.c,88 :: 		
0x0698	0x0E29      	MOVLW       __OS_Tasks
0x069A	0x6E01      	MOVWF       R1 
0x069C	0x0E00      	MOVLW       hi_addr(__OS_Tasks)
0x069E	0x6E02      	MOVWF       R2 
;osa_tasks.c,89 :: 		
0x06A0	0x6A52      	CLRF        __OS_Temp 
;osa_tasks.c,91 :: 		
L__OS_Task_Create38:
;osa_tasks.c,93 :: 		
0x06A2	0xFFE9C001  	MOVFF       R1, FSR0L
0x06A6	0xFFEAC002  	MOVFF       R2, FSR0H
0x06AA	0xF000CFEE  	MOVFF       POSTINC0, R0
0x06AE	0xBC00      	BTFSC       R0, 6 
0x06B0	0xD02B      	BRA         L__OS_Task_Create41
;osa_tasks.c,95 :: 		
0x06B2	0x0100      	MOVLB       0
0x06B4	0x8D67      	BSF         FARG__OS_Task_Create_priority, 6, 1
;osa_tasks.c,96 :: 		
0x06B6	0x8767      	BSF         FARG__OS_Task_Create_priority, 3, 1
;osa_tasks.c,98 :: 		
0x06B8	0x0E01      	MOVLW       1
0x06BA	0x2401      	ADDWF       R1, 0 
0x06BC	0x6EE1      	MOVWF       FSR1L 
0x06BE	0x0E00      	MOVLW       0
0x06C0	0x2002      	ADDWFC      R2, 0 
0x06C2	0x6EE2      	MOVWF       FSR1H 
0x06C4	0xFFE6C068  	MOVFF       FARG__OS_Task_Create_TaskAddr, POSTINC1
0x06C8	0xFFE6C069  	MOVFF       FARG__OS_Task_Create_TaskAddr+1, POSTINC1
0x06CC	0xFFE6C06A  	MOVFF       FARG__OS_Task_Create_TaskAddr+2, POSTINC1
0x06D0	0xFFE6C06B  	MOVFF       FARG__OS_Task_Create_TaskAddr+3, POSTINC1
;osa_tasks.c,101 :: 		
0x06D4	0x0E05      	MOVLW       5
0x06D6	0x2401      	ADDWF       R1, 0 
0x06D8	0x6EE1      	MOVWF       FSR1L 
0x06DA	0x0E00      	MOVLW       0
0x06DC	0x2002      	ADDWFC      R2, 0 
0x06DE	0x6EE2      	MOVWF       FSR1H 
0x06E0	0x6AE6      	CLRF        POSTINC1 
0x06E2	0x6AE6      	CLRF        POSTINC1 
0x06E4	0x6AE6      	CLRF        POSTINC1 
0x06E6	0x6AE6      	CLRF        POSTINC1 
;osa_tasks.c,108 :: 		
0x06E8	0xFFE1C001  	MOVFF       R1, FSR1L
0x06EC	0xFFE2C002  	MOVFF       R2, FSR1H
0x06F0	0xFFE6C067  	MOVFF       FARG__OS_Task_Create_priority, POSTINC1
;osa_tasks.c,111 :: 		
0x06F4	0x5002      	MOVF        R2, 0 
0x06F6	0x1827      	XORWF       __OS_CurTask+1, 0 
0x06F8	0xE102      	BNZ         L___OS_Task_Create68
0x06FA	0x5026      	MOVF        __OS_CurTask, 0 
0x06FC	0x1801      	XORWF       R1, 0 
L___OS_Task_Create68:
0x06FE	0xE102      	BNZ         L__OS_Task_Create42
0x0700	0xF028C067  	MOVFF       FARG__OS_Task_Create_priority, __OS_State
L__OS_Task_Create42:
;osa_tasks.c,126 :: 		
0x0704	0x9250      	BCF         __OS_Flags, 1 
;osa_tasks.c,128 :: 		
0x0706	0xD009      	BRA         L_end__OS_Task_Create
;osa_tasks.c,130 :: 		
L__OS_Task_Create41:
;osa_tasks.c,132 :: 		
0x0708	0x0E09      	MOVLW       9
0x070A	0x2601      	ADDWF       R1, 1 
0x070C	0x0E00      	MOVLW       0
0x070E	0x2202      	ADDWFC      R2, 1 
;osa_tasks.c,134 :: 		
0x0710	0x2A52      	INCF        __OS_Temp, 1 
0x0712	0x0E04      	MOVLW       4
0x0714	0x5C52      	SUBWF       __OS_Temp, 0 
0x0716	0xE3C5      	BNC         L__OS_Task_Create38
;osa_tasks.c,137 :: 		
0x0718	0x8250      	BSF         __OS_Flags, 1 
;osa_tasks.c,139 :: 		
;osa_tasks.c,140 :: 		
L_end__OS_Task_Create:
0x071A	0x0012      	RETURN      0
; end of __OS_Task_Create
_Task_AD2:
;main.c,103 :: 		void Task_AD2(void)
;main.c,107 :: 		OS_Smsg_Create (msg_ad2);
0x071C	0x6A4F      	CLRF        _msg_ad2 
;main.c,109 :: 		for(;;)
L_Task_AD249:
;main.c,111 :: 		result = ADC_Read(2);
0x071E	0x0E02      	MOVLW       2
0x0720	0x0100      	MOVLB       0
0x0722	0x6F6C      	MOVWF       FARG_ADC_Read_channel, 1
0x0724	0xDEC7      	RCALL       _ADC_Read
0x0726	0xF061C000  	MOVFF       R0, Task_AD2_result_L0
0x072A	0xF062C001  	MOVFF       R1, Task_AD2_result_L0+1
;main.c,112 :: 		OS_Smsg_Send(msg_ad2, result);
0x072E	0x504F      	MOVF        _msg_ad2, 0 
0x0730	0x0A00      	XORLW       0
0x0732	0xE010      	BZ          L_Task_AD252
0x0734	0xDE69      	RCALL       __OS_EnterWaitMode
0x0736	0x0000      	NOP
0x0738	0x504F      	MOVF        _msg_ad2, 0 
0x073A	0x0A00      	XORLW       0
0x073C	0x0E01      	MOVLW       1
0x073E	0xA4D8      	BTFSS       STATUS, 2 
0x0740	0x0E00      	MOVLW       0
0x0742	0x0100      	MOVLB       0
0x0744	0x6F6C      	MOVWF       FARG__OS_CheckEvent_bEvent, 1
0x0746	0x516C      	MOVF        FARG__OS_CheckEvent_bEvent, 0, 1
0x0748	0x0A00      	XORLW       0
0x074A	0x0E00      	MOVLW       0
0x074C	0xA4D8      	BTFSS       STATUS, 2 
0x074E	0x0E01      	MOVLW       1
0x0750	0x6F6C      	MOVWF       FARG__OS_CheckEvent_bEvent, 1
0x0752	0xDEEA      	RCALL       __OS_CheckEvent
L_Task_AD252:
0x0754	0xF04FC061  	MOVFF       Task_AD2_result_L0, _msg_ad2
;main.c,113 :: 		OS_Cond_Wait(!OS_Smsg_Check(msg_ad2));
0x0758	0xDE57      	RCALL       __OS_EnterWaitMode
0x075A	0x0000      	NOP
0x075C	0x504F      	MOVF        _msg_ad2, 0 
0x075E	0x0A00      	XORLW       0
0x0760	0x0E00      	MOVLW       0
0x0762	0xA4D8      	BTFSS       STATUS, 2 
0x0764	0x0E01      	MOVLW       1
0x0766	0x0100      	MOVLB       0
0x0768	0x6F6C      	MOVWF       FARG__OS_CheckEvent_bEvent, 1
0x076A	0x536C      	MOVF        FARG__OS_CheckEvent_bEvent, 1, 1
0x076C	0x0E01      	MOVLW       1
0x076E	0xA4D8      	BTFSS       STATUS, 2 
0x0770	0x0E00      	MOVLW       0
0x0772	0x6F6C      	MOVWF       FARG__OS_CheckEvent_bEvent, 1
0x0774	0x516C      	MOVF        FARG__OS_CheckEvent_bEvent, 0, 1
0x0776	0x0A00      	XORLW       0
0x0778	0x0E00      	MOVLW       0
0x077A	0xA4D8      	BTFSS       STATUS, 2 
0x077C	0x0E01      	MOVLW       1
0x077E	0x6F6C      	MOVWF       FARG__OS_CheckEvent_bEvent, 1
0x0780	0xDED3      	RCALL       __OS_CheckEvent
;main.c,115 :: 		OS_Delay(50 ms);
0x0782	0x0E32      	MOVLW       50
0x0784	0x6F6C      	MOVWF       FARG__OS_InitDelay_Delay, 1
0x0786	0x0E00      	MOVLW       0
0x0788	0x6F6D      	MOVWF       FARG__OS_InitDelay_Delay+1, 1
0x078A	0x6F6E      	MOVWF       FARG__OS_InitDelay_Delay+2, 1
0x078C	0x6F6F      	MOVWF       FARG__OS_InitDelay_Delay+3, 1
0x078E	0xDE3F      	RCALL       __OS_InitDelay
0x0790	0xDEE1      	RCALL       __OS_ReturnSave
0x0792	0x0000      	NOP
;main.c,117 :: 		}
0x0794	0xD7C4      	BRA         L_Task_AD249
;main.c,118 :: 		}
L_end_Task_AD2:
0x0796	0x0012      	RETURN      0
; end of _Task_AD2
_Task_AD1:
;main.c,87 :: 		void Task_AD1(void)
;main.c,91 :: 		OS_Smsg_Create (msg_ad1);
0x0798	0x6A4E      	CLRF        _msg_ad1 
;main.c,93 :: 		for(;;)
L_Task_AD145:
;main.c,95 :: 		result = ADC_Read(1);
0x079A	0x0E01      	MOVLW       1
0x079C	0x0100      	MOVLB       0
0x079E	0x6F6C      	MOVWF       FARG_ADC_Read_channel, 1
0x07A0	0xDE89      	RCALL       _ADC_Read
0x07A2	0xF05DC000  	MOVFF       R0, Task_AD1_result_L0
0x07A6	0xF05EC001  	MOVFF       R1, Task_AD1_result_L0+1
;main.c,96 :: 		OS_Smsg_Send(msg_ad1, result);
0x07AA	0x504E      	MOVF        _msg_ad1, 0 
0x07AC	0x0A00      	XORLW       0
0x07AE	0xE010      	BZ          L_Task_AD148
0x07B0	0xDE2B      	RCALL       __OS_EnterWaitMode
0x07B2	0x0000      	NOP
0x07B4	0x504E      	MOVF        _msg_ad1, 0 
0x07B6	0x0A00      	XORLW       0
0x07B8	0x0E01      	MOVLW       1
0x07BA	0xA4D8      	BTFSS       STATUS, 2 
0x07BC	0x0E00      	MOVLW       0
0x07BE	0x0100      	MOVLB       0
0x07C0	0x6F6C      	MOVWF       FARG__OS_CheckEvent_bEvent, 1
0x07C2	0x516C      	MOVF        FARG__OS_CheckEvent_bEvent, 0, 1
0x07C4	0x0A00      	XORLW       0
0x07C6	0x0E00      	MOVLW       0
0x07C8	0xA4D8      	BTFSS       STATUS, 2 
0x07CA	0x0E01      	MOVLW       1
0x07CC	0x6F6C      	MOVWF       FARG__OS_CheckEvent_bEvent, 1
0x07CE	0xDEAC      	RCALL       __OS_CheckEvent
L_Task_AD148:
0x07D0	0xF04EC05D  	MOVFF       Task_AD1_result_L0, _msg_ad1
;main.c,97 :: 		OS_Cond_Wait(!OS_Smsg_Check(msg_ad1));
0x07D4	0xDE19      	RCALL       __OS_EnterWaitMode
0x07D6	0x0000      	NOP
0x07D8	0x504E      	MOVF        _msg_ad1, 0 
0x07DA	0x0A00      	XORLW       0
0x07DC	0x0E00      	MOVLW       0
0x07DE	0xA4D8      	BTFSS       STATUS, 2 
0x07E0	0x0E01      	MOVLW       1
0x07E2	0x0100      	MOVLB       0
0x07E4	0x6F6C      	MOVWF       FARG__OS_CheckEvent_bEvent, 1
0x07E6	0x536C      	MOVF        FARG__OS_CheckEvent_bEvent, 1, 1
0x07E8	0x0E01      	MOVLW       1
0x07EA	0xA4D8      	BTFSS       STATUS, 2 
0x07EC	0x0E00      	MOVLW       0
0x07EE	0x6F6C      	MOVWF       FARG__OS_CheckEvent_bEvent, 1
0x07F0	0x516C      	MOVF        FARG__OS_CheckEvent_bEvent, 0, 1
0x07F2	0x0A00      	XORLW       0
0x07F4	0x0E00      	MOVLW       0
0x07F6	0xA4D8      	BTFSS       STATUS, 2 
0x07F8	0x0E01      	MOVLW       1
0x07FA	0x6F6C      	MOVWF       FARG__OS_CheckEvent_bEvent, 1
0x07FC	0xDE95      	RCALL       __OS_CheckEvent
;main.c,99 :: 		OS_Delay(50 ms);
0x07FE	0x0E32      	MOVLW       50
0x0800	0x6F6C      	MOVWF       FARG__OS_InitDelay_Delay, 1
0x0802	0x0E00      	MOVLW       0
0x0804	0x6F6D      	MOVWF       FARG__OS_InitDelay_Delay+1, 1
0x0806	0x6F6E      	MOVWF       FARG__OS_InitDelay_Delay+2, 1
0x0808	0x6F6F      	MOVWF       FARG__OS_InitDelay_Delay+3, 1
0x080A	0xDE01      	RCALL       __OS_InitDelay
0x080C	0xDEA3      	RCALL       __OS_ReturnSave
0x080E	0x0000      	NOP
;main.c,100 :: 		}
0x0810	0xD7C4      	BRA         L_Task_AD145
;main.c,101 :: 		}
L_end_Task_AD1:
0x0812	0x0012      	RETURN      0
; end of _Task_AD1
_Task_LED0:
;main.c,120 :: 		void Task_LED0 (void)
;main.c,122 :: 		for(;;)
L_Task_LED053:
;main.c,124 :: 		LATD.RD0 = ~LATD.RD0;
0x0814	0x708C      	BTG         LATD, 0 
;main.c,125 :: 		OS_Delay(1000 ms);
0x0816	0x0EE8      	MOVLW       232
0x0818	0x0100      	MOVLB       0
0x081A	0x6F6C      	MOVWF       FARG__OS_InitDelay_Delay, 1
0x081C	0x0E03      	MOVLW       3
0x081E	0x6F6D      	MOVWF       FARG__OS_InitDelay_Delay+1, 1
0x0820	0x0E00      	MOVLW       0
0x0822	0x6F6E      	MOVWF       FARG__OS_InitDelay_Delay+2, 1
0x0824	0x6F6F      	MOVWF       FARG__OS_InitDelay_Delay+3, 1
0x0826	0xDDF3      	RCALL       __OS_InitDelay
0x0828	0xDE95      	RCALL       __OS_ReturnSave
0x082A	0x0000      	NOP
;main.c,126 :: 		}
0x082C	0xD7F3      	BRA         L_Task_LED053
;main.c,127 :: 		}
L_end_Task_LED0:
0x082E	0x0012      	RETURN      0
; end of _Task_LED0
_InitMCU:
;bsp.c,3 :: 		void InitMCU(void)
;bsp.c,6 :: 		ANSELA = 0;
0x0830	0x010F      	MOVLB       15
0x0832	0x6B38      	CLRF        ANSELA, 1
;bsp.c,7 :: 		ANSELB = 0;
0x0834	0x6B39      	CLRF        ANSELB, 1
;bsp.c,8 :: 		ANSELC = 0;
0x0836	0x6B3A      	CLRF        ANSELC, 1
;bsp.c,9 :: 		ANSELD = 0;
0x0838	0x6B3B      	CLRF        ANSELD, 1
;bsp.c,10 :: 		ANSELE = 0;
0x083A	0x6B3C      	CLRF        ANSELE, 1
;bsp.c,15 :: 		TRISD = 0;        //PORTD configurado como Sada
0x083C	0x6A95      	CLRF        TRISD 
;bsp.c,16 :: 		PORTD = 0;        //LEDs OFF
0x083E	0x6A83      	CLRF        PORTD 
;bsp.c,18 :: 		TRISE.RE0 = 1;    //pinos dos BTN como entrada
0x0840	0x8096      	BSF         TRISE, 0 
;bsp.c,19 :: 		TRISE.RE1 = 1;
0x0842	0x8296      	BSF         TRISE, 1 
;bsp.c,21 :: 		TRISA  = 0B00000111; //AN0 ~AN2
0x0844	0x0E07      	MOVLW       7
0x0846	0x6E92      	MOVWF       TRISA 
;bsp.c,22 :: 		}
L_end_InitMCU:
0x0848	0x0012      	RETURN      0
; end of _InitMCU
_Task_LCD:
;main.c,40 :: 		void Task_LCD(void)
;main.c,46 :: 		for(;;)
L_Task_LCD35:
;main.c,49 :: 		if (OS_Smsg_Check (msg_ad0)) {     // If message exists
0x084A	0x5051      	MOVF        _msg_ad0, 0 
0x084C	0x0A00      	XORLW       0
0x084E	0xE016      	BZ          L_Task_LCD38
;main.c,50 :: 		OS_Smsg_Accept(msg_ad0, msg);  // then accept it
0x0850	0xF067C051  	MOVFF       _msg_ad0, Task_LCD_msg_L0
0x0854	0x6A51      	CLRF        _msg_ad0 
;main.c,51 :: 		WordToStr(msg, txt);
0x0856	0xF06CC067  	MOVFF       Task_LCD_msg_L0, FARG_WordToStr_input
0x085A	0x0E00      	MOVLW       0
0x085C	0x0100      	MOVLB       0
0x085E	0x6F6D      	MOVWF       FARG_WordToStr_input+1, 1
0x0860	0x0E53      	MOVLW       Task_LCD_txt_L0
0x0862	0x6F6E      	MOVWF       FARG_WordToStr_output, 1
0x0864	0x0E00      	MOVLW       hi_addr(Task_LCD_txt_L0)
0x0866	0x6F6F      	MOVWF       FARG_WordToStr_output+1, 1
0x0868	0xDD3A      	RCALL       _WordToStr
;main.c,52 :: 		Lcd_Out(1,1,(txt));
0x086A	0x0E01      	MOVLW       1
0x086C	0x6F6C      	MOVWF       FARG_Lcd_Out_row, 1
0x086E	0x0E01      	MOVLW       1
0x0870	0x6F6D      	MOVWF       FARG_Lcd_Out_column, 1
0x0872	0x0E53      	MOVLW       Task_LCD_txt_L0
0x0874	0x6F6E      	MOVWF       FARG_Lcd_Out_text, 1
0x0876	0x0E00      	MOVLW       hi_addr(Task_LCD_txt_L0)
0x0878	0x6F6F      	MOVWF       FARG_Lcd_Out_text+1, 1
0x087A	0xDCF2      	RCALL       _Lcd_Out
;main.c,53 :: 		}
L_Task_LCD38:
;main.c,54 :: 		if (OS_Smsg_Check (msg_ad1)) {     // If message exists
0x087C	0x504E      	MOVF        _msg_ad1, 0 
0x087E	0x0A00      	XORLW       0
0x0880	0xE016      	BZ          L_Task_LCD39
;main.c,55 :: 		OS_Smsg_Accept(msg_ad1, msg);  // then accept it
0x0882	0x0100      	MOVLB       0
0x0884	0xF067C04E  	MOVFF       _msg_ad1, Task_LCD_msg_L0
0x0888	0x6A4E      	CLRF        _msg_ad1 
;main.c,56 :: 		WordToStr(msg, txt);
0x088A	0xF06CC067  	MOVFF       Task_LCD_msg_L0, FARG_WordToStr_input
0x088E	0x0E00      	MOVLW       0
0x0890	0x6F6D      	MOVWF       FARG_WordToStr_input+1, 1
0x0892	0x0E53      	MOVLW       Task_LCD_txt_L0
0x0894	0x6F6E      	MOVWF       FARG_WordToStr_output, 1
0x0896	0x0E00      	MOVLW       hi_addr(Task_LCD_txt_L0)
0x0898	0x6F6F      	MOVWF       FARG_WordToStr_output+1, 1
0x089A	0xDD21      	RCALL       _WordToStr
;main.c,57 :: 		Lcd_Out(1,10,(txt));
0x089C	0x0E01      	MOVLW       1
0x089E	0x6F6C      	MOVWF       FARG_Lcd_Out_row, 1
0x08A0	0x0E0A      	MOVLW       10
0x08A2	0x6F6D      	MOVWF       FARG_Lcd_Out_column, 1
0x08A4	0x0E53      	MOVLW       Task_LCD_txt_L0
0x08A6	0x6F6E      	MOVWF       FARG_Lcd_Out_text, 1
0x08A8	0x0E00      	MOVLW       hi_addr(Task_LCD_txt_L0)
0x08AA	0x6F6F      	MOVWF       FARG_Lcd_Out_text+1, 1
0x08AC	0xDCD9      	RCALL       _Lcd_Out
;main.c,58 :: 		}
L_Task_LCD39:
;main.c,59 :: 		if (OS_Smsg_Check (msg_ad2)) {     // If message exists
0x08AE	0x504F      	MOVF        _msg_ad2, 0 
0x08B0	0x0A00      	XORLW       0
0x08B2	0xE016      	BZ          L_Task_LCD40
;main.c,60 :: 		OS_Smsg_Accept(msg_ad2, msg);  // then accept it
0x08B4	0x0100      	MOVLB       0
0x08B6	0xF067C04F  	MOVFF       _msg_ad2, Task_LCD_msg_L0
0x08BA	0x6A4F      	CLRF        _msg_ad2 
;main.c,61 :: 		WordToStr(msg, txt);
0x08BC	0xF06CC067  	MOVFF       Task_LCD_msg_L0, FARG_WordToStr_input
0x08C0	0x0E00      	MOVLW       0
0x08C2	0x6F6D      	MOVWF       FARG_WordToStr_input+1, 1
0x08C4	0x0E53      	MOVLW       Task_LCD_txt_L0
0x08C6	0x6F6E      	MOVWF       FARG_WordToStr_output, 1
0x08C8	0x0E00      	MOVLW       hi_addr(Task_LCD_txt_L0)
0x08CA	0x6F6F      	MOVWF       FARG_WordToStr_output+1, 1
0x08CC	0xDD08      	RCALL       _WordToStr
;main.c,62 :: 		Lcd_Out(2,1,(txt));
0x08CE	0x0E02      	MOVLW       2
0x08D0	0x6F6C      	MOVWF       FARG_Lcd_Out_row, 1
0x08D2	0x0E01      	MOVLW       1
0x08D4	0x6F6D      	MOVWF       FARG_Lcd_Out_column, 1
0x08D6	0x0E53      	MOVLW       Task_LCD_txt_L0
0x08D8	0x6F6E      	MOVWF       FARG_Lcd_Out_text, 1
0x08DA	0x0E00      	MOVLW       hi_addr(Task_LCD_txt_L0)
0x08DC	0x6F6F      	MOVWF       FARG_Lcd_Out_text+1, 1
0x08DE	0xDCC0      	RCALL       _Lcd_Out
;main.c,63 :: 		}
L_Task_LCD40:
0x08E0	0x0100      	MOVLB       0
;main.c,66 :: 		OS_Delay(20 ms);
0x08E2	0x0E14      	MOVLW       20
0x08E4	0x6F6C      	MOVWF       FARG__OS_InitDelay_Delay, 1
0x08E6	0x0E00      	MOVLW       0
0x08E8	0x6F6D      	MOVWF       FARG__OS_InitDelay_Delay+1, 1
0x08EA	0x6F6E      	MOVWF       FARG__OS_InitDelay_Delay+2, 1
0x08EC	0x6F6F      	MOVWF       FARG__OS_InitDelay_Delay+3, 1
0x08EE	0xDD8F      	RCALL       __OS_InitDelay
0x08F0	0xDE31      	RCALL       __OS_ReturnSave
0x08F2	0x0000      	NOP
;main.c,67 :: 		}
0x08F4	0xD7AA      	BRA         L_Task_LCD35
;main.c,68 :: 		}
L_end_Task_LCD:
0x08F6	0x0012      	RETURN      0
; end of _Task_LCD
_main:
0x08F8	0xF005EC4D  	CALL        2714, 0
;main.c,18 :: 		void main (void)
;main.c,20 :: 		InitMCU();                         //Inicializa os perifricos do MCU
0x08FC	0xDF99      	RCALL       _InitMCU
;main.c,21 :: 		TickTimerIE();                     //Configura e habilita a Interrupo TickTimer
0x08FE	0xDEAD      	RCALL       _TickTimerIE
;main.c,22 :: 		InitLCD();
0x0900	0xDEC2      	RCALL       _InitLCD
;main.c,24 :: 		OS_Init();                         //Inicializa RTO's
0x0902	0xDEB6      	RCALL       _OS_Init
;main.c,27 :: 		OS_Task_Create(0, Task_AD0);      //Cria task AD0 (mxima prioridade)
0x0904	0x6B67      	CLRF        FARG__OS_Task_Create_priority, 1
0x0906	0x0E90      	MOVLW       _Task_AD0
0x0908	0x6F68      	MOVWF       FARG__OS_Task_Create_TaskAddr, 1
0x090A	0x0E05      	MOVLW       hi_addr(_Task_AD0)
0x090C	0x6F69      	MOVWF       FARG__OS_Task_Create_TaskAddr+1, 1
0x090E	0x0E00      	MOVLW       0
0x0910	0x6F6A      	MOVWF       FARG__OS_Task_Create_TaskAddr+2, 1
0x0912	0x0E00      	MOVLW       0
0x0914	0x6F6B      	MOVWF       FARG__OS_Task_Create_TaskAddr+3, 1
0x0916	0xDEBF      	RCALL       __OS_Task_Create
;main.c,28 :: 		OS_Task_Create(1, Task_AD1);      //Cria task AD1 (mxima prioridade)
0x0918	0x0E01      	MOVLW       1
0x091A	0x0100      	MOVLB       0
0x091C	0x6F67      	MOVWF       FARG__OS_Task_Create_priority, 1
0x091E	0x0E98      	MOVLW       _Task_AD1
0x0920	0x6F68      	MOVWF       FARG__OS_Task_Create_TaskAddr, 1
0x0922	0x0E07      	MOVLW       hi_addr(_Task_AD1)
0x0924	0x6F69      	MOVWF       FARG__OS_Task_Create_TaskAddr+1, 1
0x0926	0x0E00      	MOVLW       0
0x0928	0x6F6A      	MOVWF       FARG__OS_Task_Create_TaskAddr+2, 1
0x092A	0x0E00      	MOVLW       0
0x092C	0x6F6B      	MOVWF       FARG__OS_Task_Create_TaskAddr+3, 1
0x092E	0xDEB3      	RCALL       __OS_Task_Create
;main.c,29 :: 		OS_Task_Create(2, Task_AD2);      //Cria task AD2 (mxima prioridade)
0x0930	0x0E02      	MOVLW       2
0x0932	0x0100      	MOVLB       0
0x0934	0x6F67      	MOVWF       FARG__OS_Task_Create_priority, 1
0x0936	0x0E1C      	MOVLW       _Task_AD2
0x0938	0x6F68      	MOVWF       FARG__OS_Task_Create_TaskAddr, 1
0x093A	0x0E07      	MOVLW       hi_addr(_Task_AD2)
0x093C	0x6F69      	MOVWF       FARG__OS_Task_Create_TaskAddr+1, 1
0x093E	0x0E00      	MOVLW       0
0x0940	0x6F6A      	MOVWF       FARG__OS_Task_Create_TaskAddr+2, 1
0x0942	0x0E00      	MOVLW       0
0x0944	0x6F6B      	MOVWF       FARG__OS_Task_Create_TaskAddr+3, 1
0x0946	0xDEA7      	RCALL       __OS_Task_Create
;main.c,30 :: 		OS_Task_Create(3, Task_LED0);      //Cria task LED0 (mxima prioridade)
0x0948	0x0E03      	MOVLW       3
0x094A	0x0100      	MOVLB       0
0x094C	0x6F67      	MOVWF       FARG__OS_Task_Create_priority, 1
0x094E	0x0E14      	MOVLW       _Task_LED0
0x0950	0x6F68      	MOVWF       FARG__OS_Task_Create_TaskAddr, 1
0x0952	0x0E08      	MOVLW       hi_addr(_Task_LED0)
0x0954	0x6F69      	MOVWF       FARG__OS_Task_Create_TaskAddr+1, 1
0x0956	0x0E00      	MOVLW       0
0x0958	0x6F6A      	MOVWF       FARG__OS_Task_Create_TaskAddr+2, 1
0x095A	0x0E00      	MOVLW       0
0x095C	0x6F6B      	MOVWF       FARG__OS_Task_Create_TaskAddr+3, 1
0x095E	0xDE9B      	RCALL       __OS_Task_Create
;main.c,31 :: 		OS_Task_Create(4, Task_LCD);      //Cria task LCD (mxima prioridade)
0x0960	0x0E04      	MOVLW       4
0x0962	0x0100      	MOVLB       0
0x0964	0x6F67      	MOVWF       FARG__OS_Task_Create_priority, 1
0x0966	0x0E4A      	MOVLW       _Task_LCD
0x0968	0x6F68      	MOVWF       FARG__OS_Task_Create_TaskAddr, 1
0x096A	0x0E08      	MOVLW       hi_addr(_Task_LCD)
0x096C	0x6F69      	MOVWF       FARG__OS_Task_Create_TaskAddr+1, 1
0x096E	0x0E00      	MOVLW       0
0x0970	0x6F6A      	MOVWF       FARG__OS_Task_Create_TaskAddr+2, 1
0x0972	0x0E00      	MOVLW       0
0x0974	0x6F6B      	MOVWF       FARG__OS_Task_Create_TaskAddr+3, 1
0x0976	0xDE8F      	RCALL       __OS_Task_Create
;main.c,33 :: 		OS_EI();
0x0978	0x8EF2      	BSF         GIE_bit, BitPos(GIE_bit+0) 
0x097A	0xBED0      	BTFSC       IPEN_bit, BitPos(IPEN_bit+0) 
0x097C	0x8CF2      	BSF         GIEL_bit, BitPos(GIEL_bit+0) 
L_main6:
;main.c,35 :: 		OS_Run();
L_main7:
0x097E	0x9850      	BCF         __OS_Flags, 4 
0x0980	0x8650      	BSF         __OS_Flags, 3 
0x0982	0x0E08      	MOVLW       8
0x0984	0x6E4D      	MOVWF       __OS_Best_Priority 
0x0986	0xA450      	BTFSS       __OS_Flags, 2 
0x0988	0xD001      	BRA         L_main10
0x098A	0xD019      	BRA         ___main__OS_SCHED_CHECK_READY
L_main10:
0x098C	0xF026C024  	MOVFF       __OS_LastTask, __OS_CurTask
0x0990	0xF027C025  	MOVFF       __OS_LastTask+1, __OS_CurTask+1
L_main11:
0x0994	0x0E00      	MOVLW       hi_addr(__OS_Tasks+27)
0x0996	0x5C27      	SUBWF       __OS_CurTask+1, 0 
0x0998	0xE102      	BNZ         L__main63
0x099A	0x0E44      	MOVLW       __OS_Tasks+27
0x099C	0x5C26      	SUBWF       __OS_CurTask, 0 
L__main63:
0x099E	0xE305      	BNC         L_main14
0x09A0	0x0E29      	MOVLW       __OS_Tasks
0x09A2	0x6E26      	MOVWF       __OS_CurTask 
0x09A4	0x0E00      	MOVLW       hi_addr(__OS_Tasks)
0x09A6	0x6E27      	MOVWF       __OS_CurTask+1 
0x09A8	0xD00A      	BRA         L_main15
L_main14:
0x09AA	0x0E09      	MOVLW       9
0x09AC	0x2426      	ADDWF       __OS_CurTask, 0 
0x09AE	0x6E00      	MOVWF       R0 
0x09B0	0x0E00      	MOVLW       0
0x09B2	0x2027      	ADDWFC      __OS_CurTask+1, 0 
0x09B4	0x6E01      	MOVWF       R1 
0x09B6	0xF026C000  	MOVFF       R0, __OS_CurTask
0x09BA	0xF027C001  	MOVFF       R1, __OS_CurTask+1
L_main15:
___main__OS_SCHED_CHECK_READY:
0x09BE	0xFFE9C026  	MOVFF       __OS_CurTask, FSR0L
0x09C2	0xFFEAC027  	MOVFF       __OS_CurTask+1, FSR0H
0x09C6	0x0E01      	MOVLW       1
0x09C8	0x6E00      	MOVWF       R0 
0x09CA	0x0E28      	MOVLW       __OS_State
0x09CC	0x6EE1      	MOVWF       FSR1L 
0x09CE	0x0E00      	MOVLW       hi_addr(__OS_State)
0x09D0	0x6EE2      	MOVWF       FSR1H 
L_main16:
0x09D2	0xFFE6CFEE  	MOVFF       POSTINC0, POSTINC1
0x09D6	0x0600      	DECF        R0, 1 
0x09D8	0xE1FC      	BNZ         L_main16
0x09DA	0xAC28      	BTFSS       __OS_State, 6 
0x09DC	0xD003      	BRA         L__main59
0x09DE	0xBE28      	BTFSC       __OS_State, 7 
0x09E0	0xD001      	BRA         L__main59
0x09E2	0xD001      	BRA         L_main19
L__main59:
0x09E4	0xD02F      	BRA         ___main__OS_SCHED_CONTINUE
L_main19:
0x09E6	0xF000C028  	MOVFF       __OS_State, R0
0x09EA	0x0E07      	MOVLW       7
0x09EC	0x1600      	ANDWF       R0, 1 
0x09EE	0xF052C000  	MOVFF       R0, __OS_Temp
0x09F2	0x504D      	MOVF        __OS_Best_Priority, 0 
0x09F4	0x5C52      	SUBWF       __OS_Temp, 0 
0x09F6	0xE301      	BNC         L_main20
0x09F8	0xD025      	BRA         ___main__OS_SCHED_CONTINUE
L_main20:
0x09FA	0xB628      	BTFSC       __OS_State, 3 
0x09FC	0xD00D      	BRA         L_main21
___main__OS_SCHED_RUN:
0x09FE	0xDDB4      	RCALL       __OS_JumpToTask
0x0A00	0xF000ECF4  	CALL        __OS_SET_FSR_CUR_TASK, 0
0x0A04	0x0ED7      	MOVLW       215
0x0A06	0x16EF      	ANDWF       __indf, 1 
0x0A08	0x0E28      	MOVLW       40
0x0A0A	0x1428      	ANDWF       __OS_State, 0 
0x0A0C	0x6E00      	MOVWF       R0 
0x0A0E	0x5000      	MOVF        R0, 0 
0x0A10	0x12EF      	IORWF       __indf, 1 
0x0A12	0xB650      	BTFSC       __OS_Flags, 3 
0x0A14	0xD001      	BRA         L_main22
0x0A16	0xD03D      	BRA         ___main_SCHED_END
L_main22:
L_main21:
0x0A18	0xA828      	BTFSS       __OS_State, 4 
0x0A1A	0xD003      	BRA         L_main25
0x0A1C	0xBA28      	BTFSC       __OS_State, 5 
0x0A1E	0xD001      	BRA         L_main25
L__main58:
0x0A20	0xD011      	BRA         ___main__OS_SCHED_CONTINUE
L_main25:
0x0A22	0xA628      	BTFSS       __OS_State, 3 
0x0A24	0xD00F      	BRA         L_main26
0x0A26	0x8850      	BSF         __OS_Flags, 4 
0x0A28	0xF065C026  	MOVFF       __OS_CurTask, __OS_BestTask
0x0A2C	0xF066C027  	MOVFF       __OS_CurTask+1, __OS_BestTask+1
0x0A30	0xF000C028  	MOVFF       __OS_State, R0
0x0A34	0x0E07      	MOVLW       7
0x0A36	0x1600      	ANDWF       R0, 1 
0x0A38	0xF04DC000  	MOVFF       R0, __OS_Best_Priority
0x0A3C	0x504D      	MOVF        __OS_Best_Priority, 0 
0x0A3E	0x0A00      	XORLW       0
0x0A40	0xE101      	BNZ         L_main27
0x0A42	0xD009      	BRA         L_main12
L_main27:
L_main26:
___main__OS_SCHED_CONTINUE:
0x0A44	0xB450      	BTFSC       __OS_Flags, 2 
0x0A46	0xD007      	BRA         L__main57
0x0A48	0x5027      	MOVF        __OS_CurTask+1, 0 
0x0A4A	0x1825      	XORWF       __OS_LastTask+1, 0 
0x0A4C	0xE102      	BNZ         L__main64
0x0A4E	0x5024      	MOVF        __OS_LastTask, 0 
0x0A50	0x1826      	XORWF       __OS_CurTask, 0 
L__main64:
0x0A52	0xE001      	BZ          L__main57
0x0A54	0xD79F      	BRA         L_main11
L__main57:
L_main12:
0x0A56	0xA850      	BTFSS       __OS_Flags, 4 
0x0A58	0xD01C      	BRA         L_main30
0x0A5A	0x9650      	BCF         __OS_Flags, 3 
0x0A5C	0xF026C065  	MOVFF       __OS_BestTask, __OS_CurTask
0x0A60	0xF027C066  	MOVFF       __OS_BestTask+1, __OS_CurTask+1
0x0A64	0xF024C026  	MOVFF       __OS_CurTask, __OS_LastTask
0x0A68	0xF025C027  	MOVFF       __OS_CurTask+1, __OS_LastTask+1
0x0A6C	0xFFE9C026  	MOVFF       __OS_CurTask, FSR0L
0x0A70	0xFFEAC027  	MOVFF       __OS_CurTask+1, FSR0H
0x0A74	0x0E01      	MOVLW       1
0x0A76	0x6E00      	MOVWF       R0 
0x0A78	0x0E28      	MOVLW       __OS_State
0x0A7A	0x6EE1      	MOVWF       FSR1L 
0x0A7C	0x0E00      	MOVLW       hi_addr(__OS_State)
0x0A7E	0x6EE2      	MOVWF       FSR1H 
L_main31:
0x0A80	0xFFE6CFEE  	MOVFF       POSTINC0, POSTINC1
0x0A84	0x0600      	DECF        R0, 1 
0x0A86	0xE1FC      	BNZ         L_main31
0x0A88	0xAC28      	BTFSS       __OS_State, 6 
0x0A8A	0xD003      	BRA         L_main34
0x0A8C	0xBE28      	BTFSC       __OS_State, 7 
0x0A8E	0xD001      	BRA         L_main34
L__main56:
0x0A90	0xD7B6      	BRA         ___main__OS_SCHED_RUN
L_main34:
L_main30:
___main_SCHED_END:
0x0A92	0xD775      	BRA         L_main7
;main.c,37 :: 		}
L_end_main:
0x0A94	0xD7FF      	BRA         $+0
; end of _main
0x0A9A	0xF021EE10  	LFSR        1, 33
0x0A9E	0x0E03      	MOVLW       3
0x0AA0	0x6E00      	MOVWF       R0 
0x0AA2	0x0E01      	MOVLW       1
0x0AA4	0x6E01      	MOVWF       R1 
0x0AA6	0x0E96      	MOVLW       150
0x0AA8	0x6EF6      	MOVWF       4086 
0x0AAA	0x0E0A      	MOVLW       10
0x0AAC	0x6EF7      	MOVWF       TBLPTRH 
0x0AAE	0x0E00      	MOVLW       0
0x0AB0	0x6EF8      	MOVWF       TBLPTRU 
0x0AB2	0xF002ECC0  	CALL        1408, 0
0x0AB6	0x0012      	RETURN      0
;main.c,0 :: ?ICSTask_LCD_count_L0
0x0A96	0x0000 ;?ICSTask_LCD_count_L0+0
; end of ?ICSTask_LCD_count_L0
;__Lib_ADC_K22_B.c,0 :: ?ICS_vref_mask
0x0A98	0x0F ;?ICS_vref_mask+0
; end of ?ICS_vref_mask
Symbol List:
//** Routines locations **
//ADDRESS    SIZE    PROCEDURE
//----------------------------------------------
0x0008     [316]    _INTERRUPT_HIGH
0x0144      [10]    _Delay_50us
0x014E      [22]    _Delay_5500us
0x0164       [6]    _Delay_1us
0x016A     [126]    _Lcd_Cmd
0x01E8      [10]    __OS_SET_FSR_CUR_TASK
0x01F2      [14]    _Lcd_Chr_CP
0x0200      [54]    _Div_16X16_U
0x0236      [30]    __OS_ClrReadySetClrCanContinue
0x0254      [12]    _Delay_22us
0x0260     [126]    _Lcd_Out
0x02DE     [146]    _WordToStr
0x0370     [152]    _Lcd_Init
0x0408       [6]    __OS_EnterWaitMode
0x040E     [166]    __OS_InitDelay
0x04B4     [116]    _ADC_Read
0x0528      [44]    __OS_CheckEvent
0x0554      [20]    __OS_ReturnSave
0x0568      [24]    __OS_JumpToTask
0x0580      [16]    ___CC2DW
0x0590     [122]    _Task_AD0
0x060A      [80]    _Mul_16X16_U
0x065A      [22]    _TickTimerIE
0x0670      [22]    _OS_Init
0x0686      [16]    _InitLCD
0x0696     [134]    __OS_Task_Create
0x071C     [124]    _Task_AD2
0x0798     [124]    _Task_AD1
0x0814      [28]    _Task_LED0
0x0830      [26]    _InitMCU
0x084A     [174]    _Task_LCD
0x08F8     [414]    _main
//** Variables locations ** 
//ADDRESS    SIZE    VARIABLE
//----------------------------------------------
0x0000       [1]    EEPROM_Write_SaveINTCON_L0
0x0000       [1]    UART2_Init_tmp_L0
0x0000       [1]    UART1_Init_tmp_L0
0x0000       [1]    R0
0x0001       [2]    _OS_Task_Create_Task_L0
0x0001       [1]    OS_DI_temp_L0
0x0001       [1]    UART1_Read___tmp_UART1_Read_L0
0x0001       [1]    R1
0x0001       [1]    UART2_Read___tmp_UART2_Read_L0
0x0002       [3]    _OS_Squeue_Get_q_L0
0x0002       [2]    memset_pp_L0
0x0002       [2]    strlen_cp_L0
0x0002       [2]    memchr_s_L0
0x0002       [1]    R2
0x0002       [2]    memcpy_dd_L0
0x0003       [2]    Ltrim_original_L0
0x0003       [2]    memmove_tt_L0
0x0003       [1]    R3
0x0004       [3]    _OS_Queue_Send_q_L0
0x0004       [2]    memcpy_ss_L0
0x0004       [2]    strcat_cp_L0
0x0004       [1]    R4
0x0004       [2]    strcpy_cp_L0
0x0004       [2]    strncat_cp_L0
0x0004       [2]    strncpy_cp_L0
0x0004       [3]    _OS_Squeue_Send_q_L0
0x0005       [2]    LongIntToHex_input_half_L0
0x0005       [1]    _OS_Squeue_Get_temp_L0
0x0005       [2]    memmove_ff_L0
0x0005       [2]    Ltrim_p_L0
0x0005       [2]    LongWordToHex_input_half_L0
0x0005       [3]    _OS_Queue_Get_q_L0
0x0005       [1]    R5
0x0006       [1]    R6
0x0007       [1]    R7
0x0007       [2]    _OS_Queue_Send_temp_L0
0x0007       [2]    _OS_Squeue_Send_temp_L0
0x0008       [1]    _OS_Queue_Get_temp_L0
0x0008       [1]    R8
0x0009       [1]    R9
0x000A       [1]    R10
0x000B       [1]    R11
0x000C       [1]    R12
0x000D       [1]    R13
0x000E       [1]    R14
0x000F       [1]    R15
0x0010       [1]    R16
0x0011       [1]    R17
0x0012       [1]    R18
0x0013       [1]    R19
0x0014       [1]    R20
0x0021       [2]    Task_LCD_count_L0
0x0023       [1]    _vref_mask
0x0024       [2]    __OS_LastTask
0x0026       [2]    __OS_CurTask
0x0028       [1]    __OS_State
0x0029      [36]    __OS_Tasks
0x004D       [1]    __OS_Best_Priority
0x004E       [1]    _msg_ad1
0x004F       [1]    _msg_ad2
0x0050       [1]    __OS_Flags
0x0051       [1]    _msg_ad0
0x0052       [1]    __OS_Temp
0x0053      [10]    Task_LCD_txt_L0
0x005D       [2]    Task_AD1_result_L0
0x005F       [1]    __OS_Bsems
0x0060       [0]    __Lib_Lcd_cmd_status
0x0061       [2]    Task_AD2_result_L0
0x0063       [2]    Task_AD0_result_L0
0x0065       [2]    __OS_BestTask
0x0067       [1]    Task_LCD_msg_L0
0x0067       [1]    FARG__OS_Task_Create_priority
0x0068       [4]    FARG__OS_Task_Create_TaskAddr
0x006C       [2]    FARG_WordToStr_input
0x006C       [1]    FARG_ADC_Read_channel
0x006C       [1]    FARG_Lcd_Out_row
0x006C       [4]    FARG__OS_InitDelay_Delay
0x006C       [1]    FARG__OS_CheckEvent_bEvent
0x006D       [1]    FARG_Lcd_Out_column
0x006D       [2]    ADC_Read_rslt_L0
0x006E       [2]    FARG_WordToStr_output
0x006E       [2]    FARG_Lcd_Out_text
0x0070       [1]    WordToStr_len_L0
0x0070       [1]    Lcd_Out_i_L0
0x0071       [2]    FLOC__WordToStr
0x0073       [1]    FARG_Lcd_Chr_CP_out_char
0x0074       [1]    FARG_Lcd_Cmd_out_char
0x0075       [1]    INTERRUPT_HIGH__os_i_L3
0x0F38       [1]    ANSELA
0x0F39       [1]    ANSELB
0x0F3A       [1]    ANSELC
0x0F3B       [1]    ANSELD
0x0F3C       [1]    ANSELE
0x0F81       [0]    RB5_bit
0x0F81       [0]    RB4_bit
0x0F81       [0]    LCD_EN
0x0F81       [0]    LCD_D7
0x0F81       [0]    LCD_RS
0x0F81       [0]    RB3_bit
0x0F81       [0]    LCD_D6
0x0F81       [0]    LCD_D4
0x0F81       [0]    LCD_D5
0x0F81       [0]    RB2_bit
0x0F81       [0]    RB0_bit
0x0F81       [0]    RB1_bit
0x0F83       [1]    PORTD
0x0F8C       [1]    LATD
0x0F92       [1]    TRISA
0x0F93       [0]    LCD_EN_Direction
0x0F93       [0]    LCD_RS_Direction
0x0F93       [0]    LCD_D4_Direction
0x0F93       [0]    LCD_D6_Direction
0x0F93       [0]    LCD_D5_Direction
0x0F93       [0]    LCD_D7_Direction
0x0F93       [0]    TRISB5_bit
0x0F93       [0]    TRISB2_bit
0x0F93       [0]    TRISB1_bit
0x0F93       [0]    TRISB0_bit
0x0F93       [0]    TRISB4_bit
0x0F93       [0]    TRISB3_bit
0x0F95       [1]    TRISD
0x0F96       [1]    TRISE
0x0F9D       [0]    TMR2IE_bit
0x0F9E       [0]    TMR2IF_bit
0x0F9F       [0]    TMR2IP_bit
0x0FBA       [1]    T2CON
0x0FBB       [1]    PR2
0x0FC0       [1]    ADCON2
0x0FC1       [1]    ADCON1
0x0FC2       [1]    ADCON0
0x0FC3       [1]    ADRESL
0x0FC4       [1]    ADRESH
0x0FD0       [0]    IPEN_bit
0x0FD0       [1]    RCON
0x0FD8       [1]    STATUS
0x0FD9       [1]    FSR2L
0x0FDA       [1]    FSR2H
0x0FDE       [1]    POSTINC2
0x0FE0       [1]    BSR
0x0FE1       [1]    FSR1L
0x0FE2       [1]    FSR1H
0x0FE4       [1]    PREINC1
0x0FE6       [1]    POSTINC1
0x0FE7       [1]    INDF1
0x0FE8       [1]    WREG
0x0FE9       [2]    __fsr
0x0FE9       [1]    FSR0L
0x0FEA       [1]    FSR0H
0x0FEC       [1]    __preinc
0x0FEE       [1]    POSTINC0
0x0FEE       [1]    __postinc
0x0FEF       [1]    __indf
0x0FF2       [0]    GIE_bit
0x0FF2       [0]    GIEL_bit
0x0FF2       [1]    INTCON
0x0FF3       [1]    PRODL
0x0FF4       [1]    PRODH
0x0FF5       [1]    TABLAT
0x0FF6       [1]    TBLPTRL
0x0FF7       [1]    TBLPTRH
0x0FF8       [1]    TBLPTRU
0x0FFD       [1]    __tosl
0x0FFE       [1]    __tosh
0x0FFF       [1]    __tosu
//** Constants locations ** 
//ADDRESS    SIZE    CONSTANT
//----------------------------------------------
0x0A96       [2]    ?ICSTask_LCD_count_L0
0x0A98       [1]    ?ICS_vref_mask
