;  LST file generated by mikroListExporter - v.2.0 
; Date/Time: 25/03/2019 10:49:05
;----------------------------------------------

;Address Opcode 	ASM
0x0000	0xF005EF9B  	GOTO        2870
_INTERRUPT_HIGH:
;main.c,25 :: 		void INTERRUPT_HIGH() iv 0x0008 ics ICS_AUTO {
0x0008	0xF01EC000  	MOVFF       R0, 30
0x000C	0xF01DC001  	MOVFF       R1, 29
0x0010	0xF01CC002  	MOVFF       R2, 28
0x0014	0xF01BC003  	MOVFF       R3, 27
0x0018	0xF01AC004  	MOVFF       R4, 26
0x001C	0xF019C005  	MOVFF       R5, 25
0x0020	0xF018C006  	MOVFF       R6, 24
0x0024	0xF017C007  	MOVFF       R7, 23
0x0028	0xF016C008  	MOVFF       R8, 22
0x002C	0xF015C009  	MOVFF       R9, 21
;main.c,28 :: 		if (TMR2IF_bit){
0x0030	0xF021CFE1  	MOVFF       FSR1L, 33
0x0034	0xF022CFE2  	MOVFF       FSR1H, 34
0x0038	0xF01FCFE9  	MOVFF       FSR0L, 31
0x003C	0xF020CFEA  	MOVFF       FSR0H, 32
0x0040	0xA29E      	BTFSS       TMR2IF_bit, BitPos(TMR2IF_bit+0) 
0x0042	0xD0BC      	BRA         L_INTERRUPT_HIGH0
;main.c,29 :: 		TMR2IF_bit = 0;
0x0044	0x929E      	BCF         TMR2IF_bit, BitPos(TMR2IF_bit+0) 
;main.c,30 :: 		OS_Timer();
0x0046	0x0100      	MOVLB       0
0x0048	0x6B94      	CLRF        INTERRUPT_HIGH__os_i_L3, 1
L_INTERRUPT_HIGH1:
0x004A	0x0E04      	MOVLW       4
0x004C	0x5D94      	SUBWF       INTERRUPT_HIGH__os_i_L3, 0, 1
0x004E	0xE268      	BC          L_INTERRUPT_HIGH2
0x0050	0x0E09      	MOVLW       9
0x0052	0x6E00      	MOVWF       R0 
0x0054	0x0E00      	MOVLW       0
0x0056	0x6E01      	MOVWF       R1 
0x0058	0xF004C094  	MOVFF       INTERRUPT_HIGH__os_i_L3, R4
0x005C	0x0E00      	MOVLW       0
0x005E	0x6E05      	MOVWF       R5 
0x0060	0xF004EC99  	CALL        _Mul_16X16_U, 0
0x0064	0x0E2E      	MOVLW       __OS_Tasks
0x0066	0x2400      	ADDWF       R0, 0 
0x0068	0x6EE9      	MOVWF       FSR0L 
0x006A	0x0E00      	MOVLW       hi_addr(__OS_Tasks)
0x006C	0x2001      	ADDWFC      R1, 0 
0x006E	0x6EEA      	MOVWF       FSR0H 
0x0070	0xF000CFEE  	MOVFF       POSTINC0, R0
0x0074	0xA800      	BTFSS       R0, 4 
0x0076	0xD052      	BRA         L_INTERRUPT_HIGH4
0x0078	0x0E09      	MOVLW       9
0x007A	0x6E00      	MOVWF       R0 
0x007C	0x0E00      	MOVLW       0
0x007E	0x6E01      	MOVWF       R1 
0x0080	0xF004C094  	MOVFF       INTERRUPT_HIGH__os_i_L3, R4
0x0084	0x0E00      	MOVLW       0
0x0086	0x6E05      	MOVWF       R5 
0x0088	0xF004EC99  	CALL        _Mul_16X16_U, 0
0x008C	0x0E2E      	MOVLW       __OS_Tasks
0x008E	0x2600      	ADDWF       R0, 1 
0x0090	0x0E00      	MOVLW       hi_addr(__OS_Tasks)
0x0092	0x2201      	ADDWFC      R1, 1 
0x0094	0x0E05      	MOVLW       5
0x0096	0x2400      	ADDWF       R0, 0 
0x0098	0x6E04      	MOVWF       R4 
0x009A	0x0E00      	MOVLW       0
0x009C	0x2001      	ADDWFC      R1, 0 
0x009E	0x6E05      	MOVWF       R5 
0x00A0	0xFFE9C004  	MOVFF       R4, FSR0L
0x00A4	0xFFEAC005  	MOVFF       R5, FSR0H
0x00A8	0x0E01      	MOVLW       1
0x00AA	0x24EE      	ADDWF       POSTINC0, 0 
0x00AC	0x6E00      	MOVWF       R0 
0x00AE	0x0E00      	MOVLW       0
0x00B0	0x20EE      	ADDWFC      POSTINC0, 0 
0x00B2	0x6E01      	MOVWF       R1 
0x00B4	0x0E00      	MOVLW       0
0x00B6	0x20EE      	ADDWFC      POSTINC0, 0 
0x00B8	0x6E02      	MOVWF       R2 
0x00BA	0x0E00      	MOVLW       0
0x00BC	0x20EE      	ADDWFC      POSTINC0, 0 
0x00BE	0x6E03      	MOVWF       R3 
0x00C0	0xFFE1C004  	MOVFF       R4, FSR1L
0x00C4	0xFFE2C005  	MOVFF       R5, FSR1H
0x00C8	0xFFE6C000  	MOVFF       R0, POSTINC1
0x00CC	0xFFE6C001  	MOVFF       R1, POSTINC1
0x00D0	0xFFE6C002  	MOVFF       R2, POSTINC1
0x00D4	0xFFE6C003  	MOVFF       R3, POSTINC1
0x00D8	0xFFE9C004  	MOVFF       R4, FSR0L
0x00DC	0xFFEAC005  	MOVFF       R5, FSR0H
0x00E0	0xF000CFEE  	MOVFF       POSTINC0, R0
0x00E4	0xF001CFEE  	MOVFF       POSTINC0, R1
0x00E8	0xF002CFEE  	MOVFF       POSTINC0, R2
0x00EC	0xF003CFEE  	MOVFF       POSTINC0, R3
0x00F0	0x5000      	MOVF        R0, 0 
0x00F2	0x1001      	IORWF       R1, 0 
0x00F4	0x1002      	IORWF       R2, 0 
0x00F6	0x1003      	IORWF       R3, 0 
0x00F8	0xE111      	BNZ         L_INTERRUPT_HIGH5
0x00FA	0x0E09      	MOVLW       9
0x00FC	0x6E00      	MOVWF       R0 
0x00FE	0x0E00      	MOVLW       0
0x0100	0x6E01      	MOVWF       R1 
0x0102	0xF004C094  	MOVFF       INTERRUPT_HIGH__os_i_L3, R4
0x0106	0x0E00      	MOVLW       0
0x0108	0x6E05      	MOVWF       R5 
0x010A	0xF004EC99  	CALL        _Mul_16X16_U, 0
0x010E	0x0E2E      	MOVLW       __OS_Tasks
0x0110	0x2400      	ADDWF       R0, 0 
0x0112	0x6EE1      	MOVWF       FSR1L 
0x0114	0x0E00      	MOVLW       hi_addr(__OS_Tasks)
0x0116	0x2001      	ADDWFC      R1, 0 
0x0118	0x6EE2      	MOVWF       FSR1H 
0x011A	0x98E6      	BCF         POSTINC1, 4 
L_INTERRUPT_HIGH5:
L_INTERRUPT_HIGH4:
0x011C	0x2B94      	INCF        INTERRUPT_HIGH__os_i_L3, 1, 1
0x011E	0xD795      	BRA         L_INTERRUPT_HIGH1
L_INTERRUPT_HIGH2:
0x0120	0x6B95      	CLRF        INTERRUPT_HIGH__os_i_L3_L3, 1
L_INTERRUPT_HIGH6:
0x0122	0x0E02      	MOVLW       2
0x0124	0x5D95      	SUBWF       INTERRUPT_HIGH__os_i_L3_L3, 0, 1
0x0126	0xE24A      	BC          L_INTERRUPT_HIGH7
0x0128	0xF000C095  	MOVFF       INTERRUPT_HIGH__os_i_L3_L3, R0
0x012C	0x0E00      	MOVLW       0
0x012E	0x6E01      	MOVWF       R1 
0x0130	0x3600      	RLCF        R0, 1 
0x0132	0x9000      	BCF         R0, 0 
0x0134	0x3601      	RLCF        R1, 1 
0x0136	0x3600      	RLCF        R0, 1 
0x0138	0x9000      	BCF         R0, 0 
0x013A	0x3601      	RLCF        R1, 1 
0x013C	0x0E79      	MOVLW       __OS_Stimers
0x013E	0x2400      	ADDWF       R0, 0 
0x0140	0x6EE9      	MOVWF       FSR0L 
0x0142	0x0E00      	MOVLW       hi_addr(__OS_Stimers)
0x0144	0x2001      	ADDWFC      R1, 0 
0x0146	0x6EEA      	MOVWF       FSR0H 
0x0148	0xF004CFEE  	MOVFF       POSTINC0, R4
0x014C	0xF005CFEE  	MOVFF       POSTINC0, R5
0x0150	0xF006CFEE  	MOVFF       POSTINC0, R6
0x0154	0xF007CFEE  	MOVFF       POSTINC0, R7
0x0158	0xAE07      	BTFSS       R7, 7 
0x015A	0xD02E      	BRA         L_INTERRUPT_HIGH9
0x015C	0xF000C095  	MOVFF       INTERRUPT_HIGH__os_i_L3_L3, R0
0x0160	0x0E00      	MOVLW       0
0x0162	0x6E01      	MOVWF       R1 
0x0164	0x3600      	RLCF        R0, 1 
0x0166	0x9000      	BCF         R0, 0 
0x0168	0x3601      	RLCF        R1, 1 
0x016A	0x3600      	RLCF        R0, 1 
0x016C	0x9000      	BCF         R0, 0 
0x016E	0x3601      	RLCF        R1, 1 
0x0170	0x0E79      	MOVLW       __OS_Stimers
0x0172	0x2400      	ADDWF       R0, 0 
0x0174	0x6E04      	MOVWF       R4 
0x0176	0x0E00      	MOVLW       hi_addr(__OS_Stimers)
0x0178	0x2001      	ADDWFC      R1, 0 
0x017A	0x6E05      	MOVWF       R5 
0x017C	0xFFE9C004  	MOVFF       R4, FSR0L
0x0180	0xFFEAC005  	MOVFF       R5, FSR0H
0x0184	0xF000CFEE  	MOVFF       POSTINC0, R0
0x0188	0xF001CFEE  	MOVFF       POSTINC0, R1
0x018C	0xF002CFEE  	MOVFF       POSTINC0, R2
0x0190	0xF003CFEE  	MOVFF       POSTINC0, R3
0x0194	0x0E01      	MOVLW       1
0x0196	0x2600      	ADDWF       R0, 1 
0x0198	0x0E00      	MOVLW       0
0x019A	0x2201      	ADDWFC      R1, 1 
0x019C	0x2202      	ADDWFC      R2, 1 
0x019E	0x2203      	ADDWFC      R3, 1 
0x01A0	0xFFE1C004  	MOVFF       R4, FSR1L
0x01A4	0xFFE2C005  	MOVFF       R5, FSR1H
0x01A8	0xFFE6C000  	MOVFF       R0, POSTINC1
0x01AC	0xFFE6C001  	MOVFF       R1, POSTINC1
0x01B0	0xFFE6C002  	MOVFF       R2, POSTINC1
0x01B4	0xFFE6C003  	MOVFF       R3, POSTINC1
L_INTERRUPT_HIGH9:
0x01B8	0x2B95      	INCF        INTERRUPT_HIGH__os_i_L3_L3, 1, 1
0x01BA	0xD7B3      	BRA         L_INTERRUPT_HIGH6
L_INTERRUPT_HIGH7:
;main.c,31 :: 		}
L_INTERRUPT_HIGH0:
;main.c,33 :: 		}
L_end_INTERRUPT_HIGH:
L__INTERRUPT_HIGH83:
0x01BC	0xF000C01E  	MOVFF       30, R0
0x01C0	0xF001C01D  	MOVFF       29, R1
0x01C4	0xF002C01C  	MOVFF       28, R2
0x01C8	0xF003C01B  	MOVFF       27, R3
0x01CC	0xF004C01A  	MOVFF       26, R4
0x01D0	0xF005C019  	MOVFF       25, R5
0x01D4	0xF006C018  	MOVFF       24, R6
0x01D8	0xF007C017  	MOVFF       23, R7
0x01DC	0xF008C016  	MOVFF       22, R8
0x01E0	0xF009C015  	MOVFF       21, R9
0x01E4	0xFFE9C01F  	MOVFF       31, FSR0L
0x01E8	0xFFEAC020  	MOVFF       32, FSR0H
0x01EC	0xFFE1C021  	MOVFF       33, FSR1L
0x01F0	0xFFE2C022  	MOVFF       34, FSR1H
0x01F4	0x0011      	RETFIE      1
; end of _INTERRUPT_HIGH
__OS_SET_FSR_CUR_TASK:
;osa_pic18_mikroc.c,242 :: 		
;osa_pic18_mikroc.c,244 :: 		
0x01F6	0xFFE9C028  	MOVFF       __OS_CurTask, FSR0L
0x01FA	0xFFEAC029  	MOVFF       __OS_CurTask+1, FSR0H
;osa_pic18_mikroc.c,245 :: 		
L_end__OS_SET_FSR_CUR_TASK:
0x01FE	0x0012      	RETURN      0
; end of __OS_SET_FSR_CUR_TASK
_OS_RI:
;osa_pic18_mikroc.c,326 :: 		
;osa_pic18_mikroc.c,328 :: 		
0x0200	0x0100      	MOVLB       0
0x0202	0xAF92      	BTFSS       FARG_OS_RI_temp, 7, 1
0x0204	0xD001      	BRA         L_OS_RI4
0x0206	0x8EF2      	BSF         GIE_bit, BitPos(GIE_bit+0) 
L_OS_RI4:
;osa_pic18_mikroc.c,329 :: 		
0x0208	0xAED0      	BTFSS       IPEN_bit, BitPos(IPEN_bit+0) 
0x020A	0xD003      	BRA         L_OS_RI5
;osa_pic18_mikroc.c,331 :: 		
0x020C	0xAD92      	BTFSS       FARG_OS_RI_temp, 6, 1
0x020E	0xD001      	BRA         L_OS_RI6
0x0210	0x8CF2      	BSF         GIEL_bit, BitPos(GIEL_bit+0) 
L_OS_RI6:
;osa_pic18_mikroc.c,332 :: 		
L_OS_RI5:
;osa_pic18_mikroc.c,333 :: 		
L_end_OS_RI:
0x0212	0x0012      	RETURN      0
; end of _OS_RI
__OS_ClrReadySetClrCanContinue:
;osa_pic18_mikroc.c,207 :: 		
;osa_pic18_mikroc.c,209 :: 		
0x0214	0x0006      	POP
;osa_pic18_mikroc.c,211 :: 		
0x0216	0x9058      	BCF         __OS_Flags, 0 
;osa_pic18_mikroc.c,213 :: 		
0x0218	0xDFEE      	RCALL       __OS_SET_FSR_CUR_TASK
;osa_pic18_mikroc.c,214 :: 		
0x021A	0xFFECCFFD  	MOVFF       TOSL, PREINC0
0x021E	0xFFECCFFE  	MOVFF       TOSH, PREINC0
0x0222	0xFFECCFFF  	MOVFF       TOSU, PREINC0
;osa_pic18_mikroc.c,215 :: 		
0x0226	0x962D      	BCF         __OS_State, 3 
;osa_pic18_mikroc.c,218 :: 		
0x0228	0xA82D      	BTFSS       __OS_State, 4 
0x022A	0x9A2D      	BCF         __OS_State, 5 
L__OS_ClrReadySetClrCanContinue0:
;osa_pic18_mikroc.c,219 :: 		
0x022C	0xB052      	BTFSC       __OS_Temp, 0 
0x022E	0x8A2D      	BSF         __OS_State, 5 
L__OS_ClrReadySetClrCanContinue1:
;osa_pic18_mikroc.c,222 :: 		
L_end__OS_ClrReadySetClrCanContinue:
0x0230	0x0012      	RETURN      0
; end of __OS_ClrReadySetClrCanContinue
_EEPROM_Write:
;__Lib_EEPROM_256.c,21 :: 		
;__Lib_EEPROM_256.c,24 :: 		
L_EEPROM_Write0:
0x0232	0xA2A6      	BTFSS       EECON1, 1 
0x0234	0xD002      	BRA         L_EEPROM_Write1
;__Lib_EEPROM_256.c,25 :: 		
0x0236	0x0000      	NOP
0x0238	0xD7FC      	BRA         L_EEPROM_Write0
L_EEPROM_Write1:
;__Lib_EEPROM_256.c,26 :: 		
0x023A	0x9CA6      	BCF         EECON1, 6 
;__Lib_EEPROM_256.c,27 :: 		
0x023C	0xFFA9C092  	MOVFF       FARG_EEPROM_Write_address, EEADR
;__Lib_EEPROM_256.c,28 :: 		
0x0240	0xFFA8C093  	MOVFF       FARG_EEPROM_Write_data_, EEDATA
;__Lib_EEPROM_256.c,29 :: 		
0x0244	0x9EA6      	BCF         EECON1, 7 
;__Lib_EEPROM_256.c,30 :: 		
0x0246	0x84A6      	BSF         EECON1, 2 
;__Lib_EEPROM_256.c,32 :: 		
0x0248	0xF000CFF2  	MOVFF       INTCON, R0
;__Lib_EEPROM_256.c,35 :: 		
0x024C	0x9EF2      	BCF         INTCON, 7 
;__Lib_EEPROM_256.c,36 :: 		
0x024E	0x0E55      	MOVLW       85
0x0250	0x6EA7      	MOVWF       EECON2 
;__Lib_EEPROM_256.c,37 :: 		
0x0252	0x0EAA      	MOVLW       170
0x0254	0x6EA7      	MOVWF       EECON2 
;__Lib_EEPROM_256.c,38 :: 		
0x0256	0x82A6      	BSF         EECON1, 1 
;__Lib_EEPROM_256.c,42 :: 		
0x0258	0xBE00      	BTFSC       R0, 7 
0x025A	0xD002      	BRA         L__EEPROM_Write6
0x025C	0x9EF2      	BCF         INTCON, 7 
0x025E	0xD001      	BRA         L__EEPROM_Write7
L__EEPROM_Write6:
0x0260	0x8EF2      	BSF         INTCON, 7 
L__EEPROM_Write7:
;__Lib_EEPROM_256.c,44 :: 		
0x0262	0x94A6      	BCF         EECON1, 2 
;__Lib_EEPROM_256.c,46 :: 		
L_EEPROM_Write2:
0x0264	0xB8A1      	BTFSC       PIR2, 4 
0x0266	0xD002      	BRA         L_EEPROM_Write3
;__Lib_EEPROM_256.c,47 :: 		
0x0268	0x0000      	NOP
0x026A	0xD7FC      	BRA         L_EEPROM_Write2
L_EEPROM_Write3:
;__Lib_EEPROM_256.c,49 :: 		
0x026C	0x98A1      	BCF         PIR2, 4 
;__Lib_EEPROM_256.c,50 :: 		
L_end_EEPROM_Write:
0x026E	0x0012      	RETURN      0
; end of _EEPROM_Write
_OS_DI:
;osa_pic18_mikroc.c,281 :: 		
;osa_pic18_mikroc.c,284 :: 		
0x0270	0x0EC0      	MOVLW       192
0x0272	0x14F2      	ANDWF       INTCON, 0 
0x0274	0x6E01      	MOVWF       R1 
;osa_pic18_mikroc.c,285 :: 		
0x0276	0x9EF2      	BCF         GIE_bit, BitPos(GIE_bit+0) 
;osa_pic18_mikroc.c,286 :: 		
0x0278	0xBED0      	BTFSC       IPEN_bit, BitPos(IPEN_bit+0) 
0x027A	0x9CF2      	BCF         GIEL_bit, BitPos(GIEL_bit+0) 
L_OS_DI2:
;osa_pic18_mikroc.c,287 :: 		
0x027C	0xF000C001  	MOVFF       R1, R0
;osa_pic18_mikroc.c,288 :: 		
L_end_OS_DI:
0x0280	0x0012      	RETURN      0
; end of _OS_DI
__OS_EnterWaitMode:
;osa_pic18_mikroc.c,156 :: 		
;osa_pic18_mikroc.c,158 :: 		
0x0282	0x6A52      	CLRF        __OS_Temp 
;osa_pic18_mikroc.c,159 :: 		
0x0284	0xDFC7      	RCALL       __OS_ClrReadySetClrCanContinue
;osa_pic18_mikroc.c,160 :: 		
L_end__OS_EnterWaitMode:
0x0286	0x0012      	RETURN      0
; end of __OS_EnterWaitMode
__OS_CheckEvent:
;osa_pic18_mikroc.c,383 :: 		
;osa_pic18_mikroc.c,421 :: 		
0x0288	0x9A58      	BCF         __OS_Flags, 5 
;osa_pic18_mikroc.c,422 :: 		
0x028A	0xDFB5      	RCALL       __OS_SET_FSR_CUR_TASK
;osa_pic18_mikroc.c,424 :: 		
0x028C	0x0100      	MOVLB       0
0x028E	0x538E      	MOVF        FARG__OS_CheckEvent_bEvent, 1, 1
0x0290	0xE007      	BZ          L__OS_CheckEvent10
;osa_pic18_mikroc.c,426 :: 		
0x0292	0xA62D      	BTFSS       __OS_State, 3 
0x0294	0xD003      	BRA         L__OS_CheckEvent11
;osa_pic18_mikroc.c,430 :: 		
0x0296	0x982D      	BCF         __OS_State, 4 
;osa_pic18_mikroc.c,431 :: 		
0x0298	0x98EF      	BCF         INDF0, 4 
;osa_pic18_mikroc.c,439 :: 		
0x029A	0xD00B      	BRA         L_end__OS_CheckEvent
;osa_pic18_mikroc.c,440 :: 		
L__OS_CheckEvent11:
;osa_pic18_mikroc.c,442 :: 		
0x029C	0x862D      	BSF         __OS_State, 3 
;osa_pic18_mikroc.c,444 :: 		
0x029E	0xD001      	BRA         L__OS_CheckEvent12
L__OS_CheckEvent10:
;osa_pic18_mikroc.c,445 :: 		
0x02A0	0x962D      	BCF         __OS_State, 3 
;osa_pic18_mikroc.c,446 :: 		
L__OS_CheckEvent12:
;osa_pic18_mikroc.c,450 :: 		
0x02A2	0xB82D      	BTFSC       __OS_State, 4 
0x02A4	0xD005      	BRA         L__OS_CheckEvent15
0x02A6	0xAA2D      	BTFSS       __OS_State, 5 
0x02A8	0xD003      	BRA         L__OS_CheckEvent15
L___OS_CheckEvent66:
;osa_pic18_mikroc.c,452 :: 		
0x02AA	0x862D      	BSF         __OS_State, 3 
;osa_pic18_mikroc.c,453 :: 		
0x02AC	0x8A58      	BSF         __OS_Flags, 5 
;osa_pic18_mikroc.c,459 :: 		
0x02AE	0xD001      	BRA         L_end__OS_CheckEvent
;osa_pic18_mikroc.c,460 :: 		
L__OS_CheckEvent15:
;osa_pic18_mikroc.c,464 :: 		
0x02B0	0x0006      	POP
;osa_pic18_mikroc.c,469 :: 		
L_end__OS_CheckEvent:
0x02B2	0x0012      	RETURN      0
; end of __OS_CheckEvent
_OS_EnterCriticalSection:
;osa_system.c,444 :: 		
;osa_system.c,448 :: 		
0x02B4	0xDFDD      	RCALL       _OS_DI
0x02B6	0xF08EC000  	MOVFF       R0, OS_EnterCriticalSection_temp_L0
;osa_system.c,449 :: 		
0x02BA	0x8458      	BSF         __OS_Flags, 2 
;osa_system.c,451 :: 		
0x02BC	0x9C58      	BCF         __OS_Flags, 6 
;osa_system.c,452 :: 		
0x02BE	0xBE00      	BTFSC       R0, 7 
0x02C0	0x8C58      	BSF         __OS_Flags, 6 
L_OS_EnterCriticalSection57:
;osa_system.c,454 :: 		
0x02C2	0x9E58      	BCF         __OS_Flags, 7 
;osa_system.c,455 :: 		
0x02C4	0x0100      	MOVLB       0
0x02C6	0xAD8E      	BTFSS       OS_EnterCriticalSection_temp_L0, 6, 1
0x02C8	0xD001      	BRA         L_OS_EnterCriticalSection58
0x02CA	0x8E58      	BSF         __OS_Flags, 7 
L_OS_EnterCriticalSection58:
;osa_system.c,456 :: 		
L_end_OS_EnterCriticalSection:
0x02CC	0x0012      	RETURN      0
; end of _OS_EnterCriticalSection
__OS_RI_INT:
;osa_pic18_mikroc.c,339 :: 		
;osa_pic18_mikroc.c,341 :: 		
0x02CE	0x0100      	MOVLB       0
0x02D0	0xAF78      	BTFSS       __OS_Temp_I, 7, 1
0x02D2	0xD001      	BRA         L__OS_RI_INT7
0x02D4	0x8EF2      	BSF         GIE_bit, BitPos(GIE_bit+0) 
L__OS_RI_INT7:
;osa_pic18_mikroc.c,342 :: 		
0x02D6	0xAED0      	BTFSS       IPEN_bit, BitPos(IPEN_bit+0) 
0x02D8	0xD003      	BRA         L__OS_RI_INT8
;osa_pic18_mikroc.c,344 :: 		
0x02DA	0xAD78      	BTFSS       __OS_Temp_I, 6, 1
0x02DC	0xD001      	BRA         L__OS_RI_INT9
0x02DE	0x8CF2      	BSF         GIEL_bit, BitPos(GIEL_bit+0) 
L__OS_RI_INT9:
;osa_pic18_mikroc.c,345 :: 		
L__OS_RI_INT8:
;osa_pic18_mikroc.c,346 :: 		
L_end__OS_RI_INT:
0x02E0	0x0012      	RETURN      0
; end of __OS_RI_INT
_OS_LeaveCriticalSection:
;osa_system.c,515 :: 		
;osa_system.c,518 :: 		
0x02E2	0x9458      	BCF         __OS_Flags, 2 
;osa_system.c,519 :: 		
0x02E4	0x0100      	MOVLB       0
0x02E6	0x6B8E      	CLRF        OS_LeaveCriticalSection_temp_L0, 1
;osa_system.c,520 :: 		
0x02E8	0xBC58      	BTFSC       __OS_Flags, 6 
0x02EA	0x8F8E      	BSF         OS_LeaveCriticalSection_temp_L0, 7, 1
L_OS_LeaveCriticalSection59:
;osa_system.c,521 :: 		
0x02EC	0xBE58      	BTFSC       __OS_Flags, 7 
0x02EE	0x8D8E      	BSF         OS_LeaveCriticalSection_temp_L0, 6, 1
L_OS_LeaveCriticalSection60:
;osa_system.c,522 :: 		
0x02F0	0xF092C08E  	MOVFF       OS_LeaveCriticalSection_temp_L0, FARG_OS_RI_temp
0x02F4	0xDF85      	RCALL       _OS_RI
;osa_system.c,523 :: 		
L_end_OS_LeaveCriticalSection:
0x02F6	0x0012      	RETURN      0
; end of _OS_LeaveCriticalSection
_Div_16X16_U:
;__Lib_Math.c,102 :: 		
;__Lib_Math.c,109 :: 		
0x02F8	0x6A08      	CLRF        R8, 0
;__Lib_Math.c,110 :: 		
0x02FA	0x6A09      	CLRF        R9, 0
;__Lib_Math.c,111 :: 		
0x02FC	0x0E10      	MOVLW       16
;__Lib_Math.c,112 :: 		
0x02FE	0x6E0C      	MOVWF       R12, 0
;__Lib_Math.c,113 :: 		
0x0300	0x3401      	RLCF        R1, 0, 0
;__Lib_Math.c,114 :: 		
0x0302	0x3608      	RLCF        R8, 1, 0
;__Lib_Math.c,115 :: 		
0x0304	0x3609      	RLCF        R9, 1, 0
;__Lib_Math.c,116 :: 		
0x0306	0x5004      	MOVF        R4, 0, 0
;__Lib_Math.c,117 :: 		
0x0308	0x5E08      	SUBWF       R8, 1, 0
;__Lib_Math.c,118 :: 		
0x030A	0x5005      	MOVF        R5, 0, 0
;__Lib_Math.c,119 :: 		
0x030C	0xA0D8      	BTFSS       STATUS, 0, 0
;__Lib_Math.c,120 :: 		
0x030E	0x3C05      	INCFSZ      R5, 0, 0
;__Lib_Math.c,121 :: 		
0x0310	0x5E09      	SUBWF       R9, 1, 0
;__Lib_Math.c,122 :: 		
0x0312	0xB0D8      	BTFSC       STATUS, 0, 0
;__Lib_Math.c,123 :: 		
0x0314	0xD007      	BRA         $+16
;__Lib_Math.c,124 :: 		
0x0316	0x5004      	MOVF        R4, 0, 0
;__Lib_Math.c,125 :: 		
0x0318	0x2608      	ADDWF       R8, 1, 0
;__Lib_Math.c,126 :: 		
0x031A	0x5005      	MOVF        R5, 0, 0
;__Lib_Math.c,127 :: 		
0x031C	0xB0D8      	BTFSC       STATUS, 0, 0
;__Lib_Math.c,128 :: 		
0x031E	0x3C05      	INCFSZ      R5, 0, 0
;__Lib_Math.c,129 :: 		
0x0320	0x2609      	ADDWF       R9, 1, 0
;__Lib_Math.c,130 :: 		
0x0322	0x90D8      	BCF         STATUS, 0, 0
;__Lib_Math.c,131 :: 		
0x0324	0x3600      	RLCF        R0, 1, 0
;__Lib_Math.c,132 :: 		
0x0326	0x3601      	RLCF        R1, 1, 0
;__Lib_Math.c,133 :: 		
0x0328	0x2E0C      	DECFSZ      R12, 1, 0
;__Lib_Math.c,134 :: 		
0x032A	0xD7EA      	BRA         $-42
;__Lib_Math.c,136 :: 		
L_end_Div_16X16_U:
0x032C	0x0012      	RETURN      0
; end of _Div_16X16_U
__OS_DI_INT:
;osa_pic18_mikroc.c,294 :: 		
;osa_pic18_mikroc.c,296 :: 		
0x032E	0x0EC0      	MOVLW       192
0x0330	0x14F2      	ANDWF       INTCON, 0 
0x0332	0x0100      	MOVLB       0
0x0334	0x6F78      	MOVWF       __OS_Temp_I, 1
;osa_pic18_mikroc.c,297 :: 		
0x0336	0x9EF2      	BCF         GIE_bit, BitPos(GIE_bit+0) 
;osa_pic18_mikroc.c,298 :: 		
0x0338	0xBED0      	BTFSC       IPEN_bit, BitPos(IPEN_bit+0) 
0x033A	0x9CF2      	BCF         GIEL_bit, BitPos(GIEL_bit+0) 
L__OS_DI_INT3:
;osa_pic18_mikroc.c,299 :: 		
L_end__OS_DI_INT:
0x033C	0x0012      	RETURN      0
; end of __OS_DI_INT
_WriteEEPROM:
;main.c,166 :: 		void WriteEEPROM(unsigned int Contador)
;main.c,173 :: 		ValWR.ValInteiro = Contador;
0x033E	0xF090C08E  	MOVFF       FARG_WriteEEPROM_Contador, WriteEEPROM_ValWR_L0
0x0342	0xF091C08F  	MOVFF       FARG_WriteEEPROM_Contador+1, WriteEEPROM_ValWR_L0+1
;main.c,174 :: 		EEPROM_Write(0x00, ValWR.ValHighLow[0]);   //Grava byte menos significativo no endereco 0x00
0x0346	0x0100      	MOVLB       0
0x0348	0x6B92      	CLRF        FARG_EEPROM_Write_address, 1
0x034A	0xF093C090  	MOVFF       WriteEEPROM_ValWR_L0, FARG_EEPROM_Write_data_
0x034E	0xDF71      	RCALL       _EEPROM_Write
;main.c,175 :: 		EEPROM_Write(0x01, ValWR.ValHighLow[1]);   //Grava byte mais significativo no endereco 0x01
0x0350	0x0E01      	MOVLW       1
0x0352	0x0100      	MOVLB       0
0x0354	0x6F92      	MOVWF       FARG_EEPROM_Write_address, 1
0x0356	0xF093C091  	MOVFF       WriteEEPROM_ValWR_L0+1, FARG_EEPROM_Write_data_
0x035A	0xDF6B      	RCALL       _EEPROM_Write
;main.c,176 :: 		}
L_end_WriteEEPROM:
0x035C	0x0012      	RETURN      0
; end of _WriteEEPROM
__OS_Queue_Send:
;osa_queue.c,64 :: 		
;osa_queue.c,70 :: 		
0x035E	0x0E03      	MOVLW       3
0x0360	0x6E00      	MOVWF       R0 
0x0362	0x0E04      	MOVLW       4
0x0364	0x6EE1      	MOVWF       FSR1L 
0x0366	0x0E00      	MOVLW       0
0x0368	0x6EE2      	MOVWF       FSR1H 
0x036A	0xFFE9C08E  	MOVFF       FARG__OS_Queue_Send_pQueue, FSR0L
0x036E	0xFFEAC08F  	MOVFF       FARG__OS_Queue_Send_pQueue+1, FSR0H
L__OS_Queue_Send40:
0x0372	0xFFE6CFEE  	MOVFF       POSTINC0, POSTINC1
0x0376	0x0600      	DECF        R0, 1 
0x0378	0xE1FC      	BNZ         L__OS_Queue_Send40
;osa_queue.c,71 :: 		
0x037A	0x9058      	BCF         __OS_Flags, 0 
;osa_queue.c,77 :: 		
0x037C	0x5004      	MOVF        R4, 0 
0x037E	0x1805      	XORWF       R5, 0 
0x0380	0xE123      	BNZ         L__OS_Queue_Send41
;osa_queue.c,79 :: 		
0x0382	0x0E03      	MOVLW       3
0x0384	0x0100      	MOVLB       0
0x0386	0x258E      	ADDWF       FARG__OS_Queue_Send_pQueue, 0, 1
0x0388	0x6EE9      	MOVWF       FSR0L 
0x038A	0x0E00      	MOVLW       0
0x038C	0x218F      	ADDWFC      FARG__OS_Queue_Send_pQueue+1, 0, 1
0x038E	0x6EEA      	MOVWF       FSR0H 
0x0390	0xF000C006  	MOVFF       R6, R0
0x0394	0x0E00      	MOVLW       0
0x0396	0x6E01      	MOVWF       R1 
0x0398	0x3600      	RLCF        R0, 1 
0x039A	0x9000      	BCF         R0, 0 
0x039C	0x3601      	RLCF        R1, 1 
0x039E	0x5000      	MOVF        R0, 0 
0x03A0	0x24EE      	ADDWF       POSTINC0, 0 
0x03A2	0x6EE1      	MOVWF       FSR1L 
0x03A4	0x5001      	MOVF        R1, 0 
0x03A6	0x20EE      	ADDWFC      POSTINC0, 0 
0x03A8	0x6EE2      	MOVWF       FSR1H 
0x03AA	0xFFE6C090  	MOVFF       FARG__OS_Queue_Send_Msg, POSTINC1
0x03AE	0xFFE6C091  	MOVFF       FARG__OS_Queue_Send_Msg+1, POSTINC1
;osa_queue.c,80 :: 		
0x03B2	0x5006      	MOVF        R6, 0 
0x03B4	0x0F01      	ADDLW       1
0x03B6	0x6E00      	MOVWF       R0 
0x03B8	0xF006C000  	MOVFF       R0, R6
;osa_queue.c,81 :: 		
0x03BC	0x5006      	MOVF        R6, 0 
0x03BE	0x1804      	XORWF       R4, 0 
0x03C0	0xB4D8      	BTFSC       STATUS, 2 
0x03C2	0x6A06      	CLRF        R6 
L__OS_Queue_Send42:
;osa_queue.c,83 :: 		
0x03C4	0x8058      	BSF         __OS_Flags, 0 
;osa_queue.c,84 :: 		
0x03C6	0xD035      	BRA         ____OS_Queue_Send_EXIT
;osa_queue.c,85 :: 		
L__OS_Queue_Send41:
;osa_queue.c,92 :: 		
0x03C8	0xF000C006  	MOVFF       R6, R0
0x03CC	0x0E00      	MOVLW       0
0x03CE	0x6E01      	MOVWF       R1 
0x03D0	0x5005      	MOVF        R5, 0 
0x03D2	0x2400      	ADDWF       R0, 0 
0x03D4	0x6E02      	MOVWF       R2 
0x03D6	0x0E00      	MOVLW       0
0x03D8	0x2001      	ADDWFC      R1, 0 
0x03DA	0x6E03      	MOVWF       R3 
0x03DC	0xF007C002  	MOVFF       R2, R7
0x03E0	0xF008C003  	MOVFF       R3, R8
;osa_queue.c,93 :: 		
0x03E4	0x0E00      	MOVLW       0
0x03E6	0x5C03      	SUBWF       R3, 0 
0x03E8	0xE102      	BNZ         L___OS_Queue_Send91
0x03EA	0x5004      	MOVF        R4, 0 
0x03EC	0x5C02      	SUBWF       R2, 0 
L___OS_Queue_Send91:
0x03EE	0xE304      	BNC         L__OS_Queue_Send43
0x03F0	0x5004      	MOVF        R4, 0 
0x03F2	0x5E07      	SUBWF       R7, 1 
0x03F4	0x0E00      	MOVLW       0
0x03F6	0x5A08      	SUBWFB      R8, 1 
L__OS_Queue_Send43:
0x03F8	0x0100      	MOVLB       0
;osa_queue.c,94 :: 		
0x03FA	0x0E03      	MOVLW       3
0x03FC	0x258E      	ADDWF       FARG__OS_Queue_Send_pQueue, 0, 1
0x03FE	0x6EE9      	MOVWF       FSR0L 
0x0400	0x0E00      	MOVLW       0
0x0402	0x218F      	ADDWFC      FARG__OS_Queue_Send_pQueue+1, 0, 1
0x0404	0x6EEA      	MOVWF       FSR0H 
0x0406	0xF000C007  	MOVFF       R7, R0
0x040A	0xF001C008  	MOVFF       R8, R1
0x040E	0x3600      	RLCF        R0, 1 
0x0410	0x9000      	BCF         R0, 0 
0x0412	0x3601      	RLCF        R1, 1 
0x0414	0x5000      	MOVF        R0, 0 
0x0416	0x24EE      	ADDWF       POSTINC0, 0 
0x0418	0x6EE1      	MOVWF       FSR1L 
0x041A	0x5001      	MOVF        R1, 0 
0x041C	0x20EE      	ADDWFC      POSTINC0, 0 
0x041E	0x6EE2      	MOVWF       FSR1H 
0x0420	0xFFE6C090  	MOVFF       FARG__OS_Queue_Send_Msg, POSTINC1
0x0424	0xFFE6C091  	MOVFF       FARG__OS_Queue_Send_Msg+1, POSTINC1
;osa_queue.c,95 :: 		
0x0428	0x5005      	MOVF        R5, 0 
0x042A	0x0F01      	ADDLW       1
0x042C	0x6E00      	MOVWF       R0 
0x042E	0xF005C000  	MOVFF       R0, R5
;osa_queue.c,97 :: 		
____OS_Queue_Send_EXIT:
;osa_queue.c,99 :: 		
0x0432	0x0E03      	MOVLW       3
0x0434	0x6E00      	MOVWF       R0 
0x0436	0xFFE1C08E  	MOVFF       FARG__OS_Queue_Send_pQueue, FSR1L
0x043A	0xFFE2C08F  	MOVFF       FARG__OS_Queue_Send_pQueue+1, FSR1H
0x043E	0x0E04      	MOVLW       4
0x0440	0x6EE9      	MOVWF       FSR0L 
0x0442	0x0E00      	MOVLW       0
0x0444	0x6EEA      	MOVWF       FSR0H 
L__OS_Queue_Send44:
0x0446	0xFFE6CFEE  	MOVFF       POSTINC0, POSTINC1
0x044A	0x0600      	DECF        R0, 1 
0x044C	0xE1FC      	BNZ         L__OS_Queue_Send44
;osa_queue.c,100 :: 		
L_end__OS_Queue_Send:
0x044E	0x0012      	RETURN      0
; end of __OS_Queue_Send
_Delay_5500us:
;__Lib_Delays.c,31 :: 		void Delay_5500us() {
;__Lib_Delays.c,32 :: 		Delay_us(5500);
0x0450	0x0E0F      	MOVLW       15
0x0452	0x6E0C      	MOVWF       R12, 0
0x0454	0x0E47      	MOVLW       71
0x0456	0x6E0D      	MOVWF       R13, 0
L_Delay_5500us5:
0x0458	0x2E0D      	DECFSZ      R13, 1, 0
0x045A	0xD7FE      	BRA         L_Delay_5500us5
0x045C	0x2E0C      	DECFSZ      R12, 1, 0
0x045E	0xD7FC      	BRA         L_Delay_5500us5
0x0460	0x0000      	NOP
0x0462	0x0000      	NOP
;__Lib_Delays.c,33 :: 		}
L_end_Delay_5500us:
0x0464	0x0012      	RETURN      0
; end of _Delay_5500us
_Delay_1us:
;__Lib_Delays.c,7 :: 		void Delay_1us() {
;__Lib_Delays.c,8 :: 		Delay_us(1);
0x0466	0x0000      	NOP
0x0468	0x0000      	NOP
;__Lib_Delays.c,9 :: 		}
L_end_Delay_1us:
0x046A	0x0012      	RETURN      0
; end of _Delay_1us
_Delay_50us:
;__Lib_Delays.c,19 :: 		void Delay_50us() {
;__Lib_Delays.c,20 :: 		Delay_us(50);
0x046C	0x0E21      	MOVLW       33
0x046E	0x6E0D      	MOVWF       R13, 0
L_Delay_50us2:
0x0470	0x2E0D      	DECFSZ      R13, 1, 0
0x0472	0xD7FE      	BRA         L_Delay_50us2
;__Lib_Delays.c,21 :: 		}
L_end_Delay_50us:
0x0474	0x0012      	RETURN      0
; end of _Delay_50us
_Lcd_Init:
;__Lib_Lcd.c,84 :: 		
;__Lib_Lcd.c,86 :: 		
0x0476	0x9A93      	BCF         LCD_EN_Direction, BitPos(LCD_EN_Direction+0) 
;__Lib_Lcd.c,87 :: 		
0x0478	0x9893      	BCF         LCD_RS_Direction, BitPos(LCD_RS_Direction+0) 
;__Lib_Lcd.c,88 :: 		
0x047A	0x9093      	BCF         LCD_D4_Direction, BitPos(LCD_D4_Direction+0) 
;__Lib_Lcd.c,89 :: 		
0x047C	0x9293      	BCF         LCD_D5_Direction, BitPos(LCD_D5_Direction+0) 
;__Lib_Lcd.c,90 :: 		
0x047E	0x9493      	BCF         LCD_D6_Direction, BitPos(LCD_D6_Direction+0) 
;__Lib_Lcd.c,91 :: 		
0x0480	0x9693      	BCF         LCD_D7_Direction, BitPos(LCD_D7_Direction+0) 
;__Lib_Lcd.c,93 :: 		
0x0482	0x9A81      	BCF         LCD_EN, BitPos(LCD_EN+0) 
;__Lib_Lcd.c,94 :: 		
0x0484	0x9881      	BCF         LCD_RS, BitPos(LCD_RS+0) 
;__Lib_Lcd.c,95 :: 		
0x0486	0x9681      	BCF         LCD_D7, BitPos(LCD_D7+0) 
;__Lib_Lcd.c,96 :: 		
0x0488	0x9481      	BCF         LCD_D6, BitPos(LCD_D6+0) 
;__Lib_Lcd.c,97 :: 		
0x048A	0x9281      	BCF         LCD_D5, BitPos(LCD_D5+0) 
;__Lib_Lcd.c,98 :: 		
0x048C	0x9081      	BCF         LCD_D4, BitPos(LCD_D4+0) 
;__Lib_Lcd.c,100 :: 		
0x048E	0xDFE0      	RCALL       _Delay_5500us
;__Lib_Lcd.c,101 :: 		
0x0490	0xDFDF      	RCALL       _Delay_5500us
;__Lib_Lcd.c,102 :: 		
0x0492	0xDFDE      	RCALL       _Delay_5500us
;__Lib_Lcd.c,105 :: 		
0x0494	0x8281      	BSF         LCD_D5, BitPos(LCD_D5+0) 
;__Lib_Lcd.c,106 :: 		
0x0496	0x8081      	BSF         LCD_D4, BitPos(LCD_D4+0) 
;__Lib_Lcd.c,107 :: 		
0x0498	0x8A81      	BSF         LCD_EN, BitPos(LCD_EN+0) 
;__Lib_Lcd.c,108 :: 		
0x049A	0xDFE5      	RCALL       _Delay_1us
;__Lib_Lcd.c,109 :: 		
0x049C	0x9A81      	BCF         LCD_EN, BitPos(LCD_EN+0) 
;__Lib_Lcd.c,110 :: 		
0x049E	0xDFD8      	RCALL       _Delay_5500us
;__Lib_Lcd.c,112 :: 		
0x04A0	0x8A81      	BSF         LCD_EN, BitPos(LCD_EN+0) 
;__Lib_Lcd.c,113 :: 		
0x04A2	0xDFE1      	RCALL       _Delay_1us
;__Lib_Lcd.c,114 :: 		
0x04A4	0x9A81      	BCF         LCD_EN, BitPos(LCD_EN+0) 
;__Lib_Lcd.c,115 :: 		
0x04A6	0xDFD4      	RCALL       _Delay_5500us
;__Lib_Lcd.c,117 :: 		
0x04A8	0x8A81      	BSF         LCD_EN, BitPos(LCD_EN+0) 
;__Lib_Lcd.c,118 :: 		
0x04AA	0xDFDD      	RCALL       _Delay_1us
;__Lib_Lcd.c,119 :: 		
0x04AC	0x9A81      	BCF         LCD_EN, BitPos(LCD_EN+0) 
;__Lib_Lcd.c,120 :: 		
0x04AE	0xDFD0      	RCALL       _Delay_5500us
;__Lib_Lcd.c,123 :: 		
0x04B0	0x9081      	BCF         LCD_D4, BitPos(LCD_D4+0) 
;__Lib_Lcd.c,124 :: 		
0x04B2	0x8A81      	BSF         LCD_EN, BitPos(LCD_EN+0) 
;__Lib_Lcd.c,125 :: 		
0x04B4	0xDFD8      	RCALL       _Delay_1us
;__Lib_Lcd.c,126 :: 		
0x04B6	0x9A81      	BCF         LCD_EN, BitPos(LCD_EN+0) 
;__Lib_Lcd.c,127 :: 		
0x04B8	0xDFCB      	RCALL       _Delay_5500us
;__Lib_Lcd.c,130 :: 		
0x04BA	0x8A81      	BSF         LCD_EN, BitPos(LCD_EN+0) 
;__Lib_Lcd.c,131 :: 		
0x04BC	0xDFD4      	RCALL       _Delay_1us
;__Lib_Lcd.c,132 :: 		
0x04BE	0x9A81      	BCF         LCD_EN, BitPos(LCD_EN+0) 
;__Lib_Lcd.c,134 :: 		
0x04C0	0x9281      	BCF         LCD_D5, BitPos(LCD_D5+0) 
;__Lib_Lcd.c,135 :: 		
0x04C2	0x8681      	BSF         LCD_D7, BitPos(LCD_D7+0) 
;__Lib_Lcd.c,136 :: 		
0x04C4	0x8A81      	BSF         LCD_EN, BitPos(LCD_EN+0) 
;__Lib_Lcd.c,137 :: 		
0x04C6	0xDFCF      	RCALL       _Delay_1us
;__Lib_Lcd.c,138 :: 		
0x04C8	0x9A81      	BCF         LCD_EN, BitPos(LCD_EN+0) 
;__Lib_Lcd.c,139 :: 		
0x04CA	0xDFC2      	RCALL       _Delay_5500us
;__Lib_Lcd.c,142 :: 		
0x04CC	0x9681      	BCF         LCD_D7, BitPos(LCD_D7+0) 
;__Lib_Lcd.c,143 :: 		
0x04CE	0x8081      	BSF         LCD_D4, BitPos(LCD_D4+0) 
;__Lib_Lcd.c,144 :: 		
0x04D0	0x8A81      	BSF         LCD_EN, BitPos(LCD_EN+0) 
;__Lib_Lcd.c,145 :: 		
0x04D2	0xDFC9      	RCALL       _Delay_1us
;__Lib_Lcd.c,146 :: 		
0x04D4	0x9A81      	BCF         LCD_EN, BitPos(LCD_EN+0) 
;__Lib_Lcd.c,148 :: 		
0x04D6	0x9081      	BCF         LCD_D4, BitPos(LCD_D4+0) 
;__Lib_Lcd.c,149 :: 		
0x04D8	0x8A81      	BSF         LCD_EN, BitPos(LCD_EN+0) 
;__Lib_Lcd.c,150 :: 		
0x04DA	0xDFC5      	RCALL       _Delay_1us
;__Lib_Lcd.c,151 :: 		
0x04DC	0x9A81      	BCF         LCD_EN, BitPos(LCD_EN+0) 
;__Lib_Lcd.c,152 :: 		
0x04DE	0xDFB8      	RCALL       _Delay_5500us
;__Lib_Lcd.c,155 :: 		
0x04E0	0x8A81      	BSF         LCD_EN, BitPos(LCD_EN+0) 
;__Lib_Lcd.c,156 :: 		
0x04E2	0xDFC1      	RCALL       _Delay_1us
;__Lib_Lcd.c,157 :: 		
0x04E4	0x9A81      	BCF         LCD_EN, BitPos(LCD_EN+0) 
;__Lib_Lcd.c,159 :: 		
0x04E6	0x8081      	BSF         LCD_D4, BitPos(LCD_D4+0) 
;__Lib_Lcd.c,160 :: 		
0x04E8	0x8A81      	BSF         LCD_EN, BitPos(LCD_EN+0) 
;__Lib_Lcd.c,161 :: 		
0x04EA	0xDFBD      	RCALL       _Delay_1us
;__Lib_Lcd.c,162 :: 		
0x04EC	0x9A81      	BCF         LCD_EN, BitPos(LCD_EN+0) 
;__Lib_Lcd.c,163 :: 		
0x04EE	0xDFB0      	RCALL       _Delay_5500us
;__Lib_Lcd.c,166 :: 		
0x04F0	0x9081      	BCF         LCD_D4, BitPos(LCD_D4+0) 
;__Lib_Lcd.c,167 :: 		
0x04F2	0x8A81      	BSF         LCD_EN, BitPos(LCD_EN+0) 
;__Lib_Lcd.c,168 :: 		
0x04F4	0xDFB8      	RCALL       _Delay_1us
;__Lib_Lcd.c,169 :: 		
0x04F6	0x9A81      	BCF         LCD_EN, BitPos(LCD_EN+0) 
;__Lib_Lcd.c,171 :: 		
0x04F8	0x8681      	BSF         LCD_D7, BitPos(LCD_D7+0) 
;__Lib_Lcd.c,172 :: 		
0x04FA	0x8481      	BSF         LCD_D6, BitPos(LCD_D6+0) 
;__Lib_Lcd.c,173 :: 		
0x04FC	0x8281      	BSF         LCD_D5, BitPos(LCD_D5+0) 
;__Lib_Lcd.c,174 :: 		
0x04FE	0x8081      	BSF         LCD_D4, BitPos(LCD_D4+0) 
;__Lib_Lcd.c,175 :: 		
0x0500	0x8A81      	BSF         LCD_EN, BitPos(LCD_EN+0) 
;__Lib_Lcd.c,176 :: 		
0x0502	0xDFB1      	RCALL       _Delay_1us
;__Lib_Lcd.c,177 :: 		
0x0504	0x9A81      	BCF         LCD_EN, BitPos(LCD_EN+0) 
;__Lib_Lcd.c,179 :: 		
0x0506	0xDFA4      	RCALL       _Delay_5500us
;__Lib_Lcd.c,181 :: 		
0x0508	0x0100      	MOVLB       0
0x050A	0x8181      	BSF         __Lib_Lcd_cmd_status, BitPos(__Lib_Lcd_cmd_status+0), 1
;__Lib_Lcd.c,182 :: 		
L_end_Lcd_Init:
0x050C	0x0012      	RETURN      0
; end of _Lcd_Init
__OS_ReturnSave:
;osa_pic18_mikroc.c,106 :: 		
;osa_pic18_mikroc.c,108 :: 		
0x050E	0xDE73      	RCALL       __OS_SET_FSR_CUR_TASK
;osa_pic18_mikroc.c,109 :: 		
0x0510	0xFFECCFFD  	MOVFF       TOSL, PREINC0
0x0514	0xFFECCFFE  	MOVFF       TOSH, PREINC0
0x0518	0xFFECCFFF  	MOVFF       TOSU, PREINC0
;osa_pic18_mikroc.c,110 :: 		
0x051C	0x862D      	BSF         __OS_State, 3 
;osa_pic18_mikroc.c,111 :: 		
0x051E	0x0006      	POP
;osa_pic18_mikroc.c,112 :: 		
L_end__OS_ReturnSave:
0x0520	0x0012      	RETURN      0
; end of __OS_ReturnSave
_DispMsg:
;main.c,179 :: 		void DispMsg(unsigned int Contador, char Enable)
;main.c,188 :: 		OS_EnterCriticalSection();
0x0522	0xDEC8      	RCALL       _OS_EnterCriticalSection
;main.c,190 :: 		if(Enable) WriteEEPROM(Contador);
0x0524	0x538B      	MOVF        FARG_DispMsg_Enable, 1, 1
0x0526	0xE005      	BZ          L_DispMsg71
0x0528	0xF08EC089  	MOVFF       FARG_DispMsg_Contador, FARG_WriteEEPROM_Contador
0x052C	0xF08FC08A  	MOVFF       FARG_DispMsg_Contador+1, FARG_WriteEEPROM_Contador+1
0x0530	0xDF06      	RCALL       _WriteEEPROM
L_DispMsg71:
;main.c,192 :: 		VarAux = Contador;
0x0532	0xF026C089  	MOVFF       FARG_DispMsg_Contador, DispMsg_VarAux_L0
0x0536	0xF027C08A  	MOVFF       FARG_DispMsg_Contador+1, DispMsg_VarAux_L0+1
;main.c,193 :: 		for (_i = 0; _i < 4; _i++)
0x053A	0x0100      	MOVLB       0
0x053C	0x6B71      	CLRF        DispMsg__i_L0, 1
L_DispMsg72:
0x053E	0x0E04      	MOVLW       4
0x0540	0x5D71      	SUBWF       DispMsg__i_L0, 0, 1
0x0542	0xE237      	BC          L_DispMsg73
;main.c,195 :: 		buf[_i] = Mat_Const_Disp[VarAux%10];
0x0544	0x0E72      	MOVLW       DispMsg_buf_L0
0x0546	0x6F8C      	MOVWF       FLOC__DispMsg, 1
0x0548	0x0E00      	MOVLW       hi_addr(DispMsg_buf_L0)
0x054A	0x6F8D      	MOVWF       FLOC__DispMsg+1, 1
0x054C	0x5171      	MOVF        DispMsg__i_L0, 0, 1
0x054E	0x278C      	ADDWF       FLOC__DispMsg, 1, 1
0x0550	0xB0D8      	BTFSC       STATUS, 0 
0x0552	0x2B8D      	INCF        FLOC__DispMsg+1, 1, 1
0x0554	0x0E0A      	MOVLW       10
0x0556	0x6E04      	MOVWF       R4 
0x0558	0x0E00      	MOVLW       0
0x055A	0x6E05      	MOVWF       R5 
0x055C	0xF000C026  	MOVFF       DispMsg_VarAux_L0, R0
0x0560	0xF001C027  	MOVFF       DispMsg_VarAux_L0+1, R1
0x0564	0xDEC9      	RCALL       _Div_16X16_U
0x0566	0xF000C008  	MOVFF       R8, R0
0x056A	0xF001C009  	MOVFF       R9, R1
0x056E	0x0EFA      	MOVLW       DispMsg_Mat_Const_Disp_L0
0x0570	0x2400      	ADDWF       R0, 0 
0x0572	0x6EF6      	MOVWF       4086 
0x0574	0x0E0C      	MOVLW       hi_addr(DispMsg_Mat_Const_Disp_L0)
0x0576	0x2001      	ADDWFC      R1, 0 
0x0578	0x6EF7      	MOVWF       TBLPTRH 
0x057A	0x0E00      	MOVLW       higher_addr(DispMsg_Mat_Const_Disp_L0)
0x057C	0x6EF8      	MOVWF       TBLPTRU 
0x057E	0x0E00      	MOVLW       0
0x0580	0x22F8      	ADDWFC      TBLPTRU, 1 
0x0582	0x0009      	TBLRD*+
0x0584	0xF000CFF5  	MOVFF       TABLAT, R0
0x0588	0xFFE1C08C  	MOVFF       FLOC__DispMsg, FSR1L
0x058C	0xFFE2C08D  	MOVFF       FLOC__DispMsg+1, FSR1H
0x0590	0xFFE6C000  	MOVFF       R0, POSTINC1
;main.c,196 :: 		VarAux /= 10;
0x0594	0x0E0A      	MOVLW       10
0x0596	0x6E04      	MOVWF       R4 
0x0598	0x0E00      	MOVLW       0
0x059A	0x6E05      	MOVWF       R5 
0x059C	0xF000C026  	MOVFF       DispMsg_VarAux_L0, R0
0x05A0	0xF001C027  	MOVFF       DispMsg_VarAux_L0+1, R1
0x05A4	0xDEA9      	RCALL       _Div_16X16_U
0x05A6	0xF026C000  	MOVFF       R0, DispMsg_VarAux_L0
0x05AA	0xF027C001  	MOVFF       R1, DispMsg_VarAux_L0+1
;main.c,193 :: 		for (_i = 0; _i < 4; _i++)
0x05AE	0x2B71      	INCF        DispMsg__i_L0, 1, 1
;main.c,197 :: 		}
0x05B0	0xD7C6      	BRA         L_DispMsg72
L_DispMsg73:
;main.c,199 :: 		OS_LeaveCriticalSection();
0x05B2	0xDE97      	RCALL       _OS_LeaveCriticalSection
;main.c,201 :: 		if (!OS_Queue_IsFull (queue)) {
0x05B4	0xDEBC      	RCALL       __OS_DI_INT
0x05B6	0x5054      	MOVF        _queue+1, 0 
0x05B8	0x1853      	XORWF       _queue, 0 
0x05BA	0x0E01      	MOVLW       1
0x05BC	0xA4D8      	BTFSS       STATUS, 2 
0x05BE	0x0E00      	MOVLW       0
0x05C0	0x6E52      	MOVWF       __OS_Temp 
0x05C2	0xDE85      	RCALL       __OS_RI_INT
0x05C4	0x5252      	MOVF        __OS_Temp, 1 
0x05C6	0xE126      	BNZ         L_DispMsg75
;main.c,202 :: 		OS_Queue_Send (queue, buf);
0x05C8	0xDEB2      	RCALL       __OS_DI_INT
L_DispMsg76:
0x05CA	0x5054      	MOVF        _queue+1, 0 
0x05CC	0x1853      	XORWF       _queue, 0 
0x05CE	0xE118      	BNZ         L_DispMsg77
0x05D0	0xDE7E      	RCALL       __OS_RI_INT
0x05D2	0xDE57      	RCALL       __OS_EnterWaitMode
0x05D4	0x0000      	NOP
0x05D6	0x5054      	MOVF        _queue+1, 0 
0x05D8	0x1853      	XORWF       _queue, 0 
0x05DA	0x0E01      	MOVLW       1
0x05DC	0xA4D8      	BTFSS       STATUS, 2 
0x05DE	0x0E00      	MOVLW       0
0x05E0	0x0100      	MOVLB       0
0x05E2	0x6F8E      	MOVWF       FARG__OS_CheckEvent_bEvent, 1
0x05E4	0x538E      	MOVF        FARG__OS_CheckEvent_bEvent, 1, 1
0x05E6	0x0E01      	MOVLW       1
0x05E8	0xA4D8      	BTFSS       STATUS, 2 
0x05EA	0x0E00      	MOVLW       0
0x05EC	0x6F8E      	MOVWF       FARG__OS_CheckEvent_bEvent, 1
0x05EE	0x518E      	MOVF        FARG__OS_CheckEvent_bEvent, 0, 1
0x05F0	0x0A00      	XORLW       0
0x05F2	0x0E00      	MOVLW       0
0x05F4	0xA4D8      	BTFSS       STATUS, 2 
0x05F6	0x0E01      	MOVLW       1
0x05F8	0x6F8E      	MOVWF       FARG__OS_CheckEvent_bEvent, 1
0x05FA	0xDE46      	RCALL       __OS_CheckEvent
0x05FC	0xDE98      	RCALL       __OS_DI_INT
0x05FE	0xD7E5      	BRA         L_DispMsg76
L_DispMsg77:
0x0600	0x0E53      	MOVLW       _queue
0x0602	0x6F8E      	MOVWF       FARG__OS_Queue_Send_pQueue, 1
0x0604	0x0E00      	MOVLW       hi_addr(_queue)
0x0606	0x6F8F      	MOVWF       FARG__OS_Queue_Send_pQueue+1, 1
0x0608	0x0E72      	MOVLW       DispMsg_buf_L0
0x060A	0x6F90      	MOVWF       FARG__OS_Queue_Send_Msg, 1
0x060C	0x0E00      	MOVLW       hi_addr(DispMsg_buf_L0)
0x060E	0x6F91      	MOVWF       FARG__OS_Queue_Send_Msg+1, 1
0x0610	0xDEA6      	RCALL       __OS_Queue_Send
0x0612	0xDE5D      	RCALL       __OS_RI_INT
;main.c,203 :: 		};
L_DispMsg75:
;main.c,205 :: 		}
L_end_DispMsg:
0x0614	0x0012      	RETURN      0
; end of _DispMsg
_Lcd_Cmd:
;__Lib_Lcd.c,18 :: 		
;__Lib_Lcd.c,20 :: 		
0x0616	0x0100      	MOVLB       0
0x0618	0xBF89      	BTFSC       FARG_Lcd_Cmd_out_char, 7, 1
0x061A	0xD002      	BRA         L__Lcd_Cmd21
0x061C	0x9681      	BCF         LCD_D7, BitPos(LCD_D7+0) 
0x061E	0xD001      	BRA         L__Lcd_Cmd22
L__Lcd_Cmd21:
0x0620	0x8681      	BSF         LCD_D7, BitPos(LCD_D7+0) 
L__Lcd_Cmd22:
;__Lib_Lcd.c,21 :: 		
0x0622	0xBD89      	BTFSC       FARG_Lcd_Cmd_out_char, 6, 1
0x0624	0xD002      	BRA         L__Lcd_Cmd23
0x0626	0x9481      	BCF         LCD_D6, BitPos(LCD_D6+0) 
0x0628	0xD001      	BRA         L__Lcd_Cmd24
L__Lcd_Cmd23:
0x062A	0x8481      	BSF         LCD_D6, BitPos(LCD_D6+0) 
L__Lcd_Cmd24:
;__Lib_Lcd.c,22 :: 		
0x062C	0xBB89      	BTFSC       FARG_Lcd_Cmd_out_char, 5, 1
0x062E	0xD002      	BRA         L__Lcd_Cmd25
0x0630	0x9281      	BCF         LCD_D5, BitPos(LCD_D5+0) 
0x0632	0xD001      	BRA         L__Lcd_Cmd26
L__Lcd_Cmd25:
0x0634	0x8281      	BSF         LCD_D5, BitPos(LCD_D5+0) 
L__Lcd_Cmd26:
;__Lib_Lcd.c,23 :: 		
0x0636	0xB989      	BTFSC       FARG_Lcd_Cmd_out_char, 4, 1
0x0638	0xD002      	BRA         L__Lcd_Cmd27
0x063A	0x9081      	BCF         LCD_D4, BitPos(LCD_D4+0) 
0x063C	0xD001      	BRA         L__Lcd_Cmd28
L__Lcd_Cmd27:
0x063E	0x8081      	BSF         LCD_D4, BitPos(LCD_D4+0) 
L__Lcd_Cmd28:
;__Lib_Lcd.c,25 :: 		
0x0640	0xB181      	BTFSC       __Lib_Lcd_cmd_status, BitPos(__Lib_Lcd_cmd_status+0), 1
0x0642	0xD002      	BRA         L__Lcd_Cmd29
0x0644	0x8881      	BSF         LCD_RS, BitPos(LCD_RS+0) 
0x0646	0xD001      	BRA         L__Lcd_Cmd30
L__Lcd_Cmd29:
0x0648	0x9881      	BCF         LCD_RS, BitPos(LCD_RS+0) 
L__Lcd_Cmd30:
;__Lib_Lcd.c,28 :: 		
0x064A	0x8A81      	BSF         LCD_EN, BitPos(LCD_EN+0) 
;__Lib_Lcd.c,29 :: 		
0x064C	0xDF0C      	RCALL       _Delay_1us
;__Lib_Lcd.c,30 :: 		
0x064E	0x9A81      	BCF         LCD_EN, BitPos(LCD_EN+0) 
;__Lib_Lcd.c,33 :: 		
0x0650	0xB789      	BTFSC       FARG_Lcd_Cmd_out_char, 3, 1
0x0652	0xD002      	BRA         L__Lcd_Cmd31
0x0654	0x9681      	BCF         LCD_D7, BitPos(LCD_D7+0) 
0x0656	0xD001      	BRA         L__Lcd_Cmd32
L__Lcd_Cmd31:
0x0658	0x8681      	BSF         LCD_D7, BitPos(LCD_D7+0) 
L__Lcd_Cmd32:
;__Lib_Lcd.c,34 :: 		
0x065A	0xB589      	BTFSC       FARG_Lcd_Cmd_out_char, 2, 1
0x065C	0xD002      	BRA         L__Lcd_Cmd33
0x065E	0x9481      	BCF         LCD_D6, BitPos(LCD_D6+0) 
0x0660	0xD001      	BRA         L__Lcd_Cmd34
L__Lcd_Cmd33:
0x0662	0x8481      	BSF         LCD_D6, BitPos(LCD_D6+0) 
L__Lcd_Cmd34:
;__Lib_Lcd.c,35 :: 		
0x0664	0xB389      	BTFSC       FARG_Lcd_Cmd_out_char, 1, 1
0x0666	0xD002      	BRA         L__Lcd_Cmd35
0x0668	0x9281      	BCF         LCD_D5, BitPos(LCD_D5+0) 
0x066A	0xD001      	BRA         L__Lcd_Cmd36
L__Lcd_Cmd35:
0x066C	0x8281      	BSF         LCD_D5, BitPos(LCD_D5+0) 
L__Lcd_Cmd36:
;__Lib_Lcd.c,36 :: 		
0x066E	0xB189      	BTFSC       FARG_Lcd_Cmd_out_char, 0, 1
0x0670	0xD002      	BRA         L__Lcd_Cmd37
0x0672	0x9081      	BCF         LCD_D4, BitPos(LCD_D4+0) 
0x0674	0xD001      	BRA         L__Lcd_Cmd38
L__Lcd_Cmd37:
0x0676	0x8081      	BSF         LCD_D4, BitPos(LCD_D4+0) 
L__Lcd_Cmd38:
;__Lib_Lcd.c,38 :: 		
0x0678	0xB181      	BTFSC       __Lib_Lcd_cmd_status, BitPos(__Lib_Lcd_cmd_status+0), 1
0x067A	0xD002      	BRA         L__Lcd_Cmd39
0x067C	0x8881      	BSF         LCD_RS, BitPos(LCD_RS+0) 
0x067E	0xD001      	BRA         L__Lcd_Cmd40
L__Lcd_Cmd39:
0x0680	0x9881      	BCF         LCD_RS, BitPos(LCD_RS+0) 
L__Lcd_Cmd40:
;__Lib_Lcd.c,40 :: 		
0x0682	0x8A81      	BSF         LCD_EN, BitPos(LCD_EN+0) 
;__Lib_Lcd.c,41 :: 		
0x0684	0xDEF0      	RCALL       _Delay_1us
;__Lib_Lcd.c,42 :: 		
0x0686	0x9A81      	BCF         LCD_EN, BitPos(LCD_EN+0) 
;__Lib_Lcd.c,44 :: 		
0x0688	0xA181      	BTFSS       __Lib_Lcd_cmd_status, BitPos(__Lib_Lcd_cmd_status+0), 1
0x068A	0xD002      	BRA         L_Lcd_Cmd0
;__Lib_Lcd.c,45 :: 		
0x068C	0xDEE1      	RCALL       _Delay_5500us
0x068E	0xD001      	BRA         L_Lcd_Cmd1
L_Lcd_Cmd0:
;__Lib_Lcd.c,47 :: 		
0x0690	0xDEED      	RCALL       _Delay_50us
L_Lcd_Cmd1:
;__Lib_Lcd.c,48 :: 		
L_end_Lcd_Cmd:
0x0692	0x0012      	RETURN      0
; end of _Lcd_Cmd
__OS_InitDelay:
;osa_ttimer.c,69 :: 		
;osa_ttimer.c,72 :: 		
0x0694	0x9A2D      	BCF         __OS_State, 5 
0x0696	0xFFE1C028  	MOVFF       __OS_CurTask, FSR1L
0x069A	0xFFE2C029  	MOVFF       __OS_CurTask+1, FSR1H
0x069E	0x98E6      	BCF         POSTINC1, 4 
;osa_ttimer.c,77 :: 		
0x06A0	0x0100      	MOVLB       0
0x06A2	0x5189      	MOVF        FARG__OS_InitDelay_Delay, 0, 1
0x06A4	0x118A      	IORWF       FARG__OS_InitDelay_Delay+1, 0, 1
0x06A6	0x118B      	IORWF       FARG__OS_InitDelay_Delay+2, 0, 1
0x06A8	0x118C      	IORWF       FARG__OS_InitDelay_Delay+3, 0, 1
0x06AA	0xE046      	BZ          L__OS_InitDelay23
;osa_ttimer.c,79 :: 		
0x06AC	0x0EFF      	MOVLW       255
0x06AE	0x1989      	XORWF       FARG__OS_InitDelay_Delay, 0, 1
0x06B0	0x6E00      	MOVWF       R0 
0x06B2	0x0EFF      	MOVLW       255
0x06B4	0x198A      	XORWF       FARG__OS_InitDelay_Delay+1, 0, 1
0x06B6	0x6E01      	MOVWF       R1 
0x06B8	0x0EFF      	MOVLW       255
0x06BA	0x198B      	XORWF       FARG__OS_InitDelay_Delay+2, 0, 1
0x06BC	0x6E02      	MOVWF       R2 
0x06BE	0x0EFF      	MOVLW       255
0x06C0	0x198C      	XORWF       FARG__OS_InitDelay_Delay+3, 0, 1
0x06C2	0x6E03      	MOVWF       R3 
0x06C4	0xF089C000  	MOVFF       R0, FARG__OS_InitDelay_Delay
0x06C8	0xF08AC001  	MOVFF       R1, FARG__OS_InitDelay_Delay+1
0x06CC	0xF08BC002  	MOVFF       R2, FARG__OS_InitDelay_Delay+2
0x06D0	0xF08CC003  	MOVFF       R3, FARG__OS_InitDelay_Delay+3
;osa_ttimer.c,80 :: 		
0x06D4	0x0E01      	MOVLW       1
0x06D6	0x2400      	ADDWF       R0, 0 
0x06D8	0x6E04      	MOVWF       R4 
0x06DA	0x0E00      	MOVLW       0
0x06DC	0x2001      	ADDWFC      R1, 0 
0x06DE	0x6E05      	MOVWF       R5 
0x06E0	0x0E00      	MOVLW       0
0x06E2	0x2002      	ADDWFC      R2, 0 
0x06E4	0x6E06      	MOVWF       R6 
0x06E6	0x0E00      	MOVLW       0
0x06E8	0x2003      	ADDWFC      R3, 0 
0x06EA	0x6E07      	MOVWF       R7 
0x06EC	0xF089C004  	MOVFF       R4, FARG__OS_InitDelay_Delay
0x06F0	0xF08AC005  	MOVFF       R5, FARG__OS_InitDelay_Delay+1
0x06F4	0xF08BC006  	MOVFF       R6, FARG__OS_InitDelay_Delay+2
0x06F8	0xF08CC007  	MOVFF       R7, FARG__OS_InitDelay_Delay+3
;osa_ttimer.c,81 :: 		
0x06FC	0xF000C028  	MOVFF       __OS_CurTask, R0
0x0700	0xF001C029  	MOVFF       __OS_CurTask+1, R1
0x0704	0x0E05      	MOVLW       5
0x0706	0x2400      	ADDWF       R0, 0 
0x0708	0x6EE1      	MOVWF       FSR1L 
0x070A	0x0E00      	MOVLW       0
0x070C	0x2001      	ADDWFC      R1, 0 
0x070E	0x6EE2      	MOVWF       FSR1H 
0x0710	0xFFE6C004  	MOVFF       R4, POSTINC1
0x0714	0xFFE6C005  	MOVFF       R5, POSTINC1
0x0718	0xFFE6C006  	MOVFF       R6, POSTINC1
0x071C	0xFFE6C007  	MOVFF       R7, POSTINC1
;osa_ttimer.c,82 :: 		
0x0720	0xFFE1C028  	MOVFF       __OS_CurTask, FSR1L
0x0724	0xFFE2C029  	MOVFF       __OS_CurTask+1, FSR1H
0x0728	0x86E6      	BSF         POSTINC1, 3 
0x072A	0xFFE1C028  	MOVFF       __OS_CurTask, FSR1L
0x072E	0xFFE2C029  	MOVFF       __OS_CurTask+1, FSR1H
0x0732	0x88E6      	BSF         POSTINC1, 4 
;osa_ttimer.c,87 :: 		
0x0734	0x882D      	BSF         __OS_State, 4 
;osa_ttimer.c,88 :: 		
0x0736	0x862D      	BSF         __OS_State, 3 
;osa_ttimer.c,90 :: 		
L__OS_InitDelay23:
;osa_ttimer.c,91 :: 		
L_end__OS_InitDelay:
0x0738	0x0012      	RETURN      0
; end of __OS_InitDelay
__OS_Queue_Get:
;osa_queue.c,213 :: 		
;osa_queue.c,220 :: 		
0x073A	0x0E03      	MOVLW       3
0x073C	0x6E00      	MOVWF       R0 
0x073E	0x0E05      	MOVLW       5
0x0740	0x6EE1      	MOVWF       FSR1L 
0x0742	0x0E00      	MOVLW       0
0x0744	0x6EE2      	MOVWF       FSR1H 
0x0746	0xFFE9C089  	MOVFF       FARG__OS_Queue_Get_pQueue, FSR0L
0x074A	0xFFEAC08A  	MOVFF       FARG__OS_Queue_Get_pQueue+1, FSR0H
L__OS_Queue_Get50:
0x074E	0xFFE6CFEE  	MOVFF       POSTINC0, POSTINC1
0x0752	0x0600      	DECF        R0, 1 
0x0754	0xE1FC      	BNZ         L__OS_Queue_Get50
;osa_queue.c,221 :: 		
0x0756	0xF008C007  	MOVFF       R7, R8
;osa_queue.c,222 :: 		
0x075A	0x5007      	MOVF        R7, 0 
0x075C	0x0F01      	ADDLW       1
0x075E	0x6E00      	MOVWF       R0 
0x0760	0xF007C000  	MOVFF       R0, R7
;osa_queue.c,224 :: 		
0x0764	0x5005      	MOVF        R5, 0 
0x0766	0x5C07      	SUBWF       R7, 0 
0x0768	0xB0D8      	BTFSC       STATUS, 0 
0x076A	0x6A07      	CLRF        R7 
L__OS_Queue_Get51:
;osa_queue.c,226 :: 		
0x076C	0x0406      	DECF        R6, 0 
0x076E	0x6E00      	MOVWF       R0 
0x0770	0xF006C000  	MOVFF       R0, R6
;osa_queue.c,227 :: 		
0x0774	0x0E03      	MOVLW       3
0x0776	0x6E00      	MOVWF       R0 
0x0778	0xFFE1C089  	MOVFF       FARG__OS_Queue_Get_pQueue, FSR1L
0x077C	0xFFE2C08A  	MOVFF       FARG__OS_Queue_Get_pQueue+1, FSR1H
0x0780	0x0E05      	MOVLW       5
0x0782	0x6EE9      	MOVWF       FSR0L 
0x0784	0x0E00      	MOVLW       0
0x0786	0x6EEA      	MOVWF       FSR0H 
L__OS_Queue_Get52:
0x0788	0xFFE6CFEE  	MOVFF       POSTINC0, POSTINC1
0x078C	0x0600      	DECF        R0, 1 
0x078E	0xE1FC      	BNZ         L__OS_Queue_Get52
;osa_queue.c,229 :: 		
0x0790	0x0E03      	MOVLW       3
0x0792	0x0100      	MOVLB       0
0x0794	0x2589      	ADDWF       FARG__OS_Queue_Get_pQueue, 0, 1
0x0796	0x6EE9      	MOVWF       FSR0L 
0x0798	0x0E00      	MOVLW       0
0x079A	0x218A      	ADDWFC      FARG__OS_Queue_Get_pQueue+1, 0, 1
0x079C	0x6EEA      	MOVWF       FSR0H 
0x079E	0xF003CFEE  	MOVFF       POSTINC0, R3
0x07A2	0xF004CFEE  	MOVFF       POSTINC0, R4
0x07A6	0xF000C008  	MOVFF       R8, R0
0x07AA	0x0E00      	MOVLW       0
0x07AC	0x6E01      	MOVWF       R1 
0x07AE	0x3600      	RLCF        R0, 1 
0x07B0	0x9000      	BCF         R0, 0 
0x07B2	0x3601      	RLCF        R1, 1 
0x07B4	0x5000      	MOVF        R0, 0 
0x07B6	0x2403      	ADDWF       R3, 0 
0x07B8	0x6EE9      	MOVWF       FSR0L 
0x07BA	0x5001      	MOVF        R1, 0 
0x07BC	0x2004      	ADDWFC      R4, 0 
0x07BE	0x6EEA      	MOVWF       FSR0H 
;osa_queue.c,231 :: 		
0x07C0	0xF000CFEE  	MOVFF       POSTINC0, R0
0x07C4	0xF001CFEE  	MOVFF       POSTINC0, R1
;osa_queue.c,232 :: 		
L_end__OS_Queue_Get:
0x07C8	0x0012      	RETURN      0
; end of __OS_Queue_Get
___CC2DW:
;__Lib_System.c,21 :: 		
;__Lib_System.c,23 :: 		
_CC2DL_Loop1:
;__Lib_System.c,24 :: 		
0x07CA	0x0009      	TBLRD*+
;__Lib_System.c,25 :: 		
0x07CC	0xFFE6CFF5  	MOVFF       TABLAT, POSTINC1
;__Lib_System.c,26 :: 		
0x07D0	0x0600      	DECF        R0, 1, 0
;__Lib_System.c,27 :: 		
0x07D2	0xE1FB      	BNZ         _CC2DL_Loop1
;__Lib_System.c,28 :: 		
0x07D4	0x0601      	DECF        R1, 1, 0
;__Lib_System.c,29 :: 		
0x07D6	0xE1F9      	BNZ         _CC2DL_Loop1
;__Lib_System.c,31 :: 		
L_end___CC2DW:
0x07D8	0x0012      	RETURN      0
; end of ___CC2DW
_Task_DISP7:
;main.c,62 :: 		void Task_DISP7(void)
;main.c,72 :: 		for(;;)
L_Task_DISP740:
;main.c,74 :: 		PORTA &= 0xF0;      //Apaga nible menos desliga displays
0x07DA	0x0EF0      	MOVLW       240
0x07DC	0x1680      	ANDWF       PORTA, 1 
;main.c,76 :: 		if (OS_Queue_Check(queue))
0x07DE	0x5254      	MOVF        _queue+1, 1 
0x07E0	0xE00B      	BZ          L_Task_DISP743
;main.c,78 :: 		OS_Queue_Accept(queue, Mat_Mostra_Disp);  // then accept it
0x07E2	0xDDA5      	RCALL       __OS_DI_INT
0x07E4	0x0E53      	MOVLW       _queue
0x07E6	0x6F89      	MOVWF       FARG__OS_Queue_Get_pQueue, 1
0x07E8	0x0E00      	MOVLW       hi_addr(_queue)
0x07EA	0x6F8A      	MOVWF       FARG__OS_Queue_Get_pQueue+1, 1
0x07EC	0xDFA6      	RCALL       __OS_Queue_Get
0x07EE	0xF06FC000  	MOVFF       R0, Task_DISP7_Mat_Mostra_Disp_L0
0x07F2	0xF070C001  	MOVFF       R1, Task_DISP7_Mat_Mostra_Disp_L0+1
0x07F6	0xDD6B      	RCALL       __OS_RI_INT
;main.c,79 :: 		}
L_Task_DISP743:
;main.c,81 :: 		switch (_maq_estado)
0x07F8	0xD032      	BRA         L_Task_DISP744
;main.c,83 :: 		case _disp1: {
L_Task_DISP746:
;main.c,84 :: 		PORTD = Mat_Mostra_Disp[0];     //Escreve valor no display de Unidade
0x07FA	0xFFE9C06F  	MOVFF       Task_DISP7_Mat_Mostra_Disp_L0, FSR0L
0x07FE	0xFFEAC070  	MOVFF       Task_DISP7_Mat_Mostra_Disp_L0+1, FSR0H
0x0802	0xFF83CFEE  	MOVFF       POSTINC0, PORTD
;main.c,85 :: 		UNIDADE = 1;
0x0806	0x8080      	BSF         PORTA, 0 
;main.c,86 :: 		_maq_estado = _disp2;
0x0808	0x0E02      	MOVLW       2
0x080A	0x6E25      	MOVWF       Task_DISP7__maq_estado_L0 
;main.c,87 :: 		break;
0x080C	0xD035      	BRA         L_Task_DISP745
;main.c,89 :: 		case _disp2: {
L_Task_DISP747:
0x080E	0x0100      	MOVLB       0
;main.c,90 :: 		PORTD = Mat_Mostra_Disp[1];    //Escreve valor no display de Dezena
0x0810	0x0E01      	MOVLW       1
0x0812	0x256F      	ADDWF       Task_DISP7_Mat_Mostra_Disp_L0, 0, 1
0x0814	0x6EE9      	MOVWF       FSR0L 
0x0816	0x0E00      	MOVLW       0
0x0818	0x2170      	ADDWFC      Task_DISP7_Mat_Mostra_Disp_L0+1, 0, 1
0x081A	0x6EEA      	MOVWF       FSR0H 
0x081C	0xFF83CFEE  	MOVFF       POSTINC0, PORTD
;main.c,91 :: 		DEZENA = 1;
0x0820	0x8280      	BSF         PORTA, 1 
;main.c,92 :: 		_maq_estado = _disp3;
0x0822	0x0E03      	MOVLW       3
0x0824	0x6E25      	MOVWF       Task_DISP7__maq_estado_L0 
;main.c,93 :: 		break;
0x0826	0xD028      	BRA         L_Task_DISP745
;main.c,95 :: 		case _disp3: {
L_Task_DISP748:
0x0828	0x0100      	MOVLB       0
;main.c,96 :: 		PORTD = Mat_Mostra_Disp[2];     //Escreve valor no display de Centena
0x082A	0x0E02      	MOVLW       2
0x082C	0x256F      	ADDWF       Task_DISP7_Mat_Mostra_Disp_L0, 0, 1
0x082E	0x6EE9      	MOVWF       FSR0L 
0x0830	0x0E00      	MOVLW       0
0x0832	0x2170      	ADDWFC      Task_DISP7_Mat_Mostra_Disp_L0+1, 0, 1
0x0834	0x6EEA      	MOVWF       FSR0H 
0x0836	0xFF83CFEE  	MOVFF       POSTINC0, PORTD
;main.c,97 :: 		CENTENA = 1;
0x083A	0x8480      	BSF         PORTA, 2 
;main.c,98 :: 		_maq_estado = _disp4;
0x083C	0x0E04      	MOVLW       4
0x083E	0x6E25      	MOVWF       Task_DISP7__maq_estado_L0 
;main.c,99 :: 		break;
0x0840	0xD01B      	BRA         L_Task_DISP745
;main.c,101 :: 		case _disp4: {
L_Task_DISP749:
0x0842	0x0100      	MOVLB       0
;main.c,102 :: 		PORTD = Mat_Mostra_Disp[3];     //Escreve valor no display de Milhar
0x0844	0x0E03      	MOVLW       3
0x0846	0x256F      	ADDWF       Task_DISP7_Mat_Mostra_Disp_L0, 0, 1
0x0848	0x6EE9      	MOVWF       FSR0L 
0x084A	0x0E00      	MOVLW       0
0x084C	0x2170      	ADDWFC      Task_DISP7_Mat_Mostra_Disp_L0+1, 0, 1
0x084E	0x6EEA      	MOVWF       FSR0H 
0x0850	0xFF83CFEE  	MOVFF       POSTINC0, PORTD
;main.c,103 :: 		MILHAR = 1;
0x0854	0x8680      	BSF         PORTA, 3 
;main.c,104 :: 		_maq_estado = _disp1;
0x0856	0x0E01      	MOVLW       1
0x0858	0x6E25      	MOVWF       Task_DISP7__maq_estado_L0 
;main.c,105 :: 		break;
0x085A	0xD00E      	BRA         L_Task_DISP745
;main.c,107 :: 		default: break;
L_Task_DISP750:
0x085C	0xD00D      	BRA         L_Task_DISP745
;main.c,108 :: 		}
L_Task_DISP744:
0x085E	0x5025      	MOVF        Task_DISP7__maq_estado_L0, 0 
0x0860	0x0A01      	XORLW       1
0x0862	0xE0CB      	BZ          L_Task_DISP746
0x0864	0x5025      	MOVF        Task_DISP7__maq_estado_L0, 0 
0x0866	0x0A02      	XORLW       2
0x0868	0xE0D2      	BZ          L_Task_DISP747
0x086A	0x5025      	MOVF        Task_DISP7__maq_estado_L0, 0 
0x086C	0x0A03      	XORLW       3
0x086E	0xE0DC      	BZ          L_Task_DISP748
0x0870	0x5025      	MOVF        Task_DISP7__maq_estado_L0, 0 
0x0872	0x0A04      	XORLW       4
0x0874	0xE0E6      	BZ          L_Task_DISP749
0x0876	0xD7F2      	BRA         L_Task_DISP750
L_Task_DISP745:
0x0878	0x0100      	MOVLB       0
;main.c,110 :: 		OS_Delay(2 ms);
0x087A	0x0E02      	MOVLW       2
0x087C	0x6F89      	MOVWF       FARG__OS_InitDelay_Delay, 1
0x087E	0x0E00      	MOVLW       0
0x0880	0x6F8A      	MOVWF       FARG__OS_InitDelay_Delay+1, 1
0x0882	0x6F8B      	MOVWF       FARG__OS_InitDelay_Delay+2, 1
0x0884	0x6F8C      	MOVWF       FARG__OS_InitDelay_Delay+3, 1
0x0886	0xDF06      	RCALL       __OS_InitDelay
0x0888	0xDE42      	RCALL       __OS_ReturnSave
0x088A	0x0000      	NOP
;main.c,111 :: 		}
0x088C	0xD7A6      	BRA         L_Task_DISP740
;main.c,112 :: 		}
L_end_Task_DISP7:
0x088E	0x0012      	RETURN      0
; end of _Task_DISP7
_Task_BUTTON0:
;main.c,115 :: 		void Task_BUTTON0(void)
;main.c,118 :: 		for (;;)
L_Task_BUTTON051:
;main.c,120 :: 		do
L_Task_BUTTON054:
;main.c,122 :: 		OS_Cond_Wait(!pin_BUTTON0);
0x0890	0xDCF8      	RCALL       __OS_EnterWaitMode
0x0892	0x0000      	NOP
0x0894	0xB084      	BTFSC       PORTE, 0 
0x0896	0xD002      	BRA         L__Task_BUTTON090
0x0898	0x80D8      	BSF         STATUS, 0 
0x089A	0xD001      	BRA         L__Task_BUTTON091
L__Task_BUTTON090:
0x089C	0x90D8      	BCF         STATUS, 0 
L__Task_BUTTON091:
0x089E	0x0E00      	MOVLW       0
0x08A0	0xB0D8      	BTFSC       STATUS, 0 
0x08A2	0x0E01      	MOVLW       1
0x08A4	0x0100      	MOVLB       0
0x08A6	0x6F8E      	MOVWF       FARG__OS_CheckEvent_bEvent, 1
0x08A8	0x518E      	MOVF        FARG__OS_CheckEvent_bEvent, 0, 1
0x08AA	0x0A00      	XORLW       0
0x08AC	0x0E00      	MOVLW       0
0x08AE	0xA4D8      	BTFSS       STATUS, 2 
0x08B0	0x0E01      	MOVLW       1
0x08B2	0x6F8E      	MOVWF       FARG__OS_CheckEvent_bEvent, 1
0x08B4	0xDCE9      	RCALL       __OS_CheckEvent
;main.c,123 :: 		OS_Delay(40 ms);                // 40 ms for debounce
0x08B6	0x0E28      	MOVLW       40
0x08B8	0x6F89      	MOVWF       FARG__OS_InitDelay_Delay, 1
0x08BA	0x0E00      	MOVLW       0
0x08BC	0x6F8A      	MOVWF       FARG__OS_InitDelay_Delay+1, 1
0x08BE	0x6F8B      	MOVWF       FARG__OS_InitDelay_Delay+2, 1
0x08C0	0x6F8C      	MOVWF       FARG__OS_InitDelay_Delay+3, 1
0x08C2	0xDEE8      	RCALL       __OS_InitDelay
0x08C4	0xDE24      	RCALL       __OS_ReturnSave
0x08C6	0x0000      	NOP
;main.c,124 :: 		} while (pin_BUTTON0);
0x08C8	0xB084      	BTFSC       PORTE, 0 
0x08CA	0xD7E2      	BRA         L_Task_BUTTON054
;main.c,127 :: 		if(Contador < 9999)
0x08CC	0x0E27      	MOVLW       39
0x08CE	0x5C24      	SUBWF       _Contador+1, 0 
0x08D0	0xE102      	BNZ         L__Task_BUTTON092
0x08D2	0x0E0F      	MOVLW       15
0x08D4	0x5C23      	SUBWF       _Contador, 0 
L__Task_BUTTON092:
0x08D6	0xE212      	BC          L_Task_BUTTON057
;main.c,128 :: 		DispMsg(++Contador, TRUE);  //Envia a Msg e Grava na EEPROM
0x08D8	0x0100      	MOVLB       0
0x08DA	0x0E01      	MOVLW       1
0x08DC	0x2423      	ADDWF       _Contador, 0 
0x08DE	0x6E00      	MOVWF       R0 
0x08E0	0x0E00      	MOVLW       0
0x08E2	0x2024      	ADDWFC      _Contador+1, 0 
0x08E4	0x6E01      	MOVWF       R1 
0x08E6	0xF023C000  	MOVFF       R0, _Contador
0x08EA	0xF024C001  	MOVFF       R1, _Contador+1
0x08EE	0xF089C023  	MOVFF       _Contador, FARG_DispMsg_Contador
0x08F2	0xF08AC024  	MOVFF       _Contador+1, FARG_DispMsg_Contador+1
0x08F6	0x0E01      	MOVLW       1
0x08F8	0x6F8B      	MOVWF       FARG_DispMsg_Enable, 1
0x08FA	0xDE13      	RCALL       _DispMsg
L_Task_BUTTON057:
;main.c,131 :: 		do
L_Task_BUTTON058:
;main.c,133 :: 		OS_Cond_Wait(pin_BUTTON0);
0x08FC	0xDCC2      	RCALL       __OS_EnterWaitMode
0x08FE	0x0000      	NOP
0x0900	0x0E00      	MOVLW       0
0x0902	0xB084      	BTFSC       PORTE, 0 
0x0904	0x0E01      	MOVLW       1
0x0906	0x0100      	MOVLB       0
0x0908	0x6F8E      	MOVWF       FARG__OS_CheckEvent_bEvent, 1
0x090A	0x518E      	MOVF        FARG__OS_CheckEvent_bEvent, 0, 1
0x090C	0x0A00      	XORLW       0
0x090E	0x0E00      	MOVLW       0
0x0910	0xA4D8      	BTFSS       STATUS, 2 
0x0912	0x0E01      	MOVLW       1
0x0914	0x6F8E      	MOVWF       FARG__OS_CheckEvent_bEvent, 1
0x0916	0xDCB8      	RCALL       __OS_CheckEvent
;main.c,134 :: 		OS_Delay(40 ms);                // 40 ms for debounce
0x0918	0x0E28      	MOVLW       40
0x091A	0x6F89      	MOVWF       FARG__OS_InitDelay_Delay, 1
0x091C	0x0E00      	MOVLW       0
0x091E	0x6F8A      	MOVWF       FARG__OS_InitDelay_Delay+1, 1
0x0920	0x6F8B      	MOVWF       FARG__OS_InitDelay_Delay+2, 1
0x0922	0x6F8C      	MOVWF       FARG__OS_InitDelay_Delay+3, 1
0x0924	0xDEB7      	RCALL       __OS_InitDelay
0x0926	0xDDF3      	RCALL       __OS_ReturnSave
0x0928	0x0000      	NOP
;main.c,135 :: 		} while (!pin_BUTTON0);
0x092A	0xA084      	BTFSS       PORTE, 0 
0x092C	0xD7E7      	BRA         L_Task_BUTTON058
;main.c,137 :: 		}
0x092E	0xD7B0      	BRA         L_Task_BUTTON051
;main.c,138 :: 		}
L_end_Task_BUTTON0:
0x0930	0x0012      	RETURN      0
; end of _Task_BUTTON0
_Mul_16X16_U:
;__Lib_Math.c,440 :: 		
;__Lib_Math.c,447 :: 		
0x0932	0x6A0B      	CLRF        R11, 0
;__Lib_Math.c,448 :: 		
0x0934	0x6A0A      	CLRF        R10, 0
;__Lib_Math.c,449 :: 		
0x0936	0x6A09      	CLRF        R9, 0
;__Lib_Math.c,450 :: 		
0x0938	0x5000      	MOVF        R0, 0, 0
;__Lib_Math.c,451 :: 		
0x093A	0x0204      	MULWF       R4, 0
;__Lib_Math.c,453 :: 		
0x093C	0xF009CFF4  	MOVFF       PRODH, R9
;__Lib_Math.c,454 :: 		
0x0940	0xF008CFF3  	MOVFF       PRODL, R8
;__Lib_Math.c,455 :: 		
0x0944	0x5001      	MOVF        R1, 0, 0
;__Lib_Math.c,456 :: 		
0x0946	0x0205      	MULWF       R5, 0
;__Lib_Math.c,458 :: 		
0x0948	0xF00BCFF4  	MOVFF       PRODH, R11
;__Lib_Math.c,459 :: 		
0x094C	0xF00ACFF3  	MOVFF       PRODL, R10
;__Lib_Math.c,460 :: 		
0x0950	0x5000      	MOVF        R0, 0, 0
;__Lib_Math.c,461 :: 		
0x0952	0x0205      	MULWF       R5, 0
;__Lib_Math.c,463 :: 		
0x0954	0x50F3      	MOVF        PRODL, 0, 0
;__Lib_Math.c,464 :: 		
0x0956	0x2609      	ADDWF       R9, 1, 0
;__Lib_Math.c,465 :: 		
0x0958	0x50F4      	MOVF        PRODH, 0, 0
;__Lib_Math.c,466 :: 		
0x095A	0x220A      	ADDWFC      R10, 1, 0
;__Lib_Math.c,467 :: 		
0x095C	0x6AE8      	CLRF        WREG, 0
;__Lib_Math.c,468 :: 		
0x095E	0x220B      	ADDWFC      R11, 1, 0
;__Lib_Math.c,469 :: 		
0x0960	0x5001      	MOVF        R1, 0, 0
;__Lib_Math.c,470 :: 		
0x0962	0x0204      	MULWF       R4, 0
;__Lib_Math.c,472 :: 		
0x0964	0x50F3      	MOVF        PRODL, 0, 0
;__Lib_Math.c,473 :: 		
0x0966	0x2609      	ADDWF       R9, 1, 0
;__Lib_Math.c,474 :: 		
0x0968	0x50F4      	MOVF        PRODH, 0, 0
;__Lib_Math.c,475 :: 		
0x096A	0x220A      	ADDWFC      R10, 1, 0
;__Lib_Math.c,476 :: 		
0x096C	0x6AE8      	CLRF        WREG, 0
;__Lib_Math.c,477 :: 		
0x096E	0x220B      	ADDWFC      R11, 1, 0
;__Lib_Math.c,479 :: 		
0x0970	0xF000C008  	MOVFF       R8, R0
;__Lib_Math.c,480 :: 		
0x0974	0xF001C009  	MOVFF       R9, R1
;__Lib_Math.c,481 :: 		
0x0978	0xF002C00A  	MOVFF       R10, R2
;__Lib_Math.c,482 :: 		
0x097C	0xF003C00B  	MOVFF       R11, R3
;__Lib_Math.c,485 :: 		
L_end_Mul_16X16_U:
0x0980	0x0012      	RETURN      0
; end of _Mul_16X16_U
__OS_JumpToTask:
;osa_pic18_mikroc.c,64 :: 		
;osa_pic18_mikroc.c,66 :: 		
0x0982	0xDC39      	RCALL       __OS_SET_FSR_CUR_TASK
;osa_pic18_mikroc.c,67 :: 		
0x0984	0xF02DCFEE  	MOVFF       POSTINC0, __OS_State
;osa_pic18_mikroc.c,69 :: 		
0x0988	0x0005      	PUSH
;osa_pic18_mikroc.c,70 :: 		
0x098A	0x50EE      	MOVF        POSTINC0, 0, 0
;osa_pic18_mikroc.c,71 :: 		
0x098C	0x6EFD      	MOVWF       TOSL, 0
;osa_pic18_mikroc.c,72 :: 		
0x098E	0x50EE      	MOVF        POSTINC0, 0, 0
;osa_pic18_mikroc.c,73 :: 		
0x0990	0x6EFE      	MOVWF       TOSH, 0
;osa_pic18_mikroc.c,74 :: 		
0x0992	0x50EE      	MOVF        POSTINC0, 0, 0
;osa_pic18_mikroc.c,75 :: 		
0x0994	0x6EFF      	MOVWF       TOSU, 0
;osa_pic18_mikroc.c,76 :: 		
0x0996	0x0012      	RETURN      0
;osa_pic18_mikroc.c,78 :: 		
L_end__OS_JumpToTask:
0x0998	0x0012      	RETURN      0
; end of __OS_JumpToTask
_TickTimerIE:
;timer.c,3 :: 		void TickTimerIE(void)
;timer.c,6 :: 		T2CON = T2CON_CONST;
0x099A	0x0E4D      	MOVLW       77
0x099C	0x6EBA      	MOVWF       T2CON 
;timer.c,7 :: 		PR2 = PR2_CONST;
0x099E	0x0E31      	MOVLW       49
0x09A0	0x6EBB      	MOVWF       PR2 
;timer.c,9 :: 		INTCON.GIEH = 1;
0x09A2	0x8EF2      	BSF         INTCON, 7 
;timer.c,10 :: 		INTCON.GIEL = 1;
0x09A4	0x8CF2      	BSF         INTCON, 6 
;timer.c,11 :: 		RCON.IPEN = 1;
0x09A6	0x8ED0      	BSF         RCON, 7 
;timer.c,13 :: 		TMR2IE_bit = 1;
0x09A8	0x829D      	BSF         TMR2IE_bit, BitPos(TMR2IE_bit+0) 
;timer.c,14 :: 		TMR2IP_bit = 1;
0x09AA	0x829F      	BSF         TMR2IP_bit, BitPos(TMR2IP_bit+0) 
;timer.c,15 :: 		T2CON.TMR2ON = 1;
0x09AC	0x84BA      	BSF         T2CON, 2 
;timer.c,16 :: 		}
L_end_TickTimerIE:
0x09AE	0x0012      	RETURN      0
; end of _TickTimerIE
_EEPROM_Read:
;__Lib_EEPROM_256.c,7 :: 		
;__Lib_EEPROM_256.c,9 :: 		
0x09B0	0x9CA6      	BCF         EECON1, 6 
;__Lib_EEPROM_256.c,10 :: 		
0x09B2	0xFFA9C084  	MOVFF       FARG_EEPROM_Read_address, EEADR
;__Lib_EEPROM_256.c,11 :: 		
0x09B6	0x9EA6      	BCF         EECON1, 7 
;__Lib_EEPROM_256.c,12 :: 		
0x09B8	0x80A6      	BSF         EECON1, 0 
;__Lib_EEPROM_256.c,14 :: 		
0x09BA	0xF000CFA8  	MOVFF       EEDATA, R0
;__Lib_EEPROM_256.c,16 :: 		
L_end_EEPROM_Read:
0x09BE	0x0012      	RETURN      0
; end of _EEPROM_Read
_Task_BUTTON1:
;main.c,140 :: 		void Task_BUTTON1(void)
;main.c,143 :: 		for (;;)
L_Task_BUTTON161:
;main.c,145 :: 		do
L_Task_BUTTON164:
;main.c,147 :: 		OS_Cond_Wait(!pin_BUTTON1);
0x09C0	0xDC60      	RCALL       __OS_EnterWaitMode
0x09C2	0x0000      	NOP
0x09C4	0xB284      	BTFSC       PORTE, 1 
0x09C6	0xD002      	BRA         L__Task_BUTTON194
0x09C8	0x80D8      	BSF         STATUS, 0 
0x09CA	0xD001      	BRA         L__Task_BUTTON195
L__Task_BUTTON194:
0x09CC	0x90D8      	BCF         STATUS, 0 
L__Task_BUTTON195:
0x09CE	0x0E00      	MOVLW       0
0x09D0	0xB0D8      	BTFSC       STATUS, 0 
0x09D2	0x0E01      	MOVLW       1
0x09D4	0x0100      	MOVLB       0
0x09D6	0x6F8E      	MOVWF       FARG__OS_CheckEvent_bEvent, 1
0x09D8	0x518E      	MOVF        FARG__OS_CheckEvent_bEvent, 0, 1
0x09DA	0x0A00      	XORLW       0
0x09DC	0x0E00      	MOVLW       0
0x09DE	0xA4D8      	BTFSS       STATUS, 2 
0x09E0	0x0E01      	MOVLW       1
0x09E2	0x6F8E      	MOVWF       FARG__OS_CheckEvent_bEvent, 1
0x09E4	0xDC51      	RCALL       __OS_CheckEvent
;main.c,148 :: 		OS_Delay(40 ms);                // 40 ms for debounce
0x09E6	0x0E28      	MOVLW       40
0x09E8	0x6F89      	MOVWF       FARG__OS_InitDelay_Delay, 1
0x09EA	0x0E00      	MOVLW       0
0x09EC	0x6F8A      	MOVWF       FARG__OS_InitDelay_Delay+1, 1
0x09EE	0x6F8B      	MOVWF       FARG__OS_InitDelay_Delay+2, 1
0x09F0	0x6F8C      	MOVWF       FARG__OS_InitDelay_Delay+3, 1
0x09F2	0xDE50      	RCALL       __OS_InitDelay
0x09F4	0xDD8C      	RCALL       __OS_ReturnSave
0x09F6	0x0000      	NOP
;main.c,149 :: 		} while (pin_BUTTON1);
0x09F8	0xB284      	BTFSC       PORTE, 1 
0x09FA	0xD7E2      	BRA         L_Task_BUTTON164
;main.c,152 :: 		if(Contador > 0)
0x09FC	0x0E00      	MOVLW       0
0x09FE	0x6E00      	MOVWF       R0 
0x0A00	0x5024      	MOVF        _Contador+1, 0 
0x0A02	0x5C00      	SUBWF       R0, 0 
0x0A04	0xE102      	BNZ         L__Task_BUTTON196
0x0A06	0x5023      	MOVF        _Contador, 0 
0x0A08	0x0800      	SUBLW       0
L__Task_BUTTON196:
0x0A0A	0xE212      	BC          L_Task_BUTTON167
;main.c,153 :: 		DispMsg(--Contador,TRUE);   //Envia a Msg e Grava na EEPROM
0x0A0C	0x0100      	MOVLB       0
0x0A0E	0x0E01      	MOVLW       1
0x0A10	0x5C23      	SUBWF       _Contador, 0 
0x0A12	0x6E00      	MOVWF       R0 
0x0A14	0x0E00      	MOVLW       0
0x0A16	0x5824      	SUBWFB      _Contador+1, 0 
0x0A18	0x6E01      	MOVWF       R1 
0x0A1A	0xF023C000  	MOVFF       R0, _Contador
0x0A1E	0xF024C001  	MOVFF       R1, _Contador+1
0x0A22	0xF089C023  	MOVFF       _Contador, FARG_DispMsg_Contador
0x0A26	0xF08AC024  	MOVFF       _Contador+1, FARG_DispMsg_Contador+1
0x0A2A	0x0E01      	MOVLW       1
0x0A2C	0x6F8B      	MOVWF       FARG_DispMsg_Enable, 1
0x0A2E	0xDD79      	RCALL       _DispMsg
L_Task_BUTTON167:
;main.c,156 :: 		do
L_Task_BUTTON168:
;main.c,158 :: 		OS_Cond_Wait(pin_BUTTON1);
0x0A30	0xDC28      	RCALL       __OS_EnterWaitMode
0x0A32	0x0000      	NOP
0x0A34	0x0E00      	MOVLW       0
0x0A36	0xB284      	BTFSC       PORTE, 1 
0x0A38	0x0E01      	MOVLW       1
0x0A3A	0x0100      	MOVLB       0
0x0A3C	0x6F8E      	MOVWF       FARG__OS_CheckEvent_bEvent, 1
0x0A3E	0x518E      	MOVF        FARG__OS_CheckEvent_bEvent, 0, 1
0x0A40	0x0A00      	XORLW       0
0x0A42	0x0E00      	MOVLW       0
0x0A44	0xA4D8      	BTFSS       STATUS, 2 
0x0A46	0x0E01      	MOVLW       1
0x0A48	0x6F8E      	MOVWF       FARG__OS_CheckEvent_bEvent, 1
0x0A4A	0xDC1E      	RCALL       __OS_CheckEvent
;main.c,159 :: 		OS_Delay(40 ms);                // 40 ms for debounce
0x0A4C	0x0E28      	MOVLW       40
0x0A4E	0x6F89      	MOVWF       FARG__OS_InitDelay_Delay, 1
0x0A50	0x0E00      	MOVLW       0
0x0A52	0x6F8A      	MOVWF       FARG__OS_InitDelay_Delay+1, 1
0x0A54	0x6F8B      	MOVWF       FARG__OS_InitDelay_Delay+2, 1
0x0A56	0x6F8C      	MOVWF       FARG__OS_InitDelay_Delay+3, 1
0x0A58	0xDE1D      	RCALL       __OS_InitDelay
0x0A5A	0xDD59      	RCALL       __OS_ReturnSave
0x0A5C	0x0000      	NOP
;main.c,160 :: 		} while (!pin_BUTTON1);
0x0A5E	0xA284      	BTFSS       PORTE, 1 
0x0A60	0xD7E7      	BRA         L_Task_BUTTON168
;main.c,162 :: 		}
0x0A62	0xD7AE      	BRA         L_Task_BUTTON161
;main.c,163 :: 		}
L_end_Task_BUTTON1:
0x0A64	0x0012      	RETURN      0
; end of _Task_BUTTON1
_InitLCD:
;lcd.c,3 :: 		void InitLCD(void)
;lcd.c,5 :: 		Lcd_Init();                        // Initialize LCD
0x0A66	0xDD07      	RCALL       _Lcd_Init
;lcd.c,6 :: 		Lcd_Cmd(_LCD_CLEAR);               // Clear display
0x0A68	0x0E01      	MOVLW       1
0x0A6A	0x6F89      	MOVWF       FARG_Lcd_Cmd_out_char, 1
0x0A6C	0xDDD4      	RCALL       _Lcd_Cmd
;lcd.c,7 :: 		Lcd_Cmd(_LCD_CURSOR_OFF);          // Cursor off
0x0A6E	0x0E0C      	MOVLW       12
0x0A70	0x6F89      	MOVWF       FARG_Lcd_Cmd_out_char, 1
0x0A72	0xDDD1      	RCALL       _Lcd_Cmd
;lcd.c,9 :: 		}
L_end_InitLCD:
0x0A74	0x0012      	RETURN      0
; end of _InitLCD
_InitMCU:
;bsp.c,3 :: 		void InitMCU(void)
;bsp.c,6 :: 		ANSELA = 0;
0x0A76	0x010F      	MOVLB       15
0x0A78	0x6B38      	CLRF        ANSELA, 1
;bsp.c,7 :: 		ANSELB = 0;
0x0A7A	0x6B39      	CLRF        ANSELB, 1
;bsp.c,8 :: 		ANSELC = 0;
0x0A7C	0x6B3A      	CLRF        ANSELC, 1
;bsp.c,9 :: 		ANSELD = 0;
0x0A7E	0x6B3B      	CLRF        ANSELD, 1
;bsp.c,10 :: 		ANSELE = 0;
0x0A80	0x6B3C      	CLRF        ANSELE, 1
;bsp.c,15 :: 		TRISD = 0;        //PORTD configurado como Sada
0x0A82	0x6A95      	CLRF        TRISD 
;bsp.c,16 :: 		PORTD = 0;        //LEDs OFF
0x0A84	0x6A83      	CLRF        PORTD 
;bsp.c,18 :: 		TRISA = 0;
0x0A86	0x6A92      	CLRF        TRISA 
;bsp.c,19 :: 		PORTA = 0;
0x0A88	0x6A80      	CLRF        PORTA 
;bsp.c,21 :: 		TRISE.RE0 = 1;    //Button0
0x0A8A	0x8096      	BSF         TRISE, 0 
;bsp.c,22 :: 		PORTE.RE0 = 1;
0x0A8C	0x8084      	BSF         PORTE, 0 
;bsp.c,24 :: 		TRISE.RE1 = 1;    //Button0
0x0A8E	0x8296      	BSF         TRISE, 1 
;bsp.c,25 :: 		PORTE.RE1 = 1;
0x0A90	0x8284      	BSF         PORTE, 1 
;bsp.c,26 :: 		}
L_end_InitMCU:
0x0A92	0x0012      	RETURN      0
; end of _InitMCU
__OS_Task_Create:
;osa_tasks.c,75 :: 		
;osa_tasks.c,79 :: 		
0x0A94	0x9258      	BCF         __OS_Flags, 1 
;osa_tasks.c,88 :: 		
0x0A96	0x0E2E      	MOVLW       __OS_Tasks
0x0A98	0x6E01      	MOVWF       R1 
0x0A9A	0x0E00      	MOVLW       hi_addr(__OS_Tasks)
0x0A9C	0x6E02      	MOVWF       R2 
;osa_tasks.c,89 :: 		
0x0A9E	0x6A52      	CLRF        __OS_Temp 
;osa_tasks.c,91 :: 		
L__OS_Task_Create61:
;osa_tasks.c,93 :: 		
0x0AA0	0xFFE9C001  	MOVFF       R1, FSR0L
0x0AA4	0xFFEAC002  	MOVFF       R2, FSR0H
0x0AA8	0xF000CFEE  	MOVFF       POSTINC0, R0
0x0AAC	0xBC00      	BTFSC       R0, 6 
0x0AAE	0xD02B      	BRA         L__OS_Task_Create64
;osa_tasks.c,95 :: 		
0x0AB0	0x0100      	MOVLB       0
0x0AB2	0x8D84      	BSF         FARG__OS_Task_Create_priority, 6, 1
;osa_tasks.c,96 :: 		
0x0AB4	0x8784      	BSF         FARG__OS_Task_Create_priority, 3, 1
;osa_tasks.c,98 :: 		
0x0AB6	0x0E01      	MOVLW       1
0x0AB8	0x2401      	ADDWF       R1, 0 
0x0ABA	0x6EE1      	MOVWF       FSR1L 
0x0ABC	0x0E00      	MOVLW       0
0x0ABE	0x2002      	ADDWFC      R2, 0 
0x0AC0	0x6EE2      	MOVWF       FSR1H 
0x0AC2	0xFFE6C085  	MOVFF       FARG__OS_Task_Create_TaskAddr, POSTINC1
0x0AC6	0xFFE6C086  	MOVFF       FARG__OS_Task_Create_TaskAddr+1, POSTINC1
0x0ACA	0xFFE6C087  	MOVFF       FARG__OS_Task_Create_TaskAddr+2, POSTINC1
0x0ACE	0xFFE6C088  	MOVFF       FARG__OS_Task_Create_TaskAddr+3, POSTINC1
;osa_tasks.c,101 :: 		
0x0AD2	0x0E05      	MOVLW       5
0x0AD4	0x2401      	ADDWF       R1, 0 
0x0AD6	0x6EE1      	MOVWF       FSR1L 
0x0AD8	0x0E00      	MOVLW       0
0x0ADA	0x2002      	ADDWFC      R2, 0 
0x0ADC	0x6EE2      	MOVWF       FSR1H 
0x0ADE	0x6AE6      	CLRF        POSTINC1 
0x0AE0	0x6AE6      	CLRF        POSTINC1 
0x0AE2	0x6AE6      	CLRF        POSTINC1 
0x0AE4	0x6AE6      	CLRF        POSTINC1 
;osa_tasks.c,108 :: 		
0x0AE6	0xFFE1C001  	MOVFF       R1, FSR1L
0x0AEA	0xFFE2C002  	MOVFF       R2, FSR1H
0x0AEE	0xFFE6C084  	MOVFF       FARG__OS_Task_Create_priority, POSTINC1
;osa_tasks.c,111 :: 		
0x0AF2	0x5002      	MOVF        R2, 0 
0x0AF4	0x1829      	XORWF       __OS_CurTask+1, 0 
0x0AF6	0xE102      	BNZ         L___OS_Task_Create101
0x0AF8	0x5028      	MOVF        __OS_CurTask, 0 
0x0AFA	0x1801      	XORWF       R1, 0 
L___OS_Task_Create101:
0x0AFC	0xE102      	BNZ         L__OS_Task_Create65
0x0AFE	0xF02DC084  	MOVFF       FARG__OS_Task_Create_priority, __OS_State
L__OS_Task_Create65:
;osa_tasks.c,126 :: 		
0x0B02	0x9258      	BCF         __OS_Flags, 1 
;osa_tasks.c,128 :: 		
0x0B04	0xD009      	BRA         L_end__OS_Task_Create
;osa_tasks.c,130 :: 		
L__OS_Task_Create64:
;osa_tasks.c,132 :: 		
0x0B06	0x0E09      	MOVLW       9
0x0B08	0x2601      	ADDWF       R1, 1 
0x0B0A	0x0E00      	MOVLW       0
0x0B0C	0x2202      	ADDWFC      R2, 1 
;osa_tasks.c,134 :: 		
0x0B0E	0x2A52      	INCF        __OS_Temp, 1 
0x0B10	0x0E04      	MOVLW       4
0x0B12	0x5C52      	SUBWF       __OS_Temp, 0 
0x0B14	0xE3C5      	BNC         L__OS_Task_Create61
;osa_tasks.c,137 :: 		
0x0B16	0x8258      	BSF         __OS_Flags, 1 
;osa_tasks.c,139 :: 		
;osa_tasks.c,140 :: 		
L_end__OS_Task_Create:
0x0B18	0x0012      	RETURN      0
; end of __OS_Task_Create
_OS_Init:
;osa_system.c,67 :: 		
;osa_system.c,72 :: 		
0x0B1A	0x6A58      	CLRF        __OS_Flags 
;osa_system.c,81 :: 		
0x0B1C	0x0E49      	MOVLW       __OS_Tasks+27
0x0B1E	0x6E2B      	MOVWF       __OS_LastTask 
0x0B20	0x0E00      	MOVLW       hi_addr(__OS_Tasks+27)
0x0B22	0x6E2C      	MOVWF       __OS_LastTask+1 
;osa_system.c,238 :: 		
0x0B24	0x0E03      	MOVLW       3
0x0B26	0x0100      	MOVLB       0
0x0B28	0x6F77      	MOVWF       __OS_StimersFree, 1
;osa_system.c,260 :: 		
0x0B2A	0x6B76      	CLRF        __OS_Bsems, 1
;osa_system.c,326 :: 		
0x0B2C	0x9C2E      	BCF         __OS_Tasks, 6 
;osa_system.c,329 :: 		
0x0B2E	0x9C37      	BCF         __OS_Tasks+9, 6 
;osa_system.c,333 :: 		
0x0B30	0x9C40      	BCF         __OS_Tasks+18, 6 
;osa_system.c,337 :: 		
0x0B32	0x9C49      	BCF         __OS_Tasks+27, 6 
;osa_system.c,394 :: 		
L_end_OS_Init:
0x0B34	0x0012      	RETURN      0
; end of _OS_Init
_main:
0x0B36	0x6A23      	CLRF        _Contador 
0x0B38	0x6A24      	CLRF        36 
0x0B3A	0x0E01      	MOVLW       1
0x0B3C	0x6E25      	MOVWF       Task_DISP7__maq_estado_L0 
0x0B3E	0x6A26      	CLRF        DispMsg_VarAux_L0 
0x0B40	0x6A27      	CLRF        39 
;main.c,36 :: 		void main (void)
;main.c,38 :: 		InitMCU();                         //Inicializa os perifricos do MCU
0x0B42	0xDF99      	RCALL       _InitMCU
;main.c,39 :: 		TickTimerIE();                     //Configura e habilita a Interrupo TickTimer
0x0B44	0xDF2A      	RCALL       _TickTimerIE
;main.c,40 :: 		InitLCD();
0x0B46	0xDF8F      	RCALL       _InitLCD
;main.c,42 :: 		OS_Init();                         //Inicializa RTO's
0x0B48	0xDFE8      	RCALL       _OS_Init
;main.c,45 :: 		OS_Task_Create(0, Task_DISP7);
0x0B4A	0x6B84      	CLRF        FARG__OS_Task_Create_priority, 1
0x0B4C	0x0EDA      	MOVLW       _Task_DISP7
0x0B4E	0x6F85      	MOVWF       FARG__OS_Task_Create_TaskAddr, 1
0x0B50	0x0E07      	MOVLW       hi_addr(_Task_DISP7)
0x0B52	0x6F86      	MOVWF       FARG__OS_Task_Create_TaskAddr+1, 1
0x0B54	0x0E00      	MOVLW       0
0x0B56	0x6F87      	MOVWF       FARG__OS_Task_Create_TaskAddr+2, 1
0x0B58	0x0E00      	MOVLW       0
0x0B5A	0x6F88      	MOVWF       FARG__OS_Task_Create_TaskAddr+3, 1
0x0B5C	0xDF9B      	RCALL       __OS_Task_Create
;main.c,46 :: 		OS_Task_Create(0, Task_BUTTON0);
0x0B5E	0x0100      	MOVLB       0
0x0B60	0x6B84      	CLRF        FARG__OS_Task_Create_priority, 1
0x0B62	0x0E90      	MOVLW       _Task_BUTTON0
0x0B64	0x6F85      	MOVWF       FARG__OS_Task_Create_TaskAddr, 1
0x0B66	0x0E08      	MOVLW       hi_addr(_Task_BUTTON0)
0x0B68	0x6F86      	MOVWF       FARG__OS_Task_Create_TaskAddr+1, 1
0x0B6A	0x0E00      	MOVLW       0
0x0B6C	0x6F87      	MOVWF       FARG__OS_Task_Create_TaskAddr+2, 1
0x0B6E	0x0E00      	MOVLW       0
0x0B70	0x6F88      	MOVWF       FARG__OS_Task_Create_TaskAddr+3, 1
0x0B72	0xDF90      	RCALL       __OS_Task_Create
;main.c,47 :: 		OS_Task_Create(0, Task_BUTTON1);
0x0B74	0x0100      	MOVLB       0
0x0B76	0x6B84      	CLRF        FARG__OS_Task_Create_priority, 1
0x0B78	0x0EC0      	MOVLW       _Task_BUTTON1
0x0B7A	0x6F85      	MOVWF       FARG__OS_Task_Create_TaskAddr, 1
0x0B7C	0x0E09      	MOVLW       hi_addr(_Task_BUTTON1)
0x0B7E	0x6F86      	MOVWF       FARG__OS_Task_Create_TaskAddr+1, 1
0x0B80	0x0E00      	MOVLW       0
0x0B82	0x6F87      	MOVWF       FARG__OS_Task_Create_TaskAddr+2, 1
0x0B84	0x0E00      	MOVLW       0
0x0B86	0x6F88      	MOVWF       FARG__OS_Task_Create_TaskAddr+3, 1
0x0B88	0xDF85      	RCALL       __OS_Task_Create
;main.c,49 :: 		OS_Queue_Create(queue, buffer, 10);
0x0B8A	0xF001EC97  	CALL        __OS_DI_INT, 0
0x0B8E	0x0E0A      	MOVLW       10
0x0B90	0x6E53      	MOVWF       _queue 
0x0B92	0x6A55      	CLRF        _queue+2 
0x0B94	0x6A54      	CLRF        _queue+1 
0x0B96	0x0E59      	MOVLW       _buffer
0x0B98	0x6E56      	MOVWF       _queue+3 
0x0B9A	0x0E00      	MOVLW       hi_addr(_buffer)
0x0B9C	0x6E57      	MOVWF       _queue+4 
0x0B9E	0xF001EC67  	CALL        __OS_RI_INT, 0
;main.c,51 :: 		Contador = (EEPROM_Read(0x01) << 8) | (EEPROM_Read(0x00));
0x0BA2	0x0E01      	MOVLW       1
0x0BA4	0x6F84      	MOVWF       FARG_EEPROM_Read_address, 1
0x0BA6	0xDF04      	RCALL       _EEPROM_Read
0x0BA8	0xF083C000  	MOVFF       R0, FLOC__main+1
0x0BAC	0x6B82      	CLRF        FLOC__main, 1
0x0BAE	0x6B84      	CLRF        FARG_EEPROM_Read_address, 1
0x0BB0	0xDEFF      	RCALL       _EEPROM_Read
0x0BB2	0x5000      	MOVF        R0, 0 
0x0BB4	0x1182      	IORWF       FLOC__main, 0, 1
0x0BB6	0x6E23      	MOVWF       _Contador 
0x0BB8	0xF024C083  	MOVFF       FLOC__main+1, _Contador+1
0x0BBC	0x0E00      	MOVLW       0
0x0BBE	0x1224      	IORWF       _Contador+1, 1 
;main.c,52 :: 		if(Contador > 9999) Contador = 0;
0x0BC0	0x5024      	MOVF        _Contador+1, 0 
0x0BC2	0x0827      	SUBLW       39
0x0BC4	0xE102      	BNZ         L__main85
0x0BC6	0x5023      	MOVF        _Contador, 0 
0x0BC8	0x080F      	SUBLW       15
L__main85:
0x0BCA	0xE202      	BC          L_main10
0x0BCC	0x6A23      	CLRF        _Contador 
0x0BCE	0x6A24      	CLRF        _Contador+1 
L_main10:
;main.c,53 :: 		DispMsg(Contador, FALSE);  //Envia a Msg sem gravar na EEPROM
0x0BD0	0xF089C023  	MOVFF       _Contador, FARG_DispMsg_Contador
0x0BD4	0xF08AC024  	MOVFF       _Contador+1, FARG_DispMsg_Contador+1
0x0BD8	0x6B8B      	CLRF        FARG_DispMsg_Enable, 1
0x0BDA	0xDCA3      	RCALL       _DispMsg
;main.c,55 :: 		OS_EI();
0x0BDC	0x8EF2      	BSF         GIE_bit, BitPos(GIE_bit+0) 
0x0BDE	0xBED0      	BTFSC       IPEN_bit, BitPos(IPEN_bit+0) 
0x0BE0	0x8CF2      	BSF         GIEL_bit, BitPos(GIEL_bit+0) 
L_main11:
;main.c,57 :: 		OS_Run();
L_main12:
0x0BE2	0x9858      	BCF         __OS_Flags, 4 
0x0BE4	0x8658      	BSF         __OS_Flags, 3 
0x0BE6	0x0E08      	MOVLW       8
0x0BE8	0x6E2A      	MOVWF       __OS_Best_Priority 
0x0BEA	0xA458      	BTFSS       __OS_Flags, 2 
0x0BEC	0xD001      	BRA         L_main15
0x0BEE	0xD019      	BRA         ___main__OS_SCHED_CHECK_READY
L_main15:
0x0BF0	0xF028C02B  	MOVFF       __OS_LastTask, __OS_CurTask
0x0BF4	0xF029C02C  	MOVFF       __OS_LastTask+1, __OS_CurTask+1
L_main16:
0x0BF8	0x0E00      	MOVLW       hi_addr(__OS_Tasks+27)
0x0BFA	0x5C29      	SUBWF       __OS_CurTask+1, 0 
0x0BFC	0xE102      	BNZ         L__main86
0x0BFE	0x0E49      	MOVLW       __OS_Tasks+27
0x0C00	0x5C28      	SUBWF       __OS_CurTask, 0 
L__main86:
0x0C02	0xE305      	BNC         L_main19
0x0C04	0x0E2E      	MOVLW       __OS_Tasks
0x0C06	0x6E28      	MOVWF       __OS_CurTask 
0x0C08	0x0E00      	MOVLW       hi_addr(__OS_Tasks)
0x0C0A	0x6E29      	MOVWF       __OS_CurTask+1 
0x0C0C	0xD00A      	BRA         L_main20
L_main19:
0x0C0E	0x0E09      	MOVLW       9
0x0C10	0x2428      	ADDWF       __OS_CurTask, 0 
0x0C12	0x6E00      	MOVWF       R0 
0x0C14	0x0E00      	MOVLW       0
0x0C16	0x2029      	ADDWFC      __OS_CurTask+1, 0 
0x0C18	0x6E01      	MOVWF       R1 
0x0C1A	0xF028C000  	MOVFF       R0, __OS_CurTask
0x0C1E	0xF029C001  	MOVFF       R1, __OS_CurTask+1
L_main20:
___main__OS_SCHED_CHECK_READY:
0x0C22	0xFFE9C028  	MOVFF       __OS_CurTask, FSR0L
0x0C26	0xFFEAC029  	MOVFF       __OS_CurTask+1, FSR0H
0x0C2A	0x0E01      	MOVLW       1
0x0C2C	0x6E00      	MOVWF       R0 
0x0C2E	0x0E2D      	MOVLW       __OS_State
0x0C30	0x6EE1      	MOVWF       FSR1L 
0x0C32	0x0E00      	MOVLW       hi_addr(__OS_State)
0x0C34	0x6EE2      	MOVWF       FSR1H 
L_main21:
0x0C36	0xFFE6CFEE  	MOVFF       POSTINC0, POSTINC1
0x0C3A	0x0600      	DECF        R0, 1 
0x0C3C	0xE1FC      	BNZ         L_main21
0x0C3E	0xAC2D      	BTFSS       __OS_State, 6 
0x0C40	0xD003      	BRA         L__main81
0x0C42	0xBE2D      	BTFSC       __OS_State, 7 
0x0C44	0xD001      	BRA         L__main81
0x0C46	0xD001      	BRA         L_main24
L__main81:
0x0C48	0xD02F      	BRA         ___main__OS_SCHED_CONTINUE
L_main24:
0x0C4A	0xF000C02D  	MOVFF       __OS_State, R0
0x0C4E	0x0E07      	MOVLW       7
0x0C50	0x1600      	ANDWF       R0, 1 
0x0C52	0xF052C000  	MOVFF       R0, __OS_Temp
0x0C56	0x502A      	MOVF        __OS_Best_Priority, 0 
0x0C58	0x5C52      	SUBWF       __OS_Temp, 0 
0x0C5A	0xE301      	BNC         L_main25
0x0C5C	0xD025      	BRA         ___main__OS_SCHED_CONTINUE
L_main25:
0x0C5E	0xB62D      	BTFSC       __OS_State, 3 
0x0C60	0xD00D      	BRA         L_main26
___main__OS_SCHED_RUN:
0x0C62	0xDE8F      	RCALL       __OS_JumpToTask
0x0C64	0xF000ECFB  	CALL        __OS_SET_FSR_CUR_TASK, 0
0x0C68	0x0ED7      	MOVLW       215
0x0C6A	0x16EF      	ANDWF       __indf, 1 
0x0C6C	0x0E28      	MOVLW       40
0x0C6E	0x142D      	ANDWF       __OS_State, 0 
0x0C70	0x6E00      	MOVWF       R0 
0x0C72	0x5000      	MOVF        R0, 0 
0x0C74	0x12EF      	IORWF       __indf, 1 
0x0C76	0xB658      	BTFSC       __OS_Flags, 3 
0x0C78	0xD001      	BRA         L_main27
0x0C7A	0xD03D      	BRA         ___main_SCHED_END
L_main27:
L_main26:
0x0C7C	0xA82D      	BTFSS       __OS_State, 4 
0x0C7E	0xD003      	BRA         L_main30
0x0C80	0xBA2D      	BTFSC       __OS_State, 5 
0x0C82	0xD001      	BRA         L_main30
L__main80:
0x0C84	0xD011      	BRA         ___main__OS_SCHED_CONTINUE
L_main30:
0x0C86	0xA62D      	BTFSS       __OS_State, 3 
0x0C88	0xD00F      	BRA         L_main31
0x0C8A	0x8858      	BSF         __OS_Flags, 4 
0x0C8C	0xF06DC028  	MOVFF       __OS_CurTask, __OS_BestTask
0x0C90	0xF06EC029  	MOVFF       __OS_CurTask+1, __OS_BestTask+1
0x0C94	0xF000C02D  	MOVFF       __OS_State, R0
0x0C98	0x0E07      	MOVLW       7
0x0C9A	0x1600      	ANDWF       R0, 1 
0x0C9C	0xF02AC000  	MOVFF       R0, __OS_Best_Priority
0x0CA0	0x502A      	MOVF        __OS_Best_Priority, 0 
0x0CA2	0x0A00      	XORLW       0
0x0CA4	0xE101      	BNZ         L_main32
0x0CA6	0xD009      	BRA         L_main17
L_main32:
L_main31:
___main__OS_SCHED_CONTINUE:
0x0CA8	0xB458      	BTFSC       __OS_Flags, 2 
0x0CAA	0xD007      	BRA         L__main79
0x0CAC	0x5029      	MOVF        __OS_CurTask+1, 0 
0x0CAE	0x182C      	XORWF       __OS_LastTask+1, 0 
0x0CB0	0xE102      	BNZ         L__main87
0x0CB2	0x502B      	MOVF        __OS_LastTask, 0 
0x0CB4	0x1828      	XORWF       __OS_CurTask, 0 
L__main87:
0x0CB6	0xE001      	BZ          L__main79
0x0CB8	0xD79F      	BRA         L_main16
L__main79:
L_main17:
0x0CBA	0xA858      	BTFSS       __OS_Flags, 4 
0x0CBC	0xD01C      	BRA         L_main35
0x0CBE	0x9658      	BCF         __OS_Flags, 3 
0x0CC0	0xF028C06D  	MOVFF       __OS_BestTask, __OS_CurTask
0x0CC4	0xF029C06E  	MOVFF       __OS_BestTask+1, __OS_CurTask+1
0x0CC8	0xF02BC028  	MOVFF       __OS_CurTask, __OS_LastTask
0x0CCC	0xF02CC029  	MOVFF       __OS_CurTask+1, __OS_LastTask+1
0x0CD0	0xFFE9C028  	MOVFF       __OS_CurTask, FSR0L
0x0CD4	0xFFEAC029  	MOVFF       __OS_CurTask+1, FSR0H
0x0CD8	0x0E01      	MOVLW       1
0x0CDA	0x6E00      	MOVWF       R0 
0x0CDC	0x0E2D      	MOVLW       __OS_State
0x0CDE	0x6EE1      	MOVWF       FSR1L 
0x0CE0	0x0E00      	MOVLW       hi_addr(__OS_State)
0x0CE2	0x6EE2      	MOVWF       FSR1H 
L_main36:
0x0CE4	0xFFE6CFEE  	MOVFF       POSTINC0, POSTINC1
0x0CE8	0x0600      	DECF        R0, 1 
0x0CEA	0xE1FC      	BNZ         L_main36
0x0CEC	0xAC2D      	BTFSS       __OS_State, 6 
0x0CEE	0xD003      	BRA         L_main39
0x0CF0	0xBE2D      	BTFSC       __OS_State, 7 
0x0CF2	0xD001      	BRA         L_main39
L__main78:
0x0CF4	0xD7B6      	BRA         ___main__OS_SCHED_RUN
L_main39:
L_main35:
___main_SCHED_END:
0x0CF6	0xD775      	BRA         L_main12
;main.c,59 :: 		}
L_end_main:
0x0CF8	0xD7FF      	BRA         $+0
; end of _main
;main.c,184 :: DispMsg_Mat_Const_Disp_L0
0x0CFA	0x063F ;DispMsg_Mat_Const_Disp_L0+0
0x0CFC	0x4F5B ;DispMsg_Mat_Const_Disp_L0+2
0x0CFE	0x6D66 ;DispMsg_Mat_Const_Disp_L0+4
0x0D00	0x077D ;DispMsg_Mat_Const_Disp_L0+6
0x0D02	0x6F7F ;DispMsg_Mat_Const_Disp_L0+8
; end of DispMsg_Mat_Const_Disp_L0
Symbol List:
//** Routines locations **
//ADDRESS    SIZE    PROCEDURE
//----------------------------------------------
0x0008     [494]    _INTERRUPT_HIGH
0x01F6      [10]    __OS_SET_FSR_CUR_TASK
0x0200      [20]    _OS_RI
0x0214      [30]    __OS_ClrReadySetClrCanContinue
0x0232      [62]    _EEPROM_Write
0x0270      [18]    _OS_DI
0x0282       [6]    __OS_EnterWaitMode
0x0288      [44]    __OS_CheckEvent
0x02B4      [26]    _OS_EnterCriticalSection
0x02CE      [20]    __OS_RI_INT
0x02E2      [22]    _OS_LeaveCriticalSection
0x02F8      [54]    _Div_16X16_U
0x032E      [16]    __OS_DI_INT
0x033E      [32]    _WriteEEPROM
0x035E     [242]    __OS_Queue_Send
0x0450      [22]    _Delay_5500us
0x0466       [6]    _Delay_1us
0x046C      [10]    _Delay_50us
0x0476     [152]    _Lcd_Init
0x050E      [20]    __OS_ReturnSave
0x0522     [244]    _DispMsg
0x0616     [126]    _Lcd_Cmd
0x0694     [166]    __OS_InitDelay
0x073A     [144]    __OS_Queue_Get
0x07CA      [16]    ___CC2DW
0x07DA     [182]    _Task_DISP7
0x0890     [162]    _Task_BUTTON0
0x0932      [80]    _Mul_16X16_U
0x0982      [24]    __OS_JumpToTask
0x099A      [22]    _TickTimerIE
0x09B0      [16]    _EEPROM_Read
0x09C0     [166]    _Task_BUTTON1
0x0A66      [16]    _InitLCD
0x0A76      [30]    _InitMCU
0x0A94     [134]    __OS_Task_Create
0x0B1A      [28]    _OS_Init
0x0B36     [452]    _main
//** Variables locations ** 
//ADDRESS    SIZE    VARIABLE
//----------------------------------------------
0x0000       [1]    R0
0x0000       [1]    UART1_Init_tmp_L0
0x0000       [1]    EEPROM_Write_SaveINTCON_L0
0x0000       [1]    UART2_Init_tmp_L0
0x0001       [1]    OS_DI_temp_L0
0x0001       [1]    R1
0x0001       [1]    UART2_Read___tmp_UART2_Read_L0
0x0001       [2]    _OS_Task_Create_Task_L0
0x0001       [1]    UART1_Read___tmp_UART1_Read_L0
0x0002       [1]    R2
0x0002       [2]    memchr_s_L0
0x0002       [2]    strlen_cp_L0
0x0002       [3]    _OS_Squeue_Get_q_L0
0x0002       [3]    _OS_Squeue_Get_I_q_L0
0x0002       [2]    memset_pp_L0
0x0002       [2]    memcpy_dd_L0
0x0003       [1]    _OS_Stimer_GetFree_n_L0
0x0003       [2]    Ltrim_original_L0
0x0003       [2]    memmove_tt_L0
0x0003       [1]    R3
0x0004       [2]    strncpy_cp_L0
0x0004       [3]    _OS_Queue_Send_I_q_L0
0x0004       [3]    _OS_Squeue_Send_q_L0
0x0004       [2]    memcpy_ss_L0
0x0004       [2]    strncat_cp_L0
0x0004       [3]    _OS_Queue_Send_q_L0
0x0004       [1]    _OS_Stimer_GetFree_i_L0
0x0004       [2]    strcpy_cp_L0
0x0004       [1]    R4
0x0004       [3]    _OS_Squeue_Send_I_q_L0
0x0004       [2]    strcat_cp_L0
0x0005       [1]    _OS_Squeue_Get_temp_L0
0x0005       [1]    _OS_Squeue_Get_I_temp_L0
0x0005       [3]    _OS_Queue_Get_q_L0
0x0005       [1]    _OS_Stimer_GetFree_temp_L0
0x0005       [2]    LongIntToHex_input_half_L0
0x0005       [2]    LongWordToHex_input_half_L0
0x0005       [3]    _OS_Queue_Get_I_q_L0
0x0005       [2]    Ltrim_p_L0
0x0005       [2]    memmove_ff_L0
0x0005       [1]    R5
0x0006       [1]    _OS_Stimer_GetFree_mask_L0
0x0006       [1]    R6
0x0007       [2]    _OS_Queue_Send_I_temp_L0
0x0007       [2]    _OS_Squeue_Send_temp_L0
0x0007       [2]    _OS_Queue_Send_temp_L0
0x0007       [2]    _OS_Squeue_Send_I_temp_L0
0x0007       [1]    R7
0x0008       [1]    _OS_Queue_Get_temp_L0
0x0008       [1]    R8
0x0008       [1]    _OS_Queue_Get_I_temp_L0
0x0009       [1]    R9
0x000A       [1]    R10
0x000B       [1]    R11
0x000C       [1]    R12
0x000D       [1]    R13
0x000E       [1]    R14
0x000F       [1]    R15
0x0010       [1]    R16
0x0011       [1]    R17
0x0012       [1]    R18
0x0013       [1]    R19
0x0014       [1]    R20
0x0023       [2]    _Contador
0x0025       [1]    Task_DISP7__maq_estado_L0
0x0026       [2]    DispMsg_VarAux_L0
0x0028       [2]    __OS_CurTask
0x002A       [1]    __OS_Best_Priority
0x002B       [2]    __OS_LastTask
0x002D       [1]    __OS_State
0x002E      [36]    __OS_Tasks
0x0052       [1]    __OS_Temp
0x0053       [5]    _queue
0x0058       [1]    __OS_Flags
0x0059      [20]    _buffer
0x006D       [2]    __OS_BestTask
0x006F       [2]    Task_DISP7_Mat_Mostra_Disp_L0
0x0071       [1]    DispMsg__i_L0
0x0072       [4]    DispMsg_buf_L0
0x0076       [1]    __OS_Bsems
0x0077       [1]    __OS_StimersFree
0x0078       [1]    __OS_Temp_I
0x0079       [8]    __OS_Stimers
0x0081       [0]    __Lib_Lcd_cmd_status
0x0082       [2]    FLOC__main
0x0084       [1]    FARG__OS_Task_Create_priority
0x0084       [1]    FARG_EEPROM_Read_address
0x0085       [4]    FARG__OS_Task_Create_TaskAddr
0x0089       [1]    FARG_Lcd_Cmd_out_char
0x0089       [2]    FARG__OS_Queue_Get_pQueue
0x0089       [4]    FARG__OS_InitDelay_Delay
0x0089       [2]    FARG_DispMsg_Contador
0x008B       [1]    FARG_DispMsg_Enable
0x008C       [2]    FLOC__DispMsg
0x008E       [2]    FARG__OS_Queue_Send_pQueue
0x008E       [1]    FARG__OS_CheckEvent_bEvent
0x008E       [1]    OS_LeaveCriticalSection_temp_L0
0x008E       [2]    FARG_WriteEEPROM_Contador
0x008E       [1]    OS_EnterCriticalSection_temp_L0
0x0090       [2]    WriteEEPROM_ValWR_L0
0x0090       [2]    FARG__OS_Queue_Send_Msg
0x0092       [1]    FARG_OS_RI_temp
0x0092       [1]    FARG_EEPROM_Write_address
0x0093       [1]    FARG_EEPROM_Write_data_
0x0094       [1]    INTERRUPT_HIGH__os_i_L3
0x0095       [1]    INTERRUPT_HIGH__os_i_L3_L3
0x0F38       [1]    ANSELA
0x0F39       [1]    ANSELB
0x0F3A       [1]    ANSELC
0x0F3B       [1]    ANSELD
0x0F3C       [1]    ANSELE
0x0F80       [1]    PORTA
0x0F81       [0]    RB5_bit
0x0F81       [0]    RB0_bit
0x0F81       [0]    RB2_bit
0x0F81       [0]    RB1_bit
0x0F81       [0]    LCD_D4
0x0F81       [0]    LCD_D5
0x0F81       [0]    LCD_RS
0x0F81       [0]    LCD_EN
0x0F81       [0]    RB4_bit
0x0F81       [0]    RB3_bit
0x0F81       [0]    LCD_D6
0x0F81       [0]    LCD_D7
0x0F83       [1]    PORTD
0x0F84       [1]    PORTE
0x0F92       [1]    TRISA
0x0F93       [0]    LCD_EN_Direction
0x0F93       [0]    LCD_D4_Direction
0x0F93       [0]    LCD_D7_Direction
0x0F93       [0]    LCD_D6_Direction
0x0F93       [0]    LCD_D5_Direction
0x0F93       [0]    LCD_RS_Direction
0x0F93       [0]    TRISB0_bit
0x0F93       [0]    TRISB4_bit
0x0F93       [0]    TRISB5_bit
0x0F93       [0]    TRISB1_bit
0x0F93       [0]    TRISB2_bit
0x0F93       [0]    TRISB3_bit
0x0F95       [1]    TRISD
0x0F96       [1]    TRISE
0x0F9D       [0]    TMR2IE_bit
0x0F9E       [0]    TMR2IF_bit
0x0F9F       [0]    TMR2IP_bit
0x0FA1       [1]    PIR2
0x0FA6       [1]    EECON1
0x0FA7       [1]    EECON2
0x0FA8       [1]    EEDATA
0x0FA9       [1]    EEADR
0x0FBA       [1]    T2CON
0x0FBB       [1]    PR2
0x0FD0       [1]    RCON
0x0FD0       [0]    IPEN_bit
0x0FD8       [1]    STATUS
0x0FD9       [1]    FSR2L
0x0FDA       [1]    FSR2H
0x0FDE       [1]    POSTINC2
0x0FE0       [1]    BSR
0x0FE1       [1]    FSR1L
0x0FE2       [1]    FSR1H
0x0FE4       [1]    PREINC1
0x0FE6       [1]    POSTINC1
0x0FE7       [1]    INDF1
0x0FE8       [1]    WREG
0x0FE9       [1]    FSR0L
0x0FE9       [2]    __fsr
0x0FEA       [1]    FSR0H
0x0FEC       [1]    __preinc
0x0FEE       [1]    __postinc
0x0FEE       [1]    POSTINC0
0x0FEF       [1]    __indf
0x0FF2       [1]    __intcon
0x0FF2       [0]    GIEL_bit
0x0FF2       [0]    GIE_bit
0x0FF2       [1]    INTCON
0x0FF3       [1]    PRODL
0x0FF4       [1]    PRODH
0x0FF5       [1]    TABLAT
0x0FF6       [1]    TBLPTRL
0x0FF7       [1]    TBLPTRH
0x0FF8       [1]    TBLPTRU
0x0FFD       [1]    __tosl
0x0FFE       [1]    __tosh
0x0FFF       [1]    __tosu
//** Constants locations ** 
//ADDRESS    SIZE    CONSTANT
//----------------------------------------------
0x0CFA      [10]    DispMsg_Mat_Const_Disp_L0
