;  LST file generated by mikroListExporter - v.2.0 
; Date/Time: 25/03/2019 10:14:21
;----------------------------------------------

;Address Opcode 	ASM
0x0000	0xF001EFBD  	GOTO        890
_INTERRUPT_HIGH:
;main.c,27 :: 		void INTERRUPT_HIGH() iv 0x0008 ics ICS_AUTO {
0x0008	0xF01AC000  	MOVFF       R0, 26
0x000C	0xF019C001  	MOVFF       R1, 25
0x0010	0xF018C002  	MOVFF       R2, 24
0x0014	0xF017C003  	MOVFF       R3, 23
0x0018	0xF016C004  	MOVFF       R4, 22
0x001C	0xF015C005  	MOVFF       R5, 21
;main.c,28 :: 		if (TMR2IF_bit)
0x0020	0xF01DCFE1  	MOVFF       FSR1L, 29
0x0024	0xF01ECFE2  	MOVFF       FSR1H, 30
0x0028	0xF01BCFE9  	MOVFF       FSR0L, 27
0x002C	0xF01CCFEA  	MOVFF       FSR0H, 28
0x0030	0xA29E      	BTFSS       TMR2IF_bit, BitPos(TMR2IF_bit+0) 
0x0032	0xD06A      	BRA         L_INTERRUPT_HIGH0
;main.c,30 :: 		TMR2IF_bit = 0;
0x0034	0x929E      	BCF         TMR2IF_bit, BitPos(TMR2IF_bit+0) 
;main.c,31 :: 		OS_Timer();
0x0036	0x6A56      	CLRF        INTERRUPT_HIGH__os_i_L3 
L_INTERRUPT_HIGH1:
0x0038	0x0E04      	MOVLW       4
0x003A	0x5C56      	SUBWF       INTERRUPT_HIGH__os_i_L3, 0 
0x003C	0xE265      	BC          L_INTERRUPT_HIGH2
0x003E	0x0E09      	MOVLW       9
0x0040	0x6E00      	MOVWF       R0 
0x0042	0x0E00      	MOVLW       0
0x0044	0x6E01      	MOVWF       R1 
0x0046	0xF004C056  	MOVFF       INTERRUPT_HIGH__os_i_L3, R4
0x004A	0x0E00      	MOVLW       0
0x004C	0x6E05      	MOVWF       R5 
0x004E	0xD8E4      	RCALL       _Mul_16X16_U
0x0050	0x0E1F      	MOVLW       __OS_Tasks
0x0052	0x2400      	ADDWF       R0, 0 
0x0054	0x6EE9      	MOVWF       FSR0L 
0x0056	0x0E00      	MOVLW       hi_addr(__OS_Tasks)
0x0058	0x2001      	ADDWFC      R1, 0 
0x005A	0x6EEA      	MOVWF       FSR0H 
0x005C	0xF000CFEE  	MOVFF       POSTINC0, R0
0x0060	0xA800      	BTFSS       R0, 4 
0x0062	0xD050      	BRA         L_INTERRUPT_HIGH4
0x0064	0x0E09      	MOVLW       9
0x0066	0x6E00      	MOVWF       R0 
0x0068	0x0E00      	MOVLW       0
0x006A	0x6E01      	MOVWF       R1 
0x006C	0xF004C056  	MOVFF       INTERRUPT_HIGH__os_i_L3, R4
0x0070	0x0E00      	MOVLW       0
0x0072	0x6E05      	MOVWF       R5 
0x0074	0xD8D1      	RCALL       _Mul_16X16_U
0x0076	0x0E1F      	MOVLW       __OS_Tasks
0x0078	0x2600      	ADDWF       R0, 1 
0x007A	0x0E00      	MOVLW       hi_addr(__OS_Tasks)
0x007C	0x2201      	ADDWFC      R1, 1 
0x007E	0x0E05      	MOVLW       5
0x0080	0x2400      	ADDWF       R0, 0 
0x0082	0x6E04      	MOVWF       R4 
0x0084	0x0E00      	MOVLW       0
0x0086	0x2001      	ADDWFC      R1, 0 
0x0088	0x6E05      	MOVWF       R5 
0x008A	0xFFE9C004  	MOVFF       R4, FSR0L
0x008E	0xFFEAC005  	MOVFF       R5, FSR0H
0x0092	0x0E01      	MOVLW       1
0x0094	0x24EE      	ADDWF       POSTINC0, 0 
0x0096	0x6E00      	MOVWF       R0 
0x0098	0x0E00      	MOVLW       0
0x009A	0x20EE      	ADDWFC      POSTINC0, 0 
0x009C	0x6E01      	MOVWF       R1 
0x009E	0x0E00      	MOVLW       0
0x00A0	0x20EE      	ADDWFC      POSTINC0, 0 
0x00A2	0x6E02      	MOVWF       R2 
0x00A4	0x0E00      	MOVLW       0
0x00A6	0x20EE      	ADDWFC      POSTINC0, 0 
0x00A8	0x6E03      	MOVWF       R3 
0x00AA	0xFFE1C004  	MOVFF       R4, FSR1L
0x00AE	0xFFE2C005  	MOVFF       R5, FSR1H
0x00B2	0xFFE6C000  	MOVFF       R0, POSTINC1
0x00B6	0xFFE6C001  	MOVFF       R1, POSTINC1
0x00BA	0xFFE6C002  	MOVFF       R2, POSTINC1
0x00BE	0xFFE6C003  	MOVFF       R3, POSTINC1
0x00C2	0xFFE9C004  	MOVFF       R4, FSR0L
0x00C6	0xFFEAC005  	MOVFF       R5, FSR0H
0x00CA	0xF000CFEE  	MOVFF       POSTINC0, R0
0x00CE	0xF001CFEE  	MOVFF       POSTINC0, R1
0x00D2	0xF002CFEE  	MOVFF       POSTINC0, R2
0x00D6	0xF003CFEE  	MOVFF       POSTINC0, R3
0x00DA	0x5000      	MOVF        R0, 0 
0x00DC	0x1001      	IORWF       R1, 0 
0x00DE	0x1002      	IORWF       R2, 0 
0x00E0	0x1003      	IORWF       R3, 0 
0x00E2	0xE110      	BNZ         L_INTERRUPT_HIGH5
0x00E4	0x0E09      	MOVLW       9
0x00E6	0x6E00      	MOVWF       R0 
0x00E8	0x0E00      	MOVLW       0
0x00EA	0x6E01      	MOVWF       R1 
0x00EC	0xF004C056  	MOVFF       INTERRUPT_HIGH__os_i_L3, R4
0x00F0	0x0E00      	MOVLW       0
0x00F2	0x6E05      	MOVWF       R5 
0x00F4	0xD891      	RCALL       _Mul_16X16_U
0x00F6	0x0E1F      	MOVLW       __OS_Tasks
0x00F8	0x2400      	ADDWF       R0, 0 
0x00FA	0x6EE1      	MOVWF       FSR1L 
0x00FC	0x0E00      	MOVLW       hi_addr(__OS_Tasks)
0x00FE	0x2001      	ADDWFC      R1, 0 
0x0100	0x6EE2      	MOVWF       FSR1H 
0x0102	0x98E6      	BCF         POSTINC1, 4 
L_INTERRUPT_HIGH5:
L_INTERRUPT_HIGH4:
0x0104	0x2A56      	INCF        INTERRUPT_HIGH__os_i_L3, 1 
0x0106	0xD798      	BRA         L_INTERRUPT_HIGH1
L_INTERRUPT_HIGH2:
;main.c,32 :: 		}
L_INTERRUPT_HIGH0:
;main.c,33 :: 		}
L_end_INTERRUPT_HIGH:
L__INTERRUPT_HIGH48:
0x0108	0xF000C01A  	MOVFF       26, R0
0x010C	0xF001C019  	MOVFF       25, R1
0x0110	0xF002C018  	MOVFF       24, R2
0x0114	0xF003C017  	MOVFF       23, R3
0x0118	0xF004C016  	MOVFF       22, R4
0x011C	0xF005C015  	MOVFF       21, R5
0x0120	0xFFE9C01B  	MOVFF       27, FSR0L
0x0124	0xFFEAC01C  	MOVFF       28, FSR0H
0x0128	0xFFE1C01D  	MOVFF       29, FSR1L
0x012C	0xFFE2C01E  	MOVFF       30, FSR1H
0x0130	0x0011      	RETFIE      1
; end of _INTERRUPT_HIGH
__OS_SET_FSR_CUR_TASK:
;osa_pic18_mikroc.c,242 :: 		
;osa_pic18_mikroc.c,244 :: 		
0x0132	0xFFE9C049  	MOVFF       __OS_CurTask, FSR0L
0x0136	0xFFEAC04A  	MOVFF       __OS_CurTask+1, FSR0H
;osa_pic18_mikroc.c,245 :: 		
L_end__OS_SET_FSR_CUR_TASK:
0x013A	0x0012      	RETURN      0
; end of __OS_SET_FSR_CUR_TASK
__OS_ReturnSave:
;osa_pic18_mikroc.c,106 :: 		
;osa_pic18_mikroc.c,108 :: 		
0x013C	0xDFFA      	RCALL       __OS_SET_FSR_CUR_TASK
;osa_pic18_mikroc.c,109 :: 		
0x013E	0xFFECCFFD  	MOVFF       TOSL, PREINC0
0x0142	0xFFECCFFE  	MOVFF       TOSH, PREINC0
0x0146	0xFFECCFFF  	MOVFF       TOSU, PREINC0
;osa_pic18_mikroc.c,110 :: 		
0x014A	0x8643      	BSF         __OS_State, 3 
;osa_pic18_mikroc.c,111 :: 		
0x014C	0x0006      	POP
;osa_pic18_mikroc.c,112 :: 		
L_end__OS_ReturnSave:
0x014E	0x0012      	RETURN      0
; end of __OS_ReturnSave
__OS_InitDelay:
;osa_ttimer.c,69 :: 		
;osa_ttimer.c,72 :: 		
0x0150	0x9A43      	BCF         __OS_State, 5 
0x0152	0xFFE1C049  	MOVFF       __OS_CurTask, FSR1L
0x0156	0xFFE2C04A  	MOVFF       __OS_CurTask+1, FSR1H
0x015A	0x98E6      	BCF         POSTINC1, 4 
;osa_ttimer.c,77 :: 		
0x015C	0x5052      	MOVF        FARG__OS_InitDelay_Delay, 0 
0x015E	0x1053      	IORWF       FARG__OS_InitDelay_Delay+1, 0 
0x0160	0x1054      	IORWF       FARG__OS_InitDelay_Delay+2, 0 
0x0162	0x1055      	IORWF       FARG__OS_InitDelay_Delay+3, 0 
0x0164	0xE046      	BZ          L__OS_InitDelay12
;osa_ttimer.c,79 :: 		
0x0166	0x0EFF      	MOVLW       255
0x0168	0x1852      	XORWF       FARG__OS_InitDelay_Delay, 0 
0x016A	0x6E00      	MOVWF       R0 
0x016C	0x0EFF      	MOVLW       255
0x016E	0x1853      	XORWF       FARG__OS_InitDelay_Delay+1, 0 
0x0170	0x6E01      	MOVWF       R1 
0x0172	0x0EFF      	MOVLW       255
0x0174	0x1854      	XORWF       FARG__OS_InitDelay_Delay+2, 0 
0x0176	0x6E02      	MOVWF       R2 
0x0178	0x0EFF      	MOVLW       255
0x017A	0x1855      	XORWF       FARG__OS_InitDelay_Delay+3, 0 
0x017C	0x6E03      	MOVWF       R3 
0x017E	0xF052C000  	MOVFF       R0, FARG__OS_InitDelay_Delay
0x0182	0xF053C001  	MOVFF       R1, FARG__OS_InitDelay_Delay+1
0x0186	0xF054C002  	MOVFF       R2, FARG__OS_InitDelay_Delay+2
0x018A	0xF055C003  	MOVFF       R3, FARG__OS_InitDelay_Delay+3
;osa_ttimer.c,80 :: 		
0x018E	0x0E01      	MOVLW       1
0x0190	0x2400      	ADDWF       R0, 0 
0x0192	0x6E04      	MOVWF       R4 
0x0194	0x0E00      	MOVLW       0
0x0196	0x2001      	ADDWFC      R1, 0 
0x0198	0x6E05      	MOVWF       R5 
0x019A	0x0E00      	MOVLW       0
0x019C	0x2002      	ADDWFC      R2, 0 
0x019E	0x6E06      	MOVWF       R6 
0x01A0	0x0E00      	MOVLW       0
0x01A2	0x2003      	ADDWFC      R3, 0 
0x01A4	0x6E07      	MOVWF       R7 
0x01A6	0xF052C004  	MOVFF       R4, FARG__OS_InitDelay_Delay
0x01AA	0xF053C005  	MOVFF       R5, FARG__OS_InitDelay_Delay+1
0x01AE	0xF054C006  	MOVFF       R6, FARG__OS_InitDelay_Delay+2
0x01B2	0xF055C007  	MOVFF       R7, FARG__OS_InitDelay_Delay+3
;osa_ttimer.c,81 :: 		
0x01B6	0xF000C049  	MOVFF       __OS_CurTask, R0
0x01BA	0xF001C04A  	MOVFF       __OS_CurTask+1, R1
0x01BE	0x0E05      	MOVLW       5
0x01C0	0x2400      	ADDWF       R0, 0 
0x01C2	0x6EE1      	MOVWF       FSR1L 
0x01C4	0x0E00      	MOVLW       0
0x01C6	0x2001      	ADDWFC      R1, 0 
0x01C8	0x6EE2      	MOVWF       FSR1H 
0x01CA	0xFFE6C004  	MOVFF       R4, POSTINC1
0x01CE	0xFFE6C005  	MOVFF       R5, POSTINC1
0x01D2	0xFFE6C006  	MOVFF       R6, POSTINC1
0x01D6	0xFFE6C007  	MOVFF       R7, POSTINC1
;osa_ttimer.c,82 :: 		
0x01DA	0xFFE1C049  	MOVFF       __OS_CurTask, FSR1L
0x01DE	0xFFE2C04A  	MOVFF       __OS_CurTask+1, FSR1H
0x01E2	0x86E6      	BSF         POSTINC1, 3 
0x01E4	0xFFE1C049  	MOVFF       __OS_CurTask, FSR1L
0x01E8	0xFFE2C04A  	MOVFF       __OS_CurTask+1, FSR1H
0x01EC	0x88E6      	BSF         POSTINC1, 4 
;osa_ttimer.c,87 :: 		
0x01EE	0x8843      	BSF         __OS_State, 4 
;osa_ttimer.c,88 :: 		
0x01F0	0x8643      	BSF         __OS_State, 3 
;osa_ttimer.c,90 :: 		
L__OS_InitDelay12:
;osa_ttimer.c,91 :: 		
L_end__OS_InitDelay:
0x01F2	0x0012      	RETURN      0
; end of __OS_InitDelay
___CC2DW:
;__Lib_System.c,21 :: 		
;__Lib_System.c,23 :: 		
_CC2DL_Loop1:
;__Lib_System.c,24 :: 		
0x01F4	0x0009      	TBLRD*+
;__Lib_System.c,25 :: 		
0x01F6	0xFFE6CFF5  	MOVFF       TABLAT, POSTINC1
;__Lib_System.c,26 :: 		
0x01FA	0x0600      	DECF        R0, 1, 0
;__Lib_System.c,27 :: 		
0x01FC	0xE1FB      	BNZ         _CC2DL_Loop1
;__Lib_System.c,28 :: 		
0x01FE	0x0601      	DECF        R1, 1, 0
;__Lib_System.c,29 :: 		
0x0200	0xE1F9      	BNZ         _CC2DL_Loop1
;__Lib_System.c,31 :: 		
L_end___CC2DW:
0x0202	0x0012      	RETURN      0
; end of ___CC2DW
_OS_Init:
;osa_system.c,67 :: 		
;osa_system.c,72 :: 		
0x0204	0x6A47      	CLRF        __OS_Flags 
;osa_system.c,81 :: 		
0x0206	0x0E3A      	MOVLW       __OS_Tasks+27
0x0208	0x6E45      	MOVWF       __OS_LastTask 
0x020A	0x0E00      	MOVLW       hi_addr(__OS_Tasks+27)
0x020C	0x6E46      	MOVWF       __OS_LastTask+1 
;osa_system.c,326 :: 		
0x020E	0x9C1F      	BCF         __OS_Tasks, 6 
;osa_system.c,329 :: 		
0x0210	0x9C28      	BCF         __OS_Tasks+9, 6 
;osa_system.c,333 :: 		
0x0212	0x9C31      	BCF         __OS_Tasks+18, 6 
;osa_system.c,337 :: 		
0x0214	0x9C3A      	BCF         __OS_Tasks+27, 6 
;osa_system.c,394 :: 		
L_end_OS_Init:
0x0216	0x0012      	RETURN      0
; end of _OS_Init
_Mul_16X16_U:
;__Lib_Math.c,440 :: 		
;__Lib_Math.c,447 :: 		
0x0218	0x6A0B      	CLRF        R11, 0
;__Lib_Math.c,448 :: 		
0x021A	0x6A0A      	CLRF        R10, 0
;__Lib_Math.c,449 :: 		
0x021C	0x6A09      	CLRF        R9, 0
;__Lib_Math.c,450 :: 		
0x021E	0x5000      	MOVF        R0, 0, 0
;__Lib_Math.c,451 :: 		
0x0220	0x0204      	MULWF       R4, 0
;__Lib_Math.c,453 :: 		
0x0222	0xF009CFF4  	MOVFF       PRODH, R9
;__Lib_Math.c,454 :: 		
0x0226	0xF008CFF3  	MOVFF       PRODL, R8
;__Lib_Math.c,455 :: 		
0x022A	0x5001      	MOVF        R1, 0, 0
;__Lib_Math.c,456 :: 		
0x022C	0x0205      	MULWF       R5, 0
;__Lib_Math.c,458 :: 		
0x022E	0xF00BCFF4  	MOVFF       PRODH, R11
;__Lib_Math.c,459 :: 		
0x0232	0xF00ACFF3  	MOVFF       PRODL, R10
;__Lib_Math.c,460 :: 		
0x0236	0x5000      	MOVF        R0, 0, 0
;__Lib_Math.c,461 :: 		
0x0238	0x0205      	MULWF       R5, 0
;__Lib_Math.c,463 :: 		
0x023A	0x50F3      	MOVF        PRODL, 0, 0
;__Lib_Math.c,464 :: 		
0x023C	0x2609      	ADDWF       R9, 1, 0
;__Lib_Math.c,465 :: 		
0x023E	0x50F4      	MOVF        PRODH, 0, 0
;__Lib_Math.c,466 :: 		
0x0240	0x220A      	ADDWFC      R10, 1, 0
;__Lib_Math.c,467 :: 		
0x0242	0x6AE8      	CLRF        WREG, 0
;__Lib_Math.c,468 :: 		
0x0244	0x220B      	ADDWFC      R11, 1, 0
;__Lib_Math.c,469 :: 		
0x0246	0x5001      	MOVF        R1, 0, 0
;__Lib_Math.c,470 :: 		
0x0248	0x0204      	MULWF       R4, 0
;__Lib_Math.c,472 :: 		
0x024A	0x50F3      	MOVF        PRODL, 0, 0
;__Lib_Math.c,473 :: 		
0x024C	0x2609      	ADDWF       R9, 1, 0
;__Lib_Math.c,474 :: 		
0x024E	0x50F4      	MOVF        PRODH, 0, 0
;__Lib_Math.c,475 :: 		
0x0250	0x220A      	ADDWFC      R10, 1, 0
;__Lib_Math.c,476 :: 		
0x0252	0x6AE8      	CLRF        WREG, 0
;__Lib_Math.c,477 :: 		
0x0254	0x220B      	ADDWFC      R11, 1, 0
;__Lib_Math.c,479 :: 		
0x0256	0xF000C008  	MOVFF       R8, R0
;__Lib_Math.c,480 :: 		
0x025A	0xF001C009  	MOVFF       R9, R1
;__Lib_Math.c,481 :: 		
0x025E	0xF002C00A  	MOVFF       R10, R2
;__Lib_Math.c,482 :: 		
0x0262	0xF003C00B  	MOVFF       R11, R3
;__Lib_Math.c,485 :: 		
L_end_Mul_16X16_U:
0x0266	0x0012      	RETURN      0
; end of _Mul_16X16_U
_InitMCU:
;main.c,71 :: 		void InitMCU(void)
;main.c,74 :: 		ANSELA = 0;
0x0268	0x010F      	MOVLB       15
0x026A	0x6B38      	CLRF        ANSELA, 1
;main.c,75 :: 		ANSELB = 0;
0x026C	0x6B39      	CLRF        ANSELB, 1
;main.c,76 :: 		ANSELC = 0;
0x026E	0x6B3A      	CLRF        ANSELC, 1
;main.c,77 :: 		ANSELD = 0;
0x0270	0x6B3B      	CLRF        ANSELD, 1
;main.c,78 :: 		ANSELE = 0;
0x0272	0x6B3C      	CLRF        ANSELE, 1
;main.c,83 :: 		TRISD = 0;        //PORTD configurado como Saída
0x0274	0x6A95      	CLRF        TRISD 
;main.c,84 :: 		PORTD = 0;        //LEDs OFF
0x0276	0x6A83      	CLRF        PORTD 
;main.c,86 :: 		}
L_end_InitMCU:
0x0278	0x0012      	RETURN      0
; end of _InitMCU
_Task_LED2:
;main.c,108 :: 		void Task_LED2(void)
;main.c,110 :: 		for(;;)
L_Task_LED240:
;main.c,112 :: 		LATD.RD2 = ~LATD.RD2;
0x027A	0x748C      	BTG         LATD, 2 
;main.c,113 :: 		OS_Delay(300 ms);
0x027C	0x0E2C      	MOVLW       44
0x027E	0x6E52      	MOVWF       FARG__OS_InitDelay_Delay 
0x0280	0x0E01      	MOVLW       1
0x0282	0x6E53      	MOVWF       FARG__OS_InitDelay_Delay+1 
0x0284	0x0E00      	MOVLW       0
0x0286	0x6E54      	MOVWF       FARG__OS_InitDelay_Delay+2 
0x0288	0x6E55      	MOVWF       FARG__OS_InitDelay_Delay+3 
0x028A	0xDF62      	RCALL       __OS_InitDelay
0x028C	0xDF57      	RCALL       __OS_ReturnSave
0x028E	0x0000      	NOP
;main.c,114 :: 		}
0x0290	0xD7F4      	BRA         L_Task_LED240
;main.c,115 :: 		}
L_end_Task_LED2:
0x0292	0x0012      	RETURN      0
; end of _Task_LED2
__OS_Task_Create:
;osa_tasks.c,75 :: 		
;osa_tasks.c,79 :: 		
0x0294	0x9247      	BCF         __OS_Flags, 1 
;osa_tasks.c,88 :: 		
0x0296	0x0E1F      	MOVLW       __OS_Tasks
0x0298	0x6E01      	MOVWF       R1 
0x029A	0x0E00      	MOVLW       hi_addr(__OS_Tasks)
0x029C	0x6E02      	MOVWF       R2 
;osa_tasks.c,89 :: 		
0x029E	0x6A44      	CLRF        __OS_Temp 
;osa_tasks.c,91 :: 		
L__OS_Task_Create13:
;osa_tasks.c,93 :: 		
0x02A0	0xFFE9C001  	MOVFF       R1, FSR0L
0x02A4	0xFFEAC002  	MOVFF       R2, FSR0H
0x02A8	0xF000CFEE  	MOVFF       POSTINC0, R0
0x02AC	0xBC00      	BTFSC       R0, 6 
0x02AE	0xD02A      	BRA         L__OS_Task_Create16
;osa_tasks.c,95 :: 		
0x02B0	0x8C4D      	BSF         FARG__OS_Task_Create_priority, 6 
;osa_tasks.c,96 :: 		
0x02B2	0x864D      	BSF         FARG__OS_Task_Create_priority, 3 
;osa_tasks.c,98 :: 		
0x02B4	0x0E01      	MOVLW       1
0x02B6	0x2401      	ADDWF       R1, 0 
0x02B8	0x6EE1      	MOVWF       FSR1L 
0x02BA	0x0E00      	MOVLW       0
0x02BC	0x2002      	ADDWFC      R2, 0 
0x02BE	0x6EE2      	MOVWF       FSR1H 
0x02C0	0xFFE6C04E  	MOVFF       FARG__OS_Task_Create_TaskAddr, POSTINC1
0x02C4	0xFFE6C04F  	MOVFF       FARG__OS_Task_Create_TaskAddr+1, POSTINC1
0x02C8	0xFFE6C050  	MOVFF       FARG__OS_Task_Create_TaskAddr+2, POSTINC1
0x02CC	0xFFE6C051  	MOVFF       FARG__OS_Task_Create_TaskAddr+3, POSTINC1
;osa_tasks.c,101 :: 		
0x02D0	0x0E05      	MOVLW       5
0x02D2	0x2401      	ADDWF       R1, 0 
0x02D4	0x6EE1      	MOVWF       FSR1L 
0x02D6	0x0E00      	MOVLW       0
0x02D8	0x2002      	ADDWFC      R2, 0 
0x02DA	0x6EE2      	MOVWF       FSR1H 
0x02DC	0x6AE6      	CLRF        POSTINC1 
0x02DE	0x6AE6      	CLRF        POSTINC1 
0x02E0	0x6AE6      	CLRF        POSTINC1 
0x02E2	0x6AE6      	CLRF        POSTINC1 
;osa_tasks.c,108 :: 		
0x02E4	0xFFE1C001  	MOVFF       R1, FSR1L
0x02E8	0xFFE2C002  	MOVFF       R2, FSR1H
0x02EC	0xFFE6C04D  	MOVFF       FARG__OS_Task_Create_priority, POSTINC1
;osa_tasks.c,111 :: 		
0x02F0	0x5002      	MOVF        R2, 0 
0x02F2	0x184A      	XORWF       __OS_CurTask+1, 0 
0x02F4	0xE102      	BNZ         L___OS_Task_Create32
0x02F6	0x5049      	MOVF        __OS_CurTask, 0 
0x02F8	0x1801      	XORWF       R1, 0 
L___OS_Task_Create32:
0x02FA	0xE102      	BNZ         L__OS_Task_Create17
0x02FC	0xF043C04D  	MOVFF       FARG__OS_Task_Create_priority, __OS_State
L__OS_Task_Create17:
;osa_tasks.c,126 :: 		
0x0300	0x9247      	BCF         __OS_Flags, 1 
;osa_tasks.c,128 :: 		
0x0302	0xD009      	BRA         L_end__OS_Task_Create
;osa_tasks.c,130 :: 		
L__OS_Task_Create16:
;osa_tasks.c,132 :: 		
0x0304	0x0E09      	MOVLW       9
0x0306	0x2601      	ADDWF       R1, 1 
0x0308	0x0E00      	MOVLW       0
0x030A	0x2202      	ADDWFC      R2, 1 
;osa_tasks.c,134 :: 		
0x030C	0x2A44      	INCF        __OS_Temp, 1 
0x030E	0x0E04      	MOVLW       4
0x0310	0x5C44      	SUBWF       __OS_Temp, 0 
0x0312	0xE3C6      	BNC         L__OS_Task_Create13
;osa_tasks.c,137 :: 		
0x0314	0x8247      	BSF         __OS_Flags, 1 
;osa_tasks.c,139 :: 		
;osa_tasks.c,140 :: 		
L_end__OS_Task_Create:
0x0316	0x0012      	RETURN      0
; end of __OS_Task_Create
_Task_LED0:
;main.c,90 :: 		void Task_LED0(void)
;main.c,92 :: 		for(;;) //loop infinito
L_Task_LED034:
;main.c,94 :: 		LATD.RD0 = ~LATD.RD0;
0x0318	0x708C      	BTG         LATD, 0 
;main.c,95 :: 		OS_Delay(300 ms);
0x031A	0x0E2C      	MOVLW       44
0x031C	0x6E52      	MOVWF       FARG__OS_InitDelay_Delay 
0x031E	0x0E01      	MOVLW       1
0x0320	0x6E53      	MOVWF       FARG__OS_InitDelay_Delay+1 
0x0322	0x0E00      	MOVLW       0
0x0324	0x6E54      	MOVWF       FARG__OS_InitDelay_Delay+2 
0x0326	0x6E55      	MOVWF       FARG__OS_InitDelay_Delay+3 
0x0328	0xDF13      	RCALL       __OS_InitDelay
0x032A	0xDF08      	RCALL       __OS_ReturnSave
0x032C	0x0000      	NOP
;main.c,96 :: 		}
0x032E	0xD7F4      	BRA         L_Task_LED034
;main.c,97 :: 		}
L_end_Task_LED0:
0x0330	0x0012      	RETURN      0
; end of _Task_LED0
_TickTimerIE:
;main.c,35 :: 		void TickTimerIE(void)
;main.c,38 :: 		T2CON = T2CON_CONST;
0x0332	0x0E4D      	MOVLW       77
0x0334	0x6EBA      	MOVWF       T2CON 
;main.c,39 :: 		PR2 = PR2_CONST;
0x0336	0x0E31      	MOVLW       49
0x0338	0x6EBB      	MOVWF       PR2 
;main.c,41 :: 		INTCON.GIEH = 1;
0x033A	0x8EF2      	BSF         INTCON, 7 
;main.c,42 :: 		INTCON.GIEL = 1;
0x033C	0x8CF2      	BSF         INTCON, 6 
;main.c,43 :: 		RCON.IPEN = 1;
0x033E	0x8ED0      	BSF         RCON, 7 
;main.c,45 :: 		TMR2IE_bit = 1;
0x0340	0x829D      	BSF         TMR2IE_bit, BitPos(TMR2IE_bit+0) 
;main.c,46 :: 		TMR2IP_bit = 1;
0x0342	0x829F      	BSF         TMR2IP_bit, BitPos(TMR2IP_bit+0) 
;main.c,47 :: 		T2CON.TMR2ON = 1;
0x0344	0x84BA      	BSF         T2CON, 2 
;main.c,48 :: 		}
L_end_TickTimerIE:
0x0346	0x0012      	RETURN      0
; end of _TickTimerIE
__OS_JumpToTask:
;osa_pic18_mikroc.c,64 :: 		
;osa_pic18_mikroc.c,66 :: 		
0x0348	0xDEF4      	RCALL       __OS_SET_FSR_CUR_TASK
;osa_pic18_mikroc.c,67 :: 		
0x034A	0xF043CFEE  	MOVFF       POSTINC0, __OS_State
;osa_pic18_mikroc.c,69 :: 		
0x034E	0x0005      	PUSH
;osa_pic18_mikroc.c,70 :: 		
0x0350	0x50EE      	MOVF        POSTINC0, 0, 0
;osa_pic18_mikroc.c,71 :: 		
0x0352	0x6EFD      	MOVWF       TOSL, 0
;osa_pic18_mikroc.c,72 :: 		
0x0354	0x50EE      	MOVF        POSTINC0, 0, 0
;osa_pic18_mikroc.c,73 :: 		
0x0356	0x6EFE      	MOVWF       TOSH, 0
;osa_pic18_mikroc.c,74 :: 		
0x0358	0x50EE      	MOVF        POSTINC0, 0, 0
;osa_pic18_mikroc.c,75 :: 		
0x035A	0x6EFF      	MOVWF       TOSU, 0
;osa_pic18_mikroc.c,76 :: 		
0x035C	0x0012      	RETURN      0
;osa_pic18_mikroc.c,78 :: 		
L_end__OS_JumpToTask:
0x035E	0x0012      	RETURN      0
; end of __OS_JumpToTask
_Task_LED1:
;main.c,99 :: 		void Task_LED1(void)
;main.c,101 :: 		for(;;)
L_Task_LED137:
;main.c,103 :: 		LATD.RD1 = ~LATD.RD1;
0x0360	0x728C      	BTG         LATD, 1 
;main.c,104 :: 		OS_Delay(300 ms);
0x0362	0x0E2C      	MOVLW       44
0x0364	0x6E52      	MOVWF       FARG__OS_InitDelay_Delay 
0x0366	0x0E01      	MOVLW       1
0x0368	0x6E53      	MOVWF       FARG__OS_InitDelay_Delay+1 
0x036A	0x0E00      	MOVLW       0
0x036C	0x6E54      	MOVWF       FARG__OS_InitDelay_Delay+2 
0x036E	0x6E55      	MOVWF       FARG__OS_InitDelay_Delay+3 
0x0370	0xDEEF      	RCALL       __OS_InitDelay
0x0372	0xDEE4      	RCALL       __OS_ReturnSave
0x0374	0x0000      	NOP
;main.c,105 :: 		}
0x0376	0xD7F4      	BRA         L_Task_LED137
;main.c,106 :: 		}
L_end_Task_LED1:
0x0378	0x0012      	RETURN      0
; end of _Task_LED1
_main:
;main.c,50 :: 		void main (void)
;main.c,52 :: 		InitMCU();                         //Inicializa os periféricos do MCU
0x037A	0xDF76      	RCALL       _InitMCU
;main.c,53 :: 		TickTimerIE();                     //Configura e habilita a Interrupção TickTimer
0x037C	0xDFDA      	RCALL       _TickTimerIE
;main.c,55 :: 		OS_Init();                         //Inicializa RTO's
0x037E	0xDF42      	RCALL       _OS_Init
;main.c,58 :: 		OS_Task_Create(0, Task_LED0);      //Cria task LE0 (máxima prioridade)
0x0380	0x6A4D      	CLRF        FARG__OS_Task_Create_priority 
0x0382	0x0E18      	MOVLW       _Task_LED0
0x0384	0x6E4E      	MOVWF       FARG__OS_Task_Create_TaskAddr 
0x0386	0x0E03      	MOVLW       hi_addr(_Task_LED0)
0x0388	0x6E4F      	MOVWF       FARG__OS_Task_Create_TaskAddr+1 
0x038A	0x0E00      	MOVLW       0
0x038C	0x6E50      	MOVWF       FARG__OS_Task_Create_TaskAddr+2 
0x038E	0x0E00      	MOVLW       0
0x0390	0x6E51      	MOVWF       FARG__OS_Task_Create_TaskAddr+3 
0x0392	0xDF80      	RCALL       __OS_Task_Create
;main.c,59 :: 		OS_Task_Create(0, Task_LED1);      //Cria task LE1 (máxima prioridade)
0x0394	0x6A4D      	CLRF        FARG__OS_Task_Create_priority 
0x0396	0x0E60      	MOVLW       _Task_LED1
0x0398	0x6E4E      	MOVWF       FARG__OS_Task_Create_TaskAddr 
0x039A	0x0E03      	MOVLW       hi_addr(_Task_LED1)
0x039C	0x6E4F      	MOVWF       FARG__OS_Task_Create_TaskAddr+1 
0x039E	0x0E00      	MOVLW       0
0x03A0	0x6E50      	MOVWF       FARG__OS_Task_Create_TaskAddr+2 
0x03A2	0x0E00      	MOVLW       0
0x03A4	0x6E51      	MOVWF       FARG__OS_Task_Create_TaskAddr+3 
0x03A6	0xDF76      	RCALL       __OS_Task_Create
;main.c,60 :: 		OS_Task_Create(0, Task_LED2);      //Cria task LE2 (máxima prioridade)
0x03A8	0x6A4D      	CLRF        FARG__OS_Task_Create_priority 
0x03AA	0x0E7A      	MOVLW       _Task_LED2
0x03AC	0x6E4E      	MOVWF       FARG__OS_Task_Create_TaskAddr 
0x03AE	0x0E02      	MOVLW       hi_addr(_Task_LED2)
0x03B0	0x6E4F      	MOVWF       FARG__OS_Task_Create_TaskAddr+1 
0x03B2	0x0E00      	MOVLW       0
0x03B4	0x6E50      	MOVWF       FARG__OS_Task_Create_TaskAddr+2 
0x03B6	0x0E00      	MOVLW       0
0x03B8	0x6E51      	MOVWF       FARG__OS_Task_Create_TaskAddr+3 
0x03BA	0xDF6C      	RCALL       __OS_Task_Create
;main.c,63 :: 		OS_EI();                         // Enable interrupts
0x03BC	0x8EF2      	BSF         GIE_bit, BitPos(GIE_bit+0) 
0x03BE	0xBED0      	BTFSC       IPEN_bit, BitPos(IPEN_bit+0) 
0x03C0	0x8CF2      	BSF         GIEL_bit, BitPos(GIEL_bit+0) 
L_main6:
;main.c,66 :: 		OS_Run();                          //Executa o scheduler
L_main7:
0x03C2	0x9847      	BCF         __OS_Flags, 4 
0x03C4	0x8647      	BSF         __OS_Flags, 3 
0x03C6	0x0E08      	MOVLW       8
0x03C8	0x6E48      	MOVWF       __OS_Best_Priority 
0x03CA	0xF049C045  	MOVFF       __OS_LastTask, __OS_CurTask
0x03CE	0xF04AC046  	MOVFF       __OS_LastTask+1, __OS_CurTask+1
L_main10:
0x03D2	0x0E00      	MOVLW       hi_addr(__OS_Tasks+27)
0x03D4	0x5C4A      	SUBWF       __OS_CurTask+1, 0 
0x03D6	0xE102      	BNZ         L__main51
0x03D8	0x0E3A      	MOVLW       __OS_Tasks+27
0x03DA	0x5C49      	SUBWF       __OS_CurTask, 0 
L__main51:
0x03DC	0xE305      	BNC         L_main13
0x03DE	0x0E1F      	MOVLW       __OS_Tasks
0x03E0	0x6E49      	MOVWF       __OS_CurTask 
0x03E2	0x0E00      	MOVLW       hi_addr(__OS_Tasks)
0x03E4	0x6E4A      	MOVWF       __OS_CurTask+1 
0x03E6	0xD00A      	BRA         L_main14
L_main13:
0x03E8	0x0E09      	MOVLW       9
0x03EA	0x2449      	ADDWF       __OS_CurTask, 0 
0x03EC	0x6E00      	MOVWF       R0 
0x03EE	0x0E00      	MOVLW       0
0x03F0	0x204A      	ADDWFC      __OS_CurTask+1, 0 
0x03F2	0x6E01      	MOVWF       R1 
0x03F4	0xF049C000  	MOVFF       R0, __OS_CurTask
0x03F8	0xF04AC001  	MOVFF       R1, __OS_CurTask+1
L_main14:
0x03FC	0xFFE9C049  	MOVFF       __OS_CurTask, FSR0L
0x0400	0xFFEAC04A  	MOVFF       __OS_CurTask+1, FSR0H
0x0404	0x0E01      	MOVLW       1
0x0406	0x6E00      	MOVWF       R0 
0x0408	0x0E43      	MOVLW       __OS_State
0x040A	0x6EE1      	MOVWF       FSR1L 
0x040C	0x0E00      	MOVLW       hi_addr(__OS_State)
0x040E	0x6EE2      	MOVWF       FSR1H 
L_main15:
0x0410	0xFFE6CFEE  	MOVFF       POSTINC0, POSTINC1
0x0414	0x0600      	DECF        R0, 1 
0x0416	0xE1FC      	BNZ         L_main15
0x0418	0xAC43      	BTFSS       __OS_State, 6 
0x041A	0xD003      	BRA         L__main46
0x041C	0xBE43      	BTFSC       __OS_State, 7 
0x041E	0xD001      	BRA         L__main46
0x0420	0xD001      	BRA         L_main18
L__main46:
0x0422	0xD02E      	BRA         ___main__OS_SCHED_CONTINUE
L_main18:
0x0424	0xF000C043  	MOVFF       __OS_State, R0
0x0428	0x0E07      	MOVLW       7
0x042A	0x1600      	ANDWF       R0, 1 
0x042C	0xF044C000  	MOVFF       R0, __OS_Temp
0x0430	0x5048      	MOVF        __OS_Best_Priority, 0 
0x0432	0x5C44      	SUBWF       __OS_Temp, 0 
0x0434	0xE301      	BNC         L_main19
0x0436	0xD024      	BRA         ___main__OS_SCHED_CONTINUE
L_main19:
0x0438	0xB643      	BTFSC       __OS_State, 3 
0x043A	0xD00C      	BRA         L_main20
___main__OS_SCHED_RUN:
0x043C	0xDF85      	RCALL       __OS_JumpToTask
0x043E	0xDE79      	RCALL       __OS_SET_FSR_CUR_TASK
0x0440	0x0ED7      	MOVLW       215
0x0442	0x16EF      	ANDWF       __indf, 1 
0x0444	0x0E28      	MOVLW       40
0x0446	0x1443      	ANDWF       __OS_State, 0 
0x0448	0x6E00      	MOVWF       R0 
0x044A	0x5000      	MOVF        R0, 0 
0x044C	0x12EF      	IORWF       __indf, 1 
0x044E	0xB647      	BTFSC       __OS_Flags, 3 
0x0450	0xD001      	BRA         L_main21
0x0452	0xD03B      	BRA         ___main_SCHED_END
L_main21:
L_main20:
0x0454	0xA843      	BTFSS       __OS_State, 4 
0x0456	0xD003      	BRA         L_main24
0x0458	0xBA43      	BTFSC       __OS_State, 5 
0x045A	0xD001      	BRA         L_main24
L__main45:
0x045C	0xD011      	BRA         ___main__OS_SCHED_CONTINUE
L_main24:
0x045E	0xA643      	BTFSS       __OS_State, 3 
0x0460	0xD00F      	BRA         L_main25
0x0462	0x8847      	BSF         __OS_Flags, 4 
0x0464	0xF04BC049  	MOVFF       __OS_CurTask, __OS_BestTask
0x0468	0xF04CC04A  	MOVFF       __OS_CurTask+1, __OS_BestTask+1
0x046C	0xF000C043  	MOVFF       __OS_State, R0
0x0470	0x0E07      	MOVLW       7
0x0472	0x1600      	ANDWF       R0, 1 
0x0474	0xF048C000  	MOVFF       R0, __OS_Best_Priority
0x0478	0x5048      	MOVF        __OS_Best_Priority, 0 
0x047A	0x0A00      	XORLW       0
0x047C	0xE101      	BNZ         L_main26
0x047E	0xD007      	BRA         L_main11
L_main26:
L_main25:
___main__OS_SCHED_CONTINUE:
0x0480	0x504A      	MOVF        __OS_CurTask+1, 0 
0x0482	0x1846      	XORWF       __OS_LastTask+1, 0 
0x0484	0xE102      	BNZ         L__main52
0x0486	0x5045      	MOVF        __OS_LastTask, 0 
0x0488	0x1849      	XORWF       __OS_CurTask, 0 
L__main52:
0x048A	0xE001      	BZ          L__main44
0x048C	0xD7A2      	BRA         L_main10
L__main44:
L_main11:
0x048E	0xA847      	BTFSS       __OS_Flags, 4 
0x0490	0xD01C      	BRA         L_main29
0x0492	0x9647      	BCF         __OS_Flags, 3 
0x0494	0xF049C04B  	MOVFF       __OS_BestTask, __OS_CurTask
0x0498	0xF04AC04C  	MOVFF       __OS_BestTask+1, __OS_CurTask+1
0x049C	0xF045C049  	MOVFF       __OS_CurTask, __OS_LastTask
0x04A0	0xF046C04A  	MOVFF       __OS_CurTask+1, __OS_LastTask+1
0x04A4	0xFFE9C049  	MOVFF       __OS_CurTask, FSR0L
0x04A8	0xFFEAC04A  	MOVFF       __OS_CurTask+1, FSR0H
0x04AC	0x0E01      	MOVLW       1
0x04AE	0x6E00      	MOVWF       R0 
0x04B0	0x0E43      	MOVLW       __OS_State
0x04B2	0x6EE1      	MOVWF       FSR1L 
0x04B4	0x0E00      	MOVLW       hi_addr(__OS_State)
0x04B6	0x6EE2      	MOVWF       FSR1H 
L_main30:
0x04B8	0xFFE6CFEE  	MOVFF       POSTINC0, POSTINC1
0x04BC	0x0600      	DECF        R0, 1 
0x04BE	0xE1FC      	BNZ         L_main30
0x04C0	0xAC43      	BTFSS       __OS_State, 6 
0x04C2	0xD003      	BRA         L_main33
0x04C4	0xBE43      	BTFSC       __OS_State, 7 
0x04C6	0xD001      	BRA         L_main33
L__main43:
0x04C8	0xD7B9      	BRA         ___main__OS_SCHED_RUN
L_main33:
L_main29:
___main_SCHED_END:
0x04CA	0xD77B      	BRA         L_main7
;main.c,68 :: 		}
L_end_main:
0x04CC	0xD7FF      	BRA         $+0
; end of _main
Symbol List:
//** Routines locations **
//ADDRESS    SIZE    PROCEDURE
//----------------------------------------------
0x0008     [298]    _INTERRUPT_HIGH
0x0132      [10]    __OS_SET_FSR_CUR_TASK
0x013C      [20]    __OS_ReturnSave
0x0150     [164]    __OS_InitDelay
0x01F4      [16]    ___CC2DW
0x0204      [20]    _OS_Init
0x0218      [80]    _Mul_16X16_U
0x0268      [18]    _InitMCU
0x027A      [26]    _Task_LED2
0x0294     [132]    __OS_Task_Create
0x0318      [26]    _Task_LED0
0x0332      [22]    _TickTimerIE
0x0348      [24]    __OS_JumpToTask
0x0360      [26]    _Task_LED1
0x037A     [340]    _main
//** Variables locations ** 
//ADDRESS    SIZE    VARIABLE
//----------------------------------------------
0x0000       [1]    UART2_Init_tmp_L0
0x0000       [1]    UART1_Init_tmp_L0
0x0000       [1]    EEPROM_Write_SaveINTCON_L0
0x0000       [1]    R0
0x0001       [1]    OS_DI_temp_L0
0x0001       [1]    R1
0x0001       [2]    _OS_Task_Create_Task_L0
0x0001       [1]    UART1_Read___tmp_UART1_Read_L0
0x0001       [1]    UART2_Read___tmp_UART2_Read_L0
0x0002       [1]    R2
0x0002       [2]    strlen_cp_L0
0x0002       [2]    memchr_s_L0
0x0002       [2]    memcpy_dd_L0
0x0002       [2]    memset_pp_L0
0x0003       [1]    R3
0x0003       [2]    Ltrim_original_L0
0x0003       [2]    memmove_tt_L0
0x0004       [2]    strcpy_cp_L0
0x0004       [2]    strcat_cp_L0
0x0004       [2]    strncpy_cp_L0
0x0004       [2]    strncat_cp_L0
0x0004       [1]    R4
0x0004       [2]    memcpy_ss_L0
0x0005       [2]    Ltrim_p_L0
0x0005       [2]    memmove_ff_L0
0x0005       [2]    LongIntToHex_input_half_L0
0x0005       [2]    LongWordToHex_input_half_L0
0x0005       [1]    R5
0x0006       [1]    R6
0x0007       [1]    R7
0x0008       [1]    R8
0x0009       [1]    R9
0x000A       [1]    R10
0x000B       [1]    R11
0x000C       [1]    R12
0x000D       [1]    R13
0x000E       [1]    R14
0x000F       [1]    R15
0x0010       [1]    R16
0x0011       [1]    R17
0x0012       [1]    R18
0x0013       [1]    R19
0x0014       [1]    R20
0x001F      [36]    __OS_Tasks
0x0043       [1]    __OS_State
0x0044       [1]    __OS_Temp
0x0045       [2]    __OS_LastTask
0x0047       [1]    __OS_Flags
0x0048       [1]    __OS_Best_Priority
0x0049       [2]    __OS_CurTask
0x004B       [2]    __OS_BestTask
0x004D       [1]    FARG__OS_Task_Create_priority
0x004E       [4]    FARG__OS_Task_Create_TaskAddr
0x0052       [4]    FARG__OS_InitDelay_Delay
0x0056       [1]    INTERRUPT_HIGH__os_i_L3
0x0F38       [1]    ANSELA
0x0F39       [1]    ANSELB
0x0F3A       [1]    ANSELC
0x0F3B       [1]    ANSELD
0x0F3C       [1]    ANSELE
0x0F83       [1]    PORTD
0x0F8C       [1]    LATD
0x0F95       [1]    TRISD
0x0F9D       [0]    TMR2IE_bit
0x0F9E       [0]    TMR2IF_bit
0x0F9F       [0]    TMR2IP_bit
0x0FBA       [1]    T2CON
0x0FBB       [1]    PR2
0x0FD0       [0]    IPEN_bit
0x0FD0       [1]    RCON
0x0FD8       [1]    STATUS
0x0FD9       [1]    FSR2L
0x0FDA       [1]    FSR2H
0x0FDE       [1]    POSTINC2
0x0FE0       [1]    BSR
0x0FE1       [1]    FSR1L
0x0FE2       [1]    FSR1H
0x0FE4       [1]    PREINC1
0x0FE6       [1]    POSTINC1
0x0FE7       [1]    INDF1
0x0FE8       [1]    WREG
0x0FE9       [2]    __fsr
0x0FE9       [1]    FSR0L
0x0FEA       [1]    FSR0H
0x0FEC       [1]    __preinc
0x0FEE       [1]    __postinc
0x0FEE       [1]    POSTINC0
0x0FEF       [1]    __indf
0x0FF2       [1]    INTCON
0x0FF2       [0]    GIEL_bit
0x0FF2       [0]    GIE_bit
0x0FF3       [1]    PRODL
0x0FF4       [1]    PRODH
0x0FF5       [1]    TABLAT
0x0FF6       [1]    TBLPTRL
0x0FF7       [1]    TBLPTRH
0x0FF8       [1]    TBLPTRU
0x0FFD       [1]    __tosl
0x0FFE       [1]    __tosh
0x0FFF       [1]    __tosu
