;  LST file generated by mikroListExporter - v.2.0 
; Date/Time: 25/03/2019 10:50:14
;----------------------------------------------

;Address Opcode 	ASM
0x0000	0xF003EF75  	GOTO        1770
_INTERRUPT_HIGH:
;main.c,8 :: 		void INTERRUPT_HIGH() iv 0x0008 ics ICS_AUTO {
0x0008	0xF020C000  	MOVFF       R0, 32
0x000C	0xF01FC001  	MOVFF       R1, 31
0x0010	0xF01EC002  	MOVFF       R2, 30
0x0014	0xF01DC003  	MOVFF       R3, 29
0x0018	0xF01CC004  	MOVFF       R4, 28
0x001C	0xF01BC005  	MOVFF       R5, 27
0x0020	0xF01AC006  	MOVFF       R6, 26
0x0024	0xF019C007  	MOVFF       R7, 25
0x0028	0xF018C008  	MOVFF       R8, 24
0x002C	0xF017C009  	MOVFF       R9, 23
0x0030	0xF016C00A  	MOVFF       R10, 22
0x0034	0xF015C00B  	MOVFF       R11, 21
;main.c,11 :: 		if (TMR2IF_bit){
0x0038	0xF023CFE1  	MOVFF       FSR1L, 35
0x003C	0xF024CFE2  	MOVFF       FSR1H, 36
0x0040	0xF021CFE9  	MOVFF       FSR0L, 33
0x0044	0xF022CFEA  	MOVFF       FSR0H, 34
0x0048	0xA29E      	BTFSS       TMR2IF_bit, BitPos(TMR2IF_bit+0) 
0x004A	0xD0B9      	BRA         L_INTERRUPT_HIGH0
;main.c,12 :: 		TMR2IF_bit = 0;
0x004C	0x929E      	BCF         TMR2IF_bit, BitPos(TMR2IF_bit+0) 
;main.c,13 :: 		OS_Timer();
0x004E	0x0100      	MOVLB       0
0x0050	0x6B7F      	CLRF        INTERRUPT_HIGH__os_i_L3, 1
L_INTERRUPT_HIGH1:
0x0052	0x0E04      	MOVLW       4
0x0054	0x5D7F      	SUBWF       INTERRUPT_HIGH__os_i_L3, 0, 1
0x0056	0xE265      	BC          L_INTERRUPT_HIGH2
0x0058	0x0E09      	MOVLW       9
0x005A	0x6E00      	MOVWF       R0 
0x005C	0x0E00      	MOVLW       0
0x005E	0x6E01      	MOVWF       R1 
0x0060	0xF004C07F  	MOVFF       INTERRUPT_HIGH__os_i_L3, R4
0x0064	0x0E00      	MOVLW       0
0x0066	0x6E05      	MOVWF       R5 
0x0068	0xDA25      	RCALL       _Mul_16X16_U
0x006A	0x0E45      	MOVLW       __OS_Tasks
0x006C	0x2400      	ADDWF       R0, 0 
0x006E	0x6EE9      	MOVWF       FSR0L 
0x0070	0x0E00      	MOVLW       hi_addr(__OS_Tasks)
0x0072	0x2001      	ADDWFC      R1, 0 
0x0074	0x6EEA      	MOVWF       FSR0H 
0x0076	0xF000CFEE  	MOVFF       POSTINC0, R0
0x007A	0xA800      	BTFSS       R0, 4 
0x007C	0xD050      	BRA         L_INTERRUPT_HIGH4
0x007E	0x0E09      	MOVLW       9
0x0080	0x6E00      	MOVWF       R0 
0x0082	0x0E00      	MOVLW       0
0x0084	0x6E01      	MOVWF       R1 
0x0086	0xF004C07F  	MOVFF       INTERRUPT_HIGH__os_i_L3, R4
0x008A	0x0E00      	MOVLW       0
0x008C	0x6E05      	MOVWF       R5 
0x008E	0xDA12      	RCALL       _Mul_16X16_U
0x0090	0x0E45      	MOVLW       __OS_Tasks
0x0092	0x2600      	ADDWF       R0, 1 
0x0094	0x0E00      	MOVLW       hi_addr(__OS_Tasks)
0x0096	0x2201      	ADDWFC      R1, 1 
0x0098	0x0E05      	MOVLW       5
0x009A	0x2400      	ADDWF       R0, 0 
0x009C	0x6E04      	MOVWF       R4 
0x009E	0x0E00      	MOVLW       0
0x00A0	0x2001      	ADDWFC      R1, 0 
0x00A2	0x6E05      	MOVWF       R5 
0x00A4	0xFFE9C004  	MOVFF       R4, FSR0L
0x00A8	0xFFEAC005  	MOVFF       R5, FSR0H
0x00AC	0x0E01      	MOVLW       1
0x00AE	0x24EE      	ADDWF       POSTINC0, 0 
0x00B0	0x6E00      	MOVWF       R0 
0x00B2	0x0E00      	MOVLW       0
0x00B4	0x20EE      	ADDWFC      POSTINC0, 0 
0x00B6	0x6E01      	MOVWF       R1 
0x00B8	0x0E00      	MOVLW       0
0x00BA	0x20EE      	ADDWFC      POSTINC0, 0 
0x00BC	0x6E02      	MOVWF       R2 
0x00BE	0x0E00      	MOVLW       0
0x00C0	0x20EE      	ADDWFC      POSTINC0, 0 
0x00C2	0x6E03      	MOVWF       R3 
0x00C4	0xFFE1C004  	MOVFF       R4, FSR1L
0x00C8	0xFFE2C005  	MOVFF       R5, FSR1H
0x00CC	0xFFE6C000  	MOVFF       R0, POSTINC1
0x00D0	0xFFE6C001  	MOVFF       R1, POSTINC1
0x00D4	0xFFE6C002  	MOVFF       R2, POSTINC1
0x00D8	0xFFE6C003  	MOVFF       R3, POSTINC1
0x00DC	0xFFE9C004  	MOVFF       R4, FSR0L
0x00E0	0xFFEAC005  	MOVFF       R5, FSR0H
0x00E4	0xF000CFEE  	MOVFF       POSTINC0, R0
0x00E8	0xF001CFEE  	MOVFF       POSTINC0, R1
0x00EC	0xF002CFEE  	MOVFF       POSTINC0, R2
0x00F0	0xF003CFEE  	MOVFF       POSTINC0, R3
0x00F4	0x5000      	MOVF        R0, 0 
0x00F6	0x1001      	IORWF       R1, 0 
0x00F8	0x1002      	IORWF       R2, 0 
0x00FA	0x1003      	IORWF       R3, 0 
0x00FC	0xE110      	BNZ         L_INTERRUPT_HIGH5
0x00FE	0x0E09      	MOVLW       9
0x0100	0x6E00      	MOVWF       R0 
0x0102	0x0E00      	MOVLW       0
0x0104	0x6E01      	MOVWF       R1 
0x0106	0xF004C07F  	MOVFF       INTERRUPT_HIGH__os_i_L3, R4
0x010A	0x0E00      	MOVLW       0
0x010C	0x6E05      	MOVWF       R5 
0x010E	0xD9D2      	RCALL       _Mul_16X16_U
0x0110	0x0E45      	MOVLW       __OS_Tasks
0x0112	0x2400      	ADDWF       R0, 0 
0x0114	0x6EE1      	MOVWF       FSR1L 
0x0116	0x0E00      	MOVLW       hi_addr(__OS_Tasks)
0x0118	0x2001      	ADDWFC      R1, 0 
0x011A	0x6EE2      	MOVWF       FSR1H 
0x011C	0x98E6      	BCF         POSTINC1, 4 
L_INTERRUPT_HIGH5:
L_INTERRUPT_HIGH4:
0x011E	0x2B7F      	INCF        INTERRUPT_HIGH__os_i_L3, 1, 1
0x0120	0xD798      	BRA         L_INTERRUPT_HIGH1
L_INTERRUPT_HIGH2:
0x0122	0x6B80      	CLRF        INTERRUPT_HIGH__os_i_L3_L3, 1
L_INTERRUPT_HIGH6:
0x0124	0x0E02      	MOVLW       2
0x0126	0x5D80      	SUBWF       INTERRUPT_HIGH__os_i_L3_L3, 0, 1
0x0128	0xE24A      	BC          L_INTERRUPT_HIGH7
0x012A	0xF000C080  	MOVFF       INTERRUPT_HIGH__os_i_L3_L3, R0
0x012E	0x0E00      	MOVLW       0
0x0130	0x6E01      	MOVWF       R1 
0x0132	0x3600      	RLCF        R0, 1 
0x0134	0x9000      	BCF         R0, 0 
0x0136	0x3601      	RLCF        R1, 1 
0x0138	0x3600      	RLCF        R0, 1 
0x013A	0x9000      	BCF         R0, 0 
0x013C	0x3601      	RLCF        R1, 1 
0x013E	0x0E3B      	MOVLW       __OS_Stimers
0x0140	0x2400      	ADDWF       R0, 0 
0x0142	0x6EE9      	MOVWF       FSR0L 
0x0144	0x0E00      	MOVLW       hi_addr(__OS_Stimers)
0x0146	0x2001      	ADDWFC      R1, 0 
0x0148	0x6EEA      	MOVWF       FSR0H 
0x014A	0xF004CFEE  	MOVFF       POSTINC0, R4
0x014E	0xF005CFEE  	MOVFF       POSTINC0, R5
0x0152	0xF006CFEE  	MOVFF       POSTINC0, R6
0x0156	0xF007CFEE  	MOVFF       POSTINC0, R7
0x015A	0xAE07      	BTFSS       R7, 7 
0x015C	0xD02E      	BRA         L_INTERRUPT_HIGH9
0x015E	0xF000C080  	MOVFF       INTERRUPT_HIGH__os_i_L3_L3, R0
0x0162	0x0E00      	MOVLW       0
0x0164	0x6E01      	MOVWF       R1 
0x0166	0x3600      	RLCF        R0, 1 
0x0168	0x9000      	BCF         R0, 0 
0x016A	0x3601      	RLCF        R1, 1 
0x016C	0x3600      	RLCF        R0, 1 
0x016E	0x9000      	BCF         R0, 0 
0x0170	0x3601      	RLCF        R1, 1 
0x0172	0x0E3B      	MOVLW       __OS_Stimers
0x0174	0x2400      	ADDWF       R0, 0 
0x0176	0x6E04      	MOVWF       R4 
0x0178	0x0E00      	MOVLW       hi_addr(__OS_Stimers)
0x017A	0x2001      	ADDWFC      R1, 0 
0x017C	0x6E05      	MOVWF       R5 
0x017E	0xFFE9C004  	MOVFF       R4, FSR0L
0x0182	0xFFEAC005  	MOVFF       R5, FSR0H
0x0186	0xF000CFEE  	MOVFF       POSTINC0, R0
0x018A	0xF001CFEE  	MOVFF       POSTINC0, R1
0x018E	0xF002CFEE  	MOVFF       POSTINC0, R2
0x0192	0xF003CFEE  	MOVFF       POSTINC0, R3
0x0196	0x0E01      	MOVLW       1
0x0198	0x2600      	ADDWF       R0, 1 
0x019A	0x0E00      	MOVLW       0
0x019C	0x2201      	ADDWFC      R1, 1 
0x019E	0x2202      	ADDWFC      R2, 1 
0x01A0	0x2203      	ADDWFC      R3, 1 
0x01A2	0xFFE1C004  	MOVFF       R4, FSR1L
0x01A6	0xFFE2C005  	MOVFF       R5, FSR1H
0x01AA	0xFFE6C000  	MOVFF       R0, POSTINC1
0x01AE	0xFFE6C001  	MOVFF       R1, POSTINC1
0x01B2	0xFFE6C002  	MOVFF       R2, POSTINC1
0x01B6	0xFFE6C003  	MOVFF       R3, POSTINC1
L_INTERRUPT_HIGH9:
0x01BA	0x2B80      	INCF        INTERRUPT_HIGH__os_i_L3_L3, 1, 1
0x01BC	0xD7B3      	BRA         L_INTERRUPT_HIGH6
L_INTERRUPT_HIGH7:
;main.c,14 :: 		}
L_INTERRUPT_HIGH0:
;main.c,16 :: 		}
L_end_INTERRUPT_HIGH:
L__INTERRUPT_HIGH58:
0x01BE	0xF000C020  	MOVFF       32, R0
0x01C2	0xF001C01F  	MOVFF       31, R1
0x01C6	0xF002C01E  	MOVFF       30, R2
0x01CA	0xF003C01D  	MOVFF       29, R3
0x01CE	0xF004C01C  	MOVFF       28, R4
0x01D2	0xF005C01B  	MOVFF       27, R5
0x01D6	0xF006C01A  	MOVFF       26, R6
0x01DA	0xF007C019  	MOVFF       25, R7
0x01DE	0xF008C018  	MOVFF       24, R8
0x01E2	0xF009C017  	MOVFF       23, R9
0x01E6	0xF00AC016  	MOVFF       22, R10
0x01EA	0xF00BC015  	MOVFF       21, R11
0x01EE	0xFFE9C021  	MOVFF       33, FSR0L
0x01F2	0xFFEAC022  	MOVFF       34, FSR0H
0x01F6	0xFFE1C023  	MOVFF       35, FSR1L
0x01FA	0xFFE2C024  	MOVFF       36, FSR1H
0x01FE	0x0011      	RETFIE      1
; end of _INTERRUPT_HIGH
_Delay_50us:
;__Lib_Delays.c,19 :: 		void Delay_50us() {
;__Lib_Delays.c,20 :: 		Delay_us(50);
0x0200	0x0E21      	MOVLW       33
0x0202	0x6E0D      	MOVWF       R13, 0
L_Delay_50us2:
0x0204	0x2E0D      	DECFSZ      R13, 1, 0
0x0206	0xD7FE      	BRA         L_Delay_50us2
;__Lib_Delays.c,21 :: 		}
L_end_Delay_50us:
0x0208	0x0012      	RETURN      0
; end of _Delay_50us
_Delay_5500us:
;__Lib_Delays.c,31 :: 		void Delay_5500us() {
;__Lib_Delays.c,32 :: 		Delay_us(5500);
0x020A	0x0E0F      	MOVLW       15
0x020C	0x6E0C      	MOVWF       R12, 0
0x020E	0x0E47      	MOVLW       71
0x0210	0x6E0D      	MOVWF       R13, 0
L_Delay_5500us5:
0x0212	0x2E0D      	DECFSZ      R13, 1, 0
0x0214	0xD7FE      	BRA         L_Delay_5500us5
0x0216	0x2E0C      	DECFSZ      R12, 1, 0
0x0218	0xD7FC      	BRA         L_Delay_5500us5
0x021A	0x0000      	NOP
0x021C	0x0000      	NOP
;__Lib_Delays.c,33 :: 		}
L_end_Delay_5500us:
0x021E	0x0012      	RETURN      0
; end of _Delay_5500us
_Delay_1us:
;__Lib_Delays.c,7 :: 		void Delay_1us() {
;__Lib_Delays.c,8 :: 		Delay_us(1);
0x0220	0x0000      	NOP
0x0222	0x0000      	NOP
;__Lib_Delays.c,9 :: 		}
L_end_Delay_1us:
0x0224	0x0012      	RETURN      0
; end of _Delay_1us
_Lcd_Cmd:
;__Lib_Lcd.c,18 :: 		
;__Lib_Lcd.c,20 :: 		
0x0226	0x0100      	MOVLB       0
0x0228	0xBF7E      	BTFSC       FARG_Lcd_Cmd_out_char, 7, 1
0x022A	0xD002      	BRA         L__Lcd_Cmd21
0x022C	0x9681      	BCF         LCD_D7, BitPos(LCD_D7+0) 
0x022E	0xD001      	BRA         L__Lcd_Cmd22
L__Lcd_Cmd21:
0x0230	0x8681      	BSF         LCD_D7, BitPos(LCD_D7+0) 
L__Lcd_Cmd22:
;__Lib_Lcd.c,21 :: 		
0x0232	0xBD7E      	BTFSC       FARG_Lcd_Cmd_out_char, 6, 1
0x0234	0xD002      	BRA         L__Lcd_Cmd23
0x0236	0x9481      	BCF         LCD_D6, BitPos(LCD_D6+0) 
0x0238	0xD001      	BRA         L__Lcd_Cmd24
L__Lcd_Cmd23:
0x023A	0x8481      	BSF         LCD_D6, BitPos(LCD_D6+0) 
L__Lcd_Cmd24:
;__Lib_Lcd.c,22 :: 		
0x023C	0xBB7E      	BTFSC       FARG_Lcd_Cmd_out_char, 5, 1
0x023E	0xD002      	BRA         L__Lcd_Cmd25
0x0240	0x9281      	BCF         LCD_D5, BitPos(LCD_D5+0) 
0x0242	0xD001      	BRA         L__Lcd_Cmd26
L__Lcd_Cmd25:
0x0244	0x8281      	BSF         LCD_D5, BitPos(LCD_D5+0) 
L__Lcd_Cmd26:
;__Lib_Lcd.c,23 :: 		
0x0246	0xB97E      	BTFSC       FARG_Lcd_Cmd_out_char, 4, 1
0x0248	0xD002      	BRA         L__Lcd_Cmd27
0x024A	0x9081      	BCF         LCD_D4, BitPos(LCD_D4+0) 
0x024C	0xD001      	BRA         L__Lcd_Cmd28
L__Lcd_Cmd27:
0x024E	0x8081      	BSF         LCD_D4, BitPos(LCD_D4+0) 
L__Lcd_Cmd28:
;__Lib_Lcd.c,25 :: 		
0x0250	0xB03A      	BTFSC       __Lib_Lcd_cmd_status, BitPos(__Lib_Lcd_cmd_status+0) 
0x0252	0xD002      	BRA         L__Lcd_Cmd29
0x0254	0x8881      	BSF         LCD_RS, BitPos(LCD_RS+0) 
0x0256	0xD001      	BRA         L__Lcd_Cmd30
L__Lcd_Cmd29:
0x0258	0x9881      	BCF         LCD_RS, BitPos(LCD_RS+0) 
L__Lcd_Cmd30:
;__Lib_Lcd.c,28 :: 		
0x025A	0x8A81      	BSF         LCD_EN, BitPos(LCD_EN+0) 
;__Lib_Lcd.c,29 :: 		
0x025C	0xDFE1      	RCALL       _Delay_1us
;__Lib_Lcd.c,30 :: 		
0x025E	0x9A81      	BCF         LCD_EN, BitPos(LCD_EN+0) 
;__Lib_Lcd.c,33 :: 		
0x0260	0xB77E      	BTFSC       FARG_Lcd_Cmd_out_char, 3, 1
0x0262	0xD002      	BRA         L__Lcd_Cmd31
0x0264	0x9681      	BCF         LCD_D7, BitPos(LCD_D7+0) 
0x0266	0xD001      	BRA         L__Lcd_Cmd32
L__Lcd_Cmd31:
0x0268	0x8681      	BSF         LCD_D7, BitPos(LCD_D7+0) 
L__Lcd_Cmd32:
;__Lib_Lcd.c,34 :: 		
0x026A	0xB57E      	BTFSC       FARG_Lcd_Cmd_out_char, 2, 1
0x026C	0xD002      	BRA         L__Lcd_Cmd33
0x026E	0x9481      	BCF         LCD_D6, BitPos(LCD_D6+0) 
0x0270	0xD001      	BRA         L__Lcd_Cmd34
L__Lcd_Cmd33:
0x0272	0x8481      	BSF         LCD_D6, BitPos(LCD_D6+0) 
L__Lcd_Cmd34:
;__Lib_Lcd.c,35 :: 		
0x0274	0xB37E      	BTFSC       FARG_Lcd_Cmd_out_char, 1, 1
0x0276	0xD002      	BRA         L__Lcd_Cmd35
0x0278	0x9281      	BCF         LCD_D5, BitPos(LCD_D5+0) 
0x027A	0xD001      	BRA         L__Lcd_Cmd36
L__Lcd_Cmd35:
0x027C	0x8281      	BSF         LCD_D5, BitPos(LCD_D5+0) 
L__Lcd_Cmd36:
;__Lib_Lcd.c,36 :: 		
0x027E	0xB17E      	BTFSC       FARG_Lcd_Cmd_out_char, 0, 1
0x0280	0xD002      	BRA         L__Lcd_Cmd37
0x0282	0x9081      	BCF         LCD_D4, BitPos(LCD_D4+0) 
0x0284	0xD001      	BRA         L__Lcd_Cmd38
L__Lcd_Cmd37:
0x0286	0x8081      	BSF         LCD_D4, BitPos(LCD_D4+0) 
L__Lcd_Cmd38:
;__Lib_Lcd.c,38 :: 		
0x0288	0xB03A      	BTFSC       __Lib_Lcd_cmd_status, BitPos(__Lib_Lcd_cmd_status+0) 
0x028A	0xD002      	BRA         L__Lcd_Cmd39
0x028C	0x8881      	BSF         LCD_RS, BitPos(LCD_RS+0) 
0x028E	0xD001      	BRA         L__Lcd_Cmd40
L__Lcd_Cmd39:
0x0290	0x9881      	BCF         LCD_RS, BitPos(LCD_RS+0) 
L__Lcd_Cmd40:
;__Lib_Lcd.c,40 :: 		
0x0292	0x8A81      	BSF         LCD_EN, BitPos(LCD_EN+0) 
;__Lib_Lcd.c,41 :: 		
0x0294	0xDFC5      	RCALL       _Delay_1us
;__Lib_Lcd.c,42 :: 		
0x0296	0x9A81      	BCF         LCD_EN, BitPos(LCD_EN+0) 
;__Lib_Lcd.c,44 :: 		
0x0298	0xA03A      	BTFSS       __Lib_Lcd_cmd_status, BitPos(__Lib_Lcd_cmd_status+0) 
0x029A	0xD002      	BRA         L_Lcd_Cmd0
;__Lib_Lcd.c,45 :: 		
0x029C	0xDFB6      	RCALL       _Delay_5500us
0x029E	0xD001      	BRA         L_Lcd_Cmd1
L_Lcd_Cmd0:
;__Lib_Lcd.c,47 :: 		
0x02A0	0xDFAF      	RCALL       _Delay_50us
L_Lcd_Cmd1:
;__Lib_Lcd.c,48 :: 		
L_end_Lcd_Cmd:
0x02A2	0x0012      	RETURN      0
; end of _Lcd_Cmd
__OS_SET_FSR_CUR_TASK:
;osa_pic18_mikroc.c,242 :: 		
;osa_pic18_mikroc.c,244 :: 		
0x02A4	0xFFE9C070  	MOVFF       __OS_CurTask, FSR0L
0x02A8	0xFFEAC071  	MOVFF       __OS_CurTask+1, FSR0H
;osa_pic18_mikroc.c,245 :: 		
L_end__OS_SET_FSR_CUR_TASK:
0x02AC	0x0012      	RETURN      0
; end of __OS_SET_FSR_CUR_TASK
_Lcd_Chr_CP:
;__Lib_Lcd.c,50 :: 		
;__Lib_Lcd.c,52 :: 		
0x02AE	0x903A      	BCF         __Lib_Lcd_cmd_status, BitPos(__Lib_Lcd_cmd_status+0) 
;__Lib_Lcd.c,53 :: 		
0x02B0	0xF07EC07D  	MOVFF       FARG_Lcd_Chr_CP_out_char, FARG_Lcd_Cmd_out_char
0x02B4	0xDFB8      	RCALL       _Lcd_Cmd
;__Lib_Lcd.c,54 :: 		
0x02B6	0x803A      	BSF         __Lib_Lcd_cmd_status, BitPos(__Lib_Lcd_cmd_status+0) 
;__Lib_Lcd.c,55 :: 		
L_end_Lcd_Chr_CP:
0x02B8	0x0012      	RETURN      0
; end of _Lcd_Chr_CP
__OS_InitDelay:
;osa_ttimer.c,69 :: 		
;osa_ttimer.c,72 :: 		
0x02BA	0x9A44      	BCF         __OS_State, 5 
0x02BC	0xFFE1C070  	MOVFF       __OS_CurTask, FSR1L
0x02C0	0xFFE2C071  	MOVFF       __OS_CurTask+1, FSR1H
0x02C4	0x98E6      	BCF         POSTINC1, 4 
;osa_ttimer.c,77 :: 		
0x02C6	0x0100      	MOVLB       0
0x02C8	0x5178      	MOVF        FARG__OS_InitDelay_Delay, 0, 1
0x02CA	0x1179      	IORWF       FARG__OS_InitDelay_Delay+1, 0, 1
0x02CC	0x117A      	IORWF       FARG__OS_InitDelay_Delay+2, 0, 1
0x02CE	0x117B      	IORWF       FARG__OS_InitDelay_Delay+3, 0, 1
0x02D0	0xE046      	BZ          L__OS_InitDelay23
;osa_ttimer.c,79 :: 		
0x02D2	0x0EFF      	MOVLW       255
0x02D4	0x1978      	XORWF       FARG__OS_InitDelay_Delay, 0, 1
0x02D6	0x6E00      	MOVWF       R0 
0x02D8	0x0EFF      	MOVLW       255
0x02DA	0x1979      	XORWF       FARG__OS_InitDelay_Delay+1, 0, 1
0x02DC	0x6E01      	MOVWF       R1 
0x02DE	0x0EFF      	MOVLW       255
0x02E0	0x197A      	XORWF       FARG__OS_InitDelay_Delay+2, 0, 1
0x02E2	0x6E02      	MOVWF       R2 
0x02E4	0x0EFF      	MOVLW       255
0x02E6	0x197B      	XORWF       FARG__OS_InitDelay_Delay+3, 0, 1
0x02E8	0x6E03      	MOVWF       R3 
0x02EA	0xF078C000  	MOVFF       R0, FARG__OS_InitDelay_Delay
0x02EE	0xF079C001  	MOVFF       R1, FARG__OS_InitDelay_Delay+1
0x02F2	0xF07AC002  	MOVFF       R2, FARG__OS_InitDelay_Delay+2
0x02F6	0xF07BC003  	MOVFF       R3, FARG__OS_InitDelay_Delay+3
;osa_ttimer.c,80 :: 		
0x02FA	0x0E01      	MOVLW       1
0x02FC	0x2400      	ADDWF       R0, 0 
0x02FE	0x6E04      	MOVWF       R4 
0x0300	0x0E00      	MOVLW       0
0x0302	0x2001      	ADDWFC      R1, 0 
0x0304	0x6E05      	MOVWF       R5 
0x0306	0x0E00      	MOVLW       0
0x0308	0x2002      	ADDWFC      R2, 0 
0x030A	0x6E06      	MOVWF       R6 
0x030C	0x0E00      	MOVLW       0
0x030E	0x2003      	ADDWFC      R3, 0 
0x0310	0x6E07      	MOVWF       R7 
0x0312	0xF078C004  	MOVFF       R4, FARG__OS_InitDelay_Delay
0x0316	0xF079C005  	MOVFF       R5, FARG__OS_InitDelay_Delay+1
0x031A	0xF07AC006  	MOVFF       R6, FARG__OS_InitDelay_Delay+2
0x031E	0xF07BC007  	MOVFF       R7, FARG__OS_InitDelay_Delay+3
;osa_ttimer.c,81 :: 		
0x0322	0xF000C070  	MOVFF       __OS_CurTask, R0
0x0326	0xF001C071  	MOVFF       __OS_CurTask+1, R1
0x032A	0x0E05      	MOVLW       5
0x032C	0x2400      	ADDWF       R0, 0 
0x032E	0x6EE1      	MOVWF       FSR1L 
0x0330	0x0E00      	MOVLW       0
0x0332	0x2001      	ADDWFC      R1, 0 
0x0334	0x6EE2      	MOVWF       FSR1H 
0x0336	0xFFE6C004  	MOVFF       R4, POSTINC1
0x033A	0xFFE6C005  	MOVFF       R5, POSTINC1
0x033E	0xFFE6C006  	MOVFF       R6, POSTINC1
0x0342	0xFFE6C007  	MOVFF       R7, POSTINC1
;osa_ttimer.c,82 :: 		
0x0346	0xFFE1C070  	MOVFF       __OS_CurTask, FSR1L
0x034A	0xFFE2C071  	MOVFF       __OS_CurTask+1, FSR1H
0x034E	0x86E6      	BSF         POSTINC1, 3 
0x0350	0xFFE1C070  	MOVFF       __OS_CurTask, FSR1L
0x0354	0xFFE2C071  	MOVFF       __OS_CurTask+1, FSR1H
0x0358	0x88E6      	BSF         POSTINC1, 4 
;osa_ttimer.c,87 :: 		
0x035A	0x8844      	BSF         __OS_State, 4 
;osa_ttimer.c,88 :: 		
0x035C	0x8644      	BSF         __OS_State, 3 
;osa_ttimer.c,90 :: 		
L__OS_InitDelay23:
;osa_ttimer.c,91 :: 		
L_end__OS_InitDelay:
0x035E	0x0012      	RETURN      0
; end of __OS_InitDelay
__OS_ReturnSave:
;osa_pic18_mikroc.c,106 :: 		
;osa_pic18_mikroc.c,108 :: 		
0x0360	0xDFA1      	RCALL       __OS_SET_FSR_CUR_TASK
;osa_pic18_mikroc.c,109 :: 		
0x0362	0xFFECCFFD  	MOVFF       TOSL, PREINC0
0x0366	0xFFECCFFE  	MOVFF       TOSH, PREINC0
0x036A	0xFFECCFFF  	MOVFF       TOSU, PREINC0
;osa_pic18_mikroc.c,110 :: 		
0x036E	0x8644      	BSF         __OS_State, 3 
;osa_pic18_mikroc.c,111 :: 		
0x0370	0x0006      	POP
;osa_pic18_mikroc.c,112 :: 		
L_end__OS_ReturnSave:
0x0372	0x0012      	RETURN      0
; end of __OS_ReturnSave
_Lcd_Init:
;__Lib_Lcd.c,84 :: 		
;__Lib_Lcd.c,86 :: 		
0x0374	0x9A93      	BCF         LCD_EN_Direction, BitPos(LCD_EN_Direction+0) 
;__Lib_Lcd.c,87 :: 		
0x0376	0x9893      	BCF         LCD_RS_Direction, BitPos(LCD_RS_Direction+0) 
;__Lib_Lcd.c,88 :: 		
0x0378	0x9093      	BCF         LCD_D4_Direction, BitPos(LCD_D4_Direction+0) 
;__Lib_Lcd.c,89 :: 		
0x037A	0x9293      	BCF         LCD_D5_Direction, BitPos(LCD_D5_Direction+0) 
;__Lib_Lcd.c,90 :: 		
0x037C	0x9493      	BCF         LCD_D6_Direction, BitPos(LCD_D6_Direction+0) 
;__Lib_Lcd.c,91 :: 		
0x037E	0x9693      	BCF         LCD_D7_Direction, BitPos(LCD_D7_Direction+0) 
;__Lib_Lcd.c,93 :: 		
0x0380	0x9A81      	BCF         LCD_EN, BitPos(LCD_EN+0) 
;__Lib_Lcd.c,94 :: 		
0x0382	0x9881      	BCF         LCD_RS, BitPos(LCD_RS+0) 
;__Lib_Lcd.c,95 :: 		
0x0384	0x9681      	BCF         LCD_D7, BitPos(LCD_D7+0) 
;__Lib_Lcd.c,96 :: 		
0x0386	0x9481      	BCF         LCD_D6, BitPos(LCD_D6+0) 
;__Lib_Lcd.c,97 :: 		
0x0388	0x9281      	BCF         LCD_D5, BitPos(LCD_D5+0) 
;__Lib_Lcd.c,98 :: 		
0x038A	0x9081      	BCF         LCD_D4, BitPos(LCD_D4+0) 
;__Lib_Lcd.c,100 :: 		
0x038C	0xDF3E      	RCALL       _Delay_5500us
;__Lib_Lcd.c,101 :: 		
0x038E	0xDF3D      	RCALL       _Delay_5500us
;__Lib_Lcd.c,102 :: 		
0x0390	0xDF3C      	RCALL       _Delay_5500us
;__Lib_Lcd.c,105 :: 		
0x0392	0x8281      	BSF         LCD_D5, BitPos(LCD_D5+0) 
;__Lib_Lcd.c,106 :: 		
0x0394	0x8081      	BSF         LCD_D4, BitPos(LCD_D4+0) 
;__Lib_Lcd.c,107 :: 		
0x0396	0x8A81      	BSF         LCD_EN, BitPos(LCD_EN+0) 
;__Lib_Lcd.c,108 :: 		
0x0398	0xDF43      	RCALL       _Delay_1us
;__Lib_Lcd.c,109 :: 		
0x039A	0x9A81      	BCF         LCD_EN, BitPos(LCD_EN+0) 
;__Lib_Lcd.c,110 :: 		
0x039C	0xDF36      	RCALL       _Delay_5500us
;__Lib_Lcd.c,112 :: 		
0x039E	0x8A81      	BSF         LCD_EN, BitPos(LCD_EN+0) 
;__Lib_Lcd.c,113 :: 		
0x03A0	0xDF3F      	RCALL       _Delay_1us
;__Lib_Lcd.c,114 :: 		
0x03A2	0x9A81      	BCF         LCD_EN, BitPos(LCD_EN+0) 
;__Lib_Lcd.c,115 :: 		
0x03A4	0xDF32      	RCALL       _Delay_5500us
;__Lib_Lcd.c,117 :: 		
0x03A6	0x8A81      	BSF         LCD_EN, BitPos(LCD_EN+0) 
;__Lib_Lcd.c,118 :: 		
0x03A8	0xDF3B      	RCALL       _Delay_1us
;__Lib_Lcd.c,119 :: 		
0x03AA	0x9A81      	BCF         LCD_EN, BitPos(LCD_EN+0) 
;__Lib_Lcd.c,120 :: 		
0x03AC	0xDF2E      	RCALL       _Delay_5500us
;__Lib_Lcd.c,123 :: 		
0x03AE	0x9081      	BCF         LCD_D4, BitPos(LCD_D4+0) 
;__Lib_Lcd.c,124 :: 		
0x03B0	0x8A81      	BSF         LCD_EN, BitPos(LCD_EN+0) 
;__Lib_Lcd.c,125 :: 		
0x03B2	0xDF36      	RCALL       _Delay_1us
;__Lib_Lcd.c,126 :: 		
0x03B4	0x9A81      	BCF         LCD_EN, BitPos(LCD_EN+0) 
;__Lib_Lcd.c,127 :: 		
0x03B6	0xDF29      	RCALL       _Delay_5500us
;__Lib_Lcd.c,130 :: 		
0x03B8	0x8A81      	BSF         LCD_EN, BitPos(LCD_EN+0) 
;__Lib_Lcd.c,131 :: 		
0x03BA	0xDF32      	RCALL       _Delay_1us
;__Lib_Lcd.c,132 :: 		
0x03BC	0x9A81      	BCF         LCD_EN, BitPos(LCD_EN+0) 
;__Lib_Lcd.c,134 :: 		
0x03BE	0x9281      	BCF         LCD_D5, BitPos(LCD_D5+0) 
;__Lib_Lcd.c,135 :: 		
0x03C0	0x8681      	BSF         LCD_D7, BitPos(LCD_D7+0) 
;__Lib_Lcd.c,136 :: 		
0x03C2	0x8A81      	BSF         LCD_EN, BitPos(LCD_EN+0) 
;__Lib_Lcd.c,137 :: 		
0x03C4	0xDF2D      	RCALL       _Delay_1us
;__Lib_Lcd.c,138 :: 		
0x03C6	0x9A81      	BCF         LCD_EN, BitPos(LCD_EN+0) 
;__Lib_Lcd.c,139 :: 		
0x03C8	0xDF20      	RCALL       _Delay_5500us
;__Lib_Lcd.c,142 :: 		
0x03CA	0x9681      	BCF         LCD_D7, BitPos(LCD_D7+0) 
;__Lib_Lcd.c,143 :: 		
0x03CC	0x8081      	BSF         LCD_D4, BitPos(LCD_D4+0) 
;__Lib_Lcd.c,144 :: 		
0x03CE	0x8A81      	BSF         LCD_EN, BitPos(LCD_EN+0) 
;__Lib_Lcd.c,145 :: 		
0x03D0	0xDF27      	RCALL       _Delay_1us
;__Lib_Lcd.c,146 :: 		
0x03D2	0x9A81      	BCF         LCD_EN, BitPos(LCD_EN+0) 
;__Lib_Lcd.c,148 :: 		
0x03D4	0x9081      	BCF         LCD_D4, BitPos(LCD_D4+0) 
;__Lib_Lcd.c,149 :: 		
0x03D6	0x8A81      	BSF         LCD_EN, BitPos(LCD_EN+0) 
;__Lib_Lcd.c,150 :: 		
0x03D8	0xDF23      	RCALL       _Delay_1us
;__Lib_Lcd.c,151 :: 		
0x03DA	0x9A81      	BCF         LCD_EN, BitPos(LCD_EN+0) 
;__Lib_Lcd.c,152 :: 		
0x03DC	0xDF16      	RCALL       _Delay_5500us
;__Lib_Lcd.c,155 :: 		
0x03DE	0x8A81      	BSF         LCD_EN, BitPos(LCD_EN+0) 
;__Lib_Lcd.c,156 :: 		
0x03E0	0xDF1F      	RCALL       _Delay_1us
;__Lib_Lcd.c,157 :: 		
0x03E2	0x9A81      	BCF         LCD_EN, BitPos(LCD_EN+0) 
;__Lib_Lcd.c,159 :: 		
0x03E4	0x8081      	BSF         LCD_D4, BitPos(LCD_D4+0) 
;__Lib_Lcd.c,160 :: 		
0x03E6	0x8A81      	BSF         LCD_EN, BitPos(LCD_EN+0) 
;__Lib_Lcd.c,161 :: 		
0x03E8	0xDF1B      	RCALL       _Delay_1us
;__Lib_Lcd.c,162 :: 		
0x03EA	0x9A81      	BCF         LCD_EN, BitPos(LCD_EN+0) 
;__Lib_Lcd.c,163 :: 		
0x03EC	0xDF0E      	RCALL       _Delay_5500us
;__Lib_Lcd.c,166 :: 		
0x03EE	0x9081      	BCF         LCD_D4, BitPos(LCD_D4+0) 
;__Lib_Lcd.c,167 :: 		
0x03F0	0x8A81      	BSF         LCD_EN, BitPos(LCD_EN+0) 
;__Lib_Lcd.c,168 :: 		
0x03F2	0xDF16      	RCALL       _Delay_1us
;__Lib_Lcd.c,169 :: 		
0x03F4	0x9A81      	BCF         LCD_EN, BitPos(LCD_EN+0) 
;__Lib_Lcd.c,171 :: 		
0x03F6	0x8681      	BSF         LCD_D7, BitPos(LCD_D7+0) 
;__Lib_Lcd.c,172 :: 		
0x03F8	0x8481      	BSF         LCD_D6, BitPos(LCD_D6+0) 
;__Lib_Lcd.c,173 :: 		
0x03FA	0x8281      	BSF         LCD_D5, BitPos(LCD_D5+0) 
;__Lib_Lcd.c,174 :: 		
0x03FC	0x8081      	BSF         LCD_D4, BitPos(LCD_D4+0) 
;__Lib_Lcd.c,175 :: 		
0x03FE	0x8A81      	BSF         LCD_EN, BitPos(LCD_EN+0) 
;__Lib_Lcd.c,176 :: 		
0x0400	0xDF0F      	RCALL       _Delay_1us
;__Lib_Lcd.c,177 :: 		
0x0402	0x9A81      	BCF         LCD_EN, BitPos(LCD_EN+0) 
;__Lib_Lcd.c,179 :: 		
0x0404	0xDF02      	RCALL       _Delay_5500us
;__Lib_Lcd.c,181 :: 		
0x0406	0x803A      	BSF         __Lib_Lcd_cmd_status, BitPos(__Lib_Lcd_cmd_status+0) 
;__Lib_Lcd.c,182 :: 		
L_end_Lcd_Init:
0x0408	0x0012      	RETURN      0
; end of _Lcd_Init
_Lcd_Out:
;__Lib_Lcd.c,184 :: 		
;__Lib_Lcd.c,187 :: 		
0x040A	0xD010      	BRA         L_Lcd_Out11
;__Lib_Lcd.c,188 :: 		
L_Lcd_Out13:
0x040C	0x0E80      	MOVLW       128
0x040E	0x0100      	MOVLB       0
0x0410	0x6F78      	MOVWF       FARG_Lcd_Out_row, 1
0x0412	0xD01A      	BRA         L_Lcd_Out12
;__Lib_Lcd.c,189 :: 		
L_Lcd_Out14:
0x0414	0x0EC0      	MOVLW       192
0x0416	0x6F78      	MOVWF       FARG_Lcd_Out_row, 1
0x0418	0xD017      	BRA         L_Lcd_Out12
;__Lib_Lcd.c,190 :: 		
L_Lcd_Out15:
0x041A	0x0E94      	MOVLW       148
0x041C	0x6F78      	MOVWF       FARG_Lcd_Out_row, 1
0x041E	0xD014      	BRA         L_Lcd_Out12
;__Lib_Lcd.c,191 :: 		
L_Lcd_Out16:
0x0420	0x0ED4      	MOVLW       212
0x0422	0x6F78      	MOVWF       FARG_Lcd_Out_row, 1
0x0424	0xD011      	BRA         L_Lcd_Out12
;__Lib_Lcd.c,192 :: 		
L_Lcd_Out17:
0x0426	0x0E80      	MOVLW       128
0x0428	0x6F78      	MOVWF       FARG_Lcd_Out_row, 1
;__Lib_Lcd.c,193 :: 		
0x042A	0xD00E      	BRA         L_Lcd_Out12
L_Lcd_Out11:
0x042C	0x0100      	MOVLB       0
0x042E	0x5178      	MOVF        FARG_Lcd_Out_row, 0, 1
0x0430	0x0A01      	XORLW       1
0x0432	0xE0EC      	BZ          L_Lcd_Out13
0x0434	0x5178      	MOVF        FARG_Lcd_Out_row, 0, 1
0x0436	0x0A02      	XORLW       2
0x0438	0xE0ED      	BZ          L_Lcd_Out14
0x043A	0x5178      	MOVF        FARG_Lcd_Out_row, 0, 1
0x043C	0x0A03      	XORLW       3
0x043E	0xE0ED      	BZ          L_Lcd_Out15
0x0440	0x5178      	MOVF        FARG_Lcd_Out_row, 0, 1
0x0442	0x0A04      	XORLW       4
0x0444	0xE0ED      	BZ          L_Lcd_Out16
0x0446	0xD7EF      	BRA         L_Lcd_Out17
L_Lcd_Out12:
;__Lib_Lcd.c,194 :: 		
0x0448	0x0579      	DECF        FARG_Lcd_Out_column, 0, 1
0x044A	0x6E00      	MOVWF       R0 
0x044C	0x5178      	MOVF        FARG_Lcd_Out_row, 0, 1
0x044E	0x2600      	ADDWF       R0, 1 
0x0450	0xF078C000  	MOVFF       R0, FARG_Lcd_Out_row
;__Lib_Lcd.c,196 :: 		
0x0454	0xF07EC000  	MOVFF       R0, FARG_Lcd_Cmd_out_char
0x0458	0xDEE6      	RCALL       _Lcd_Cmd
;__Lib_Lcd.c,197 :: 		
0x045A	0x903A      	BCF         __Lib_Lcd_cmd_status, BitPos(__Lib_Lcd_cmd_status+0) 
;__Lib_Lcd.c,198 :: 		
0x045C	0x6B7C      	CLRF        Lcd_Out_i_L0, 1
;__Lib_Lcd.c,199 :: 		
L_Lcd_Out18:
0x045E	0x517C      	MOVF        Lcd_Out_i_L0, 0, 1
0x0460	0x257A      	ADDWF       FARG_Lcd_Out_text, 0, 1
0x0462	0x6EE9      	MOVWF       FSR0L 
0x0464	0x0E00      	MOVLW       0
0x0466	0x217B      	ADDWFC      FARG_Lcd_Out_text+1, 0, 1
0x0468	0x6EEA      	MOVWF       FSR0H 
0x046A	0x52EE      	MOVF        POSTINC0, 1 
0x046C	0xE00B      	BZ          L_Lcd_Out19
;__Lib_Lcd.c,200 :: 		
0x046E	0x517C      	MOVF        Lcd_Out_i_L0, 0, 1
0x0470	0x257A      	ADDWF       FARG_Lcd_Out_text, 0, 1
0x0472	0x6EE9      	MOVWF       FSR0L 
0x0474	0x0E00      	MOVLW       0
0x0476	0x217B      	ADDWFC      FARG_Lcd_Out_text+1, 0, 1
0x0478	0x6EEA      	MOVWF       FSR0H 
0x047A	0xF07DCFEE  	MOVFF       POSTINC0, FARG_Lcd_Chr_CP_out_char
0x047E	0xDF17      	RCALL       _Lcd_Chr_CP
0x0480	0x2B7C      	INCF        Lcd_Out_i_L0, 1, 1
0x0482	0xD7ED      	BRA         L_Lcd_Out18
L_Lcd_Out19:
;__Lib_Lcd.c,201 :: 		
0x0484	0x803A      	BSF         __Lib_Lcd_cmd_status, BitPos(__Lib_Lcd_cmd_status+0) 
;__Lib_Lcd.c,202 :: 		
L_end_Lcd_Out:
0x0486	0x0012      	RETURN      0
; end of _Lcd_Out
_Task_Save:
;main.c,56 :: 		void Task_Save(void)
;main.c,58 :: 		for(;;)
L_Task_Save44:
;main.c,60 :: 		Lcd_Out(1,8, (char*)UserMenu[1].strMenu);
0x0488	0x0E01      	MOVLW       1
0x048A	0x0100      	MOVLB       0
0x048C	0x6F78      	MOVWF       FARG_Lcd_Out_row, 1
0x048E	0x0E08      	MOVLW       8
0x0490	0x6F79      	MOVWF       FARG_Lcd_Out_column, 1
0x0492	0x0E2A      	MOVLW       ?lstr2_main
0x0494	0x6F7A      	MOVWF       FARG_Lcd_Out_text, 1
0x0496	0x0E00      	MOVLW       hi_addr(?lstr2_main)
0x0498	0x6F7B      	MOVWF       FARG_Lcd_Out_text+1, 1
0x049A	0xDFB7      	RCALL       _Lcd_Out
;main.c,61 :: 		OS_Delay(2000 ms);
0x049C	0x0ED0      	MOVLW       208
0x049E	0x6F78      	MOVWF       FARG__OS_InitDelay_Delay, 1
0x04A0	0x0E07      	MOVLW       7
0x04A2	0x6F79      	MOVWF       FARG__OS_InitDelay_Delay+1, 1
0x04A4	0x0E00      	MOVLW       0
0x04A6	0x6F7A      	MOVWF       FARG__OS_InitDelay_Delay+2, 1
0x04A8	0x6F7B      	MOVWF       FARG__OS_InitDelay_Delay+3, 1
0x04AA	0xDF07      	RCALL       __OS_InitDelay
0x04AC	0xDF59      	RCALL       __OS_ReturnSave
0x04AE	0x0000      	NOP
;main.c,62 :: 		}
0x04B0	0xD7EB      	BRA         L_Task_Save44
;main.c,63 :: 		}
L_end_Task_Save:
0x04B2	0x0012      	RETURN      0
; end of _Task_Save
_Mul_16X16_U:
;__Lib_Math.c,440 :: 		
;__Lib_Math.c,447 :: 		
0x04B4	0x6A0B      	CLRF        R11, 0
;__Lib_Math.c,448 :: 		
0x04B6	0x6A0A      	CLRF        R10, 0
;__Lib_Math.c,449 :: 		
0x04B8	0x6A09      	CLRF        R9, 0
;__Lib_Math.c,450 :: 		
0x04BA	0x5000      	MOVF        R0, 0, 0
;__Lib_Math.c,451 :: 		
0x04BC	0x0204      	MULWF       R4, 0
;__Lib_Math.c,453 :: 		
0x04BE	0xF009CFF4  	MOVFF       PRODH, R9
;__Lib_Math.c,454 :: 		
0x04C2	0xF008CFF3  	MOVFF       PRODL, R8
;__Lib_Math.c,455 :: 		
0x04C6	0x5001      	MOVF        R1, 0, 0
;__Lib_Math.c,456 :: 		
0x04C8	0x0205      	MULWF       R5, 0
;__Lib_Math.c,458 :: 		
0x04CA	0xF00BCFF4  	MOVFF       PRODH, R11
;__Lib_Math.c,459 :: 		
0x04CE	0xF00ACFF3  	MOVFF       PRODL, R10
;__Lib_Math.c,460 :: 		
0x04D2	0x5000      	MOVF        R0, 0, 0
;__Lib_Math.c,461 :: 		
0x04D4	0x0205      	MULWF       R5, 0
;__Lib_Math.c,463 :: 		
0x04D6	0x50F3      	MOVF        PRODL, 0, 0
;__Lib_Math.c,464 :: 		
0x04D8	0x2609      	ADDWF       R9, 1, 0
;__Lib_Math.c,465 :: 		
0x04DA	0x50F4      	MOVF        PRODH, 0, 0
;__Lib_Math.c,466 :: 		
0x04DC	0x220A      	ADDWFC      R10, 1, 0
;__Lib_Math.c,467 :: 		
0x04DE	0x6AE8      	CLRF        WREG, 0
;__Lib_Math.c,468 :: 		
0x04E0	0x220B      	ADDWFC      R11, 1, 0
;__Lib_Math.c,469 :: 		
0x04E2	0x5001      	MOVF        R1, 0, 0
;__Lib_Math.c,470 :: 		
0x04E4	0x0204      	MULWF       R4, 0
;__Lib_Math.c,472 :: 		
0x04E6	0x50F3      	MOVF        PRODL, 0, 0
;__Lib_Math.c,473 :: 		
0x04E8	0x2609      	ADDWF       R9, 1, 0
;__Lib_Math.c,474 :: 		
0x04EA	0x50F4      	MOVF        PRODH, 0, 0
;__Lib_Math.c,475 :: 		
0x04EC	0x220A      	ADDWFC      R10, 1, 0
;__Lib_Math.c,476 :: 		
0x04EE	0x6AE8      	CLRF        WREG, 0
;__Lib_Math.c,477 :: 		
0x04F0	0x220B      	ADDWFC      R11, 1, 0
;__Lib_Math.c,479 :: 		
0x04F2	0xF000C008  	MOVFF       R8, R0
;__Lib_Math.c,480 :: 		
0x04F6	0xF001C009  	MOVFF       R9, R1
;__Lib_Math.c,481 :: 		
0x04FA	0xF002C00A  	MOVFF       R10, R2
;__Lib_Math.c,482 :: 		
0x04FE	0xF003C00B  	MOVFF       R11, R3
;__Lib_Math.c,485 :: 		
L_end_Mul_16X16_U:
0x0502	0x0012      	RETURN      0
; end of _Mul_16X16_U
__OS_JumpToTask:
;osa_pic18_mikroc.c,64 :: 		
;osa_pic18_mikroc.c,66 :: 		
0x0504	0xDECF      	RCALL       __OS_SET_FSR_CUR_TASK
;osa_pic18_mikroc.c,67 :: 		
0x0506	0xF044CFEE  	MOVFF       POSTINC0, __OS_State
;osa_pic18_mikroc.c,69 :: 		
0x050A	0x0005      	PUSH
;osa_pic18_mikroc.c,70 :: 		
0x050C	0x50EE      	MOVF        POSTINC0, 0, 0
;osa_pic18_mikroc.c,71 :: 		
0x050E	0x6EFD      	MOVWF       TOSL, 0
;osa_pic18_mikroc.c,72 :: 		
0x0510	0x50EE      	MOVF        POSTINC0, 0, 0
;osa_pic18_mikroc.c,73 :: 		
0x0512	0x6EFE      	MOVWF       TOSH, 0
;osa_pic18_mikroc.c,74 :: 		
0x0514	0x50EE      	MOVF        POSTINC0, 0, 0
;osa_pic18_mikroc.c,75 :: 		
0x0516	0x6EFF      	MOVWF       TOSU, 0
;osa_pic18_mikroc.c,76 :: 		
0x0518	0x0012      	RETURN      0
;osa_pic18_mikroc.c,78 :: 		
L_end__OS_JumpToTask:
0x051A	0x0012      	RETURN      0
; end of __OS_JumpToTask
__OS_Task_Create:
;osa_tasks.c,75 :: 		
;osa_tasks.c,79 :: 		
0x051C	0x0100      	MOVLB       0
0x051E	0x936D      	BCF         __OS_Flags, 1, 1
;osa_tasks.c,88 :: 		
0x0520	0x0E45      	MOVLW       __OS_Tasks
0x0522	0x6E01      	MOVWF       R1 
0x0524	0x0E00      	MOVLW       hi_addr(__OS_Tasks)
0x0526	0x6E02      	MOVWF       R2 
;osa_tasks.c,89 :: 		
0x0528	0x6B6B      	CLRF        __OS_Temp, 1
;osa_tasks.c,91 :: 		
L__OS_Task_Create40:
;osa_tasks.c,93 :: 		
0x052A	0xFFE9C001  	MOVFF       R1, FSR0L
0x052E	0xFFEAC002  	MOVFF       R2, FSR0H
0x0532	0xF000CFEE  	MOVFF       POSTINC0, R0
0x0536	0xBC00      	BTFSC       R0, 6 
0x0538	0xD02A      	BRA         L__OS_Task_Create43
;osa_tasks.c,95 :: 		
0x053A	0x8D73      	BSF         FARG__OS_Task_Create_priority, 6, 1
;osa_tasks.c,96 :: 		
0x053C	0x8773      	BSF         FARG__OS_Task_Create_priority, 3, 1
;osa_tasks.c,98 :: 		
0x053E	0x0E01      	MOVLW       1
0x0540	0x2401      	ADDWF       R1, 0 
0x0542	0x6EE1      	MOVWF       FSR1L 
0x0544	0x0E00      	MOVLW       0
0x0546	0x2002      	ADDWFC      R2, 0 
0x0548	0x6EE2      	MOVWF       FSR1H 
0x054A	0xFFE6C074  	MOVFF       FARG__OS_Task_Create_TaskAddr, POSTINC1
0x054E	0xFFE6C075  	MOVFF       FARG__OS_Task_Create_TaskAddr+1, POSTINC1
0x0552	0xFFE6C076  	MOVFF       FARG__OS_Task_Create_TaskAddr+2, POSTINC1
0x0556	0xFFE6C077  	MOVFF       FARG__OS_Task_Create_TaskAddr+3, POSTINC1
;osa_tasks.c,101 :: 		
0x055A	0x0E05      	MOVLW       5
0x055C	0x2401      	ADDWF       R1, 0 
0x055E	0x6EE1      	MOVWF       FSR1L 
0x0560	0x0E00      	MOVLW       0
0x0562	0x2002      	ADDWFC      R2, 0 
0x0564	0x6EE2      	MOVWF       FSR1H 
0x0566	0x6AE6      	CLRF        POSTINC1 
0x0568	0x6AE6      	CLRF        POSTINC1 
0x056A	0x6AE6      	CLRF        POSTINC1 
0x056C	0x6AE6      	CLRF        POSTINC1 
;osa_tasks.c,108 :: 		
0x056E	0xFFE1C001  	MOVFF       R1, FSR1L
0x0572	0xFFE2C002  	MOVFF       R2, FSR1H
0x0576	0xFFE6C073  	MOVFF       FARG__OS_Task_Create_priority, POSTINC1
;osa_tasks.c,111 :: 		
0x057A	0x5002      	MOVF        R2, 0 
0x057C	0x1971      	XORWF       __OS_CurTask+1, 0, 1
0x057E	0xE102      	BNZ         L___OS_Task_Create71
0x0580	0x5170      	MOVF        __OS_CurTask, 0, 1
0x0582	0x1801      	XORWF       R1, 0 
L___OS_Task_Create71:
0x0584	0xE102      	BNZ         L__OS_Task_Create44
0x0586	0xF044C073  	MOVFF       FARG__OS_Task_Create_priority, __OS_State
L__OS_Task_Create44:
;osa_tasks.c,126 :: 		
0x058A	0x936D      	BCF         __OS_Flags, 1, 1
;osa_tasks.c,128 :: 		
0x058C	0xD009      	BRA         L_end__OS_Task_Create
;osa_tasks.c,130 :: 		
L__OS_Task_Create43:
;osa_tasks.c,132 :: 		
0x058E	0x0E09      	MOVLW       9
0x0590	0x2601      	ADDWF       R1, 1 
0x0592	0x0E00      	MOVLW       0
0x0594	0x2202      	ADDWFC      R2, 1 
;osa_tasks.c,134 :: 		
0x0596	0x2B6B      	INCF        __OS_Temp, 1, 1
0x0598	0x0E04      	MOVLW       4
0x059A	0x5D6B      	SUBWF       __OS_Temp, 0, 1
0x059C	0xE3C6      	BNC         L__OS_Task_Create40
;osa_tasks.c,137 :: 		
0x059E	0x836D      	BSF         __OS_Flags, 1, 1
;osa_tasks.c,139 :: 		
;osa_tasks.c,140 :: 		
L_end__OS_Task_Create:
0x05A0	0x0012      	RETURN      0
; end of __OS_Task_Create
_TickTimerIE:
;timer.c,3 :: 		void TickTimerIE(void)
;timer.c,6 :: 		T2CON = T2CON_CONST;
0x05A2	0x0E4D      	MOVLW       77
0x05A4	0x6EBA      	MOVWF       T2CON 
;timer.c,7 :: 		PR2 = PR2_CONST;
0x05A6	0x0E31      	MOVLW       49
0x05A8	0x6EBB      	MOVWF       PR2 
;timer.c,9 :: 		INTCON.GIEH = 1;
0x05AA	0x8EF2      	BSF         INTCON, 7 
;timer.c,10 :: 		INTCON.GIEL = 1;
0x05AC	0x8CF2      	BSF         INTCON, 6 
;timer.c,11 :: 		RCON.IPEN = 1;
0x05AE	0x8ED0      	BSF         RCON, 7 
;timer.c,13 :: 		TMR2IE_bit = 1;
0x05B0	0x829D      	BSF         TMR2IE_bit, BitPos(TMR2IE_bit+0) 
;timer.c,14 :: 		TMR2IP_bit = 1;
0x05B2	0x829F      	BSF         TMR2IP_bit, BitPos(TMR2IP_bit+0) 
;timer.c,15 :: 		T2CON.TMR2ON = 1;
0x05B4	0x84BA      	BSF         T2CON, 2 
;timer.c,16 :: 		}
L_end_TickTimerIE:
0x05B6	0x0012      	RETURN      0
; end of _TickTimerIE
___CC2DW:
;__Lib_System.c,21 :: 		
;__Lib_System.c,23 :: 		
_CC2DL_Loop1:
;__Lib_System.c,24 :: 		
0x05B8	0x0009      	TBLRD*+
;__Lib_System.c,25 :: 		
0x05BA	0xFFE6CFF5  	MOVFF       TABLAT, POSTINC1
;__Lib_System.c,26 :: 		
0x05BE	0x0600      	DECF        R0, 1, 0
;__Lib_System.c,27 :: 		
0x05C0	0xE1FB      	BNZ         _CC2DL_Loop1
;__Lib_System.c,28 :: 		
0x05C2	0x0601      	DECF        R1, 1, 0
;__Lib_System.c,29 :: 		
0x05C4	0xE1F9      	BNZ         _CC2DL_Loop1
;__Lib_System.c,31 :: 		
L_end___CC2DW:
0x05C6	0x0012      	RETURN      0
; end of ___CC2DW
_Task_Load:
;main.c,47 :: 		void Task_Load(void)
;main.c,49 :: 		for(;;)
L_Task_Load41:
;main.c,51 :: 		Lcd_Out(1,1, (char*)UserMenu[0].strMenu);
0x05C8	0x0E01      	MOVLW       1
0x05CA	0x0100      	MOVLB       0
0x05CC	0x6F78      	MOVWF       FARG_Lcd_Out_row, 1
0x05CE	0x0E01      	MOVLW       1
0x05D0	0x6F79      	MOVWF       FARG_Lcd_Out_column, 1
0x05D2	0x0E34      	MOVLW       ?lstr1_main
0x05D4	0x6F7A      	MOVWF       FARG_Lcd_Out_text, 1
0x05D6	0x0E00      	MOVLW       hi_addr(?lstr1_main)
0x05D8	0x6F7B      	MOVWF       FARG_Lcd_Out_text+1, 1
0x05DA	0xDF17      	RCALL       _Lcd_Out
;main.c,52 :: 		OS_Delay(2000 ms);
0x05DC	0x0ED0      	MOVLW       208
0x05DE	0x6F78      	MOVWF       FARG__OS_InitDelay_Delay, 1
0x05E0	0x0E07      	MOVLW       7
0x05E2	0x6F79      	MOVWF       FARG__OS_InitDelay_Delay+1, 1
0x05E4	0x0E00      	MOVLW       0
0x05E6	0x6F7A      	MOVWF       FARG__OS_InitDelay_Delay+2, 1
0x05E8	0x6F7B      	MOVWF       FARG__OS_InitDelay_Delay+3, 1
0x05EA	0xDE67      	RCALL       __OS_InitDelay
0x05EC	0xDEB9      	RCALL       __OS_ReturnSave
0x05EE	0x0000      	NOP
;main.c,53 :: 		}
0x05F0	0xD7EB      	BRA         L_Task_Load41
;main.c,54 :: 		}
L_end_Task_Load:
0x05F2	0x0012      	RETURN      0
; end of _Task_Load
_Mul_32x32_U:
;__Lib_Math.c,1616 :: 		
;__Lib_Math.c,1631 :: 		
0x05F4	0x0E22      	MOVLW       34
;__Lib_Math.c,1632 :: 		
0x05F6	0x6E0C      	MOVWF       R12, 0
;__Lib_Math.c,1633 :: 		
0x05F8	0x6A08      	CLRF        R8, 0
;__Lib_Math.c,1634 :: 		
0x05FA	0x6A09      	CLRF        R9, 0
;__Lib_Math.c,1635 :: 		
0x05FC	0x6A0A      	CLRF        R10, 0
;__Lib_Math.c,1636 :: 		
0x05FE	0x6A0B      	CLRF        R11, 0
;__Lib_Math.c,1638 :: 		
_NEXT:
;__Lib_Math.c,1642 :: 		
0x0600	0x060C      	DECF        R12, 1, 0
;__Lib_Math.c,1643 :: 		
0x0602	0xB4D8      	BTFSC       STATUS, 2, 0
;__Lib_Math.c,1644 :: 		
0x0604	0xD01F      	BRA         _EXIT2
;__Lib_Math.c,1645 :: 		
0x0606	0x90D8      	BCF         STATUS, 0, 0
;__Lib_Math.c,1647 :: 		
_LOOP:
;__Lib_Math.c,1656 :: 		
0x0608	0x320B      	RRCF        R11, 1, 0
;__Lib_Math.c,1657 :: 		
0x060A	0x320A      	RRCF        R10, 1, 0
;__Lib_Math.c,1658 :: 		
0x060C	0x3209      	RRCF        R9, 1, 0
;__Lib_Math.c,1659 :: 		
0x060E	0x3208      	RRCF        R8, 1, 0
;__Lib_Math.c,1660 :: 		
0x0610	0x3203      	RRCF        R3, 1, 0
;__Lib_Math.c,1661 :: 		
0x0612	0x3202      	RRCF        R2, 1, 0
;__Lib_Math.c,1662 :: 		
0x0614	0x3201      	RRCF        R1, 1, 0
;__Lib_Math.c,1663 :: 		
0x0616	0x3200      	RRCF        R0, 1, 0
;__Lib_Math.c,1668 :: 		
0x0618	0xA0D8      	BTFSS       STATUS, 0, 0
;__Lib_Math.c,1669 :: 		
0x061A	0xD7F2      	BRA         _NEXT
;__Lib_Math.c,1670 :: 		
0x061C	0x060C      	DECF        R12, 1, 0
;__Lib_Math.c,1671 :: 		
0x061E	0xB4D8      	BTFSC       STATUS, 2, 0
;__Lib_Math.c,1672 :: 		
0x0620	0xD009      	BRA         _EXIT1
;__Lib_Math.c,1679 :: 		
0x0622	0x5004      	MOVF        R4, 0, 0
;__Lib_Math.c,1680 :: 		
0x0624	0x2608      	ADDWF       R8, 1, 0
;__Lib_Math.c,1681 :: 		
0x0626	0x5005      	MOVF        R5, 0, 0
;__Lib_Math.c,1684 :: 		
0x0628	0x2209      	ADDWFC      R9, 1, 0
;__Lib_Math.c,1685 :: 		
0x062A	0x5006      	MOVF        R6, 0, 0
;__Lib_Math.c,1688 :: 		
0x062C	0x220A      	ADDWFC      R10, 1, 0
;__Lib_Math.c,1689 :: 		
0x062E	0x5007      	MOVF        R7, 0, 0
;__Lib_Math.c,1692 :: 		
0x0630	0x220B      	ADDWFC      R11, 1, 0
;__Lib_Math.c,1694 :: 		
0x0632	0xD7EA      	BRA         _LOOP
;__Lib_Math.c,1696 :: 		
_EXIT1:
;__Lib_Math.c,1701 :: 		
0x0634	0x5004      	MOVF        R4, 0, 0
;__Lib_Math.c,1702 :: 		
0x0636	0x2608      	ADDWF       R8, 1, 0
;__Lib_Math.c,1703 :: 		
0x0638	0x5005      	MOVF        R5, 0, 0
;__Lib_Math.c,1706 :: 		
0x063A	0x2209      	ADDWFC      R9, 1, 0
;__Lib_Math.c,1707 :: 		
0x063C	0x5006      	MOVF        R6, 0, 0
;__Lib_Math.c,1710 :: 		
0x063E	0x220A      	ADDWFC      R10, 1, 0
;__Lib_Math.c,1711 :: 		
0x0640	0x5007      	MOVF        R7, 0, 0
;__Lib_Math.c,1714 :: 		
0x0642	0x220B      	ADDWFC      R11, 1, 0
;__Lib_Math.c,1717 :: 		
_EXIT2:
;__Lib_Math.c,1719 :: 		
L_end_Mul_32x32_U:
0x0644	0x0012      	RETURN      0
; end of _Mul_32x32_U
_Task_View:
;main.c,65 :: 		void Task_View(void)
;main.c,67 :: 		for(;;)
L_Task_View47:
;main.c,69 :: 		Lcd_Out(2,1, (char*)UserMenu[2].strMenu);
0x0646	0x0E02      	MOVLW       2
0x0648	0x0100      	MOVLB       0
0x064A	0x6F78      	MOVWF       FARG_Lcd_Out_row, 1
0x064C	0x0E01      	MOVLW       1
0x064E	0x6F79      	MOVWF       FARG_Lcd_Out_column, 1
0x0650	0x0E25      	MOVLW       ?lstr3_main
0x0652	0x6F7A      	MOVWF       FARG_Lcd_Out_text, 1
0x0654	0x0E00      	MOVLW       hi_addr(?lstr3_main)
0x0656	0x6F7B      	MOVWF       FARG_Lcd_Out_text+1, 1
0x0658	0xDED8      	RCALL       _Lcd_Out
;main.c,70 :: 		OS_Delay(2000 ms);
0x065A	0x0ED0      	MOVLW       208
0x065C	0x6F78      	MOVWF       FARG__OS_InitDelay_Delay, 1
0x065E	0x0E07      	MOVLW       7
0x0660	0x6F79      	MOVWF       FARG__OS_InitDelay_Delay+1, 1
0x0662	0x0E00      	MOVLW       0
0x0664	0x6F7A      	MOVWF       FARG__OS_InitDelay_Delay+2, 1
0x0666	0x6F7B      	MOVWF       FARG__OS_InitDelay_Delay+3, 1
0x0668	0xDE28      	RCALL       __OS_InitDelay
0x066A	0xDE7A      	RCALL       __OS_ReturnSave
0x066C	0x0000      	NOP
;main.c,71 :: 		}
0x066E	0xD7EB      	BRA         L_Task_View47
;main.c,72 :: 		}
L_end_Task_View:
0x0670	0x0012      	RETURN      0
; end of _Task_View
_InitLCD:
;lcd.c,3 :: 		void InitLCD(void)
;lcd.c,5 :: 		Lcd_Init();                        // Initialize LCD
0x0672	0xDE80      	RCALL       _Lcd_Init
;lcd.c,6 :: 		Lcd_Cmd(_LCD_CLEAR);               // Clear display
0x0674	0x0E01      	MOVLW       1
0x0676	0x0100      	MOVLB       0
0x0678	0x6F7E      	MOVWF       FARG_Lcd_Cmd_out_char, 1
0x067A	0xDDD5      	RCALL       _Lcd_Cmd
;lcd.c,7 :: 		Lcd_Cmd(_LCD_CURSOR_OFF);          // Cursor off
0x067C	0x0E0C      	MOVLW       12
0x067E	0x6F7E      	MOVWF       FARG_Lcd_Cmd_out_char, 1
0x0680	0xDDD2      	RCALL       _Lcd_Cmd
;lcd.c,9 :: 		}
L_end_InitLCD:
0x0682	0x0012      	RETURN      0
; end of _InitLCD
_Task_Edit:
;main.c,74 :: 		void Task_Edit(void)
;main.c,76 :: 		for(;;)
L_Task_Edit50:
;main.c,78 :: 		Lcd_Out(2,8, (char*)UserMenu[3].strMenu);
0x0684	0x0E02      	MOVLW       2
0x0686	0x0100      	MOVLB       0
0x0688	0x6F78      	MOVWF       FARG_Lcd_Out_row, 1
0x068A	0x0E08      	MOVLW       8
0x068C	0x6F79      	MOVWF       FARG_Lcd_Out_column, 1
0x068E	0x0E2F      	MOVLW       ?lstr4_main
0x0690	0x6F7A      	MOVWF       FARG_Lcd_Out_text, 1
0x0692	0x0E00      	MOVLW       hi_addr(?lstr4_main)
0x0694	0x6F7B      	MOVWF       FARG_Lcd_Out_text+1, 1
0x0696	0xDEB9      	RCALL       _Lcd_Out
;main.c,79 :: 		OS_Delay(2000 ms);
0x0698	0x0ED0      	MOVLW       208
0x069A	0x6F78      	MOVWF       FARG__OS_InitDelay_Delay, 1
0x069C	0x0E07      	MOVLW       7
0x069E	0x6F79      	MOVWF       FARG__OS_InitDelay_Delay+1, 1
0x06A0	0x0E00      	MOVLW       0
0x06A2	0x6F7A      	MOVWF       FARG__OS_InitDelay_Delay+2, 1
0x06A4	0x6F7B      	MOVWF       FARG__OS_InitDelay_Delay+3, 1
0x06A6	0xDE09      	RCALL       __OS_InitDelay
0x06A8	0xDE5B      	RCALL       __OS_ReturnSave
0x06AA	0x0000      	NOP
;main.c,80 :: 		}
0x06AC	0xD7EB      	BRA         L_Task_Edit50
;main.c,81 :: 		}
L_end_Task_Edit:
0x06AE	0x0012      	RETURN      0
; end of _Task_Edit
_OS_Init:
;osa_system.c,67 :: 		
;osa_system.c,72 :: 		
0x06B0	0x0100      	MOVLB       0
0x06B2	0x6B6D      	CLRF        __OS_Flags, 1
;osa_system.c,81 :: 		
0x06B4	0x0E60      	MOVLW       __OS_Tasks+27
0x06B6	0x6F6E      	MOVWF       __OS_LastTask, 1
0x06B8	0x0E00      	MOVLW       hi_addr(__OS_Tasks+27)
0x06BA	0x6F6F      	MOVWF       __OS_LastTask+1, 1
;osa_system.c,238 :: 		
0x06BC	0x0E03      	MOVLW       3
0x06BE	0x6E39      	MOVWF       __OS_StimersFree 
;osa_system.c,260 :: 		
0x06C0	0x6A43      	CLRF        __OS_Bsems 
;osa_system.c,326 :: 		
0x06C2	0x9C45      	BCF         __OS_Tasks, 6 
;osa_system.c,329 :: 		
0x06C4	0x9C4E      	BCF         __OS_Tasks+9, 6 
;osa_system.c,333 :: 		
0x06C6	0x9C57      	BCF         __OS_Tasks+18, 6 
;osa_system.c,337 :: 		
0x06C8	0x9D60      	BCF         __OS_Tasks+27, 6, 1
;osa_system.c,394 :: 		
L_end_OS_Init:
0x06CA	0x0012      	RETURN      0
; end of _OS_Init
_InitMCU:
;bsp.c,3 :: 		void InitMCU(void)
;bsp.c,6 :: 		ANSELA = 0;
0x06CC	0x010F      	MOVLB       15
0x06CE	0x6B38      	CLRF        ANSELA, 1
;bsp.c,7 :: 		ANSELB = 0;
0x06D0	0x6B39      	CLRF        ANSELB, 1
;bsp.c,8 :: 		ANSELC = 0;
0x06D2	0x6B3A      	CLRF        ANSELC, 1
;bsp.c,9 :: 		ANSELD = 0;
0x06D4	0x6B3B      	CLRF        ANSELD, 1
;bsp.c,10 :: 		ANSELE = 0;
0x06D6	0x6B3C      	CLRF        ANSELE, 1
;bsp.c,15 :: 		TRISD = 0;        //PORTD configurado como Saída
0x06D8	0x6A95      	CLRF        TRISD 
;bsp.c,16 :: 		PORTD = 0;        //LEDs OFF
0x06DA	0x6A83      	CLRF        PORTD 
;bsp.c,18 :: 		TRISA = 0;
0x06DC	0x6A92      	CLRF        TRISA 
;bsp.c,19 :: 		PORTA = 0;
0x06DE	0x6A80      	CLRF        PORTA 
;bsp.c,21 :: 		TRISE.RE0 = 1;    //Button0
0x06E0	0x8096      	BSF         TRISE, 0 
;bsp.c,22 :: 		PORTE.RE0 = 1;
0x06E2	0x8084      	BSF         PORTE, 0 
;bsp.c,24 :: 		TRISE.RE1 = 1;    //Button0
0x06E4	0x8296      	BSF         TRISE, 1 
;bsp.c,25 :: 		PORTE.RE1 = 1;
0x06E6	0x8284      	BSF         PORTE, 1 
;bsp.c,26 :: 		}
L_end_InitMCU:
0x06E8	0x0012      	RETURN      0
; end of _InitMCU
_main:
0x06EA	0xF004EC4A  	CALL        2196, 0
;main.c,19 :: 		void main (void)
;main.c,23 :: 		InitMCU();                         //Inicializa os periféricos do MCU
0x06EE	0xDFEE      	RCALL       _InitMCU
;main.c,24 :: 		TickTimerIE();                     //Configura e habilita a Interrupção TickTimer
0x06F0	0xDF58      	RCALL       _TickTimerIE
;main.c,25 :: 		InitLCD();
0x06F2	0xDFBF      	RCALL       _InitLCD
;main.c,27 :: 		OS_Init();                         //Inicializa RTO's
0x06F4	0xDFDD      	RCALL       _OS_Init
;main.c,35 :: 		for(i = 0; i < 4; ++i)
0x06F6	0x6B72      	CLRF        main_i_L0, 1
L_main10:
0x06F8	0x0E04      	MOVLW       4
0x06FA	0x5D72      	SUBWF       main_i_L0, 0, 1
0x06FC	0xE22C      	BC          L_main11
;main.c,37 :: 		OS_Task_CreateP(0, UserMenu[i].Func);
0x06FE	0x6B73      	CLRF        FARG__OS_Task_Create_priority, 1
0x0700	0x0E06      	MOVLW       6
0x0702	0x6E00      	MOVWF       R0 
0x0704	0x0E00      	MOVLW       0
0x0706	0x6E01      	MOVWF       R1 
0x0708	0x6E02      	MOVWF       R2 
0x070A	0x6E03      	MOVWF       R3 
0x070C	0xF004C072  	MOVFF       main_i_L0, R4
0x0710	0x0E00      	MOVLW       0
0x0712	0x6E05      	MOVWF       R5 
0x0714	0x6E06      	MOVWF       R6 
0x0716	0x6E07      	MOVWF       R7 
0x0718	0xDF6D      	RCALL       _Mul_32x32_U
0x071A	0x0E68      	MOVLW       _UserMenu
0x071C	0x2600      	ADDWF       R0, 1 
0x071E	0x0E08      	MOVLW       hi_addr(_UserMenu)
0x0720	0x2201      	ADDWFC      R1, 1 
0x0722	0x0E00      	MOVLW       higher_addr(_UserMenu)
0x0724	0x2202      	ADDWFC      R2, 1 
0x0726	0x0E02      	MOVLW       2
0x0728	0x2400      	ADDWF       R0, 0 
0x072A	0x6EF6      	MOVWF       4086 
0x072C	0x0E00      	MOVLW       0
0x072E	0x2001      	ADDWFC      R1, 0 
0x0730	0x6EF7      	MOVWF       TBLPTRH 
0x0732	0x0E00      	MOVLW       0
0x0734	0x2002      	ADDWFC      R2, 0 
0x0736	0x6EF8      	MOVWF       TBLPTRU 
0x0738	0x0009      	TBLRD*+
0x073A	0xF074CFF5  	MOVFF       TABLAT, FARG__OS_Task_Create_TaskAddr
0x073E	0x0009      	TBLRD*+
0x0740	0xF075CFF5  	MOVFF       TABLAT, FARG__OS_Task_Create_TaskAddr+1
0x0744	0x0009      	TBLRD*+
0x0746	0xF076CFF5  	MOVFF       TABLAT, FARG__OS_Task_Create_TaskAddr+2
0x074A	0x0009      	TBLRD*+
0x074C	0xF077CFF5  	MOVFF       TABLAT, FARG__OS_Task_Create_TaskAddr+3
0x0750	0xDEE5      	RCALL       __OS_Task_Create
;main.c,35 :: 		for(i = 0; i < 4; ++i)
0x0752	0x2B72      	INCF        main_i_L0, 1, 1
;main.c,38 :: 		}
0x0754	0xD7D1      	BRA         L_main10
L_main11:
;main.c,40 :: 		OS_EI();
0x0756	0x8EF2      	BSF         GIE_bit, BitPos(GIE_bit+0) 
0x0758	0xBED0      	BTFSC       IPEN_bit, BitPos(IPEN_bit+0) 
0x075A	0x8CF2      	BSF         GIEL_bit, BitPos(GIEL_bit+0) 
L_main13:
;main.c,42 :: 		OS_Run();
L_main14:
0x075C	0x996D      	BCF         __OS_Flags, 4, 1
0x075E	0x876D      	BSF         __OS_Flags, 3, 1
0x0760	0x0E08      	MOVLW       8
0x0762	0x6F6C      	MOVWF       __OS_Best_Priority, 1
0x0764	0xF070C06E  	MOVFF       __OS_LastTask, __OS_CurTask
0x0768	0xF071C06F  	MOVFF       __OS_LastTask+1, __OS_CurTask+1
L_main17:
0x076C	0x0E00      	MOVLW       hi_addr(__OS_Tasks+27)
0x076E	0x5D71      	SUBWF       __OS_CurTask+1, 0, 1
0x0770	0xE102      	BNZ         L__main60
0x0772	0x0E60      	MOVLW       __OS_Tasks+27
0x0774	0x5D70      	SUBWF       __OS_CurTask, 0, 1
L__main60:
0x0776	0xE305      	BNC         L_main20
0x0778	0x0E45      	MOVLW       __OS_Tasks
0x077A	0x6F70      	MOVWF       __OS_CurTask, 1
0x077C	0x0E00      	MOVLW       hi_addr(__OS_Tasks)
0x077E	0x6F71      	MOVWF       __OS_CurTask+1, 1
0x0780	0xD00A      	BRA         L_main21
L_main20:
0x0782	0x0E09      	MOVLW       9
0x0784	0x2570      	ADDWF       __OS_CurTask, 0, 1
0x0786	0x6E00      	MOVWF       R0 
0x0788	0x0E00      	MOVLW       0
0x078A	0x2171      	ADDWFC      __OS_CurTask+1, 0, 1
0x078C	0x6E01      	MOVWF       R1 
0x078E	0xF070C000  	MOVFF       R0, __OS_CurTask
0x0792	0xF071C001  	MOVFF       R1, __OS_CurTask+1
L_main21:
0x0796	0xFFE9C070  	MOVFF       __OS_CurTask, FSR0L
0x079A	0xFFEAC071  	MOVFF       __OS_CurTask+1, FSR0H
0x079E	0x0E01      	MOVLW       1
0x07A0	0x6E00      	MOVWF       R0 
0x07A2	0x0E44      	MOVLW       __OS_State
0x07A4	0x6EE1      	MOVWF       FSR1L 
0x07A6	0x0E00      	MOVLW       hi_addr(__OS_State)
0x07A8	0x6EE2      	MOVWF       FSR1H 
L_main22:
0x07AA	0xFFE6CFEE  	MOVFF       POSTINC0, POSTINC1
0x07AE	0x0600      	DECF        R0, 1 
0x07B0	0xE1FC      	BNZ         L_main22
0x07B2	0xAC44      	BTFSS       __OS_State, 6 
0x07B4	0xD003      	BRA         L__main56
0x07B6	0xBE44      	BTFSC       __OS_State, 7 
0x07B8	0xD001      	BRA         L__main56
0x07BA	0xD001      	BRA         L_main25
L__main56:
0x07BC	0xD02E      	BRA         ___main__OS_SCHED_CONTINUE
L_main25:
0x07BE	0xF000C044  	MOVFF       __OS_State, R0
0x07C2	0x0E07      	MOVLW       7
0x07C4	0x1600      	ANDWF       R0, 1 
0x07C6	0xF06BC000  	MOVFF       R0, __OS_Temp
0x07CA	0x516C      	MOVF        __OS_Best_Priority, 0, 1
0x07CC	0x5D6B      	SUBWF       __OS_Temp, 0, 1
0x07CE	0xE301      	BNC         L_main26
0x07D0	0xD024      	BRA         ___main__OS_SCHED_CONTINUE
L_main26:
0x07D2	0xB644      	BTFSC       __OS_State, 3 
0x07D4	0xD00C      	BRA         L_main27
___main__OS_SCHED_RUN:
0x07D6	0xDE96      	RCALL       __OS_JumpToTask
0x07D8	0xDD65      	RCALL       __OS_SET_FSR_CUR_TASK
0x07DA	0x0ED7      	MOVLW       215
0x07DC	0x16EF      	ANDWF       __indf, 1 
0x07DE	0x0E28      	MOVLW       40
0x07E0	0x1444      	ANDWF       __OS_State, 0 
0x07E2	0x6E00      	MOVWF       R0 
0x07E4	0x5000      	MOVF        R0, 0 
0x07E6	0x12EF      	IORWF       __indf, 1 
0x07E8	0xB76D      	BTFSC       __OS_Flags, 3, 1
0x07EA	0xD001      	BRA         L_main28
0x07EC	0xD03B      	BRA         ___main_SCHED_END
L_main28:
L_main27:
0x07EE	0xA844      	BTFSS       __OS_State, 4 
0x07F0	0xD003      	BRA         L_main31
0x07F2	0xBA44      	BTFSC       __OS_State, 5 
0x07F4	0xD001      	BRA         L_main31
L__main55:
0x07F6	0xD011      	BRA         ___main__OS_SCHED_CONTINUE
L_main31:
0x07F8	0xA644      	BTFSS       __OS_State, 3 
0x07FA	0xD00F      	BRA         L_main32
0x07FC	0x896D      	BSF         __OS_Flags, 4, 1
0x07FE	0xF069C070  	MOVFF       __OS_CurTask, __OS_BestTask
0x0802	0xF06AC071  	MOVFF       __OS_CurTask+1, __OS_BestTask+1
0x0806	0xF000C044  	MOVFF       __OS_State, R0
0x080A	0x0E07      	MOVLW       7
0x080C	0x1600      	ANDWF       R0, 1 
0x080E	0xF06CC000  	MOVFF       R0, __OS_Best_Priority
0x0812	0x516C      	MOVF        __OS_Best_Priority, 0, 1
0x0814	0x0A00      	XORLW       0
0x0816	0xE101      	BNZ         L_main33
0x0818	0xD007      	BRA         L_main18
L_main33:
L_main32:
___main__OS_SCHED_CONTINUE:
0x081A	0x5171      	MOVF        __OS_CurTask+1, 0, 1
0x081C	0x196F      	XORWF       __OS_LastTask+1, 0, 1
0x081E	0xE102      	BNZ         L__main61
0x0820	0x516E      	MOVF        __OS_LastTask, 0, 1
0x0822	0x1970      	XORWF       __OS_CurTask, 0, 1
L__main61:
0x0824	0xE001      	BZ          L__main54
0x0826	0xD7A2      	BRA         L_main17
L__main54:
L_main18:
0x0828	0xA96D      	BTFSS       __OS_Flags, 4, 1
0x082A	0xD01C      	BRA         L_main36
0x082C	0x976D      	BCF         __OS_Flags, 3, 1
0x082E	0xF070C069  	MOVFF       __OS_BestTask, __OS_CurTask
0x0832	0xF071C06A  	MOVFF       __OS_BestTask+1, __OS_CurTask+1
0x0836	0xF06EC070  	MOVFF       __OS_CurTask, __OS_LastTask
0x083A	0xF06FC071  	MOVFF       __OS_CurTask+1, __OS_LastTask+1
0x083E	0xFFE9C070  	MOVFF       __OS_CurTask, FSR0L
0x0842	0xFFEAC071  	MOVFF       __OS_CurTask+1, FSR0H
0x0846	0x0E01      	MOVLW       1
0x0848	0x6E00      	MOVWF       R0 
0x084A	0x0E44      	MOVLW       __OS_State
0x084C	0x6EE1      	MOVWF       FSR1L 
0x084E	0x0E00      	MOVLW       hi_addr(__OS_State)
0x0850	0x6EE2      	MOVWF       FSR1H 
L_main37:
0x0852	0xFFE6CFEE  	MOVFF       POSTINC0, POSTINC1
0x0856	0x0600      	DECF        R0, 1 
0x0858	0xE1FC      	BNZ         L_main37
0x085A	0xAC44      	BTFSS       __OS_State, 6 
0x085C	0xD003      	BRA         L_main40
0x085E	0xBE44      	BTFSC       __OS_State, 7 
0x0860	0xD001      	BRA         L_main40
L__main53:
0x0862	0xD7B9      	BRA         ___main__OS_SCHED_RUN
L_main40:
L_main36:
___main_SCHED_END:
0x0864	0xD77B      	BRA         L_main14
;main.c,44 :: 		}
L_end_main:
0x0866	0xD7FF      	BRA         $+0
; end of _main
0x0894	0xF025EE10  	LFSR        1, 37
0x0898	0x0E14      	MOVLW       20
0x089A	0x6E00      	MOVWF       R0 
0x089C	0x0E01      	MOVLW       1
0x089E	0x6E01      	MOVWF       R1 
0x08A0	0x0E80      	MOVLW       128
0x08A2	0x6EF6      	MOVWF       4086 
0x08A4	0x0E08      	MOVLW       8
0x08A6	0x6EF7      	MOVWF       TBLPTRH 
0x08A8	0x0E00      	MOVLW       0
0x08AA	0x6EF8      	MOVWF       TBLPTRU 
0x08AC	0xF002ECDC  	CALL        1464, 0
0x08B0	0x0012      	RETURN      0
;main.c,23 :: _UserMenu
0x0868	0x0034 ;_UserMenu+0
0x086A	0x05C8 ;_UserMenu+2
0x086C	0x0000 ;_UserMenu+4
0x086E	0x002A ;_UserMenu+6
0x0870	0x0488 ;_UserMenu+8
0x0872	0x0000 ;_UserMenu+10
0x0874	0x0025 ;_UserMenu+12
0x0876	0x0646 ;_UserMenu+14
0x0878	0x0000 ;_UserMenu+16
0x087A	0x002F ;_UserMenu+18
0x087C	0x0684 ;_UserMenu+20
0x087E	0x0000 ;_UserMenu+22
; end of _UserMenu
;main.c,0 :: ?ICS?lstr3_main
0x0880	0x6956 ;?ICS?lstr3_main+0
0x0882	0x7765 ;?ICS?lstr3_main+2
0x0884	0x00 ;?ICS?lstr3_main+4
; end of ?ICS?lstr3_main
;main.c,0 :: ?ICS?lstr2_main
0x0885	0x6153 ;?ICS?lstr2_main+0
0x0887	0x6576 ;?ICS?lstr2_main+2
0x0889	0x00 ;?ICS?lstr2_main+4
; end of ?ICS?lstr2_main
;main.c,0 :: ?ICS?lstr4_main
0x088A	0x6445 ;?ICS?lstr4_main+0
0x088C	0x7469 ;?ICS?lstr4_main+2
0x088E	0x00 ;?ICS?lstr4_main+4
; end of ?ICS?lstr4_main
;main.c,0 :: ?ICS?lstr1_main
0x088F	0x6F4C ;?ICS?lstr1_main+0
0x0891	0x6461 ;?ICS?lstr1_main+2
0x0893	0x00 ;?ICS?lstr1_main+4
; end of ?ICS?lstr1_main
Symbol List:
//** Routines locations **
//ADDRESS    SIZE    PROCEDURE
//----------------------------------------------
0x0008     [504]    _INTERRUPT_HIGH
0x0200      [10]    _Delay_50us
0x020A      [22]    _Delay_5500us
0x0220       [6]    _Delay_1us
0x0226     [126]    _Lcd_Cmd
0x02A4      [10]    __OS_SET_FSR_CUR_TASK
0x02AE      [12]    _Lcd_Chr_CP
0x02BA     [166]    __OS_InitDelay
0x0360      [20]    __OS_ReturnSave
0x0374     [150]    _Lcd_Init
0x040A     [126]    _Lcd_Out
0x0488      [44]    _Task_Save
0x04B4      [80]    _Mul_16X16_U
0x0504      [24]    __OS_JumpToTask
0x051C     [134]    __OS_Task_Create
0x05A2      [22]    _TickTimerIE
0x05B8      [16]    ___CC2DW
0x05C8      [44]    _Task_Load
0x05F4      [82]    _Mul_32x32_U
0x0646      [44]    _Task_View
0x0672      [18]    _InitLCD
0x0684      [44]    _Task_Edit
0x06B0      [28]    _OS_Init
0x06CC      [30]    _InitMCU
0x06EA     [382]    _main
//** Variables locations ** 
//ADDRESS    SIZE    VARIABLE
//----------------------------------------------
0x0000       [1]    EEPROM_Write_SaveINTCON_L0
0x0000       [1]    R0
0x0000       [1]    UART2_Init_tmp_L0
0x0000       [1]    UART1_Init_tmp_L0
0x0001       [1]    R1
0x0001       [1]    UART2_Read___tmp_UART2_Read_L0
0x0001       [2]    _OS_Task_Create_Task_L0
0x0001       [1]    OS_DI_temp_L0
0x0001       [1]    UART1_Read___tmp_UART1_Read_L0
0x0002       [2]    memcpy_dd_L0
0x0002       [1]    R2
0x0002       [2]    strlen_cp_L0
0x0002       [2]    memchr_s_L0
0x0002       [2]    memset_pp_L0
0x0003       [2]    memmove_tt_L0
0x0003       [1]    _OS_Stimer_GetFree_n_L0
0x0003       [2]    Ltrim_original_L0
0x0003       [1]    R3
0x0004       [3]    _OS_Queue_Send_I_q_L0
0x0004       [2]    strncpy_cp_L0
0x0004       [2]    strcpy_cp_L0
0x0004       [2]    memcpy_ss_L0
0x0004       [1]    R4
0x0004       [2]    strcat_cp_L0
0x0004       [1]    _OS_Stimer_GetFree_i_L0
0x0004       [2]    strncat_cp_L0
0x0004       [3]    _OS_Queue_Send_q_L0
0x0005       [2]    memmove_ff_L0
0x0005       [1]    R5
0x0005       [3]    _OS_Queue_Get_q_L0
0x0005       [3]    _OS_Queue_Get_I_q_L0
0x0005       [2]    LongWordToHex_input_half_L0
0x0005       [2]    LongIntToHex_input_half_L0
0x0005       [1]    _OS_Stimer_GetFree_temp_L0
0x0005       [2]    Ltrim_p_L0
0x0006       [1]    R6
0x0006       [1]    _OS_Stimer_GetFree_mask_L0
0x0007       [2]    _OS_Queue_Send_temp_L0
0x0007       [1]    R7
0x0007       [2]    _OS_Queue_Send_I_temp_L0
0x0008       [1]    R8
0x0008       [1]    _OS_Queue_Get_temp_L0
0x0008       [1]    _OS_Queue_Get_I_temp_L0
0x0009       [1]    R9
0x000A       [1]    R10
0x000B       [1]    R11
0x000C       [1]    R12
0x000D       [1]    R13
0x000E       [1]    R14
0x000F       [1]    R15
0x0010       [1]    R16
0x0011       [1]    R17
0x0012       [1]    R18
0x0013       [1]    R19
0x0014       [1]    R20
0x0025       [5]    ?lstr3_main
0x002A       [5]    ?lstr2_main
0x002F       [5]    ?lstr4_main
0x0034       [5]    ?lstr1_main
0x0039       [1]    __OS_StimersFree
0x003A       [0]    __Lib_Lcd_cmd_status
0x003B       [8]    __OS_Stimers
0x0043       [1]    __OS_Bsems
0x0044       [1]    __OS_State
0x0045      [36]    __OS_Tasks
0x0069       [2]    __OS_BestTask
0x006B       [1]    __OS_Temp
0x006C       [1]    __OS_Best_Priority
0x006D       [1]    __OS_Flags
0x006E       [2]    __OS_LastTask
0x0070       [2]    __OS_CurTask
0x0072       [1]    main_i_L0
0x0073       [1]    FARG__OS_Task_Create_priority
0x0074       [4]    FARG__OS_Task_Create_TaskAddr
0x0078       [1]    FARG_Lcd_Out_row
0x0078       [4]    FARG__OS_InitDelay_Delay
0x0079       [1]    FARG_Lcd_Out_column
0x007A       [2]    FARG_Lcd_Out_text
0x007C       [1]    Lcd_Out_i_L0
0x007D       [1]    FARG_Lcd_Chr_CP_out_char
0x007E       [1]    FARG_Lcd_Cmd_out_char
0x007F       [1]    INTERRUPT_HIGH__os_i_L3
0x0080       [1]    INTERRUPT_HIGH__os_i_L3_L3
0x0F38       [1]    ANSELA
0x0F39       [1]    ANSELB
0x0F3A       [1]    ANSELC
0x0F3B       [1]    ANSELD
0x0F3C       [1]    ANSELE
0x0F80       [1]    PORTA
0x0F81       [0]    RB3_bit
0x0F81       [0]    RB4_bit
0x0F81       [0]    RB2_bit
0x0F81       [0]    RB5_bit
0x0F81       [0]    LCD_D5
0x0F81       [0]    LCD_D4
0x0F81       [0]    LCD_D7
0x0F81       [0]    LCD_D6
0x0F81       [0]    LCD_EN
0x0F81       [0]    LCD_RS
0x0F81       [0]    RB0_bit
0x0F81       [0]    RB1_bit
0x0F83       [1]    PORTD
0x0F84       [1]    PORTE
0x0F92       [1]    TRISA
0x0F93       [0]    LCD_D7_Direction
0x0F93       [0]    LCD_D4_Direction
0x0F93       [0]    LCD_EN_Direction
0x0F93       [0]    LCD_RS_Direction
0x0F93       [0]    LCD_D6_Direction
0x0F93       [0]    LCD_D5_Direction
0x0F93       [0]    TRISB2_bit
0x0F93       [0]    TRISB1_bit
0x0F93       [0]    TRISB0_bit
0x0F93       [0]    TRISB3_bit
0x0F93       [0]    TRISB4_bit
0x0F93       [0]    TRISB5_bit
0x0F95       [1]    TRISD
0x0F96       [1]    TRISE
0x0F9D       [0]    TMR2IE_bit
0x0F9E       [0]    TMR2IF_bit
0x0F9F       [0]    TMR2IP_bit
0x0FBA       [1]    T2CON
0x0FBB       [1]    PR2
0x0FD0       [1]    RCON
0x0FD0       [0]    IPEN_bit
0x0FD8       [1]    STATUS
0x0FD9       [1]    FSR2L
0x0FDA       [1]    FSR2H
0x0FDE       [1]    POSTINC2
0x0FE0       [1]    BSR
0x0FE1       [1]    FSR1L
0x0FE2       [1]    FSR1H
0x0FE4       [1]    PREINC1
0x0FE6       [1]    POSTINC1
0x0FE7       [1]    INDF1
0x0FE8       [1]    WREG
0x0FE9       [1]    FSR0L
0x0FE9       [2]    __fsr
0x0FEA       [1]    FSR0H
0x0FEC       [1]    __preinc
0x0FEE       [1]    __postinc
0x0FEE       [1]    POSTINC0
0x0FEF       [1]    __indf
0x0FF2       [0]    GIE_bit
0x0FF2       [0]    GIEL_bit
0x0FF2       [1]    INTCON
0x0FF3       [1]    PRODL
0x0FF4       [1]    PRODH
0x0FF5       [1]    TABLAT
0x0FF6       [1]    TBLPTRL
0x0FF7       [1]    TBLPTRH
0x0FF8       [1]    TBLPTRU
0x0FFD       [1]    __tosl
0x0FFE       [1]    __tosh
0x0FFF       [1]    __tosu
//** Constants locations ** 
//ADDRESS    SIZE    CONSTANT
//----------------------------------------------
0x0868      [24]    _UserMenu
0x0880       [5]    ?ICS?lstr3_main
0x0885       [5]    ?ICS?lstr2_main
0x088A       [5]    ?ICS?lstr4_main
0x088F       [5]    ?ICS?lstr1_main
