;  LST file generated by mikroListExporter - v.2.0 
; Date/Time: 25/03/2019 10:34:34
;----------------------------------------------

;Address Opcode 	ASM
0x0000	0xF005EFBF  	GOTO        2942
0x0004	0x0000      	NOP
0x0006	0x0000      	NOP
0x0008	0xF004EFE9  	GOTO        2514
0x000C	0x0000      	NOP
0x000E	0x0000      	NOP
0x0010	0x0000      	NOP
0x0012	0x0000      	NOP
0x0014	0x0000      	NOP
0x0016	0x0000      	NOP
0x0018	0xF005EF97  	GOTO        2862
_Delay_50us:
;__Lib_Delays.c,19 :: 		void Delay_50us() {
;__Lib_Delays.c,20 :: 		Delay_us(50);
0x001C	0x0E21      	MOVLW       33
0x001E	0x6E0D      	MOVWF       R13, 0
L_Delay_50us2:
0x0020	0x2E0D      	DECFSZ      R13, 1, 0
0x0022	0xD7FE      	BRA         L_Delay_50us2
;__Lib_Delays.c,21 :: 		}
L_end_Delay_50us:
0x0024	0x0012      	RETURN      0
; end of _Delay_50us
_Delay_5500us:
;__Lib_Delays.c,31 :: 		void Delay_5500us() {
;__Lib_Delays.c,32 :: 		Delay_us(5500);
0x0026	0x0E0F      	MOVLW       15
0x0028	0x6E0C      	MOVWF       R12, 0
0x002A	0x0E47      	MOVLW       71
0x002C	0x6E0D      	MOVWF       R13, 0
L_Delay_5500us5:
0x002E	0x2E0D      	DECFSZ      R13, 1, 0
0x0030	0xD7FE      	BRA         L_Delay_5500us5
0x0032	0x2E0C      	DECFSZ      R12, 1, 0
0x0034	0xD7FC      	BRA         L_Delay_5500us5
0x0036	0x0000      	NOP
0x0038	0x0000      	NOP
;__Lib_Delays.c,33 :: 		}
L_end_Delay_5500us:
0x003A	0x0012      	RETURN      0
; end of _Delay_5500us
_Delay_1us:
;__Lib_Delays.c,7 :: 		void Delay_1us() {
;__Lib_Delays.c,8 :: 		Delay_us(1);
0x003C	0x0000      	NOP
0x003E	0x0000      	NOP
;__Lib_Delays.c,9 :: 		}
L_end_Delay_1us:
0x0040	0x0012      	RETURN      0
; end of _Delay_1us
__OS_SET_FSR_CUR_TASK:
;osa_pic18_mikroc.c,242 :: 		
;osa_pic18_mikroc.c,244 :: 		
0x0042	0xFFE9C03D  	MOVFF       __OS_CurTask, FSR0L
0x0046	0xFFEAC03E  	MOVFF       __OS_CurTask+1, FSR0H
;osa_pic18_mikroc.c,245 :: 		
L_end__OS_SET_FSR_CUR_TASK:
0x004A	0x0012      	RETURN      0
; end of __OS_SET_FSR_CUR_TASK
_Lcd_Cmd:
;__Lib_Lcd.c,18 :: 		
;__Lib_Lcd.c,20 :: 		
0x004C	0x0100      	MOVLB       0
0x004E	0xBFA9      	BTFSC       FARG_Lcd_Cmd_out_char, 7, 1
0x0050	0xD002      	BRA         L__Lcd_Cmd21
0x0052	0x9681      	BCF         LCD_D7, BitPos(LCD_D7+0) 
0x0054	0xD001      	BRA         L__Lcd_Cmd22
L__Lcd_Cmd21:
0x0056	0x8681      	BSF         LCD_D7, BitPos(LCD_D7+0) 
L__Lcd_Cmd22:
;__Lib_Lcd.c,21 :: 		
0x0058	0xBDA9      	BTFSC       FARG_Lcd_Cmd_out_char, 6, 1
0x005A	0xD002      	BRA         L__Lcd_Cmd23
0x005C	0x9481      	BCF         LCD_D6, BitPos(LCD_D6+0) 
0x005E	0xD001      	BRA         L__Lcd_Cmd24
L__Lcd_Cmd23:
0x0060	0x8481      	BSF         LCD_D6, BitPos(LCD_D6+0) 
L__Lcd_Cmd24:
;__Lib_Lcd.c,22 :: 		
0x0062	0xBBA9      	BTFSC       FARG_Lcd_Cmd_out_char, 5, 1
0x0064	0xD002      	BRA         L__Lcd_Cmd25
0x0066	0x9281      	BCF         LCD_D5, BitPos(LCD_D5+0) 
0x0068	0xD001      	BRA         L__Lcd_Cmd26
L__Lcd_Cmd25:
0x006A	0x8281      	BSF         LCD_D5, BitPos(LCD_D5+0) 
L__Lcd_Cmd26:
;__Lib_Lcd.c,23 :: 		
0x006C	0xB9A9      	BTFSC       FARG_Lcd_Cmd_out_char, 4, 1
0x006E	0xD002      	BRA         L__Lcd_Cmd27
0x0070	0x9081      	BCF         LCD_D4, BitPos(LCD_D4+0) 
0x0072	0xD001      	BRA         L__Lcd_Cmd28
L__Lcd_Cmd27:
0x0074	0x8081      	BSF         LCD_D4, BitPos(LCD_D4+0) 
L__Lcd_Cmd28:
;__Lib_Lcd.c,25 :: 		
0x0076	0xB180      	BTFSC       __Lib_Lcd_cmd_status, BitPos(__Lib_Lcd_cmd_status+0), 1
0x0078	0xD002      	BRA         L__Lcd_Cmd29
0x007A	0x8881      	BSF         LCD_RS, BitPos(LCD_RS+0) 
0x007C	0xD001      	BRA         L__Lcd_Cmd30
L__Lcd_Cmd29:
0x007E	0x9881      	BCF         LCD_RS, BitPos(LCD_RS+0) 
L__Lcd_Cmd30:
;__Lib_Lcd.c,28 :: 		
0x0080	0x8A81      	BSF         LCD_EN, BitPos(LCD_EN+0) 
;__Lib_Lcd.c,29 :: 		
0x0082	0xDFDC      	RCALL       _Delay_1us
;__Lib_Lcd.c,30 :: 		
0x0084	0x9A81      	BCF         LCD_EN, BitPos(LCD_EN+0) 
;__Lib_Lcd.c,33 :: 		
0x0086	0xB7A9      	BTFSC       FARG_Lcd_Cmd_out_char, 3, 1
0x0088	0xD002      	BRA         L__Lcd_Cmd31
0x008A	0x9681      	BCF         LCD_D7, BitPos(LCD_D7+0) 
0x008C	0xD001      	BRA         L__Lcd_Cmd32
L__Lcd_Cmd31:
0x008E	0x8681      	BSF         LCD_D7, BitPos(LCD_D7+0) 
L__Lcd_Cmd32:
;__Lib_Lcd.c,34 :: 		
0x0090	0xB5A9      	BTFSC       FARG_Lcd_Cmd_out_char, 2, 1
0x0092	0xD002      	BRA         L__Lcd_Cmd33
0x0094	0x9481      	BCF         LCD_D6, BitPos(LCD_D6+0) 
0x0096	0xD001      	BRA         L__Lcd_Cmd34
L__Lcd_Cmd33:
0x0098	0x8481      	BSF         LCD_D6, BitPos(LCD_D6+0) 
L__Lcd_Cmd34:
;__Lib_Lcd.c,35 :: 		
0x009A	0xB3A9      	BTFSC       FARG_Lcd_Cmd_out_char, 1, 1
0x009C	0xD002      	BRA         L__Lcd_Cmd35
0x009E	0x9281      	BCF         LCD_D5, BitPos(LCD_D5+0) 
0x00A0	0xD001      	BRA         L__Lcd_Cmd36
L__Lcd_Cmd35:
0x00A2	0x8281      	BSF         LCD_D5, BitPos(LCD_D5+0) 
L__Lcd_Cmd36:
;__Lib_Lcd.c,36 :: 		
0x00A4	0xB1A9      	BTFSC       FARG_Lcd_Cmd_out_char, 0, 1
0x00A6	0xD002      	BRA         L__Lcd_Cmd37
0x00A8	0x9081      	BCF         LCD_D4, BitPos(LCD_D4+0) 
0x00AA	0xD001      	BRA         L__Lcd_Cmd38
L__Lcd_Cmd37:
0x00AC	0x8081      	BSF         LCD_D4, BitPos(LCD_D4+0) 
L__Lcd_Cmd38:
;__Lib_Lcd.c,38 :: 		
0x00AE	0xB180      	BTFSC       __Lib_Lcd_cmd_status, BitPos(__Lib_Lcd_cmd_status+0), 1
0x00B0	0xD002      	BRA         L__Lcd_Cmd39
0x00B2	0x8881      	BSF         LCD_RS, BitPos(LCD_RS+0) 
0x00B4	0xD001      	BRA         L__Lcd_Cmd40
L__Lcd_Cmd39:
0x00B6	0x9881      	BCF         LCD_RS, BitPos(LCD_RS+0) 
L__Lcd_Cmd40:
;__Lib_Lcd.c,40 :: 		
0x00B8	0x8A81      	BSF         LCD_EN, BitPos(LCD_EN+0) 
;__Lib_Lcd.c,41 :: 		
0x00BA	0xDFC0      	RCALL       _Delay_1us
;__Lib_Lcd.c,42 :: 		
0x00BC	0x9A81      	BCF         LCD_EN, BitPos(LCD_EN+0) 
;__Lib_Lcd.c,44 :: 		
0x00BE	0xA180      	BTFSS       __Lib_Lcd_cmd_status, BitPos(__Lib_Lcd_cmd_status+0), 1
0x00C0	0xD002      	BRA         L_Lcd_Cmd0
;__Lib_Lcd.c,45 :: 		
0x00C2	0xDFB1      	RCALL       _Delay_5500us
0x00C4	0xD001      	BRA         L_Lcd_Cmd1
L_Lcd_Cmd0:
;__Lib_Lcd.c,47 :: 		
0x00C6	0xDFAA      	RCALL       _Delay_50us
L_Lcd_Cmd1:
;__Lib_Lcd.c,48 :: 		
L_end_Lcd_Cmd:
0x00C8	0x0012      	RETURN      0
; end of _Lcd_Cmd
_Div_16X16_U:
;__Lib_Math.c,102 :: 		
;__Lib_Math.c,109 :: 		
0x00CA	0x6A08      	CLRF        R8, 0
;__Lib_Math.c,110 :: 		
0x00CC	0x6A09      	CLRF        R9, 0
;__Lib_Math.c,111 :: 		
0x00CE	0x0E10      	MOVLW       16
;__Lib_Math.c,112 :: 		
0x00D0	0x6E0C      	MOVWF       R12, 0
;__Lib_Math.c,113 :: 		
0x00D2	0x3401      	RLCF        R1, 0, 0
;__Lib_Math.c,114 :: 		
0x00D4	0x3608      	RLCF        R8, 1, 0
;__Lib_Math.c,115 :: 		
0x00D6	0x3609      	RLCF        R9, 1, 0
;__Lib_Math.c,116 :: 		
0x00D8	0x5004      	MOVF        R4, 0, 0
;__Lib_Math.c,117 :: 		
0x00DA	0x5E08      	SUBWF       R8, 1, 0
;__Lib_Math.c,118 :: 		
0x00DC	0x5005      	MOVF        R5, 0, 0
;__Lib_Math.c,119 :: 		
0x00DE	0xA0D8      	BTFSS       STATUS, 0, 0
;__Lib_Math.c,120 :: 		
0x00E0	0x3C05      	INCFSZ      R5, 0, 0
;__Lib_Math.c,121 :: 		
0x00E2	0x5E09      	SUBWF       R9, 1, 0
;__Lib_Math.c,122 :: 		
0x00E4	0xB0D8      	BTFSC       STATUS, 0, 0
;__Lib_Math.c,123 :: 		
0x00E6	0xD007      	BRA         $+16
;__Lib_Math.c,124 :: 		
0x00E8	0x5004      	MOVF        R4, 0, 0
;__Lib_Math.c,125 :: 		
0x00EA	0x2608      	ADDWF       R8, 1, 0
;__Lib_Math.c,126 :: 		
0x00EC	0x5005      	MOVF        R5, 0, 0
;__Lib_Math.c,127 :: 		
0x00EE	0xB0D8      	BTFSC       STATUS, 0, 0
;__Lib_Math.c,128 :: 		
0x00F0	0x3C05      	INCFSZ      R5, 0, 0
;__Lib_Math.c,129 :: 		
0x00F2	0x2609      	ADDWF       R9, 1, 0
;__Lib_Math.c,130 :: 		
0x00F4	0x90D8      	BCF         STATUS, 0, 0
;__Lib_Math.c,131 :: 		
0x00F6	0x3600      	RLCF        R0, 1, 0
;__Lib_Math.c,132 :: 		
0x00F8	0x3601      	RLCF        R1, 1, 0
;__Lib_Math.c,133 :: 		
0x00FA	0x2E0C      	DECFSZ      R12, 1, 0
;__Lib_Math.c,134 :: 		
0x00FC	0xD7EA      	BRA         $-42
;__Lib_Math.c,136 :: 		
L_end_Div_16X16_U:
0x00FE	0x0012      	RETURN      0
; end of _Div_16X16_U
_Lcd_Chr_CP:
;__Lib_Lcd.c,50 :: 		
;__Lib_Lcd.c,52 :: 		
0x0100	0x0100      	MOVLB       0
0x0102	0x9180      	BCF         __Lib_Lcd_cmd_status, BitPos(__Lib_Lcd_cmd_status+0), 1
;__Lib_Lcd.c,53 :: 		
0x0104	0xF0A9C0A8  	MOVFF       FARG_Lcd_Chr_CP_out_char, FARG_Lcd_Cmd_out_char
0x0108	0xDFA1      	RCALL       _Lcd_Cmd
;__Lib_Lcd.c,54 :: 		
0x010A	0x8180      	BSF         __Lib_Lcd_cmd_status, BitPos(__Lib_Lcd_cmd_status+0), 1
;__Lib_Lcd.c,55 :: 		
L_end_Lcd_Chr_CP:
0x010C	0x0012      	RETURN      0
; end of _Lcd_Chr_CP
__OS_ClrReadySetClrCanContinue:
;osa_pic18_mikroc.c,207 :: 		
;osa_pic18_mikroc.c,209 :: 		
0x010E	0x0006      	POP
;osa_pic18_mikroc.c,211 :: 		
0x0110	0x0100      	MOVLB       0
0x0112	0x9163      	BCF         __OS_Flags, 0, 1
;osa_pic18_mikroc.c,213 :: 		
0x0114	0xDF96      	RCALL       __OS_SET_FSR_CUR_TASK
;osa_pic18_mikroc.c,214 :: 		
0x0116	0xFFECCFFD  	MOVFF       TOSL, PREINC0
0x011A	0xFFECCFFE  	MOVFF       TOSH, PREINC0
0x011E	0xFFECCFFF  	MOVFF       TOSU, PREINC0
;osa_pic18_mikroc.c,215 :: 		
0x0122	0x963C      	BCF         __OS_State, 3 
;osa_pic18_mikroc.c,218 :: 		
0x0124	0xA83C      	BTFSS       __OS_State, 4 
0x0126	0x9A3C      	BCF         __OS_State, 5 
L__OS_ClrReadySetClrCanContinue0:
;osa_pic18_mikroc.c,219 :: 		
0x0128	0xA175      	BTFSS       __OS_Temp, 0, 1
0x012A	0xD001      	BRA         L__OS_ClrReadySetClrCanContinue1
0x012C	0x8A3C      	BSF         __OS_State, 5 
L__OS_ClrReadySetClrCanContinue1:
;osa_pic18_mikroc.c,222 :: 		
L_end__OS_ClrReadySetClrCanContinue:
0x012E	0x0012      	RETURN      0
; end of __OS_ClrReadySetClrCanContinue
_Delay_22us:
;__Lib_Delays.c,15 :: 		void Delay_22us() {
;__Lib_Delays.c,16 :: 		Delay_us(22);
0x0130	0x0E0E      	MOVLW       14
0x0132	0x6E0D      	MOVWF       R13, 0
L_Delay_22us1:
0x0134	0x2E0D      	DECFSZ      R13, 1, 0
0x0136	0xD7FE      	BRA         L_Delay_22us1
0x0138	0x0000      	NOP
;__Lib_Delays.c,17 :: 		}
L_end_Delay_22us:
0x013A	0x0012      	RETURN      0
; end of _Delay_22us
__OS_CheckEvent:
;osa_pic18_mikroc.c,383 :: 		
;osa_pic18_mikroc.c,421 :: 		
0x013C	0x0100      	MOVLB       0
0x013E	0x9B63      	BCF         __OS_Flags, 5, 1
;osa_pic18_mikroc.c,422 :: 		
0x0140	0xDF80      	RCALL       __OS_SET_FSR_CUR_TASK
;osa_pic18_mikroc.c,424 :: 		
0x0142	0x53A1      	MOVF        FARG__OS_CheckEvent_bEvent, 1, 1
0x0144	0xE007      	BZ          L__OS_CheckEvent10
;osa_pic18_mikroc.c,426 :: 		
0x0146	0xA63C      	BTFSS       __OS_State, 3 
0x0148	0xD003      	BRA         L__OS_CheckEvent11
;osa_pic18_mikroc.c,430 :: 		
0x014A	0x983C      	BCF         __OS_State, 4 
;osa_pic18_mikroc.c,431 :: 		
0x014C	0x98EF      	BCF         INDF0, 4 
;osa_pic18_mikroc.c,439 :: 		
0x014E	0xD00B      	BRA         L_end__OS_CheckEvent
;osa_pic18_mikroc.c,440 :: 		
L__OS_CheckEvent11:
;osa_pic18_mikroc.c,442 :: 		
0x0150	0x863C      	BSF         __OS_State, 3 
;osa_pic18_mikroc.c,444 :: 		
0x0152	0xD001      	BRA         L__OS_CheckEvent12
L__OS_CheckEvent10:
;osa_pic18_mikroc.c,445 :: 		
0x0154	0x963C      	BCF         __OS_State, 3 
;osa_pic18_mikroc.c,446 :: 		
L__OS_CheckEvent12:
;osa_pic18_mikroc.c,450 :: 		
0x0156	0xB83C      	BTFSC       __OS_State, 4 
0x0158	0xD005      	BRA         L__OS_CheckEvent15
0x015A	0xAA3C      	BTFSS       __OS_State, 5 
0x015C	0xD003      	BRA         L__OS_CheckEvent15
L___OS_CheckEvent43:
;osa_pic18_mikroc.c,452 :: 		
0x015E	0x863C      	BSF         __OS_State, 3 
;osa_pic18_mikroc.c,453 :: 		
0x0160	0x8B63      	BSF         __OS_Flags, 5, 1
;osa_pic18_mikroc.c,459 :: 		
0x0162	0xD001      	BRA         L_end__OS_CheckEvent
;osa_pic18_mikroc.c,460 :: 		
L__OS_CheckEvent15:
;osa_pic18_mikroc.c,464 :: 		
0x0164	0x0006      	POP
;osa_pic18_mikroc.c,469 :: 		
L_end__OS_CheckEvent:
0x0166	0x0012      	RETURN      0
; end of __OS_CheckEvent
__OS_DI_INT:
;osa_pic18_mikroc.c,294 :: 		
;osa_pic18_mikroc.c,296 :: 		
0x0168	0x0EC0      	MOVLW       192
0x016A	0x14F2      	ANDWF       INTCON, 0 
0x016C	0x0100      	MOVLB       0
0x016E	0x6F9B      	MOVWF       __OS_Temp_I, 1
;osa_pic18_mikroc.c,297 :: 		
0x0170	0x9EF2      	BCF         GIE_bit, BitPos(GIE_bit+0) 
;osa_pic18_mikroc.c,298 :: 		
0x0172	0xBED0      	BTFSC       IPEN_bit, BitPos(IPEN_bit+0) 
0x0174	0x9CF2      	BCF         GIEL_bit, BitPos(GIEL_bit+0) 
L__OS_DI_INT3:
;osa_pic18_mikroc.c,299 :: 		
L_end__OS_DI_INT:
0x0176	0x0012      	RETURN      0
; end of __OS_DI_INT
_Lcd_Out:
;__Lib_Lcd.c,184 :: 		
;__Lib_Lcd.c,187 :: 		
0x0178	0xD010      	BRA         L_Lcd_Out11
;__Lib_Lcd.c,188 :: 		
L_Lcd_Out13:
0x017A	0x0E80      	MOVLW       128
0x017C	0x0100      	MOVLB       0
0x017E	0x6FA1      	MOVWF       FARG_Lcd_Out_row, 1
0x0180	0xD01A      	BRA         L_Lcd_Out12
;__Lib_Lcd.c,189 :: 		
L_Lcd_Out14:
0x0182	0x0EC0      	MOVLW       192
0x0184	0x6FA1      	MOVWF       FARG_Lcd_Out_row, 1
0x0186	0xD017      	BRA         L_Lcd_Out12
;__Lib_Lcd.c,190 :: 		
L_Lcd_Out15:
0x0188	0x0E94      	MOVLW       148
0x018A	0x6FA1      	MOVWF       FARG_Lcd_Out_row, 1
0x018C	0xD014      	BRA         L_Lcd_Out12
;__Lib_Lcd.c,191 :: 		
L_Lcd_Out16:
0x018E	0x0ED4      	MOVLW       212
0x0190	0x6FA1      	MOVWF       FARG_Lcd_Out_row, 1
0x0192	0xD011      	BRA         L_Lcd_Out12
;__Lib_Lcd.c,192 :: 		
L_Lcd_Out17:
0x0194	0x0E80      	MOVLW       128
0x0196	0x6FA1      	MOVWF       FARG_Lcd_Out_row, 1
;__Lib_Lcd.c,193 :: 		
0x0198	0xD00E      	BRA         L_Lcd_Out12
L_Lcd_Out11:
0x019A	0x0100      	MOVLB       0
0x019C	0x51A1      	MOVF        FARG_Lcd_Out_row, 0, 1
0x019E	0x0A01      	XORLW       1
0x01A0	0xE0EC      	BZ          L_Lcd_Out13
0x01A2	0x51A1      	MOVF        FARG_Lcd_Out_row, 0, 1
0x01A4	0x0A02      	XORLW       2
0x01A6	0xE0ED      	BZ          L_Lcd_Out14
0x01A8	0x51A1      	MOVF        FARG_Lcd_Out_row, 0, 1
0x01AA	0x0A03      	XORLW       3
0x01AC	0xE0ED      	BZ          L_Lcd_Out15
0x01AE	0x51A1      	MOVF        FARG_Lcd_Out_row, 0, 1
0x01B0	0x0A04      	XORLW       4
0x01B2	0xE0ED      	BZ          L_Lcd_Out16
0x01B4	0xD7EF      	BRA         L_Lcd_Out17
L_Lcd_Out12:
;__Lib_Lcd.c,194 :: 		
0x01B6	0x05A2      	DECF        FARG_Lcd_Out_column, 0, 1
0x01B8	0x6E00      	MOVWF       R0 
0x01BA	0x51A1      	MOVF        FARG_Lcd_Out_row, 0, 1
0x01BC	0x2600      	ADDWF       R0, 1 
0x01BE	0xF0A1C000  	MOVFF       R0, FARG_Lcd_Out_row
;__Lib_Lcd.c,196 :: 		
0x01C2	0xF0A9C000  	MOVFF       R0, FARG_Lcd_Cmd_out_char
0x01C6	0xDF42      	RCALL       _Lcd_Cmd
;__Lib_Lcd.c,197 :: 		
0x01C8	0x9180      	BCF         __Lib_Lcd_cmd_status, BitPos(__Lib_Lcd_cmd_status+0), 1
;__Lib_Lcd.c,198 :: 		
0x01CA	0x6BA5      	CLRF        Lcd_Out_i_L0, 1
;__Lib_Lcd.c,199 :: 		
L_Lcd_Out18:
0x01CC	0x51A5      	MOVF        Lcd_Out_i_L0, 0, 1
0x01CE	0x25A3      	ADDWF       FARG_Lcd_Out_text, 0, 1
0x01D0	0x6EE9      	MOVWF       FSR0L 
0x01D2	0x0E00      	MOVLW       0
0x01D4	0x21A4      	ADDWFC      FARG_Lcd_Out_text+1, 0, 1
0x01D6	0x6EEA      	MOVWF       FSR0H 
0x01D8	0x52EE      	MOVF        POSTINC0, 1 
0x01DA	0xE00B      	BZ          L_Lcd_Out19
;__Lib_Lcd.c,200 :: 		
0x01DC	0x51A5      	MOVF        Lcd_Out_i_L0, 0, 1
0x01DE	0x25A3      	ADDWF       FARG_Lcd_Out_text, 0, 1
0x01E0	0x6EE9      	MOVWF       FSR0L 
0x01E2	0x0E00      	MOVLW       0
0x01E4	0x21A4      	ADDWFC      FARG_Lcd_Out_text+1, 0, 1
0x01E6	0x6EEA      	MOVWF       FSR0H 
0x01E8	0xF0A8CFEE  	MOVFF       POSTINC0, FARG_Lcd_Chr_CP_out_char
0x01EC	0xDF89      	RCALL       _Lcd_Chr_CP
0x01EE	0x2BA5      	INCF        Lcd_Out_i_L0, 1, 1
0x01F0	0xD7ED      	BRA         L_Lcd_Out18
L_Lcd_Out19:
;__Lib_Lcd.c,201 :: 		
0x01F2	0x8180      	BSF         __Lib_Lcd_cmd_status, BitPos(__Lib_Lcd_cmd_status+0), 1
;__Lib_Lcd.c,202 :: 		
L_end_Lcd_Out:
0x01F4	0x0012      	RETURN      0
; end of _Lcd_Out
__OS_InitDelay:
;osa_ttimer.c,69 :: 		
;osa_ttimer.c,72 :: 		
0x01F6	0x9A3C      	BCF         __OS_State, 5 
0x01F8	0xFFE1C03D  	MOVFF       __OS_CurTask, FSR1L
0x01FC	0xFFE2C03E  	MOVFF       __OS_CurTask+1, FSR1H
0x0200	0x98E6      	BCF         POSTINC1, 4 
;osa_ttimer.c,77 :: 		
0x0202	0x0100      	MOVLB       0
0x0204	0x51A1      	MOVF        FARG__OS_InitDelay_Delay, 0, 1
0x0206	0x11A2      	IORWF       FARG__OS_InitDelay_Delay+1, 0, 1
0x0208	0x11A3      	IORWF       FARG__OS_InitDelay_Delay+2, 0, 1
0x020A	0x11A4      	IORWF       FARG__OS_InitDelay_Delay+3, 0, 1
0x020C	0xE046      	BZ          L__OS_InitDelay16
;osa_ttimer.c,79 :: 		
0x020E	0x0EFF      	MOVLW       255
0x0210	0x19A1      	XORWF       FARG__OS_InitDelay_Delay, 0, 1
0x0212	0x6E00      	MOVWF       R0 
0x0214	0x0EFF      	MOVLW       255
0x0216	0x19A2      	XORWF       FARG__OS_InitDelay_Delay+1, 0, 1
0x0218	0x6E01      	MOVWF       R1 
0x021A	0x0EFF      	MOVLW       255
0x021C	0x19A3      	XORWF       FARG__OS_InitDelay_Delay+2, 0, 1
0x021E	0x6E02      	MOVWF       R2 
0x0220	0x0EFF      	MOVLW       255
0x0222	0x19A4      	XORWF       FARG__OS_InitDelay_Delay+3, 0, 1
0x0224	0x6E03      	MOVWF       R3 
0x0226	0xF0A1C000  	MOVFF       R0, FARG__OS_InitDelay_Delay
0x022A	0xF0A2C001  	MOVFF       R1, FARG__OS_InitDelay_Delay+1
0x022E	0xF0A3C002  	MOVFF       R2, FARG__OS_InitDelay_Delay+2
0x0232	0xF0A4C003  	MOVFF       R3, FARG__OS_InitDelay_Delay+3
;osa_ttimer.c,80 :: 		
0x0236	0x0E01      	MOVLW       1
0x0238	0x2400      	ADDWF       R0, 0 
0x023A	0x6E04      	MOVWF       R4 
0x023C	0x0E00      	MOVLW       0
0x023E	0x2001      	ADDWFC      R1, 0 
0x0240	0x6E05      	MOVWF       R5 
0x0242	0x0E00      	MOVLW       0
0x0244	0x2002      	ADDWFC      R2, 0 
0x0246	0x6E06      	MOVWF       R6 
0x0248	0x0E00      	MOVLW       0
0x024A	0x2003      	ADDWFC      R3, 0 
0x024C	0x6E07      	MOVWF       R7 
0x024E	0xF0A1C004  	MOVFF       R4, FARG__OS_InitDelay_Delay
0x0252	0xF0A2C005  	MOVFF       R5, FARG__OS_InitDelay_Delay+1
0x0256	0xF0A3C006  	MOVFF       R6, FARG__OS_InitDelay_Delay+2
0x025A	0xF0A4C007  	MOVFF       R7, FARG__OS_InitDelay_Delay+3
;osa_ttimer.c,81 :: 		
0x025E	0xF000C03D  	MOVFF       __OS_CurTask, R0
0x0262	0xF001C03E  	MOVFF       __OS_CurTask+1, R1
0x0266	0x0E05      	MOVLW       5
0x0268	0x2400      	ADDWF       R0, 0 
0x026A	0x6EE1      	MOVWF       FSR1L 
0x026C	0x0E00      	MOVLW       0
0x026E	0x2001      	ADDWFC      R1, 0 
0x0270	0x6EE2      	MOVWF       FSR1H 
0x0272	0xFFE6C004  	MOVFF       R4, POSTINC1
0x0276	0xFFE6C005  	MOVFF       R5, POSTINC1
0x027A	0xFFE6C006  	MOVFF       R6, POSTINC1
0x027E	0xFFE6C007  	MOVFF       R7, POSTINC1
;osa_ttimer.c,82 :: 		
0x0282	0xFFE1C03D  	MOVFF       __OS_CurTask, FSR1L
0x0286	0xFFE2C03E  	MOVFF       __OS_CurTask+1, FSR1H
0x028A	0x86E6      	BSF         POSTINC1, 3 
0x028C	0xFFE1C03D  	MOVFF       __OS_CurTask, FSR1L
0x0290	0xFFE2C03E  	MOVFF       __OS_CurTask+1, FSR1H
0x0294	0x88E6      	BSF         POSTINC1, 4 
;osa_ttimer.c,87 :: 		
0x0296	0x883C      	BSF         __OS_State, 4 
;osa_ttimer.c,88 :: 		
0x0298	0x863C      	BSF         __OS_State, 3 
;osa_ttimer.c,90 :: 		
L__OS_InitDelay16:
;osa_ttimer.c,91 :: 		
L_end__OS_InitDelay:
0x029A	0x0012      	RETURN      0
; end of __OS_InitDelay
__OS_RI_INT:
;osa_pic18_mikroc.c,339 :: 		
;osa_pic18_mikroc.c,341 :: 		
0x029C	0x0100      	MOVLB       0
0x029E	0xAF9B      	BTFSS       __OS_Temp_I, 7, 1
0x02A0	0xD001      	BRA         L__OS_RI_INT7
0x02A2	0x8EF2      	BSF         GIE_bit, BitPos(GIE_bit+0) 
L__OS_RI_INT7:
;osa_pic18_mikroc.c,342 :: 		
0x02A4	0xAED0      	BTFSS       IPEN_bit, BitPos(IPEN_bit+0) 
0x02A6	0xD003      	BRA         L__OS_RI_INT8
;osa_pic18_mikroc.c,344 :: 		
0x02A8	0xAD9B      	BTFSS       __OS_Temp_I, 6, 1
0x02AA	0xD001      	BRA         L__OS_RI_INT9
0x02AC	0x8CF2      	BSF         GIEL_bit, BitPos(GIEL_bit+0) 
L__OS_RI_INT9:
;osa_pic18_mikroc.c,345 :: 		
L__OS_RI_INT8:
;osa_pic18_mikroc.c,346 :: 		
L_end__OS_RI_INT:
0x02AE	0x0012      	RETURN      0
; end of __OS_RI_INT
_WordToStr:
;__Lib_Conversions.c,98 :: 		
;__Lib_Conversions.c,103 :: 		
0x02B0	0x0100      	MOVLB       0
0x02B2	0x6BA5      	CLRF        WordToStr_len_L0, 1
L_WordToStr11:
0x02B4	0x0E05      	MOVLW       5
0x02B6	0x5DA5      	SUBWF       WordToStr_len_L0, 0, 1
0x02B8	0xE20A      	BC          L_WordToStr12
;__Lib_Conversions.c,104 :: 		
0x02BA	0x51A5      	MOVF        WordToStr_len_L0, 0, 1
0x02BC	0x25A3      	ADDWF       FARG_WordToStr_output, 0, 1
0x02BE	0x6EE1      	MOVWF       FSR1L 
0x02C0	0x0E00      	MOVLW       0
0x02C2	0x21A4      	ADDWFC      FARG_WordToStr_output+1, 0, 1
0x02C4	0x6EE2      	MOVWF       FSR1H 
0x02C6	0x0E20      	MOVLW       32
0x02C8	0x6EE6      	MOVWF       POSTINC1 
;__Lib_Conversions.c,103 :: 		
0x02CA	0x2BA5      	INCF        WordToStr_len_L0, 1, 1
;__Lib_Conversions.c,104 :: 		
0x02CC	0xD7F3      	BRA         L_WordToStr11
L_WordToStr12:
;__Lib_Conversions.c,105 :: 		
0x02CE	0x51A5      	MOVF        WordToStr_len_L0, 0, 1
0x02D0	0x25A3      	ADDWF       FARG_WordToStr_output, 0, 1
0x02D2	0x6EE1      	MOVWF       FSR1L 
0x02D4	0x0E00      	MOVLW       0
0x02D6	0x21A4      	ADDWFC      FARG_WordToStr_output+1, 0, 1
0x02D8	0x6EE2      	MOVWF       FSR1H 
0x02DA	0x6AE6      	CLRF        POSTINC1 
0x02DC	0x07A5      	DECF        WordToStr_len_L0, 1, 1
;__Lib_Conversions.c,107 :: 		
L_WordToStr14:
;__Lib_Conversions.c,108 :: 		
0x02DE	0x51A5      	MOVF        WordToStr_len_L0, 0, 1
0x02E0	0x25A3      	ADDWF       FARG_WordToStr_output, 0, 1
0x02E2	0x6FA6      	MOVWF       FLOC__WordToStr, 1
0x02E4	0x0E00      	MOVLW       0
0x02E6	0x21A4      	ADDWFC      FARG_WordToStr_output+1, 0, 1
0x02E8	0x6FA7      	MOVWF       FLOC__WordToStr+1, 1
0x02EA	0x0E0A      	MOVLW       10
0x02EC	0x6E04      	MOVWF       R4 
0x02EE	0x0E00      	MOVLW       0
0x02F0	0x6E05      	MOVWF       R5 
0x02F2	0xF000C0A1  	MOVFF       FARG_WordToStr_input, R0
0x02F6	0xF001C0A2  	MOVFF       FARG_WordToStr_input+1, R1
0x02FA	0xDEE7      	RCALL       _Div_16X16_U
0x02FC	0xF000C008  	MOVFF       R8, R0
0x0300	0xF001C009  	MOVFF       R9, R1
0x0304	0x0E30      	MOVLW       48
0x0306	0x2600      	ADDWF       R0, 1 
0x0308	0xFFE1C0A6  	MOVFF       FLOC__WordToStr, FSR1L
0x030C	0xFFE2C0A7  	MOVFF       FLOC__WordToStr+1, FSR1H
0x0310	0xFFE6C000  	MOVFF       R0, POSTINC1
;__Lib_Conversions.c,109 :: 		
0x0314	0x0E0A      	MOVLW       10
0x0316	0x6E04      	MOVWF       R4 
0x0318	0x0E00      	MOVLW       0
0x031A	0x6E05      	MOVWF       R5 
0x031C	0xF000C0A1  	MOVFF       FARG_WordToStr_input, R0
0x0320	0xF001C0A2  	MOVFF       FARG_WordToStr_input+1, R1
0x0324	0xDED2      	RCALL       _Div_16X16_U
0x0326	0xF0A1C000  	MOVFF       R0, FARG_WordToStr_input
0x032A	0xF0A2C001  	MOVFF       R1, FARG_WordToStr_input+1
;__Lib_Conversions.c,110 :: 		
0x032E	0x0E00      	MOVLW       0
0x0330	0x1801      	XORWF       R1, 0 
0x0332	0xE102      	BNZ         L__WordToStr159
0x0334	0x0E00      	MOVLW       0
0x0336	0x1800      	XORWF       R0, 0 
L__WordToStr159:
0x0338	0xE101      	BNZ         L_WordToStr16
;__Lib_Conversions.c,111 :: 		
0x033A	0xD002      	BRA         L_WordToStr15
L_WordToStr16:
;__Lib_Conversions.c,112 :: 		
0x033C	0x07A5      	DECF        WordToStr_len_L0, 1, 1
;__Lib_Conversions.c,113 :: 		
0x033E	0xD7CF      	BRA         L_WordToStr14
L_WordToStr15:
;__Lib_Conversions.c,114 :: 		
L_end_WordToStr:
0x0340	0x0012      	RETURN      0
; end of _WordToStr
__OS_EnterWaitMode:
;osa_pic18_mikroc.c,156 :: 		
;osa_pic18_mikroc.c,158 :: 		
0x0342	0x0100      	MOVLB       0
0x0344	0x6B75      	CLRF        __OS_Temp, 1
;osa_pic18_mikroc.c,159 :: 		
0x0346	0xDEE3      	RCALL       __OS_ClrReadySetClrCanContinue
;osa_pic18_mikroc.c,160 :: 		
L_end__OS_EnterWaitMode:
0x0348	0x0012      	RETURN      0
; end of __OS_EnterWaitMode
__OS_ReturnSave:
;osa_pic18_mikroc.c,106 :: 		
;osa_pic18_mikroc.c,108 :: 		
0x034A	0xDE7B      	RCALL       __OS_SET_FSR_CUR_TASK
;osa_pic18_mikroc.c,109 :: 		
0x034C	0xFFECCFFD  	MOVFF       TOSL, PREINC0
0x0350	0xFFECCFFE  	MOVFF       TOSH, PREINC0
0x0354	0xFFECCFFF  	MOVFF       TOSU, PREINC0
;osa_pic18_mikroc.c,110 :: 		
0x0358	0x863C      	BSF         __OS_State, 3 
;osa_pic18_mikroc.c,111 :: 		
0x035A	0x0006      	POP
;osa_pic18_mikroc.c,112 :: 		
L_end__OS_ReturnSave:
0x035C	0x0012      	RETURN      0
; end of __OS_ReturnSave
_ADC_Read:
;__Lib_ADC_K22_B.c,70 :: 		
;__Lib_ADC_K22_B.c,73 :: 		
0x035E	0x6AC2      	CLRF        ADCON0 
;__Lib_ADC_K22_B.c,74 :: 		
0x0360	0x1C3B      	COMF        _vref_mask, 0 
0x0362	0x6E00      	MOVWF       R0 
0x0364	0x5000      	MOVF        R0, 0 
0x0366	0x16C1      	ANDWF       ADCON1, 1 
;__Lib_ADC_K22_B.c,75 :: 		
0x0368	0x0E0F      	MOVLW       15
0x036A	0x12C0      	IORWF       ADCON2, 1 
;__Lib_ADC_K22_B.c,76 :: 		
0x036C	0x8EC0      	BSF         ADCON2, 7 
;__Lib_ADC_K22_B.c,77 :: 		
0x036E	0xF000C0A1  	MOVFF       FARG_ADC_Read_channel, R0
0x0372	0x3600      	RLCF        R0, 1 
0x0374	0x9000      	BCF         R0, 0 
0x0376	0x3600      	RLCF        R0, 1 
0x0378	0x9000      	BCF         R0, 0 
0x037A	0x5000      	MOVF        R0, 0 
0x037C	0x12C2      	IORWF       ADCON0, 1 
;__Lib_ADC_K22_B.c,78 :: 		
0x037E	0x80C2      	BSF         ADCON0, 0 
;__Lib_ADC_K22_B.c,79 :: 		
0x0380	0xDED7      	RCALL       _Delay_22us
;__Lib_ADC_K22_B.c,80 :: 		
0x0382	0x82C2      	BSF         ADCON0, 1 
;__Lib_ADC_K22_B.c,81 :: 		
L_ADC_Read7:
0x0384	0xA2C2      	BTFSS       ADCON0, 1 
0x0386	0xD001      	BRA         L_ADC_Read8
;__Lib_ADC_K22_B.c,82 :: 		
0x0388	0xD7FD      	BRA         L_ADC_Read7
L_ADC_Read8:
;__Lib_ADC_K22_B.c,83 :: 		
0x038A	0xF001CFC4  	MOVFF       ADRESH, R1
0x038E	0x6A00      	CLRF        R0 
0x0390	0xF0A2C000  	MOVFF       R0, ADC_Read_rslt_L0
0x0394	0xF0A3C001  	MOVFF       R1, ADC_Read_rslt_L0+1
;__Lib_ADC_K22_B.c,84 :: 		
0x0398	0x50C3      	MOVF        ADRESL, 0 
0x039A	0x1200      	IORWF       R0, 1 
0x039C	0x0E00      	MOVLW       0
0x039E	0x1201      	IORWF       R1, 1 
0x03A0	0xF0A2C000  	MOVFF       R0, ADC_Read_rslt_L0
0x03A4	0xF0A3C001  	MOVFF       R1, ADC_Read_rslt_L0+1
;__Lib_ADC_K22_B.c,85 :: 		
0x03A8	0x90C2      	BCF         ADCON0, 0 
;__Lib_ADC_K22_B.c,86 :: 		
0x03AA	0x0E00      	MOVLW       0
0x03AC	0x1400      	ANDWF       R0, 0 
0x03AE	0x6E02      	MOVWF       R2 
0x03B0	0x5001      	MOVF        R1, 0 
0x03B2	0x0B80      	ANDLW       128
0x03B4	0x6E03      	MOVWF       R3 
0x03B6	0x0E00      	MOVLW       0
0x03B8	0x1803      	XORWF       R3, 0 
0x03BA	0xE102      	BNZ         L__ADC_Read15
0x03BC	0x0E00      	MOVLW       0
0x03BE	0x1802      	XORWF       R2, 0 
L__ADC_Read15:
0x03C0	0xE003      	BZ          L_ADC_Read9
;__Lib_ADC_K22_B.c,87 :: 		
0x03C2	0x0100      	MOVLB       0
0x03C4	0x6BA2      	CLRF        ADC_Read_rslt_L0, 1
0x03C6	0x6BA3      	CLRF        ADC_Read_rslt_L0+1, 1
L_ADC_Read9:
;__Lib_ADC_K22_B.c,88 :: 		
0x03C8	0xF000C0A2  	MOVFF       ADC_Read_rslt_L0, R0
0x03CC	0xF001C0A3  	MOVFF       ADC_Read_rslt_L0+1, R1
;__Lib_ADC_K22_B.c,89 :: 		
L_end_ADC_Read:
0x03D0	0x0012      	RETURN      0
; end of _ADC_Read
_Lcd_Init:
;__Lib_Lcd.c,84 :: 		
;__Lib_Lcd.c,86 :: 		
0x03D2	0x9A93      	BCF         LCD_EN_Direction, BitPos(LCD_EN_Direction+0) 
;__Lib_Lcd.c,87 :: 		
0x03D4	0x9893      	BCF         LCD_RS_Direction, BitPos(LCD_RS_Direction+0) 
;__Lib_Lcd.c,88 :: 		
0x03D6	0x9093      	BCF         LCD_D4_Direction, BitPos(LCD_D4_Direction+0) 
;__Lib_Lcd.c,89 :: 		
0x03D8	0x9293      	BCF         LCD_D5_Direction, BitPos(LCD_D5_Direction+0) 
;__Lib_Lcd.c,90 :: 		
0x03DA	0x9493      	BCF         LCD_D6_Direction, BitPos(LCD_D6_Direction+0) 
;__Lib_Lcd.c,91 :: 		
0x03DC	0x9693      	BCF         LCD_D7_Direction, BitPos(LCD_D7_Direction+0) 
;__Lib_Lcd.c,93 :: 		
0x03DE	0x9A81      	BCF         LCD_EN, BitPos(LCD_EN+0) 
;__Lib_Lcd.c,94 :: 		
0x03E0	0x9881      	BCF         LCD_RS, BitPos(LCD_RS+0) 
;__Lib_Lcd.c,95 :: 		
0x03E2	0x9681      	BCF         LCD_D7, BitPos(LCD_D7+0) 
;__Lib_Lcd.c,96 :: 		
0x03E4	0x9481      	BCF         LCD_D6, BitPos(LCD_D6+0) 
;__Lib_Lcd.c,97 :: 		
0x03E6	0x9281      	BCF         LCD_D5, BitPos(LCD_D5+0) 
;__Lib_Lcd.c,98 :: 		
0x03E8	0x9081      	BCF         LCD_D4, BitPos(LCD_D4+0) 
;__Lib_Lcd.c,100 :: 		
0x03EA	0xDE1D      	RCALL       _Delay_5500us
;__Lib_Lcd.c,101 :: 		
0x03EC	0xDE1C      	RCALL       _Delay_5500us
;__Lib_Lcd.c,102 :: 		
0x03EE	0xDE1B      	RCALL       _Delay_5500us
;__Lib_Lcd.c,105 :: 		
0x03F0	0x8281      	BSF         LCD_D5, BitPos(LCD_D5+0) 
;__Lib_Lcd.c,106 :: 		
0x03F2	0x8081      	BSF         LCD_D4, BitPos(LCD_D4+0) 
;__Lib_Lcd.c,107 :: 		
0x03F4	0x8A81      	BSF         LCD_EN, BitPos(LCD_EN+0) 
;__Lib_Lcd.c,108 :: 		
0x03F6	0xDE22      	RCALL       _Delay_1us
;__Lib_Lcd.c,109 :: 		
0x03F8	0x9A81      	BCF         LCD_EN, BitPos(LCD_EN+0) 
;__Lib_Lcd.c,110 :: 		
0x03FA	0xDE15      	RCALL       _Delay_5500us
;__Lib_Lcd.c,112 :: 		
0x03FC	0x8A81      	BSF         LCD_EN, BitPos(LCD_EN+0) 
;__Lib_Lcd.c,113 :: 		
0x03FE	0xDE1E      	RCALL       _Delay_1us
;__Lib_Lcd.c,114 :: 		
0x0400	0x9A81      	BCF         LCD_EN, BitPos(LCD_EN+0) 
;__Lib_Lcd.c,115 :: 		
0x0402	0xDE11      	RCALL       _Delay_5500us
;__Lib_Lcd.c,117 :: 		
0x0404	0x8A81      	BSF         LCD_EN, BitPos(LCD_EN+0) 
;__Lib_Lcd.c,118 :: 		
0x0406	0xDE1A      	RCALL       _Delay_1us
;__Lib_Lcd.c,119 :: 		
0x0408	0x9A81      	BCF         LCD_EN, BitPos(LCD_EN+0) 
;__Lib_Lcd.c,120 :: 		
0x040A	0xDE0D      	RCALL       _Delay_5500us
;__Lib_Lcd.c,123 :: 		
0x040C	0x9081      	BCF         LCD_D4, BitPos(LCD_D4+0) 
;__Lib_Lcd.c,124 :: 		
0x040E	0x8A81      	BSF         LCD_EN, BitPos(LCD_EN+0) 
;__Lib_Lcd.c,125 :: 		
0x0410	0xDE15      	RCALL       _Delay_1us
;__Lib_Lcd.c,126 :: 		
0x0412	0x9A81      	BCF         LCD_EN, BitPos(LCD_EN+0) 
;__Lib_Lcd.c,127 :: 		
0x0414	0xDE08      	RCALL       _Delay_5500us
;__Lib_Lcd.c,130 :: 		
0x0416	0x8A81      	BSF         LCD_EN, BitPos(LCD_EN+0) 
;__Lib_Lcd.c,131 :: 		
0x0418	0xDE11      	RCALL       _Delay_1us
;__Lib_Lcd.c,132 :: 		
0x041A	0x9A81      	BCF         LCD_EN, BitPos(LCD_EN+0) 
;__Lib_Lcd.c,134 :: 		
0x041C	0x9281      	BCF         LCD_D5, BitPos(LCD_D5+0) 
;__Lib_Lcd.c,135 :: 		
0x041E	0x8681      	BSF         LCD_D7, BitPos(LCD_D7+0) 
;__Lib_Lcd.c,136 :: 		
0x0420	0x8A81      	BSF         LCD_EN, BitPos(LCD_EN+0) 
;__Lib_Lcd.c,137 :: 		
0x0422	0xDE0C      	RCALL       _Delay_1us
;__Lib_Lcd.c,138 :: 		
0x0424	0x9A81      	BCF         LCD_EN, BitPos(LCD_EN+0) 
;__Lib_Lcd.c,139 :: 		
0x0426	0xDDFF      	RCALL       _Delay_5500us
;__Lib_Lcd.c,142 :: 		
0x0428	0x9681      	BCF         LCD_D7, BitPos(LCD_D7+0) 
;__Lib_Lcd.c,143 :: 		
0x042A	0x8081      	BSF         LCD_D4, BitPos(LCD_D4+0) 
;__Lib_Lcd.c,144 :: 		
0x042C	0x8A81      	BSF         LCD_EN, BitPos(LCD_EN+0) 
;__Lib_Lcd.c,145 :: 		
0x042E	0xDE06      	RCALL       _Delay_1us
;__Lib_Lcd.c,146 :: 		
0x0430	0x9A81      	BCF         LCD_EN, BitPos(LCD_EN+0) 
;__Lib_Lcd.c,148 :: 		
0x0432	0x9081      	BCF         LCD_D4, BitPos(LCD_D4+0) 
;__Lib_Lcd.c,149 :: 		
0x0434	0x8A81      	BSF         LCD_EN, BitPos(LCD_EN+0) 
;__Lib_Lcd.c,150 :: 		
0x0436	0xDE02      	RCALL       _Delay_1us
;__Lib_Lcd.c,151 :: 		
0x0438	0x9A81      	BCF         LCD_EN, BitPos(LCD_EN+0) 
;__Lib_Lcd.c,152 :: 		
0x043A	0xDDF5      	RCALL       _Delay_5500us
;__Lib_Lcd.c,155 :: 		
0x043C	0x8A81      	BSF         LCD_EN, BitPos(LCD_EN+0) 
;__Lib_Lcd.c,156 :: 		
0x043E	0xDDFE      	RCALL       _Delay_1us
;__Lib_Lcd.c,157 :: 		
0x0440	0x9A81      	BCF         LCD_EN, BitPos(LCD_EN+0) 
;__Lib_Lcd.c,159 :: 		
0x0442	0x8081      	BSF         LCD_D4, BitPos(LCD_D4+0) 
;__Lib_Lcd.c,160 :: 		
0x0444	0x8A81      	BSF         LCD_EN, BitPos(LCD_EN+0) 
;__Lib_Lcd.c,161 :: 		
0x0446	0xDDFA      	RCALL       _Delay_1us
;__Lib_Lcd.c,162 :: 		
0x0448	0x9A81      	BCF         LCD_EN, BitPos(LCD_EN+0) 
;__Lib_Lcd.c,163 :: 		
0x044A	0xDDED      	RCALL       _Delay_5500us
;__Lib_Lcd.c,166 :: 		
0x044C	0x9081      	BCF         LCD_D4, BitPos(LCD_D4+0) 
;__Lib_Lcd.c,167 :: 		
0x044E	0x8A81      	BSF         LCD_EN, BitPos(LCD_EN+0) 
;__Lib_Lcd.c,168 :: 		
0x0450	0xDDF5      	RCALL       _Delay_1us
;__Lib_Lcd.c,169 :: 		
0x0452	0x9A81      	BCF         LCD_EN, BitPos(LCD_EN+0) 
;__Lib_Lcd.c,171 :: 		
0x0454	0x8681      	BSF         LCD_D7, BitPos(LCD_D7+0) 
;__Lib_Lcd.c,172 :: 		
0x0456	0x8481      	BSF         LCD_D6, BitPos(LCD_D6+0) 
;__Lib_Lcd.c,173 :: 		
0x0458	0x8281      	BSF         LCD_D5, BitPos(LCD_D5+0) 
;__Lib_Lcd.c,174 :: 		
0x045A	0x8081      	BSF         LCD_D4, BitPos(LCD_D4+0) 
;__Lib_Lcd.c,175 :: 		
0x045C	0x8A81      	BSF         LCD_EN, BitPos(LCD_EN+0) 
;__Lib_Lcd.c,176 :: 		
0x045E	0xDDEE      	RCALL       _Delay_1us
;__Lib_Lcd.c,177 :: 		
0x0460	0x9A81      	BCF         LCD_EN, BitPos(LCD_EN+0) 
;__Lib_Lcd.c,179 :: 		
0x0462	0xDDE1      	RCALL       _Delay_5500us
;__Lib_Lcd.c,181 :: 		
0x0464	0x0100      	MOVLB       0
0x0466	0x8180      	BSF         __Lib_Lcd_cmd_status, BitPos(__Lib_Lcd_cmd_status+0), 1
;__Lib_Lcd.c,182 :: 		
L_end_Lcd_Init:
0x0468	0x0012      	RETURN      0
; end of _Lcd_Init
_Task_AD0:
;main.c,106 :: 		void Task_AD0(void)
;main.c,110 :: 		OS_Msg_Create (msg_ad0);
0x046A	0xDE7E      	RCALL       __OS_DI_INT
0x046C	0x6B64      	CLRF        _msg_ad0, 1
0x046E	0x0E00      	MOVLW       0
0x0470	0x6F65      	MOVWF       _msg_ad0+1, 1
0x0472	0x0E00      	MOVLW       0
0x0474	0x6F66      	MOVWF       _msg_ad0+2, 1
0x0476	0xDF12      	RCALL       __OS_RI_INT
;main.c,112 :: 		for(;;)
L_Task_AD046:
;main.c,114 :: 		result = ADC_Read(0);
0x0478	0x6BA1      	CLRF        FARG_ADC_Read_channel, 1
0x047A	0xDF71      	RCALL       _ADC_Read
;main.c,115 :: 		WordToStr(result, buf);
0x047C	0xF0A1C000  	MOVFF       R0, FARG_WordToStr_input
0x0480	0xF0A2C001  	MOVFF       R1, FARG_WordToStr_input+1
0x0484	0x0E76      	MOVLW       Task_AD0_buf_L0
0x0486	0x0100      	MOVLB       0
0x0488	0x6FA3      	MOVWF       FARG_WordToStr_output, 1
0x048A	0x0E00      	MOVLW       hi_addr(Task_AD0_buf_L0)
0x048C	0x6FA4      	MOVWF       FARG_WordToStr_output+1, 1
0x048E	0xDF10      	RCALL       _WordToStr
;main.c,116 :: 		OS_Msg_Send(msg_ad0, (OST_MSG)buf);
0x0490	0xDE6B      	RCALL       __OS_DI_INT
L_Task_AD049:
0x0492	0xA164      	BTFSS       _msg_ad0, 0, 1
0x0494	0xD014      	BRA         L_Task_AD050
0x0496	0xDF02      	RCALL       __OS_RI_INT
0x0498	0xDF54      	RCALL       __OS_EnterWaitMode
0x049A	0x0000      	NOP
0x049C	0x0E01      	MOVLW       1
0x049E	0x1564      	ANDWF       _msg_ad0, 0, 1
0x04A0	0x6FA1      	MOVWF       FARG__OS_CheckEvent_bEvent, 1
0x04A2	0x53A1      	MOVF        FARG__OS_CheckEvent_bEvent, 1, 1
0x04A4	0x0E01      	MOVLW       1
0x04A6	0xA4D8      	BTFSS       STATUS, 2 
0x04A8	0x0E00      	MOVLW       0
0x04AA	0x6FA1      	MOVWF       FARG__OS_CheckEvent_bEvent, 1
0x04AC	0x51A1      	MOVF        FARG__OS_CheckEvent_bEvent, 0, 1
0x04AE	0x0A00      	XORLW       0
0x04B0	0x0E00      	MOVLW       0
0x04B2	0xA4D8      	BTFSS       STATUS, 2 
0x04B4	0x0E01      	MOVLW       1
0x04B6	0x6FA1      	MOVWF       FARG__OS_CheckEvent_bEvent, 1
0x04B8	0xDE41      	RCALL       __OS_CheckEvent
0x04BA	0xDE56      	RCALL       __OS_DI_INT
0x04BC	0xD7EA      	BRA         L_Task_AD049
L_Task_AD050:
0x04BE	0x0E01      	MOVLW       1
0x04C0	0x6F64      	MOVWF       _msg_ad0, 1
0x04C2	0x0E76      	MOVLW       Task_AD0_buf_L0
0x04C4	0x6F65      	MOVWF       _msg_ad0+1, 1
0x04C6	0x0E00      	MOVLW       hi_addr(Task_AD0_buf_L0)
0x04C8	0x6F66      	MOVWF       _msg_ad0+2, 1
0x04CA	0xDEE8      	RCALL       __OS_RI_INT
;main.c,117 :: 		OS_Cond_Wait(!OS_Msg_Check(msg_ad0));
0x04CC	0xDF3A      	RCALL       __OS_EnterWaitMode
0x04CE	0x0000      	NOP
0x04D0	0x0E01      	MOVLW       1
0x04D2	0x1564      	ANDWF       _msg_ad0, 0, 1
0x04D4	0x6FA1      	MOVWF       FARG__OS_CheckEvent_bEvent, 1
0x04D6	0x53A1      	MOVF        FARG__OS_CheckEvent_bEvent, 1, 1
0x04D8	0x0E01      	MOVLW       1
0x04DA	0xA4D8      	BTFSS       STATUS, 2 
0x04DC	0x0E00      	MOVLW       0
0x04DE	0x6FA1      	MOVWF       FARG__OS_CheckEvent_bEvent, 1
0x04E0	0x51A1      	MOVF        FARG__OS_CheckEvent_bEvent, 0, 1
0x04E2	0x0A00      	XORLW       0
0x04E4	0x0E00      	MOVLW       0
0x04E6	0xA4D8      	BTFSS       STATUS, 2 
0x04E8	0x0E01      	MOVLW       1
0x04EA	0x6FA1      	MOVWF       FARG__OS_CheckEvent_bEvent, 1
0x04EC	0xDE27      	RCALL       __OS_CheckEvent
;main.c,119 :: 		OS_Delay(50 ms);
0x04EE	0x0E32      	MOVLW       50
0x04F0	0x6FA1      	MOVWF       FARG__OS_InitDelay_Delay, 1
0x04F2	0x0E00      	MOVLW       0
0x04F4	0x6FA2      	MOVWF       FARG__OS_InitDelay_Delay+1, 1
0x04F6	0x6FA3      	MOVWF       FARG__OS_InitDelay_Delay+2, 1
0x04F8	0x6FA4      	MOVWF       FARG__OS_InitDelay_Delay+3, 1
0x04FA	0xDE7D      	RCALL       __OS_InitDelay
0x04FC	0xDF26      	RCALL       __OS_ReturnSave
0x04FE	0x0000      	NOP
;main.c,120 :: 		}
0x0500	0xD7BB      	BRA         L_Task_AD046
;main.c,121 :: 		}
L_end_Task_AD0:
0x0502	0x0012      	RETURN      0
; end of _Task_AD0
___CC2DW:
;__Lib_System.c,21 :: 		
;__Lib_System.c,23 :: 		
_CC2DL_Loop1:
;__Lib_System.c,24 :: 		
0x0504	0x0009      	TBLRD*+
;__Lib_System.c,25 :: 		
0x0506	0xFFE6CFF5  	MOVFF       TABLAT, POSTINC1
;__Lib_System.c,26 :: 		
0x050A	0x0600      	DECF        R0, 1, 0
;__Lib_System.c,27 :: 		
0x050C	0xE1FB      	BNZ         _CC2DL_Loop1
;__Lib_System.c,28 :: 		
0x050E	0x0601      	DECF        R1, 1, 0
;__Lib_System.c,29 :: 		
0x0510	0xE1F9      	BNZ         _CC2DL_Loop1
;__Lib_System.c,31 :: 		
L_end___CC2DW:
0x0512	0x0012      	RETURN      0
; end of ___CC2DW
_OS_Init:
;osa_system.c,67 :: 		
;osa_system.c,72 :: 		
0x0514	0x0100      	MOVLB       0
0x0516	0x6B63      	CLRF        __OS_Flags, 1
;osa_system.c,81 :: 		
0x0518	0x0E5A      	MOVLW       __OS_Tasks+27
0x051A	0x6F97      	MOVWF       __OS_LastTask, 1
0x051C	0x0E00      	MOVLW       hi_addr(__OS_Tasks+27)
0x051E	0x6F98      	MOVWF       __OS_LastTask+1, 1
;osa_system.c,260 :: 		
0x0520	0x6B9A      	CLRF        __OS_Bsems, 1
;osa_system.c,326 :: 		
0x0522	0x9C3F      	BCF         __OS_Tasks, 6 
;osa_system.c,329 :: 		
0x0524	0x9C48      	BCF         __OS_Tasks+9, 6 
;osa_system.c,333 :: 		
0x0526	0x9C51      	BCF         __OS_Tasks+18, 6 
;osa_system.c,337 :: 		
0x0528	0x9C5A      	BCF         __OS_Tasks+27, 6 
;osa_system.c,394 :: 		
L_end_OS_Init:
0x052A	0x0012      	RETURN      0
; end of _OS_Init
_InitTIMER0_IE:
;timer.c,18 :: 		void InitTIMER0_IE(void)
;timer.c,20 :: 		T0CON = 0B00000110; //Modo Temporizador, pres: 128
0x052C	0x0E06      	MOVLW       6
0x052E	0x6ED5      	MOVWF       T0CON 
;timer.c,21 :: 		TMR0H = 0XC2;
0x0530	0x0EC2      	MOVLW       194
0x0532	0x6ED7      	MOVWF       TMR0H 
;timer.c,22 :: 		TMR0L = 0XF7;       //Tempo para 1 seg
0x0534	0x0EF7      	MOVLW       247
0x0536	0x6ED6      	MOVWF       TMR0L 
;timer.c,24 :: 		INTCON.TMR0IF = 0;  //Apaga o flag do TIMER0
0x0538	0x94F2      	BCF         INTCON, 2 
;timer.c,25 :: 		T0CON.TMR0ON = 1;   //Liga o TIMER0
0x053A	0x8ED5      	BSF         T0CON, 7 
;timer.c,29 :: 		INTCON.TMR0IF  = 0;  //flag que provoca a interrupção da CPU
0x053C	0x94F2      	BCF         INTCON, 2 
;timer.c,30 :: 		INTCON2.TMR0IP  = 0;  //Alta prioridade de interrupção
0x053E	0x94F1      	BCF         INTCON2, 2 
;timer.c,31 :: 		INTCON.TMR0IE  = 1;  //chave que habilita a interrupção do periférico
0x0540	0x8AF2      	BSF         INTCON, 5 
;timer.c,32 :: 		}
L_end_InitTIMER0_IE:
0x0542	0x0012      	RETURN      0
; end of _InitTIMER0_IE
_InitLCD:
;lcd.c,3 :: 		void InitLCD(void)
;lcd.c,5 :: 		Lcd_Init();                        // Initialize LCD
0x0544	0xDF46      	RCALL       _Lcd_Init
;lcd.c,6 :: 		Lcd_Cmd(_LCD_CLEAR);               // Clear display
0x0546	0x0E01      	MOVLW       1
0x0548	0x6FA9      	MOVWF       FARG_Lcd_Cmd_out_char, 1
0x054A	0xDD80      	RCALL       _Lcd_Cmd
;lcd.c,7 :: 		Lcd_Cmd(_LCD_CURSOR_OFF);          // Cursor off
0x054C	0x0E0C      	MOVLW       12
0x054E	0x6FA9      	MOVWF       FARG_Lcd_Cmd_out_char, 1
0x0550	0xDD7D      	RCALL       _Lcd_Cmd
;lcd.c,9 :: 		}
L_end_InitLCD:
0x0552	0x0012      	RETURN      0
; end of _InitLCD
__OS_JumpToTask:
;osa_pic18_mikroc.c,64 :: 		
;osa_pic18_mikroc.c,66 :: 		
0x0554	0xDD76      	RCALL       __OS_SET_FSR_CUR_TASK
;osa_pic18_mikroc.c,67 :: 		
0x0556	0xF03CCFEE  	MOVFF       POSTINC0, __OS_State
;osa_pic18_mikroc.c,69 :: 		
0x055A	0x0005      	PUSH
;osa_pic18_mikroc.c,70 :: 		
0x055C	0x50EE      	MOVF        POSTINC0, 0, 0
;osa_pic18_mikroc.c,71 :: 		
0x055E	0x6EFD      	MOVWF       TOSL, 0
;osa_pic18_mikroc.c,72 :: 		
0x0560	0x50EE      	MOVF        POSTINC0, 0, 0
;osa_pic18_mikroc.c,73 :: 		
0x0562	0x6EFE      	MOVWF       TOSH, 0
;osa_pic18_mikroc.c,74 :: 		
0x0564	0x50EE      	MOVF        POSTINC0, 0, 0
;osa_pic18_mikroc.c,75 :: 		
0x0566	0x6EFF      	MOVWF       TOSU, 0
;osa_pic18_mikroc.c,76 :: 		
0x0568	0x0012      	RETURN      0
;osa_pic18_mikroc.c,78 :: 		
L_end__OS_JumpToTask:
0x056A	0x0012      	RETURN      0
; end of __OS_JumpToTask
_Mul_16X16_U:
;__Lib_Math.c,440 :: 		
;__Lib_Math.c,447 :: 		
0x056C	0x6A0B      	CLRF        R11, 0
;__Lib_Math.c,448 :: 		
0x056E	0x6A0A      	CLRF        R10, 0
;__Lib_Math.c,449 :: 		
0x0570	0x6A09      	CLRF        R9, 0
;__Lib_Math.c,450 :: 		
0x0572	0x5000      	MOVF        R0, 0, 0
;__Lib_Math.c,451 :: 		
0x0574	0x0204      	MULWF       R4, 0
;__Lib_Math.c,453 :: 		
0x0576	0xF009CFF4  	MOVFF       PRODH, R9
;__Lib_Math.c,454 :: 		
0x057A	0xF008CFF3  	MOVFF       PRODL, R8
;__Lib_Math.c,455 :: 		
0x057E	0x5001      	MOVF        R1, 0, 0
;__Lib_Math.c,456 :: 		
0x0580	0x0205      	MULWF       R5, 0
;__Lib_Math.c,458 :: 		
0x0582	0xF00BCFF4  	MOVFF       PRODH, R11
;__Lib_Math.c,459 :: 		
0x0586	0xF00ACFF3  	MOVFF       PRODL, R10
;__Lib_Math.c,460 :: 		
0x058A	0x5000      	MOVF        R0, 0, 0
;__Lib_Math.c,461 :: 		
0x058C	0x0205      	MULWF       R5, 0
;__Lib_Math.c,463 :: 		
0x058E	0x50F3      	MOVF        PRODL, 0, 0
;__Lib_Math.c,464 :: 		
0x0590	0x2609      	ADDWF       R9, 1, 0
;__Lib_Math.c,465 :: 		
0x0592	0x50F4      	MOVF        PRODH, 0, 0
;__Lib_Math.c,466 :: 		
0x0594	0x220A      	ADDWFC      R10, 1, 0
;__Lib_Math.c,467 :: 		
0x0596	0x6AE8      	CLRF        WREG, 0
;__Lib_Math.c,468 :: 		
0x0598	0x220B      	ADDWFC      R11, 1, 0
;__Lib_Math.c,469 :: 		
0x059A	0x5001      	MOVF        R1, 0, 0
;__Lib_Math.c,470 :: 		
0x059C	0x0204      	MULWF       R4, 0
;__Lib_Math.c,472 :: 		
0x059E	0x50F3      	MOVF        PRODL, 0, 0
;__Lib_Math.c,473 :: 		
0x05A0	0x2609      	ADDWF       R9, 1, 0
;__Lib_Math.c,474 :: 		
0x05A2	0x50F4      	MOVF        PRODH, 0, 0
;__Lib_Math.c,475 :: 		
0x05A4	0x220A      	ADDWFC      R10, 1, 0
;__Lib_Math.c,476 :: 		
0x05A6	0x6AE8      	CLRF        WREG, 0
;__Lib_Math.c,477 :: 		
0x05A8	0x220B      	ADDWFC      R11, 1, 0
;__Lib_Math.c,479 :: 		
0x05AA	0xF000C008  	MOVFF       R8, R0
;__Lib_Math.c,480 :: 		
0x05AE	0xF001C009  	MOVFF       R9, R1
;__Lib_Math.c,481 :: 		
0x05B2	0xF002C00A  	MOVFF       R10, R2
;__Lib_Math.c,482 :: 		
0x05B6	0xF003C00B  	MOVFF       R11, R3
;__Lib_Math.c,485 :: 		
L_end_Mul_16X16_U:
0x05BA	0x0012      	RETURN      0
; end of _Mul_16X16_U
__OS_Task_Create:
;osa_tasks.c,75 :: 		
;osa_tasks.c,79 :: 		
0x05BC	0x0100      	MOVLB       0
0x05BE	0x9363      	BCF         __OS_Flags, 1, 1
;osa_tasks.c,88 :: 		
0x05C0	0x0E3F      	MOVLW       __OS_Tasks
0x05C2	0x6E01      	MOVWF       R1 
0x05C4	0x0E00      	MOVLW       hi_addr(__OS_Tasks)
0x05C6	0x6E02      	MOVWF       R2 
;osa_tasks.c,89 :: 		
0x05C8	0x6B75      	CLRF        __OS_Temp, 1
;osa_tasks.c,91 :: 		
L__OS_Task_Create38:
;osa_tasks.c,93 :: 		
0x05CA	0xFFE9C001  	MOVFF       R1, FSR0L
0x05CE	0xFFEAC002  	MOVFF       R2, FSR0H
0x05D2	0xF000CFEE  	MOVFF       POSTINC0, R0
0x05D6	0xBC00      	BTFSC       R0, 6 
0x05D8	0xD02A      	BRA         L__OS_Task_Create41
;osa_tasks.c,95 :: 		
0x05DA	0x8D9C      	BSF         FARG__OS_Task_Create_priority, 6, 1
;osa_tasks.c,96 :: 		
0x05DC	0x879C      	BSF         FARG__OS_Task_Create_priority, 3, 1
;osa_tasks.c,98 :: 		
0x05DE	0x0E01      	MOVLW       1
0x05E0	0x2401      	ADDWF       R1, 0 
0x05E2	0x6EE1      	MOVWF       FSR1L 
0x05E4	0x0E00      	MOVLW       0
0x05E6	0x2002      	ADDWFC      R2, 0 
0x05E8	0x6EE2      	MOVWF       FSR1H 
0x05EA	0xFFE6C09D  	MOVFF       FARG__OS_Task_Create_TaskAddr, POSTINC1
0x05EE	0xFFE6C09E  	MOVFF       FARG__OS_Task_Create_TaskAddr+1, POSTINC1
0x05F2	0xFFE6C09F  	MOVFF       FARG__OS_Task_Create_TaskAddr+2, POSTINC1
0x05F6	0xFFE6C0A0  	MOVFF       FARG__OS_Task_Create_TaskAddr+3, POSTINC1
;osa_tasks.c,101 :: 		
0x05FA	0x0E05      	MOVLW       5
0x05FC	0x2401      	ADDWF       R1, 0 
0x05FE	0x6EE1      	MOVWF       FSR1L 
0x0600	0x0E00      	MOVLW       0
0x0602	0x2002      	ADDWFC      R2, 0 
0x0604	0x6EE2      	MOVWF       FSR1H 
0x0606	0x6AE6      	CLRF        POSTINC1 
0x0608	0x6AE6      	CLRF        POSTINC1 
0x060A	0x6AE6      	CLRF        POSTINC1 
0x060C	0x6AE6      	CLRF        POSTINC1 
;osa_tasks.c,108 :: 		
0x060E	0xFFE1C001  	MOVFF       R1, FSR1L
0x0612	0xFFE2C002  	MOVFF       R2, FSR1H
0x0616	0xFFE6C09C  	MOVFF       FARG__OS_Task_Create_priority, POSTINC1
;osa_tasks.c,111 :: 		
0x061A	0x5002      	MOVF        R2, 0 
0x061C	0x183E      	XORWF       __OS_CurTask+1, 0 
0x061E	0xE102      	BNZ         L___OS_Task_Create68
0x0620	0x503D      	MOVF        __OS_CurTask, 0 
0x0622	0x1801      	XORWF       R1, 0 
L___OS_Task_Create68:
0x0624	0xE102      	BNZ         L__OS_Task_Create42
0x0626	0xF03CC09C  	MOVFF       FARG__OS_Task_Create_priority, __OS_State
L__OS_Task_Create42:
;osa_tasks.c,126 :: 		
0x062A	0x9363      	BCF         __OS_Flags, 1, 1
;osa_tasks.c,128 :: 		
0x062C	0xD009      	BRA         L_end__OS_Task_Create
;osa_tasks.c,130 :: 		
L__OS_Task_Create41:
;osa_tasks.c,132 :: 		
0x062E	0x0E09      	MOVLW       9
0x0630	0x2601      	ADDWF       R1, 1 
0x0632	0x0E00      	MOVLW       0
0x0634	0x2202      	ADDWFC      R2, 1 
;osa_tasks.c,134 :: 		
0x0636	0x2B75      	INCF        __OS_Temp, 1, 1
0x0638	0x0E04      	MOVLW       4
0x063A	0x5D75      	SUBWF       __OS_Temp, 0, 1
0x063C	0xE3C6      	BNC         L__OS_Task_Create38
;osa_tasks.c,137 :: 		
0x063E	0x8363      	BSF         __OS_Flags, 1, 1
;osa_tasks.c,139 :: 		
;osa_tasks.c,140 :: 		
L_end__OS_Task_Create:
0x0640	0x0012      	RETURN      0
; end of __OS_Task_Create
_TickTimerIE:
;timer.c,3 :: 		void TickTimerIE(void)
;timer.c,6 :: 		T2CON = T2CON_CONST;
0x0642	0x0E4D      	MOVLW       77
0x0644	0x6EBA      	MOVWF       T2CON 
;timer.c,7 :: 		PR2 = PR2_CONST;
0x0646	0x0E31      	MOVLW       49
0x0648	0x6EBB      	MOVWF       PR2 
;timer.c,9 :: 		INTCON.GIEH = 1;
0x064A	0x8EF2      	BSF         INTCON, 7 
;timer.c,10 :: 		INTCON.GIEL = 1;
0x064C	0x8CF2      	BSF         INTCON, 6 
;timer.c,11 :: 		RCON.IPEN = 1;
0x064E	0x8ED0      	BSF         RCON, 7 
;timer.c,13 :: 		TMR2IE_bit = 1;
0x0650	0x829D      	BSF         TMR2IE_bit, BitPos(TMR2IE_bit+0) 
;timer.c,14 :: 		TMR2IP_bit = 1;
0x0652	0x829F      	BSF         TMR2IP_bit, BitPos(TMR2IP_bit+0) 
;timer.c,15 :: 		T2CON.TMR2ON = 1;
0x0654	0x84BA      	BSF         T2CON, 2 
;timer.c,16 :: 		}
L_end_TickTimerIE:
0x0656	0x0012      	RETURN      0
; end of _TickTimerIE
_Task_LED0:
;main.c,159 :: 		void Task_LED0 (void)
;main.c,162 :: 		for(;;)
L_Task_LED061:
;main.c,165 :: 		if (OS_Msg_Check (msg_int)) {     // If message exists
0x0658	0x0100      	MOVLB       0
0x065A	0xA167      	BTFSS       _msg_int, 0, 1
0x065C	0xD004      	BRA         L_Task_LED064
;main.c,166 :: 		OS_Msg_Accept(msg_int, msg);  // then accept it
0x065E	0xDD84      	RCALL       __OS_DI_INT
0x0660	0x6B67      	CLRF        _msg_int, 1
0x0662	0xDE1C      	RCALL       __OS_RI_INT
;main.c,167 :: 		LATD.RD0 = ~LATD.RD0;
0x0664	0x708C      	BTG         LATD, 0 
;main.c,168 :: 		}
L_Task_LED064:
;main.c,169 :: 		OS_Yield();
0x0666	0xDE71      	RCALL       __OS_ReturnSave
0x0668	0x0000      	NOP
;main.c,170 :: 		}
0x066A	0xD7F6      	BRA         L_Task_LED061
;main.c,171 :: 		}
L_end_Task_LED0:
0x066C	0x0012      	RETURN      0
; end of _Task_LED0
_Task_AD2:
;main.c,141 :: 		void Task_AD2(void)
;main.c,145 :: 		OS_Msg_Create (msg_ad2);
0x066E	0xDD7C      	RCALL       __OS_DI_INT
0x0670	0x6B6D      	CLRF        _msg_ad2, 1
0x0672	0x0E00      	MOVLW       0
0x0674	0x6F6E      	MOVWF       _msg_ad2+1, 1
0x0676	0x0E00      	MOVLW       0
0x0678	0x6F6F      	MOVWF       _msg_ad2+2, 1
0x067A	0xDE10      	RCALL       __OS_RI_INT
;main.c,147 :: 		for(;;)
L_Task_AD256:
;main.c,149 :: 		result = ADC_Read(2);
0x067C	0x0E02      	MOVLW       2
0x067E	0x6FA1      	MOVWF       FARG_ADC_Read_channel, 1
0x0680	0xDE6E      	RCALL       _ADC_Read
;main.c,150 :: 		WordToStr(result, buf);
0x0682	0xF0A1C000  	MOVFF       R0, FARG_WordToStr_input
0x0686	0xF0A2C001  	MOVFF       R1, FARG_WordToStr_input+1
0x068A	0x0E81      	MOVLW       Task_AD2_buf_L0
0x068C	0x0100      	MOVLB       0
0x068E	0x6FA3      	MOVWF       FARG_WordToStr_output, 1
0x0690	0x0E00      	MOVLW       hi_addr(Task_AD2_buf_L0)
0x0692	0x6FA4      	MOVWF       FARG_WordToStr_output+1, 1
0x0694	0xDE0D      	RCALL       _WordToStr
;main.c,151 :: 		OS_Msg_Send(msg_ad2, (OST_MSG)buf);
0x0696	0xDD68      	RCALL       __OS_DI_INT
L_Task_AD259:
0x0698	0xA16D      	BTFSS       _msg_ad2, 0, 1
0x069A	0xD014      	BRA         L_Task_AD260
0x069C	0xDDFF      	RCALL       __OS_RI_INT
0x069E	0xDE51      	RCALL       __OS_EnterWaitMode
0x06A0	0x0000      	NOP
0x06A2	0x0E01      	MOVLW       1
0x06A4	0x156D      	ANDWF       _msg_ad2, 0, 1
0x06A6	0x6FA1      	MOVWF       FARG__OS_CheckEvent_bEvent, 1
0x06A8	0x53A1      	MOVF        FARG__OS_CheckEvent_bEvent, 1, 1
0x06AA	0x0E01      	MOVLW       1
0x06AC	0xA4D8      	BTFSS       STATUS, 2 
0x06AE	0x0E00      	MOVLW       0
0x06B0	0x6FA1      	MOVWF       FARG__OS_CheckEvent_bEvent, 1
0x06B2	0x51A1      	MOVF        FARG__OS_CheckEvent_bEvent, 0, 1
0x06B4	0x0A00      	XORLW       0
0x06B6	0x0E00      	MOVLW       0
0x06B8	0xA4D8      	BTFSS       STATUS, 2 
0x06BA	0x0E01      	MOVLW       1
0x06BC	0x6FA1      	MOVWF       FARG__OS_CheckEvent_bEvent, 1
0x06BE	0xDD3E      	RCALL       __OS_CheckEvent
0x06C0	0xDD53      	RCALL       __OS_DI_INT
0x06C2	0xD7EA      	BRA         L_Task_AD259
L_Task_AD260:
0x06C4	0x0E01      	MOVLW       1
0x06C6	0x6F6D      	MOVWF       _msg_ad2, 1
0x06C8	0x0E81      	MOVLW       Task_AD2_buf_L0
0x06CA	0x6F6E      	MOVWF       _msg_ad2+1, 1
0x06CC	0x0E00      	MOVLW       hi_addr(Task_AD2_buf_L0)
0x06CE	0x6F6F      	MOVWF       _msg_ad2+2, 1
0x06D0	0xDDE5      	RCALL       __OS_RI_INT
;main.c,152 :: 		OS_Cond_Wait(!OS_Msg_Check(msg_ad2));
0x06D2	0xDE37      	RCALL       __OS_EnterWaitMode
0x06D4	0x0000      	NOP
0x06D6	0x0E01      	MOVLW       1
0x06D8	0x156D      	ANDWF       _msg_ad2, 0, 1
0x06DA	0x6FA1      	MOVWF       FARG__OS_CheckEvent_bEvent, 1
0x06DC	0x53A1      	MOVF        FARG__OS_CheckEvent_bEvent, 1, 1
0x06DE	0x0E01      	MOVLW       1
0x06E0	0xA4D8      	BTFSS       STATUS, 2 
0x06E2	0x0E00      	MOVLW       0
0x06E4	0x6FA1      	MOVWF       FARG__OS_CheckEvent_bEvent, 1
0x06E6	0x51A1      	MOVF        FARG__OS_CheckEvent_bEvent, 0, 1
0x06E8	0x0A00      	XORLW       0
0x06EA	0x0E00      	MOVLW       0
0x06EC	0xA4D8      	BTFSS       STATUS, 2 
0x06EE	0x0E01      	MOVLW       1
0x06F0	0x6FA1      	MOVWF       FARG__OS_CheckEvent_bEvent, 1
0x06F2	0xDD24      	RCALL       __OS_CheckEvent
;main.c,154 :: 		OS_Delay(50 ms);
0x06F4	0x0E32      	MOVLW       50
0x06F6	0x6FA1      	MOVWF       FARG__OS_InitDelay_Delay, 1
0x06F8	0x0E00      	MOVLW       0
0x06FA	0x6FA2      	MOVWF       FARG__OS_InitDelay_Delay+1, 1
0x06FC	0x6FA3      	MOVWF       FARG__OS_InitDelay_Delay+2, 1
0x06FE	0x6FA4      	MOVWF       FARG__OS_InitDelay_Delay+3, 1
0x0700	0xDD7A      	RCALL       __OS_InitDelay
0x0702	0xDE23      	RCALL       __OS_ReturnSave
0x0704	0x0000      	NOP
;main.c,156 :: 		}
0x0706	0xD7BA      	BRA         L_Task_AD256
;main.c,157 :: 		}
L_end_Task_AD2:
0x0708	0x0012      	RETURN      0
; end of _Task_AD2
_Task_AD1:
;main.c,124 :: 		void Task_AD1(void)
;main.c,128 :: 		OS_Msg_Create (msg_ad1);
0x070A	0xDD2E      	RCALL       __OS_DI_INT
0x070C	0x6B6A      	CLRF        _msg_ad1, 1
0x070E	0x0E00      	MOVLW       0
0x0710	0x6F6B      	MOVWF       _msg_ad1+1, 1
0x0712	0x0E00      	MOVLW       0
0x0714	0x6F6C      	MOVWF       _msg_ad1+2, 1
0x0716	0xDDC2      	RCALL       __OS_RI_INT
;main.c,130 :: 		for(;;)
L_Task_AD151:
;main.c,132 :: 		result = ADC_Read(1);
0x0718	0x0E01      	MOVLW       1
0x071A	0x6FA1      	MOVWF       FARG_ADC_Read_channel, 1
0x071C	0xDE20      	RCALL       _ADC_Read
;main.c,133 :: 		WordToStr(result, buf);
0x071E	0xF0A1C000  	MOVFF       R0, FARG_WordToStr_input
0x0722	0xF0A2C001  	MOVFF       R1, FARG_WordToStr_input+1
0x0726	0x0E8B      	MOVLW       Task_AD1_buf_L0
0x0728	0x0100      	MOVLB       0
0x072A	0x6FA3      	MOVWF       FARG_WordToStr_output, 1
0x072C	0x0E00      	MOVLW       hi_addr(Task_AD1_buf_L0)
0x072E	0x6FA4      	MOVWF       FARG_WordToStr_output+1, 1
0x0730	0xDDBF      	RCALL       _WordToStr
;main.c,134 :: 		OS_Msg_Send(msg_ad1, (OST_MSG)buf);
0x0732	0xDD1A      	RCALL       __OS_DI_INT
L_Task_AD154:
0x0734	0xA16A      	BTFSS       _msg_ad1, 0, 1
0x0736	0xD014      	BRA         L_Task_AD155
0x0738	0xDDB1      	RCALL       __OS_RI_INT
0x073A	0xDE03      	RCALL       __OS_EnterWaitMode
0x073C	0x0000      	NOP
0x073E	0x0E01      	MOVLW       1
0x0740	0x156A      	ANDWF       _msg_ad1, 0, 1
0x0742	0x6FA1      	MOVWF       FARG__OS_CheckEvent_bEvent, 1
0x0744	0x53A1      	MOVF        FARG__OS_CheckEvent_bEvent, 1, 1
0x0746	0x0E01      	MOVLW       1
0x0748	0xA4D8      	BTFSS       STATUS, 2 
0x074A	0x0E00      	MOVLW       0
0x074C	0x6FA1      	MOVWF       FARG__OS_CheckEvent_bEvent, 1
0x074E	0x51A1      	MOVF        FARG__OS_CheckEvent_bEvent, 0, 1
0x0750	0x0A00      	XORLW       0
0x0752	0x0E00      	MOVLW       0
0x0754	0xA4D8      	BTFSS       STATUS, 2 
0x0756	0x0E01      	MOVLW       1
0x0758	0x6FA1      	MOVWF       FARG__OS_CheckEvent_bEvent, 1
0x075A	0xDCF0      	RCALL       __OS_CheckEvent
0x075C	0xDD05      	RCALL       __OS_DI_INT
0x075E	0xD7EA      	BRA         L_Task_AD154
L_Task_AD155:
0x0760	0x0E01      	MOVLW       1
0x0762	0x6F6A      	MOVWF       _msg_ad1, 1
0x0764	0x0E8B      	MOVLW       Task_AD1_buf_L0
0x0766	0x6F6B      	MOVWF       _msg_ad1+1, 1
0x0768	0x0E00      	MOVLW       hi_addr(Task_AD1_buf_L0)
0x076A	0x6F6C      	MOVWF       _msg_ad1+2, 1
0x076C	0xDD97      	RCALL       __OS_RI_INT
;main.c,135 :: 		OS_Cond_Wait(!OS_Msg_Check(msg_ad1));
0x076E	0xDDE9      	RCALL       __OS_EnterWaitMode
0x0770	0x0000      	NOP
0x0772	0x0E01      	MOVLW       1
0x0774	0x156A      	ANDWF       _msg_ad1, 0, 1
0x0776	0x6FA1      	MOVWF       FARG__OS_CheckEvent_bEvent, 1
0x0778	0x53A1      	MOVF        FARG__OS_CheckEvent_bEvent, 1, 1
0x077A	0x0E01      	MOVLW       1
0x077C	0xA4D8      	BTFSS       STATUS, 2 
0x077E	0x0E00      	MOVLW       0
0x0780	0x6FA1      	MOVWF       FARG__OS_CheckEvent_bEvent, 1
0x0782	0x51A1      	MOVF        FARG__OS_CheckEvent_bEvent, 0, 1
0x0784	0x0A00      	XORLW       0
0x0786	0x0E00      	MOVLW       0
0x0788	0xA4D8      	BTFSS       STATUS, 2 
0x078A	0x0E01      	MOVLW       1
0x078C	0x6FA1      	MOVWF       FARG__OS_CheckEvent_bEvent, 1
0x078E	0xDCD6      	RCALL       __OS_CheckEvent
;main.c,137 :: 		OS_Delay(50 ms);
0x0790	0x0E32      	MOVLW       50
0x0792	0x6FA1      	MOVWF       FARG__OS_InitDelay_Delay, 1
0x0794	0x0E00      	MOVLW       0
0x0796	0x6FA2      	MOVWF       FARG__OS_InitDelay_Delay+1, 1
0x0798	0x6FA3      	MOVWF       FARG__OS_InitDelay_Delay+2, 1
0x079A	0x6FA4      	MOVWF       FARG__OS_InitDelay_Delay+3, 1
0x079C	0xDD2C      	RCALL       __OS_InitDelay
0x079E	0xDDD5      	RCALL       __OS_ReturnSave
0x07A0	0x0000      	NOP
;main.c,138 :: 		}
0x07A2	0xD7BA      	BRA         L_Task_AD151
;main.c,139 :: 		}
L_end_Task_AD1:
0x07A4	0x0012      	RETURN      0
; end of _Task_AD1
_InitMCU:
;bsp.c,3 :: 		void InitMCU(void)
;bsp.c,6 :: 		ANSELA = 0;
0x07A6	0x010F      	MOVLB       15
0x07A8	0x6B38      	CLRF        ANSELA, 1
;bsp.c,7 :: 		ANSELB = 0;
0x07AA	0x6B39      	CLRF        ANSELB, 1
;bsp.c,8 :: 		ANSELC = 0;
0x07AC	0x6B3A      	CLRF        ANSELC, 1
;bsp.c,9 :: 		ANSELD = 0;
0x07AE	0x6B3B      	CLRF        ANSELD, 1
;bsp.c,10 :: 		ANSELE = 0;
0x07B0	0x6B3C      	CLRF        ANSELE, 1
;bsp.c,15 :: 		TRISD = 0;        //PORTD configurado como Saída
0x07B2	0x6A95      	CLRF        TRISD 
;bsp.c,16 :: 		PORTD = 0;        //LEDs OFF
0x07B4	0x6A83      	CLRF        PORTD 
;bsp.c,18 :: 		TRISE.RE0 = 1;    //pinos dos BTN como entrada
0x07B6	0x8096      	BSF         TRISE, 0 
;bsp.c,19 :: 		TRISE.RE1 = 1;
0x07B8	0x8296      	BSF         TRISE, 1 
;bsp.c,21 :: 		TRISA  = 0B00000111; //AN0 ~AN2
0x07BA	0x0E07      	MOVLW       7
0x07BC	0x6E92      	MOVWF       TRISA 
;bsp.c,22 :: 		}
L_end_InitMCU:
0x07BE	0x0012      	RETURN      0
; end of _InitMCU
_Task_BUTTON0:
;main.c,174 :: 		void Task_BUTTON0(void)
;main.c,176 :: 		OS_Msg_Create (msg_pause);
0x07C0	0xDCD3      	RCALL       __OS_DI_INT
0x07C2	0x6B72      	CLRF        _msg_pause, 1
0x07C4	0x0E00      	MOVLW       0
0x07C6	0x6F73      	MOVWF       _msg_pause+1, 1
0x07C8	0x0E00      	MOVLW       0
0x07CA	0x6F74      	MOVWF       _msg_pause+2, 1
0x07CC	0xDD67      	RCALL       __OS_RI_INT
;main.c,178 :: 		for (;;)
L_Task_BUTTON065:
;main.c,181 :: 		do
L_Task_BUTTON068:
;main.c,183 :: 		OS_Cond_Wait(!BTN0);
0x07CE	0xDDB9      	RCALL       __OS_EnterWaitMode
0x07D0	0x0000      	NOP
0x07D2	0xB084      	BTFSC       PORTE, 0 
0x07D4	0xD002      	BRA         L__Task_BUTTON0100
0x07D6	0x80D8      	BSF         STATUS, 0 
0x07D8	0xD001      	BRA         L__Task_BUTTON0101
L__Task_BUTTON0100:
0x07DA	0x90D8      	BCF         STATUS, 0 
L__Task_BUTTON0101:
0x07DC	0x0E00      	MOVLW       0
0x07DE	0xB0D8      	BTFSC       STATUS, 0 
0x07E0	0x0E01      	MOVLW       1
0x07E2	0x6FA1      	MOVWF       FARG__OS_CheckEvent_bEvent, 1
0x07E4	0x51A1      	MOVF        FARG__OS_CheckEvent_bEvent, 0, 1
0x07E6	0x0A00      	XORLW       0
0x07E8	0x0E00      	MOVLW       0
0x07EA	0xA4D8      	BTFSS       STATUS, 2 
0x07EC	0x0E01      	MOVLW       1
0x07EE	0x6FA1      	MOVWF       FARG__OS_CheckEvent_bEvent, 1
0x07F0	0xDCA5      	RCALL       __OS_CheckEvent
;main.c,184 :: 		OS_Delay(40 ms);                // 40 ms for debounce
0x07F2	0x0E28      	MOVLW       40
0x07F4	0x6FA1      	MOVWF       FARG__OS_InitDelay_Delay, 1
0x07F6	0x0E00      	MOVLW       0
0x07F8	0x6FA2      	MOVWF       FARG__OS_InitDelay_Delay+1, 1
0x07FA	0x6FA3      	MOVWF       FARG__OS_InitDelay_Delay+2, 1
0x07FC	0x6FA4      	MOVWF       FARG__OS_InitDelay_Delay+3, 1
0x07FE	0xDCFB      	RCALL       __OS_InitDelay
0x0800	0xDDA4      	RCALL       __OS_ReturnSave
0x0802	0x0000      	NOP
;main.c,185 :: 		} while (BTN0);
0x0804	0xB084      	BTFSC       PORTE, 0 
0x0806	0xD7E3      	BRA         L_Task_BUTTON068
;main.c,188 :: 		LATD.RD7 = ~LATD.RD7;
0x0808	0x7E8C      	BTG         LATD, 7 
;main.c,189 :: 		if(LATD.RD7)
0x080A	0xAE8C      	BTFSS       LATD, 7 
0x080C	0xD046      	BRA         L_Task_BUTTON071
;main.c,191 :: 		if (!OS_Task_IsPaused (tp1)) {
0x080E	0xFFE9C070  	MOVFF       _tp1, FSR0L
0x0812	0xFFEAC071  	MOVFF       _tp1+1, FSR0H
0x0816	0xF000CFEE  	MOVFF       POSTINC0, R0
0x081A	0xBE00      	BTFSC       R0, 7 
0x081C	0xD03D      	BRA         L_Task_BUTTON072
;main.c,192 :: 		OS_Msg_Send(msg_pause, "Pause");
0x081E	0xDCA4      	RCALL       __OS_DI_INT
L_Task_BUTTON073:
0x0820	0xA172      	BTFSS       _msg_pause, 0, 1
0x0822	0xD014      	BRA         L_Task_BUTTON074
0x0824	0xDD3B      	RCALL       __OS_RI_INT
0x0826	0xDD8D      	RCALL       __OS_EnterWaitMode
0x0828	0x0000      	NOP
0x082A	0x0E01      	MOVLW       1
0x082C	0x1572      	ANDWF       _msg_pause, 0, 1
0x082E	0x6FA1      	MOVWF       FARG__OS_CheckEvent_bEvent, 1
0x0830	0x53A1      	MOVF        FARG__OS_CheckEvent_bEvent, 1, 1
0x0832	0x0E01      	MOVLW       1
0x0834	0xA4D8      	BTFSS       STATUS, 2 
0x0836	0x0E00      	MOVLW       0
0x0838	0x6FA1      	MOVWF       FARG__OS_CheckEvent_bEvent, 1
0x083A	0x51A1      	MOVF        FARG__OS_CheckEvent_bEvent, 0, 1
0x083C	0x0A00      	XORLW       0
0x083E	0x0E00      	MOVLW       0
0x0840	0xA4D8      	BTFSS       STATUS, 2 
0x0842	0x0E01      	MOVLW       1
0x0844	0x6FA1      	MOVWF       FARG__OS_CheckEvent_bEvent, 1
0x0846	0xDC7A      	RCALL       __OS_CheckEvent
0x0848	0xDC8F      	RCALL       __OS_DI_INT
0x084A	0xD7EA      	BRA         L_Task_BUTTON073
L_Task_BUTTON074:
0x084C	0x0E01      	MOVLW       1
0x084E	0x6F72      	MOVWF       _msg_pause, 1
0x0850	0x0E2F      	MOVLW       ?lstr2_main
0x0852	0x6F73      	MOVWF       _msg_pause+1, 1
0x0854	0x0E00      	MOVLW       hi_addr(?lstr2_main)
0x0856	0x6F74      	MOVWF       _msg_pause+2, 1
0x0858	0xDD21      	RCALL       __OS_RI_INT
;main.c,193 :: 		OS_Cond_Wait(!OS_Msg_Check(msg_pause));
0x085A	0xDD73      	RCALL       __OS_EnterWaitMode
0x085C	0x0000      	NOP
0x085E	0x0E01      	MOVLW       1
0x0860	0x1572      	ANDWF       _msg_pause, 0, 1
0x0862	0x6FA1      	MOVWF       FARG__OS_CheckEvent_bEvent, 1
0x0864	0x53A1      	MOVF        FARG__OS_CheckEvent_bEvent, 1, 1
0x0866	0x0E01      	MOVLW       1
0x0868	0xA4D8      	BTFSS       STATUS, 2 
0x086A	0x0E00      	MOVLW       0
0x086C	0x6FA1      	MOVWF       FARG__OS_CheckEvent_bEvent, 1
0x086E	0x51A1      	MOVF        FARG__OS_CheckEvent_bEvent, 0, 1
0x0870	0x0A00      	XORLW       0
0x0872	0x0E00      	MOVLW       0
0x0874	0xA4D8      	BTFSS       STATUS, 2 
0x0876	0x0E01      	MOVLW       1
0x0878	0x6FA1      	MOVWF       FARG__OS_CheckEvent_bEvent, 1
0x087A	0xDC60      	RCALL       __OS_CheckEvent
;main.c,194 :: 		OS_Task_Pause(tp1);        // Pause external task
0x087C	0xFFE1C070  	MOVFF       _tp1, FSR1L
0x0880	0xFFE2C071  	MOVFF       _tp1+1, FSR1H
0x0884	0x8EE6      	BSF         POSTINC1, 7 
0x0886	0x5171      	MOVF        _tp1+1, 0, 1
0x0888	0x183E      	XORWF       __OS_CurTask+1, 0 
0x088A	0xE102      	BNZ         L__Task_BUTTON0102
0x088C	0x503D      	MOVF        __OS_CurTask, 0 
0x088E	0x1970      	XORWF       _tp1, 0, 1
L__Task_BUTTON0102:
0x0890	0xE103      	BNZ         L_Task_BUTTON075
0x0892	0x8E3C      	BSF         __OS_State, 7 
0x0894	0xDD5A      	RCALL       __OS_ReturnSave
0x0896	0x0000      	NOP
L_Task_BUTTON075:
;main.c,195 :: 		}
L_Task_BUTTON072:
;main.c,197 :: 		}
0x0898	0xD03C      	BRA         L_Task_BUTTON076
L_Task_BUTTON071:
;main.c,200 :: 		if (OS_Task_IsPaused (tp1)) {
0x089A	0xFFE9C070  	MOVFF       _tp1, FSR0L
0x089E	0xFFEAC071  	MOVFF       _tp1+1, FSR0H
0x08A2	0xF000CFEE  	MOVFF       POSTINC0, R0
0x08A6	0xAE00      	BTFSS       R0, 7 
0x08A8	0xD034      	BRA         L_Task_BUTTON077
;main.c,201 :: 		OS_Msg_Send(msg_pause, "Cont ");
0x08AA	0xDC5E      	RCALL       __OS_DI_INT
L_Task_BUTTON078:
0x08AC	0xA172      	BTFSS       _msg_pause, 0, 1
0x08AE	0xD014      	BRA         L_Task_BUTTON079
0x08B0	0xDCF5      	RCALL       __OS_RI_INT
0x08B2	0xDD47      	RCALL       __OS_EnterWaitMode
0x08B4	0x0000      	NOP
0x08B6	0x0E01      	MOVLW       1
0x08B8	0x1572      	ANDWF       _msg_pause, 0, 1
0x08BA	0x6FA1      	MOVWF       FARG__OS_CheckEvent_bEvent, 1
0x08BC	0x53A1      	MOVF        FARG__OS_CheckEvent_bEvent, 1, 1
0x08BE	0x0E01      	MOVLW       1
0x08C0	0xA4D8      	BTFSS       STATUS, 2 
0x08C2	0x0E00      	MOVLW       0
0x08C4	0x6FA1      	MOVWF       FARG__OS_CheckEvent_bEvent, 1
0x08C6	0x51A1      	MOVF        FARG__OS_CheckEvent_bEvent, 0, 1
0x08C8	0x0A00      	XORLW       0
0x08CA	0x0E00      	MOVLW       0
0x08CC	0xA4D8      	BTFSS       STATUS, 2 
0x08CE	0x0E01      	MOVLW       1
0x08D0	0x6FA1      	MOVWF       FARG__OS_CheckEvent_bEvent, 1
0x08D2	0xDC34      	RCALL       __OS_CheckEvent
0x08D4	0xDC49      	RCALL       __OS_DI_INT
0x08D6	0xD7EA      	BRA         L_Task_BUTTON078
L_Task_BUTTON079:
0x08D8	0x0E01      	MOVLW       1
0x08DA	0x6F72      	MOVWF       _msg_pause, 1
0x08DC	0x0E29      	MOVLW       ?lstr3_main
0x08DE	0x6F73      	MOVWF       _msg_pause+1, 1
0x08E0	0x0E00      	MOVLW       hi_addr(?lstr3_main)
0x08E2	0x6F74      	MOVWF       _msg_pause+2, 1
0x08E4	0xDCDB      	RCALL       __OS_RI_INT
;main.c,202 :: 		OS_Cond_Wait(!OS_Msg_Check(msg_pause));
0x08E6	0xDD2D      	RCALL       __OS_EnterWaitMode
0x08E8	0x0000      	NOP
0x08EA	0x0E01      	MOVLW       1
0x08EC	0x1572      	ANDWF       _msg_pause, 0, 1
0x08EE	0x6FA1      	MOVWF       FARG__OS_CheckEvent_bEvent, 1
0x08F0	0x53A1      	MOVF        FARG__OS_CheckEvent_bEvent, 1, 1
0x08F2	0x0E01      	MOVLW       1
0x08F4	0xA4D8      	BTFSS       STATUS, 2 
0x08F6	0x0E00      	MOVLW       0
0x08F8	0x6FA1      	MOVWF       FARG__OS_CheckEvent_bEvent, 1
0x08FA	0x51A1      	MOVF        FARG__OS_CheckEvent_bEvent, 0, 1
0x08FC	0x0A00      	XORLW       0
0x08FE	0x0E00      	MOVLW       0
0x0900	0xA4D8      	BTFSS       STATUS, 2 
0x0902	0x0E01      	MOVLW       1
0x0904	0x6FA1      	MOVWF       FARG__OS_CheckEvent_bEvent, 1
0x0906	0xDC1A      	RCALL       __OS_CheckEvent
;main.c,203 :: 		OS_Task_Continue(tp1);     // Continue paused task
0x0908	0xFFE1C070  	MOVFF       _tp1, FSR1L
0x090C	0xFFE2C071  	MOVFF       _tp1+1, FSR1H
0x0910	0x9EE6      	BCF         POSTINC1, 7 
;main.c,204 :: 		}
L_Task_BUTTON077:
;main.c,205 :: 		}
L_Task_BUTTON076:
;main.c,208 :: 		do
L_Task_BUTTON080:
;main.c,210 :: 		OS_Cond_Wait(BTN0);
0x0912	0xDD17      	RCALL       __OS_EnterWaitMode
0x0914	0x0000      	NOP
0x0916	0x0E00      	MOVLW       0
0x0918	0xB084      	BTFSC       PORTE, 0 
0x091A	0x0E01      	MOVLW       1
0x091C	0x6FA1      	MOVWF       FARG__OS_CheckEvent_bEvent, 1
0x091E	0x51A1      	MOVF        FARG__OS_CheckEvent_bEvent, 0, 1
0x0920	0x0A00      	XORLW       0
0x0922	0x0E00      	MOVLW       0
0x0924	0xA4D8      	BTFSS       STATUS, 2 
0x0926	0x0E01      	MOVLW       1
0x0928	0x6FA1      	MOVWF       FARG__OS_CheckEvent_bEvent, 1
0x092A	0xDC08      	RCALL       __OS_CheckEvent
;main.c,211 :: 		OS_Delay(40 ms);                // 40 ms for debounce
0x092C	0x0E28      	MOVLW       40
0x092E	0x6FA1      	MOVWF       FARG__OS_InitDelay_Delay, 1
0x0930	0x0E00      	MOVLW       0
0x0932	0x6FA2      	MOVWF       FARG__OS_InitDelay_Delay+1, 1
0x0934	0x6FA3      	MOVWF       FARG__OS_InitDelay_Delay+2, 1
0x0936	0x6FA4      	MOVWF       FARG__OS_InitDelay_Delay+3, 1
0x0938	0xDC5E      	RCALL       __OS_InitDelay
0x093A	0xDD07      	RCALL       __OS_ReturnSave
0x093C	0x0000      	NOP
;main.c,212 :: 		} while (!BTN0);
0x093E	0xA084      	BTFSS       PORTE, 0 
0x0940	0xD7E8      	BRA         L_Task_BUTTON080
;main.c,214 :: 		}
0x0942	0xD745      	BRA         L_Task_BUTTON065
;main.c,215 :: 		}
L_end_Task_BUTTON0:
0x0944	0x0012      	RETURN      0
; end of _Task_BUTTON0
_Task_LCD:
;main.c,74 :: 		void Task_LCD(void)
;main.c,80 :: 		for(;;)
L_Task_LCD40:
;main.c,83 :: 		if (OS_Msg_Check (msg_ad0)) {     // If message exists
0x0946	0x0100      	MOVLB       0
0x0948	0xA164      	BTFSS       _msg_ad0, 0, 1
0x094A	0xD010      	BRA         L_Task_LCD43
;main.c,84 :: 		OS_Msg_Accept(msg_ad0, msg);  // then accept it
0x094C	0xDC0D      	RCALL       __OS_DI_INT
0x094E	0xF09CC065  	MOVFF       _msg_ad0+1, Task_LCD_msg_L0
0x0952	0xF09DC066  	MOVFF       _msg_ad0+2, Task_LCD_msg_L0+1
0x0956	0x6B64      	CLRF        _msg_ad0, 1
0x0958	0xDCA1      	RCALL       __OS_RI_INT
;main.c,85 :: 		Lcd_Out(1,1,(msg));
0x095A	0x0E01      	MOVLW       1
0x095C	0x6FA1      	MOVWF       FARG_Lcd_Out_row, 1
0x095E	0x0E01      	MOVLW       1
0x0960	0x6FA2      	MOVWF       FARG_Lcd_Out_column, 1
0x0962	0xF0A3C09C  	MOVFF       Task_LCD_msg_L0, FARG_Lcd_Out_text
0x0966	0xF0A4C09D  	MOVFF       Task_LCD_msg_L0+1, FARG_Lcd_Out_text+1
0x096A	0xDC06      	RCALL       _Lcd_Out
;main.c,86 :: 		}
L_Task_LCD43:
;main.c,87 :: 		if (OS_Msg_Check (msg_ad1)) {     // If message exists
0x096C	0xA16A      	BTFSS       _msg_ad1, 0, 1
0x096E	0xD012      	BRA         L_Task_LCD44
;main.c,88 :: 		OS_Msg_Accept(msg_ad1, msg);  // then accept it
0x0970	0xF000ECB4  	CALL        __OS_DI_INT, 0
0x0974	0xF09CC06B  	MOVFF       _msg_ad1+1, Task_LCD_msg_L0
0x0978	0xF09DC06C  	MOVFF       _msg_ad1+2, Task_LCD_msg_L0+1
0x097C	0x6B6A      	CLRF        _msg_ad1, 1
0x097E	0xDC8E      	RCALL       __OS_RI_INT
;main.c,89 :: 		Lcd_Out(1,10,(msg));
0x0980	0x0E01      	MOVLW       1
0x0982	0x6FA1      	MOVWF       FARG_Lcd_Out_row, 1
0x0984	0x0E0A      	MOVLW       10
0x0986	0x6FA2      	MOVWF       FARG_Lcd_Out_column, 1
0x0988	0xF0A3C09C  	MOVFF       Task_LCD_msg_L0, FARG_Lcd_Out_text
0x098C	0xF0A4C09D  	MOVFF       Task_LCD_msg_L0+1, FARG_Lcd_Out_text+1
0x0990	0xF000ECBC  	CALL        _Lcd_Out, 0
;main.c,90 :: 		}
L_Task_LCD44:
;main.c,91 :: 		if (OS_Msg_Check (msg_ad2)) {     // If message exists
0x0994	0xA16D      	BTFSS       _msg_ad2, 0, 1
0x0996	0xD012      	BRA         L_Task_LCD45
;main.c,92 :: 		OS_Msg_Accept(msg_ad2, msg);  // then accept it
0x0998	0xF000ECB4  	CALL        __OS_DI_INT, 0
0x099C	0xF09CC06E  	MOVFF       _msg_ad2+1, Task_LCD_msg_L0
0x09A0	0xF09DC06F  	MOVFF       _msg_ad2+2, Task_LCD_msg_L0+1
0x09A4	0x6B6D      	CLRF        _msg_ad2, 1
0x09A6	0xDC7A      	RCALL       __OS_RI_INT
;main.c,93 :: 		Lcd_Out(2,1,(msg));
0x09A8	0x0E02      	MOVLW       2
0x09AA	0x6FA1      	MOVWF       FARG_Lcd_Out_row, 1
0x09AC	0x0E01      	MOVLW       1
0x09AE	0x6FA2      	MOVWF       FARG_Lcd_Out_column, 1
0x09B0	0xF0A3C09C  	MOVFF       Task_LCD_msg_L0, FARG_Lcd_Out_text
0x09B4	0xF0A4C09D  	MOVFF       Task_LCD_msg_L0+1, FARG_Lcd_Out_text+1
0x09B8	0xF000ECBC  	CALL        _Lcd_Out, 0
;main.c,94 :: 		}
L_Task_LCD45:
;main.c,102 :: 		OS_Delay(20 ms);
0x09BC	0x0E14      	MOVLW       20
0x09BE	0x6FA1      	MOVWF       FARG__OS_InitDelay_Delay, 1
0x09C0	0x0E00      	MOVLW       0
0x09C2	0x6FA2      	MOVWF       FARG__OS_InitDelay_Delay+1, 1
0x09C4	0x6FA3      	MOVWF       FARG__OS_InitDelay_Delay+2, 1
0x09C6	0x6FA4      	MOVWF       FARG__OS_InitDelay_Delay+3, 1
0x09C8	0xDC16      	RCALL       __OS_InitDelay
0x09CA	0xDCBF      	RCALL       __OS_ReturnSave
0x09CC	0x0000      	NOP
;main.c,103 :: 		}
0x09CE	0xD7BB      	BRA         L_Task_LCD40
;main.c,104 :: 		}
L_end_Task_LCD:
0x09D0	0x0012      	RETURN      0
; end of _Task_LCD
_INTERRUPT_HIGH:
;main.c,8 :: 		void INTERRUPT_HIGH() iv 0x0008 ics ICS_AUTO {
0x09D2	0xF022C000  	MOVFF       R0, 34
0x09D6	0xF021C001  	MOVFF       R1, 33
0x09DA	0xF020C002  	MOVFF       R2, 32
0x09DE	0xF01FC003  	MOVFF       R3, 31
0x09E2	0xF01EC004  	MOVFF       R4, 30
0x09E6	0xF01DC005  	MOVFF       R5, 29
0x09EA	0xF01CC008  	MOVFF       R8, 28
0x09EE	0xF01BC009  	MOVFF       R9, 27
0x09F2	0xF01AC00A  	MOVFF       R10, 26
0x09F6	0xF019C00B  	MOVFF       R11, 25
;main.c,11 :: 		if (TMR2IF_bit){
0x09FA	0xF027CFE1  	MOVFF       FSR1L, 39
0x09FE	0xF028CFE2  	MOVFF       FSR1H, 40
0x0A02	0xF025CFE9  	MOVFF       FSR0L, 37
0x0A06	0xF026CFEA  	MOVFF       FSR0H, 38
0x0A0A	0xF023CFF3  	MOVFF       PROD, 35
0x0A0E	0xF024CFF4  	MOVFF       PRODH, 36
0x0A12	0xA29E      	BTFSS       TMR2IF_bit, BitPos(TMR2IF_bit+0) 
0x0A14	0xD06B      	BRA         L_INTERRUPT_HIGH0
;main.c,12 :: 		TMR2IF_bit = 0;
0x0A16	0x929E      	BCF         TMR2IF_bit, BitPos(TMR2IF_bit+0) 
;main.c,13 :: 		OS_Timer();
0x0A18	0x0100      	MOVLB       0
0x0A1A	0x6BAA      	CLRF        INTERRUPT_HIGH__os_i_L3, 1
L_INTERRUPT_HIGH1:
0x0A1C	0x0E04      	MOVLW       4
0x0A1E	0x5DAA      	SUBWF       INTERRUPT_HIGH__os_i_L3, 0, 1
0x0A20	0xE265      	BC          L_INTERRUPT_HIGH2
0x0A22	0x0E09      	MOVLW       9
0x0A24	0x6E00      	MOVWF       R0 
0x0A26	0x0E00      	MOVLW       0
0x0A28	0x6E01      	MOVWF       R1 
0x0A2A	0xF004C0AA  	MOVFF       INTERRUPT_HIGH__os_i_L3, R4
0x0A2E	0x0E00      	MOVLW       0
0x0A30	0x6E05      	MOVWF       R5 
0x0A32	0xDD9C      	RCALL       _Mul_16X16_U
0x0A34	0x0E3F      	MOVLW       __OS_Tasks
0x0A36	0x2400      	ADDWF       R0, 0 
0x0A38	0x6EE9      	MOVWF       FSR0L 
0x0A3A	0x0E00      	MOVLW       hi_addr(__OS_Tasks)
0x0A3C	0x2001      	ADDWFC      R1, 0 
0x0A3E	0x6EEA      	MOVWF       FSR0H 
0x0A40	0xF000CFEE  	MOVFF       POSTINC0, R0
0x0A44	0xA800      	BTFSS       R0, 4 
0x0A46	0xD050      	BRA         L_INTERRUPT_HIGH4
0x0A48	0x0E09      	MOVLW       9
0x0A4A	0x6E00      	MOVWF       R0 
0x0A4C	0x0E00      	MOVLW       0
0x0A4E	0x6E01      	MOVWF       R1 
0x0A50	0xF004C0AA  	MOVFF       INTERRUPT_HIGH__os_i_L3, R4
0x0A54	0x0E00      	MOVLW       0
0x0A56	0x6E05      	MOVWF       R5 
0x0A58	0xDD89      	RCALL       _Mul_16X16_U
0x0A5A	0x0E3F      	MOVLW       __OS_Tasks
0x0A5C	0x2600      	ADDWF       R0, 1 
0x0A5E	0x0E00      	MOVLW       hi_addr(__OS_Tasks)
0x0A60	0x2201      	ADDWFC      R1, 1 
0x0A62	0x0E05      	MOVLW       5
0x0A64	0x2400      	ADDWF       R0, 0 
0x0A66	0x6E04      	MOVWF       R4 
0x0A68	0x0E00      	MOVLW       0
0x0A6A	0x2001      	ADDWFC      R1, 0 
0x0A6C	0x6E05      	MOVWF       R5 
0x0A6E	0xFFE9C004  	MOVFF       R4, FSR0L
0x0A72	0xFFEAC005  	MOVFF       R5, FSR0H
0x0A76	0x0E01      	MOVLW       1
0x0A78	0x24EE      	ADDWF       POSTINC0, 0 
0x0A7A	0x6E00      	MOVWF       R0 
0x0A7C	0x0E00      	MOVLW       0
0x0A7E	0x20EE      	ADDWFC      POSTINC0, 0 
0x0A80	0x6E01      	MOVWF       R1 
0x0A82	0x0E00      	MOVLW       0
0x0A84	0x20EE      	ADDWFC      POSTINC0, 0 
0x0A86	0x6E02      	MOVWF       R2 
0x0A88	0x0E00      	MOVLW       0
0x0A8A	0x20EE      	ADDWFC      POSTINC0, 0 
0x0A8C	0x6E03      	MOVWF       R3 
0x0A8E	0xFFE1C004  	MOVFF       R4, FSR1L
0x0A92	0xFFE2C005  	MOVFF       R5, FSR1H
0x0A96	0xFFE6C000  	MOVFF       R0, POSTINC1
0x0A9A	0xFFE6C001  	MOVFF       R1, POSTINC1
0x0A9E	0xFFE6C002  	MOVFF       R2, POSTINC1
0x0AA2	0xFFE6C003  	MOVFF       R3, POSTINC1
0x0AA6	0xFFE9C004  	MOVFF       R4, FSR0L
0x0AAA	0xFFEAC005  	MOVFF       R5, FSR0H
0x0AAE	0xF000CFEE  	MOVFF       POSTINC0, R0
0x0AB2	0xF001CFEE  	MOVFF       POSTINC0, R1
0x0AB6	0xF002CFEE  	MOVFF       POSTINC0, R2
0x0ABA	0xF003CFEE  	MOVFF       POSTINC0, R3
0x0ABE	0x5000      	MOVF        R0, 0 
0x0AC0	0x1001      	IORWF       R1, 0 
0x0AC2	0x1002      	IORWF       R2, 0 
0x0AC4	0x1003      	IORWF       R3, 0 
0x0AC6	0xE110      	BNZ         L_INTERRUPT_HIGH5
0x0AC8	0x0E09      	MOVLW       9
0x0ACA	0x6E00      	MOVWF       R0 
0x0ACC	0x0E00      	MOVLW       0
0x0ACE	0x6E01      	MOVWF       R1 
0x0AD0	0xF004C0AA  	MOVFF       INTERRUPT_HIGH__os_i_L3, R4
0x0AD4	0x0E00      	MOVLW       0
0x0AD6	0x6E05      	MOVWF       R5 
0x0AD8	0xDD49      	RCALL       _Mul_16X16_U
0x0ADA	0x0E3F      	MOVLW       __OS_Tasks
0x0ADC	0x2400      	ADDWF       R0, 0 
0x0ADE	0x6EE1      	MOVWF       FSR1L 
0x0AE0	0x0E00      	MOVLW       hi_addr(__OS_Tasks)
0x0AE2	0x2001      	ADDWFC      R1, 0 
0x0AE4	0x6EE2      	MOVWF       FSR1H 
0x0AE6	0x98E6      	BCF         POSTINC1, 4 
L_INTERRUPT_HIGH5:
L_INTERRUPT_HIGH4:
0x0AE8	0x2BAA      	INCF        INTERRUPT_HIGH__os_i_L3, 1, 1
0x0AEA	0xD798      	BRA         L_INTERRUPT_HIGH1
L_INTERRUPT_HIGH2:
;main.c,14 :: 		}
L_INTERRUPT_HIGH0:
;main.c,16 :: 		}
L_end_INTERRUPT_HIGH:
L__INTERRUPT_HIGH88:
0x0AEC	0xFFF3C023  	MOVFF       35, PROD
0x0AF0	0xFFF4C024  	MOVFF       36, PRODH
0x0AF4	0xF000C022  	MOVFF       34, R0
0x0AF8	0xF001C021  	MOVFF       33, R1
0x0AFC	0xF002C020  	MOVFF       32, R2
0x0B00	0xF003C01F  	MOVFF       31, R3
0x0B04	0xF004C01E  	MOVFF       30, R4
0x0B08	0xF005C01D  	MOVFF       29, R5
0x0B0C	0xF008C01C  	MOVFF       28, R8
0x0B10	0xF009C01B  	MOVFF       27, R9
0x0B14	0xF00AC01A  	MOVFF       26, R10
0x0B18	0xF00BC019  	MOVFF       25, R11
0x0B1C	0xFFE9C025  	MOVFF       37, FSR0L
0x0B20	0xFFEAC026  	MOVFF       38, FSR0H
0x0B24	0xFFE1C027  	MOVFF       39, FSR1L
0x0B28	0xFFE2C028  	MOVFF       40, FSR1H
0x0B2C	0x0011      	RETFIE      1
; end of _INTERRUPT_HIGH
_INTERRUPT_LOW:
0x0B2E	0xF018C000  	MOVFF       R0, 24
0x0B32	0x6E15      	MOVWF       ___Low_saveWREG 
0x0B34	0xF016CFD8  	MOVFF       STATUS, ___Low_saveSTATUS
0x0B38	0xF017CFE0  	MOVFF       BSR, ___Low_saveBSR
;main.c,18 :: 		void INTERRUPT_LOW() iv 0x0018 ics ICS_AUTO {
;main.c,23 :: 		if(INTCON.TMR0IF == 1)
0x0B3C	0xA4F2      	BTFSS       INTCON, 2 
0x0B3E	0xD016      	BRA         L_INTERRUPT_LOW6
;main.c,25 :: 		INTCON.TMR0IF = 0;  //Apaga o flag do TIMER0
0x0B40	0x94F2      	BCF         INTCON, 2 
;main.c,26 :: 		TMR0H = 0XC2;
0x0B42	0x0EC2      	MOVLW       194
0x0B44	0x6ED7      	MOVWF       TMR0H 
;main.c,27 :: 		TMR0L = 0XF7;       //Tempo para 1 seg
0x0B46	0x0EF7      	MOVLW       247
0x0B48	0x6ED6      	MOVWF       TMR0L 
;main.c,30 :: 		if (OS_Msg_Check_I (msg_pause)) {     // If message exists
0x0B4A	0x0100      	MOVLB       0
0x0B4C	0xA172      	BTFSS       _msg_pause, 0, 1
0x0B4E	0xD002      	BRA         L_INTERRUPT_LOW7
;main.c,31 :: 		OS_Msg_Accept_I(msg_pause, msg);  // then accept it
0x0B50	0x6B72      	CLRF        _msg_pause, 1
;main.c,33 :: 		LATD.RD6 = ~LATD.RD6; //Inverte o estado do LED
0x0B52	0x7C8C      	BTG         LATD, 6 
;main.c,34 :: 		}
L_INTERRUPT_LOW7:
;main.c,36 :: 		if(!OS_Msg_Check_I (msg_int)){
0x0B54	0xB167      	BTFSC       _msg_int, 0, 1
0x0B56	0xD00A      	BRA         L_INTERRUPT_LOW8
;main.c,37 :: 		OS_Msg_Send_I(msg_int, "int");
0x0B58	0x9163      	BCF         __OS_Flags, 0, 1
0x0B5A	0xA167      	BTFSS       _msg_int, 0, 1
0x0B5C	0xD001      	BRA         L_INTERRUPT_LOW9
0x0B5E	0x8163      	BSF         __OS_Flags, 0, 1
L_INTERRUPT_LOW9:
0x0B60	0x0E01      	MOVLW       1
0x0B62	0x6F67      	MOVWF       _msg_int, 1
0x0B64	0x0E35      	MOVLW       ?lstr1_main
0x0B66	0x6F68      	MOVWF       _msg_int+1, 1
0x0B68	0x0E00      	MOVLW       hi_addr(?lstr1_main)
0x0B6A	0x6F69      	MOVWF       _msg_int+2, 1
;main.c,38 :: 		}
L_INTERRUPT_LOW8:
;main.c,40 :: 		}
L_INTERRUPT_LOW6:
;main.c,43 :: 		}
L_end_INTERRUPT_LOW:
L__INTERRUPT_LOW90:
0x0B6C	0x5017      	MOVF        ___Low_saveBSR, 0 
0x0B6E	0x6EE0      	MOVWF       BSR 
0x0B70	0x5016      	MOVF        ___Low_saveSTATUS, 0 
0x0B72	0x6ED8      	MOVWF       STATUS 
0x0B74	0x3A15      	SWAPF       ___Low_saveWREG, 1 
0x0B76	0x3815      	SWAPF       ___Low_saveWREG, 0 
0x0B78	0xF000C018  	MOVFF       24, R0
0x0B7C	0x0010      	RETFIE      0
; end of _INTERRUPT_LOW
_main:
0x0B7E	0xF006ECB0  	CALL        3424, 0
;main.c,47 :: 		void main (void)
;main.c,49 :: 		InitMCU();                         //Inicializa os periféricos do MCU
0x0B82	0xDE11      	RCALL       _InitMCU
;main.c,50 :: 		TickTimerIE();                     //Configura e habilita a Interrupção TickTimer
0x0B84	0xDD5E      	RCALL       _TickTimerIE
;main.c,51 :: 		InitLCD();
0x0B86	0xDCDE      	RCALL       _InitLCD
;main.c,52 :: 		InitTIMER0_IE();
0x0B88	0xDCD1      	RCALL       _InitTIMER0_IE
;main.c,54 :: 		OS_Init();                         //Inicializa RTO's
0x0B8A	0xDCC4      	RCALL       _OS_Init
;main.c,57 :: 		OS_Task_Create(0, Task_AD0);      //Cria task AD0 (máxima prioridade)
0x0B8C	0x6B9C      	CLRF        FARG__OS_Task_Create_priority, 1
0x0B8E	0x0E6A      	MOVLW       _Task_AD0
0x0B90	0x6F9D      	MOVWF       FARG__OS_Task_Create_TaskAddr, 1
0x0B92	0x0E04      	MOVLW       hi_addr(_Task_AD0)
0x0B94	0x6F9E      	MOVWF       FARG__OS_Task_Create_TaskAddr+1, 1
0x0B96	0x0E00      	MOVLW       0
0x0B98	0x6F9F      	MOVWF       FARG__OS_Task_Create_TaskAddr+2, 1
0x0B9A	0x0E00      	MOVLW       0
0x0B9C	0x6FA0      	MOVWF       FARG__OS_Task_Create_TaskAddr+3, 1
0x0B9E	0xDD0E      	RCALL       __OS_Task_Create
;main.c,58 :: 		if (!OS_IsError()) tp1 = OS_Task_GetCreated(); // Get descriptor
0x0BA0	0xB363      	BTFSC       __OS_Flags, 1, 1
0x0BA2	0xD00F      	BRA         L_main10
0x0BA4	0x0E09      	MOVLW       9
0x0BA6	0x6E00      	MOVWF       R0 
0x0BA8	0x0E00      	MOVLW       0
0x0BAA	0x6E01      	MOVWF       R1 
0x0BAC	0xF004C075  	MOVFF       __OS_Temp, R4
0x0BB0	0x0E00      	MOVLW       0
0x0BB2	0x6E05      	MOVWF       R5 
0x0BB4	0xDCDB      	RCALL       _Mul_16X16_U
0x0BB6	0x0E3F      	MOVLW       __OS_Tasks
0x0BB8	0x2400      	ADDWF       R0, 0 
0x0BBA	0x6F70      	MOVWF       _tp1, 1
0x0BBC	0x0E00      	MOVLW       hi_addr(__OS_Tasks)
0x0BBE	0x2001      	ADDWFC      R1, 0 
0x0BC0	0x6F71      	MOVWF       _tp1+1, 1
L_main10:
;main.c,60 :: 		OS_Task_Create(1, Task_AD1);      //Cria task AD1 (máxima prioridade)
0x0BC2	0x0E01      	MOVLW       1
0x0BC4	0x6F9C      	MOVWF       FARG__OS_Task_Create_priority, 1
0x0BC6	0x0E0A      	MOVLW       _Task_AD1
0x0BC8	0x6F9D      	MOVWF       FARG__OS_Task_Create_TaskAddr, 1
0x0BCA	0x0E07      	MOVLW       hi_addr(_Task_AD1)
0x0BCC	0x6F9E      	MOVWF       FARG__OS_Task_Create_TaskAddr+1, 1
0x0BCE	0x0E00      	MOVLW       0
0x0BD0	0x6F9F      	MOVWF       FARG__OS_Task_Create_TaskAddr+2, 1
0x0BD2	0x0E00      	MOVLW       0
0x0BD4	0x6FA0      	MOVWF       FARG__OS_Task_Create_TaskAddr+3, 1
0x0BD6	0xDCF2      	RCALL       __OS_Task_Create
;main.c,61 :: 		OS_Task_Create(2, Task_AD2);      //Cria task AD2 (máxima prioridade)
0x0BD8	0x0E02      	MOVLW       2
0x0BDA	0x6F9C      	MOVWF       FARG__OS_Task_Create_priority, 1
0x0BDC	0x0E6E      	MOVLW       _Task_AD2
0x0BDE	0x6F9D      	MOVWF       FARG__OS_Task_Create_TaskAddr, 1
0x0BE0	0x0E06      	MOVLW       hi_addr(_Task_AD2)
0x0BE2	0x6F9E      	MOVWF       FARG__OS_Task_Create_TaskAddr+1, 1
0x0BE4	0x0E00      	MOVLW       0
0x0BE6	0x6F9F      	MOVWF       FARG__OS_Task_Create_TaskAddr+2, 1
0x0BE8	0x0E00      	MOVLW       0
0x0BEA	0x6FA0      	MOVWF       FARG__OS_Task_Create_TaskAddr+3, 1
0x0BEC	0xDCE7      	RCALL       __OS_Task_Create
;main.c,62 :: 		OS_Task_Create(0, Task_LED0);      //Cria task LED0 (máxima prioridade)
0x0BEE	0x6B9C      	CLRF        FARG__OS_Task_Create_priority, 1
0x0BF0	0x0E58      	MOVLW       _Task_LED0
0x0BF2	0x6F9D      	MOVWF       FARG__OS_Task_Create_TaskAddr, 1
0x0BF4	0x0E06      	MOVLW       hi_addr(_Task_LED0)
0x0BF6	0x6F9E      	MOVWF       FARG__OS_Task_Create_TaskAddr+1, 1
0x0BF8	0x0E00      	MOVLW       0
0x0BFA	0x6F9F      	MOVWF       FARG__OS_Task_Create_TaskAddr+2, 1
0x0BFC	0x0E00      	MOVLW       0
0x0BFE	0x6FA0      	MOVWF       FARG__OS_Task_Create_TaskAddr+3, 1
0x0C00	0xDCDD      	RCALL       __OS_Task_Create
;main.c,63 :: 		OS_Task_Create(3, Task_LCD);      //Cria task LCD (máxima prioridade)
0x0C02	0x0E03      	MOVLW       3
0x0C04	0x6F9C      	MOVWF       FARG__OS_Task_Create_priority, 1
0x0C06	0x0E46      	MOVLW       _Task_LCD
0x0C08	0x6F9D      	MOVWF       FARG__OS_Task_Create_TaskAddr, 1
0x0C0A	0x0E09      	MOVLW       hi_addr(_Task_LCD)
0x0C0C	0x6F9E      	MOVWF       FARG__OS_Task_Create_TaskAddr+1, 1
0x0C0E	0x0E00      	MOVLW       0
0x0C10	0x6F9F      	MOVWF       FARG__OS_Task_Create_TaskAddr+2, 1
0x0C12	0x0E00      	MOVLW       0
0x0C14	0x6FA0      	MOVWF       FARG__OS_Task_Create_TaskAddr+3, 1
0x0C16	0xDCD2      	RCALL       __OS_Task_Create
;main.c,64 :: 		OS_Task_Create(4, Task_BUTTON0);      //Cria task LE2 (máxima prioridade)
0x0C18	0x0E04      	MOVLW       4
0x0C1A	0x6F9C      	MOVWF       FARG__OS_Task_Create_priority, 1
0x0C1C	0x0EC0      	MOVLW       _Task_BUTTON0
0x0C1E	0x6F9D      	MOVWF       FARG__OS_Task_Create_TaskAddr, 1
0x0C20	0x0E07      	MOVLW       hi_addr(_Task_BUTTON0)
0x0C22	0x6F9E      	MOVWF       FARG__OS_Task_Create_TaskAddr+1, 1
0x0C24	0x0E00      	MOVLW       0
0x0C26	0x6F9F      	MOVWF       FARG__OS_Task_Create_TaskAddr+2, 1
0x0C28	0x0E00      	MOVLW       0
0x0C2A	0x6FA0      	MOVWF       FARG__OS_Task_Create_TaskAddr+3, 1
0x0C2C	0xDCC7      	RCALL       __OS_Task_Create
;main.c,66 :: 		OS_EI();
0x0C2E	0x8EF2      	BSF         GIE_bit, BitPos(GIE_bit+0) 
0x0C30	0xBED0      	BTFSC       IPEN_bit, BitPos(IPEN_bit+0) 
0x0C32	0x8CF2      	BSF         GIEL_bit, BitPos(GIEL_bit+0) 
L_main11:
;main.c,68 :: 		OS_Run();
L_main12:
0x0C34	0x9963      	BCF         __OS_Flags, 4, 1
0x0C36	0x8763      	BSF         __OS_Flags, 3, 1
0x0C38	0x0E08      	MOVLW       8
0x0C3A	0x6F99      	MOVWF       __OS_Best_Priority, 1
0x0C3C	0xA563      	BTFSS       __OS_Flags, 2, 1
0x0C3E	0xD001      	BRA         L_main15
0x0C40	0xD019      	BRA         ___main__OS_SCHED_CHECK_READY
L_main15:
0x0C42	0xF03DC097  	MOVFF       __OS_LastTask, __OS_CurTask
0x0C46	0xF03EC098  	MOVFF       __OS_LastTask+1, __OS_CurTask+1
L_main16:
0x0C4A	0x0E00      	MOVLW       hi_addr(__OS_Tasks+27)
0x0C4C	0x5C3E      	SUBWF       __OS_CurTask+1, 0 
0x0C4E	0xE102      	BNZ         L__main92
0x0C50	0x0E5A      	MOVLW       __OS_Tasks+27
0x0C52	0x5C3D      	SUBWF       __OS_CurTask, 0 
L__main92:
0x0C54	0xE305      	BNC         L_main19
0x0C56	0x0E3F      	MOVLW       __OS_Tasks
0x0C58	0x6E3D      	MOVWF       __OS_CurTask 
0x0C5A	0x0E00      	MOVLW       hi_addr(__OS_Tasks)
0x0C5C	0x6E3E      	MOVWF       __OS_CurTask+1 
0x0C5E	0xD00A      	BRA         L_main20
L_main19:
0x0C60	0x0E09      	MOVLW       9
0x0C62	0x243D      	ADDWF       __OS_CurTask, 0 
0x0C64	0x6E00      	MOVWF       R0 
0x0C66	0x0E00      	MOVLW       0
0x0C68	0x203E      	ADDWFC      __OS_CurTask+1, 0 
0x0C6A	0x6E01      	MOVWF       R1 
0x0C6C	0xF03DC000  	MOVFF       R0, __OS_CurTask
0x0C70	0xF03EC001  	MOVFF       R1, __OS_CurTask+1
L_main20:
___main__OS_SCHED_CHECK_READY:
0x0C74	0xFFE9C03D  	MOVFF       __OS_CurTask, FSR0L
0x0C78	0xFFEAC03E  	MOVFF       __OS_CurTask+1, FSR0H
0x0C7C	0x0E01      	MOVLW       1
0x0C7E	0x6E00      	MOVWF       R0 
0x0C80	0x0E3C      	MOVLW       __OS_State
0x0C82	0x6EE1      	MOVWF       FSR1L 
0x0C84	0x0E00      	MOVLW       hi_addr(__OS_State)
0x0C86	0x6EE2      	MOVWF       FSR1H 
L_main21:
0x0C88	0xFFE6CFEE  	MOVFF       POSTINC0, POSTINC1
0x0C8C	0x0600      	DECF        R0, 1 
0x0C8E	0xE1FC      	BNZ         L_main21
0x0C90	0xAC3C      	BTFSS       __OS_State, 6 
0x0C92	0xD003      	BRA         L__main86
0x0C94	0xBE3C      	BTFSC       __OS_State, 7 
0x0C96	0xD001      	BRA         L__main86
0x0C98	0xD001      	BRA         L_main24
L__main86:
0x0C9A	0xD02F      	BRA         ___main__OS_SCHED_CONTINUE
L_main24:
0x0C9C	0xF000C03C  	MOVFF       __OS_State, R0
0x0CA0	0x0E07      	MOVLW       7
0x0CA2	0x1600      	ANDWF       R0, 1 
0x0CA4	0xF075C000  	MOVFF       R0, __OS_Temp
0x0CA8	0x5199      	MOVF        __OS_Best_Priority, 0, 1
0x0CAA	0x5D75      	SUBWF       __OS_Temp, 0, 1
0x0CAC	0xE301      	BNC         L_main25
0x0CAE	0xD025      	BRA         ___main__OS_SCHED_CONTINUE
L_main25:
0x0CB0	0xB63C      	BTFSC       __OS_State, 3 
0x0CB2	0xD00D      	BRA         L_main26
___main__OS_SCHED_RUN:
0x0CB4	0xDC4F      	RCALL       __OS_JumpToTask
0x0CB6	0xF000EC21  	CALL        __OS_SET_FSR_CUR_TASK, 0
0x0CBA	0x0ED7      	MOVLW       215
0x0CBC	0x16EF      	ANDWF       __indf, 1 
0x0CBE	0x0E28      	MOVLW       40
0x0CC0	0x143C      	ANDWF       __OS_State, 0 
0x0CC2	0x6E00      	MOVWF       R0 
0x0CC4	0x5000      	MOVF        R0, 0 
0x0CC6	0x12EF      	IORWF       __indf, 1 
0x0CC8	0xB763      	BTFSC       __OS_Flags, 3, 1
0x0CCA	0xD001      	BRA         L_main27
0x0CCC	0xD03D      	BRA         ___main_SCHED_END
L_main27:
L_main26:
0x0CCE	0xA83C      	BTFSS       __OS_State, 4 
0x0CD0	0xD003      	BRA         L_main30
0x0CD2	0xBA3C      	BTFSC       __OS_State, 5 
0x0CD4	0xD001      	BRA         L_main30
L__main85:
0x0CD6	0xD011      	BRA         ___main__OS_SCHED_CONTINUE
L_main30:
0x0CD8	0xA63C      	BTFSS       __OS_State, 3 
0x0CDA	0xD00F      	BRA         L_main31
0x0CDC	0x8963      	BSF         __OS_Flags, 4, 1
0x0CDE	0xF095C03D  	MOVFF       __OS_CurTask, __OS_BestTask
0x0CE2	0xF096C03E  	MOVFF       __OS_CurTask+1, __OS_BestTask+1
0x0CE6	0xF000C03C  	MOVFF       __OS_State, R0
0x0CEA	0x0E07      	MOVLW       7
0x0CEC	0x1600      	ANDWF       R0, 1 
0x0CEE	0xF099C000  	MOVFF       R0, __OS_Best_Priority
0x0CF2	0x5199      	MOVF        __OS_Best_Priority, 0, 1
0x0CF4	0x0A00      	XORLW       0
0x0CF6	0xE101      	BNZ         L_main32
0x0CF8	0xD009      	BRA         L_main17
L_main32:
L_main31:
___main__OS_SCHED_CONTINUE:
0x0CFA	0xB563      	BTFSC       __OS_Flags, 2, 1
0x0CFC	0xD007      	BRA         L__main84
0x0CFE	0x503E      	MOVF        __OS_CurTask+1, 0 
0x0D00	0x1998      	XORWF       __OS_LastTask+1, 0, 1
0x0D02	0xE102      	BNZ         L__main93
0x0D04	0x5197      	MOVF        __OS_LastTask, 0, 1
0x0D06	0x183D      	XORWF       __OS_CurTask, 0 
L__main93:
0x0D08	0xE001      	BZ          L__main84
0x0D0A	0xD79F      	BRA         L_main16
L__main84:
L_main17:
0x0D0C	0xA963      	BTFSS       __OS_Flags, 4, 1
0x0D0E	0xD01C      	BRA         L_main35
0x0D10	0x9763      	BCF         __OS_Flags, 3, 1
0x0D12	0xF03DC095  	MOVFF       __OS_BestTask, __OS_CurTask
0x0D16	0xF03EC096  	MOVFF       __OS_BestTask+1, __OS_CurTask+1
0x0D1A	0xF097C03D  	MOVFF       __OS_CurTask, __OS_LastTask
0x0D1E	0xF098C03E  	MOVFF       __OS_CurTask+1, __OS_LastTask+1
0x0D22	0xFFE9C03D  	MOVFF       __OS_CurTask, FSR0L
0x0D26	0xFFEAC03E  	MOVFF       __OS_CurTask+1, FSR0H
0x0D2A	0x0E01      	MOVLW       1
0x0D2C	0x6E00      	MOVWF       R0 
0x0D2E	0x0E3C      	MOVLW       __OS_State
0x0D30	0x6EE1      	MOVWF       FSR1L 
0x0D32	0x0E00      	MOVLW       hi_addr(__OS_State)
0x0D34	0x6EE2      	MOVWF       FSR1H 
L_main36:
0x0D36	0xFFE6CFEE  	MOVFF       POSTINC0, POSTINC1
0x0D3A	0x0600      	DECF        R0, 1 
0x0D3C	0xE1FC      	BNZ         L_main36
0x0D3E	0xAC3C      	BTFSS       __OS_State, 6 
0x0D40	0xD003      	BRA         L_main39
0x0D42	0xBE3C      	BTFSC       __OS_State, 7 
0x0D44	0xD001      	BRA         L_main39
L__main83:
0x0D46	0xD7B6      	BRA         ___main__OS_SCHED_RUN
L_main39:
L_main35:
___main_SCHED_END:
0x0D48	0xD775      	BRA         L_main12
;main.c,70 :: 		}
L_end_main:
0x0D4A	0xD7FF      	BRA         $+0
; end of _main
0x0D60	0xF029EE10  	LFSR        1, 41
0x0D64	0x0E13      	MOVLW       19
0x0D66	0x6E00      	MOVWF       R0 
0x0D68	0x0E01      	MOVLW       1
0x0D6A	0x6E01      	MOVWF       R1 
0x0D6C	0x0E4C      	MOVLW       76
0x0D6E	0x6EF6      	MOVWF       4086 
0x0D70	0x0E0D      	MOVLW       13
0x0D72	0x6EF7      	MOVWF       TBLPTRH 
0x0D74	0x0E00      	MOVLW       0
0x0D76	0x6EF8      	MOVWF       TBLPTRU 
0x0D78	0xF002EC82  	CALL        1284, 0
0x0D7C	0x0012      	RETURN      0
;main.c,0 :: ?ICS?lstr3_main
0x0D4C	0x6F43 ;?ICS?lstr3_main+0
0x0D4E	0x746E ;?ICS?lstr3_main+2
0x0D50	0x0020 ;?ICS?lstr3_main+4
; end of ?ICS?lstr3_main
;main.c,0 :: ?ICS?lstr2_main
0x0D52	0x6150 ;?ICS?lstr2_main+0
0x0D54	0x7375 ;?ICS?lstr2_main+2
0x0D56	0x0065 ;?ICS?lstr2_main+4
; end of ?ICS?lstr2_main
;main.c,0 :: ?ICS?lstr1_main
0x0D58	0x6E69 ;?ICS?lstr1_main+0
0x0D5A	0x0074 ;?ICS?lstr1_main+2
; end of ?ICS?lstr1_main
;main.c,0 :: ?ICSTask_LCD_count_L0
0x0D5C	0x0000 ;?ICSTask_LCD_count_L0+0
; end of ?ICSTask_LCD_count_L0
;__Lib_ADC_K22_B.c,0 :: ?ICS_vref_mask
0x0D5E	0x0F ;?ICS_vref_mask+0
; end of ?ICS_vref_mask
Symbol List:
//** Routines locations **
//ADDRESS    SIZE    PROCEDURE
//----------------------------------------------
0x001C      [10]    _Delay_50us
0x0026      [22]    _Delay_5500us
0x003C       [6]    _Delay_1us
0x0042      [10]    __OS_SET_FSR_CUR_TASK
0x004C     [126]    _Lcd_Cmd
0x00CA      [54]    _Div_16X16_U
0x0100      [14]    _Lcd_Chr_CP
0x010E      [34]    __OS_ClrReadySetClrCanContinue
0x0130      [12]    _Delay_22us
0x013C      [44]    __OS_CheckEvent
0x0168      [16]    __OS_DI_INT
0x0178     [126]    _Lcd_Out
0x01F6     [166]    __OS_InitDelay
0x029C      [20]    __OS_RI_INT
0x02B0     [146]    _WordToStr
0x0342       [8]    __OS_EnterWaitMode
0x034A      [20]    __OS_ReturnSave
0x035E     [116]    _ADC_Read
0x03D2     [152]    _Lcd_Init
0x046A     [154]    _Task_AD0
0x0504      [16]    ___CC2DW
0x0514      [24]    _OS_Init
0x052C      [24]    _InitTIMER0_IE
0x0544      [16]    _InitLCD
0x0554      [24]    __OS_JumpToTask
0x056C      [80]    _Mul_16X16_U
0x05BC     [134]    __OS_Task_Create
0x0642      [22]    _TickTimerIE
0x0658      [22]    _Task_LED0
0x066E     [156]    _Task_AD2
0x070A     [156]    _Task_AD1
0x07A6      [26]    _InitMCU
0x07C0     [390]    _Task_BUTTON0
0x0946     [140]    _Task_LCD
0x09D2     [348]    _INTERRUPT_HIGH
0x0B2E      [80]    _INTERRUPT_LOW
0x0B7E     [462]    _main
//** Variables locations ** 
//ADDRESS    SIZE    VARIABLE
//----------------------------------------------
0x0000       [1]    R0
0x0000       [1]    UART2_Init_tmp_L0
0x0000       [1]    UART1_Init_tmp_L0
0x0000       [1]    EEPROM_Write_SaveINTCON_L0
0x0001       [2]    _OS_Task_Create_Task_L0
0x0001       [1]    OS_DI_temp_L0
0x0001       [1]    R1
0x0001       [1]    UART2_Read___tmp_UART2_Read_L0
0x0001       [1]    UART1_Read___tmp_UART1_Read_L0
0x0002       [1]    R2
0x0002       [3]    _OS_Squeue_Get_q_L0
0x0002       [2]    memcpy_dd_L0
0x0002       [2]    memchr_s_L0
0x0002       [2]    memset_pp_L0
0x0002       [2]    strlen_cp_L0
0x0003       [2]    memmove_tt_L0
0x0003       [2]    Ltrim_original_L0
0x0003       [1]    R3
0x0004       [2]    strncat_cp_L0
0x0004       [3]    _OS_Squeue_Send_q_L0
0x0004       [2]    strncpy_cp_L0
0x0004       [2]    strcpy_cp_L0
0x0004       [1]    R4
0x0004       [2]    strcat_cp_L0
0x0004       [3]    _OS_Queue_Send_q_L0
0x0004       [2]    memcpy_ss_L0
0x0005       [3]    _OS_Queue_Get_q_L0
0x0005       [1]    _OS_Squeue_Get_temp_L0
0x0005       [1]    R5
0x0005       [2]    LongWordToHex_input_half_L0
0x0005       [2]    LongIntToHex_input_half_L0
0x0005       [2]    Ltrim_p_L0
0x0005       [2]    memmove_ff_L0
0x0006       [1]    R6
0x0007       [2]    _OS_Squeue_Send_temp_L0
0x0007       [2]    _OS_Queue_Send_temp_L0
0x0007       [1]    R7
0x0008       [1]    R8
0x0008       [1]    _OS_Queue_Get_temp_L0
0x0009       [1]    R9
0x000A       [1]    R10
0x000B       [1]    R11
0x000C       [1]    R12
0x000D       [1]    R13
0x000E       [1]    R14
0x000F       [1]    R15
0x0010       [1]    R16
0x0011       [1]    R17
0x0012       [1]    R18
0x0013       [1]    R19
0x0014       [1]    R20
0x0015       [1]    ___Low_saveWREG
0x0016       [1]    ___Low_saveSTATUS
0x0017       [1]    ___Low_saveBSR
0x0029       [6]    ?lstr3_main
0x002F       [6]    ?lstr2_main
0x0035       [4]    ?lstr1_main
0x0039       [2]    Task_LCD_count_L0
0x003B       [1]    _vref_mask
0x003C       [1]    __OS_State
0x003D       [2]    __OS_CurTask
0x003F      [36]    __OS_Tasks
0x0063       [1]    __OS_Flags
0x0064       [3]    _msg_ad0
0x0067       [3]    _msg_int
0x006A       [3]    _msg_ad1
0x006D       [3]    _msg_ad2
0x0070       [2]    _tp1
0x0072       [3]    _msg_pause
0x0075       [1]    __OS_Temp
0x0076      [10]    Task_AD0_buf_L0
0x0080       [0]    __Lib_Lcd_cmd_status
0x0081      [10]    Task_AD2_buf_L0
0x008B      [10]    Task_AD1_buf_L0
0x0095       [2]    __OS_BestTask
0x0097       [2]    __OS_LastTask
0x0099       [1]    __OS_Best_Priority
0x009A       [1]    __OS_Bsems
0x009B       [1]    __OS_Temp_I
0x009C       [2]    Task_LCD_msg_L0
0x009C       [1]    FARG__OS_Task_Create_priority
0x009D       [4]    FARG__OS_Task_Create_TaskAddr
0x00A1       [4]    FARG__OS_InitDelay_Delay
0x00A1       [2]    FARG_WordToStr_input
0x00A1       [1]    FARG_Lcd_Out_row
0x00A1       [1]    FARG__OS_CheckEvent_bEvent
0x00A1       [1]    FARG_ADC_Read_channel
0x00A2       [2]    ADC_Read_rslt_L0
0x00A2       [1]    FARG_Lcd_Out_column
0x00A3       [2]    FARG_WordToStr_output
0x00A3       [2]    FARG_Lcd_Out_text
0x00A5       [1]    Lcd_Out_i_L0
0x00A5       [1]    WordToStr_len_L0
0x00A6       [2]    FLOC__WordToStr
0x00A8       [1]    FARG_Lcd_Chr_CP_out_char
0x00A9       [1]    FARG_Lcd_Cmd_out_char
0x00AA       [1]    INTERRUPT_HIGH__os_i_L3
0x0F38       [1]    ANSELA
0x0F39       [1]    ANSELB
0x0F3A       [1]    ANSELC
0x0F3B       [1]    ANSELD
0x0F3C       [1]    ANSELE
0x0F81       [0]    RB5_bit
0x0F81       [0]    LCD_EN
0x0F81       [0]    LCD_D4
0x0F81       [0]    LCD_RS
0x0F81       [0]    RB4_bit
0x0F81       [0]    RB1_bit
0x0F81       [0]    RB2_bit
0x0F81       [0]    RB3_bit
0x0F81       [0]    RB0_bit
0x0F81       [0]    LCD_D5
0x0F81       [0]    LCD_D6
0x0F81       [0]    LCD_D7
0x0F83       [1]    PORTD
0x0F84       [1]    PORTE
0x0F8C       [1]    LATD
0x0F92       [1]    TRISA
0x0F93       [0]    LCD_D4_Direction
0x0F93       [0]    LCD_EN_Direction
0x0F93       [0]    LCD_RS_Direction
0x0F93       [0]    LCD_D7_Direction
0x0F93       [0]    LCD_D6_Direction
0x0F93       [0]    LCD_D5_Direction
0x0F93       [0]    TRISB4_bit
0x0F93       [0]    TRISB5_bit
0x0F93       [0]    TRISB3_bit
0x0F93       [0]    TRISB0_bit
0x0F93       [0]    TRISB1_bit
0x0F93       [0]    TRISB2_bit
0x0F95       [1]    TRISD
0x0F96       [1]    TRISE
0x0F9D       [0]    TMR2IE_bit
0x0F9E       [0]    TMR2IF_bit
0x0F9F       [0]    TMR2IP_bit
0x0FBA       [1]    T2CON
0x0FBB       [1]    PR2
0x0FC0       [1]    ADCON2
0x0FC1       [1]    ADCON1
0x0FC2       [1]    ADCON0
0x0FC3       [1]    ADRESL
0x0FC4       [1]    ADRESH
0x0FD0       [0]    IPEN_bit
0x0FD0       [1]    RCON
0x0FD5       [1]    T0CON
0x0FD6       [1]    TMR0L
0x0FD7       [1]    TMR0H
0x0FD8       [1]    STATUS
0x0FD9       [1]    FSR2L
0x0FDA       [1]    FSR2H
0x0FDE       [1]    POSTINC2
0x0FE0       [1]    BSR
0x0FE1       [1]    FSR1L
0x0FE2       [1]    FSR1H
0x0FE4       [1]    PREINC1
0x0FE6       [1]    POSTINC1
0x0FE7       [1]    INDF1
0x0FE8       [1]    WREG
0x0FE9       [2]    __fsr
0x0FE9       [1]    FSR0L
0x0FEA       [1]    FSR0H
0x0FEC       [1]    __preinc
0x0FEE       [1]    POSTINC0
0x0FEE       [1]    __postinc
0x0FEF       [1]    __indf
0x0FF1       [1]    INTCON2
0x0FF2       [0]    GIEL_bit
0x0FF2       [1]    INTCON
0x0FF2       [0]    GIE_bit
0x0FF2       [1]    __intcon
0x0FF3       [1]    PRODL
0x0FF4       [1]    PRODH
0x0FF5       [1]    TABLAT
0x0FF6       [1]    TBLPTRL
0x0FF7       [1]    TBLPTRH
0x0FF8       [1]    TBLPTRU
0x0FFD       [1]    __tosl
0x0FFE       [1]    __tosh
0x0FFF       [1]    __tosu
//** Constants locations ** 
//ADDRESS    SIZE    CONSTANT
//----------------------------------------------
0x0D4C       [6]    ?ICS?lstr3_main
0x0D52       [6]    ?ICS?lstr2_main
0x0D58       [4]    ?ICS?lstr1_main
0x0D5C       [2]    ?ICSTask_LCD_count_L0
0x0D5E       [1]    ?ICS_vref_mask
