;  LST file generated by mikroListExporter - v.2.0 
; Date/Time: 25/03/2019 10:47:39
;----------------------------------------------

;Address Opcode 	ASM
0x0000	0xF002EF9D  	GOTO        1338
_INTERRUPT_HIGH:
;main.c,7 :: 		void INTERRUPT_HIGH() iv 0x0008 ics ICS_AUTO {
0x0008	0xF018C000  	MOVFF       R0, 24
0x000C	0xF017C001  	MOVFF       R1, 23
0x0010	0xF016C002  	MOVFF       R2, 22
0x0014	0xF015C00B  	MOVFF       R11, 21
;main.c,10 :: 		if (TMR2IF_bit){
0x0018	0xF01BCFE1  	MOVFF       FSR1L, 27
0x001C	0xF01CCFE2  	MOVFF       FSR1H, 28
0x0020	0xF019CFE9  	MOVFF       FSR0L, 25
0x0024	0xF01ACFEA  	MOVFF       FSR0H, 26
0x0028	0xA29E      	BTFSS       TMR2IF_bit, BitPos(TMR2IF_bit+0) 
0x002A	0xD0B8      	BRA         L_INTERRUPT_HIGH0
;main.c,11 :: 		TMR2IF_bit = 0;
0x002C	0x929E      	BCF         TMR2IF_bit, BitPos(TMR2IF_bit+0) 
;main.c,12 :: 		OS_Timer();
0x002E	0x6A5E      	CLRF        INTERRUPT_HIGH__os_i_L3 
L_INTERRUPT_HIGH1:
0x0030	0x0E04      	MOVLW       4
0x0032	0x5C5E      	SUBWF       INTERRUPT_HIGH__os_i_L3, 0 
0x0034	0xE265      	BC          L_INTERRUPT_HIGH2
0x0036	0x0E09      	MOVLW       9
0x0038	0x6E00      	MOVWF       R0 
0x003A	0x0E00      	MOVLW       0
0x003C	0x6E01      	MOVWF       R1 
0x003E	0xF004C05E  	MOVFF       INTERRUPT_HIGH__os_i_L3, R4
0x0042	0x0E00      	MOVLW       0
0x0044	0x6E05      	MOVWF       R5 
0x0046	0xD96E      	RCALL       _Mul_16X16_U
0x0048	0x0E1D      	MOVLW       __OS_Tasks
0x004A	0x2400      	ADDWF       R0, 0 
0x004C	0x6EE9      	MOVWF       FSR0L 
0x004E	0x0E00      	MOVLW       hi_addr(__OS_Tasks)
0x0050	0x2001      	ADDWFC      R1, 0 
0x0052	0x6EEA      	MOVWF       FSR0H 
0x0054	0xF000CFEE  	MOVFF       POSTINC0, R0
0x0058	0xA800      	BTFSS       R0, 4 
0x005A	0xD050      	BRA         L_INTERRUPT_HIGH4
0x005C	0x0E09      	MOVLW       9
0x005E	0x6E00      	MOVWF       R0 
0x0060	0x0E00      	MOVLW       0
0x0062	0x6E01      	MOVWF       R1 
0x0064	0xF004C05E  	MOVFF       INTERRUPT_HIGH__os_i_L3, R4
0x0068	0x0E00      	MOVLW       0
0x006A	0x6E05      	MOVWF       R5 
0x006C	0xD95B      	RCALL       _Mul_16X16_U
0x006E	0x0E1D      	MOVLW       __OS_Tasks
0x0070	0x2600      	ADDWF       R0, 1 
0x0072	0x0E00      	MOVLW       hi_addr(__OS_Tasks)
0x0074	0x2201      	ADDWFC      R1, 1 
0x0076	0x0E05      	MOVLW       5
0x0078	0x2400      	ADDWF       R0, 0 
0x007A	0x6E04      	MOVWF       R4 
0x007C	0x0E00      	MOVLW       0
0x007E	0x2001      	ADDWFC      R1, 0 
0x0080	0x6E05      	MOVWF       R5 
0x0082	0xFFE9C004  	MOVFF       R4, FSR0L
0x0086	0xFFEAC005  	MOVFF       R5, FSR0H
0x008A	0x0E01      	MOVLW       1
0x008C	0x24EE      	ADDWF       POSTINC0, 0 
0x008E	0x6E00      	MOVWF       R0 
0x0090	0x0E00      	MOVLW       0
0x0092	0x20EE      	ADDWFC      POSTINC0, 0 
0x0094	0x6E01      	MOVWF       R1 
0x0096	0x0E00      	MOVLW       0
0x0098	0x20EE      	ADDWFC      POSTINC0, 0 
0x009A	0x6E02      	MOVWF       R2 
0x009C	0x0E00      	MOVLW       0
0x009E	0x20EE      	ADDWFC      POSTINC0, 0 
0x00A0	0x6E03      	MOVWF       R3 
0x00A2	0xFFE1C004  	MOVFF       R4, FSR1L
0x00A6	0xFFE2C005  	MOVFF       R5, FSR1H
0x00AA	0xFFE6C000  	MOVFF       R0, POSTINC1
0x00AE	0xFFE6C001  	MOVFF       R1, POSTINC1
0x00B2	0xFFE6C002  	MOVFF       R2, POSTINC1
0x00B6	0xFFE6C003  	MOVFF       R3, POSTINC1
0x00BA	0xFFE9C004  	MOVFF       R4, FSR0L
0x00BE	0xFFEAC005  	MOVFF       R5, FSR0H
0x00C2	0xF000CFEE  	MOVFF       POSTINC0, R0
0x00C6	0xF001CFEE  	MOVFF       POSTINC0, R1
0x00CA	0xF002CFEE  	MOVFF       POSTINC0, R2
0x00CE	0xF003CFEE  	MOVFF       POSTINC0, R3
0x00D2	0x5000      	MOVF        R0, 0 
0x00D4	0x1001      	IORWF       R1, 0 
0x00D6	0x1002      	IORWF       R2, 0 
0x00D8	0x1003      	IORWF       R3, 0 
0x00DA	0xE110      	BNZ         L_INTERRUPT_HIGH5
0x00DC	0x0E09      	MOVLW       9
0x00DE	0x6E00      	MOVWF       R0 
0x00E0	0x0E00      	MOVLW       0
0x00E2	0x6E01      	MOVWF       R1 
0x00E4	0xF004C05E  	MOVFF       INTERRUPT_HIGH__os_i_L3, R4
0x00E8	0x0E00      	MOVLW       0
0x00EA	0x6E05      	MOVWF       R5 
0x00EC	0xD91B      	RCALL       _Mul_16X16_U
0x00EE	0x0E1D      	MOVLW       __OS_Tasks
0x00F0	0x2400      	ADDWF       R0, 0 
0x00F2	0x6EE1      	MOVWF       FSR1L 
0x00F4	0x0E00      	MOVLW       hi_addr(__OS_Tasks)
0x00F6	0x2001      	ADDWFC      R1, 0 
0x00F8	0x6EE2      	MOVWF       FSR1H 
0x00FA	0x98E6      	BCF         POSTINC1, 4 
L_INTERRUPT_HIGH5:
L_INTERRUPT_HIGH4:
0x00FC	0x2A5E      	INCF        INTERRUPT_HIGH__os_i_L3, 1 
0x00FE	0xD798      	BRA         L_INTERRUPT_HIGH1
L_INTERRUPT_HIGH2:
0x0100	0x6A5F      	CLRF        INTERRUPT_HIGH__os_i_L3_L3 
L_INTERRUPT_HIGH6:
0x0102	0x0E02      	MOVLW       2
0x0104	0x5C5F      	SUBWF       INTERRUPT_HIGH__os_i_L3_L3, 0 
0x0106	0xE24A      	BC          L_INTERRUPT_HIGH7
0x0108	0xF000C05F  	MOVFF       INTERRUPT_HIGH__os_i_L3_L3, R0
0x010C	0x0E00      	MOVLW       0
0x010E	0x6E01      	MOVWF       R1 
0x0110	0x3600      	RLCF        R0, 1 
0x0112	0x9000      	BCF         R0, 0 
0x0114	0x3601      	RLCF        R1, 1 
0x0116	0x3600      	RLCF        R0, 1 
0x0118	0x9000      	BCF         R0, 0 
0x011A	0x3601      	RLCF        R1, 1 
0x011C	0x0E4E      	MOVLW       __OS_Stimers
0x011E	0x2400      	ADDWF       R0, 0 
0x0120	0x6EE9      	MOVWF       FSR0L 
0x0122	0x0E00      	MOVLW       hi_addr(__OS_Stimers)
0x0124	0x2001      	ADDWFC      R1, 0 
0x0126	0x6EEA      	MOVWF       FSR0H 
0x0128	0xF004CFEE  	MOVFF       POSTINC0, R4
0x012C	0xF005CFEE  	MOVFF       POSTINC0, R5
0x0130	0xF006CFEE  	MOVFF       POSTINC0, R6
0x0134	0xF007CFEE  	MOVFF       POSTINC0, R7
0x0138	0xAE07      	BTFSS       R7, 7 
0x013A	0xD02E      	BRA         L_INTERRUPT_HIGH9
0x013C	0xF000C05F  	MOVFF       INTERRUPT_HIGH__os_i_L3_L3, R0
0x0140	0x0E00      	MOVLW       0
0x0142	0x6E01      	MOVWF       R1 
0x0144	0x3600      	RLCF        R0, 1 
0x0146	0x9000      	BCF         R0, 0 
0x0148	0x3601      	RLCF        R1, 1 
0x014A	0x3600      	RLCF        R0, 1 
0x014C	0x9000      	BCF         R0, 0 
0x014E	0x3601      	RLCF        R1, 1 
0x0150	0x0E4E      	MOVLW       __OS_Stimers
0x0152	0x2400      	ADDWF       R0, 0 
0x0154	0x6E04      	MOVWF       R4 
0x0156	0x0E00      	MOVLW       hi_addr(__OS_Stimers)
0x0158	0x2001      	ADDWFC      R1, 0 
0x015A	0x6E05      	MOVWF       R5 
0x015C	0xFFE9C004  	MOVFF       R4, FSR0L
0x0160	0xFFEAC005  	MOVFF       R5, FSR0H
0x0164	0xF000CFEE  	MOVFF       POSTINC0, R0
0x0168	0xF001CFEE  	MOVFF       POSTINC0, R1
0x016C	0xF002CFEE  	MOVFF       POSTINC0, R2
0x0170	0xF003CFEE  	MOVFF       POSTINC0, R3
0x0174	0x0E01      	MOVLW       1
0x0176	0x2600      	ADDWF       R0, 1 
0x0178	0x0E00      	MOVLW       0
0x017A	0x2201      	ADDWFC      R1, 1 
0x017C	0x2202      	ADDWFC      R2, 1 
0x017E	0x2203      	ADDWFC      R3, 1 
0x0180	0xFFE1C004  	MOVFF       R4, FSR1L
0x0184	0xFFE2C005  	MOVFF       R5, FSR1H
0x0188	0xFFE6C000  	MOVFF       R0, POSTINC1
0x018C	0xFFE6C001  	MOVFF       R1, POSTINC1
0x0190	0xFFE6C002  	MOVFF       R2, POSTINC1
0x0194	0xFFE6C003  	MOVFF       R3, POSTINC1
L_INTERRUPT_HIGH9:
0x0198	0x2A5F      	INCF        INTERRUPT_HIGH__os_i_L3_L3, 1 
0x019A	0xD7B3      	BRA         L_INTERRUPT_HIGH6
L_INTERRUPT_HIGH7:
;main.c,13 :: 		}
L_INTERRUPT_HIGH0:
;main.c,15 :: 		}
L_end_INTERRUPT_HIGH:
L__INTERRUPT_HIGH58:
0x019C	0xF000C018  	MOVFF       24, R0
0x01A0	0xF001C017  	MOVFF       23, R1
0x01A4	0xF002C016  	MOVFF       22, R2
0x01A8	0xF00BC015  	MOVFF       21, R11
0x01AC	0xFFE9C019  	MOVFF       25, FSR0L
0x01B0	0xFFEAC01A  	MOVFF       26, FSR0H
0x01B4	0xFFE1C01B  	MOVFF       27, FSR1L
0x01B8	0xFFE2C01C  	MOVFF       28, FSR1H
0x01BC	0x0011      	RETFIE      1
; end of _INTERRUPT_HIGH
_Delay_1us:
;__Lib_Delays.c,7 :: 		void Delay_1us() {
;__Lib_Delays.c,8 :: 		Delay_us(1);
0x01BE	0x0000      	NOP
0x01C0	0x0000      	NOP
;__Lib_Delays.c,9 :: 		}
L_end_Delay_1us:
0x01C2	0x0012      	RETURN      0
; end of _Delay_1us
_Delay_50us:
;__Lib_Delays.c,19 :: 		void Delay_50us() {
;__Lib_Delays.c,20 :: 		Delay_us(50);
0x01C4	0x0E21      	MOVLW       33
0x01C6	0x6E0D      	MOVWF       R13, 0
L_Delay_50us2:
0x01C8	0x2E0D      	DECFSZ      R13, 1, 0
0x01CA	0xD7FE      	BRA         L_Delay_50us2
;__Lib_Delays.c,21 :: 		}
L_end_Delay_50us:
0x01CC	0x0012      	RETURN      0
; end of _Delay_50us
_Delay_5500us:
;__Lib_Delays.c,31 :: 		void Delay_5500us() {
;__Lib_Delays.c,32 :: 		Delay_us(5500);
0x01CE	0x0E0F      	MOVLW       15
0x01D0	0x6E0C      	MOVWF       R12, 0
0x01D2	0x0E47      	MOVLW       71
0x01D4	0x6E0D      	MOVWF       R13, 0
L_Delay_5500us5:
0x01D6	0x2E0D      	DECFSZ      R13, 1, 0
0x01D8	0xD7FE      	BRA         L_Delay_5500us5
0x01DA	0x2E0C      	DECFSZ      R12, 1, 0
0x01DC	0xD7FC      	BRA         L_Delay_5500us5
0x01DE	0x0000      	NOP
0x01E0	0x0000      	NOP
;__Lib_Delays.c,33 :: 		}
L_end_Delay_5500us:
0x01E2	0x0012      	RETURN      0
; end of _Delay_5500us
__OS_SET_FSR_CUR_TASK:
;osa_pic18_mikroc.c,242 :: 		
;osa_pic18_mikroc.c,244 :: 		
0x01E4	0xFFE9C047  	MOVFF       __OS_CurTask, FSR0L
0x01E8	0xFFEAC048  	MOVFF       __OS_CurTask+1, FSR0H
;osa_pic18_mikroc.c,245 :: 		
L_end__OS_SET_FSR_CUR_TASK:
0x01EC	0x0012      	RETURN      0
; end of __OS_SET_FSR_CUR_TASK
_Lcd_Cmd:
;__Lib_Lcd.c,18 :: 		
;__Lib_Lcd.c,20 :: 		
0x01EE	0xBE5D      	BTFSC       FARG_Lcd_Cmd_out_char, 7 
0x01F0	0xD002      	BRA         L__Lcd_Cmd21
0x01F2	0x9681      	BCF         LCD_D7, BitPos(LCD_D7+0) 
0x01F4	0xD001      	BRA         L__Lcd_Cmd22
L__Lcd_Cmd21:
0x01F6	0x8681      	BSF         LCD_D7, BitPos(LCD_D7+0) 
L__Lcd_Cmd22:
;__Lib_Lcd.c,21 :: 		
0x01F8	0xBC5D      	BTFSC       FARG_Lcd_Cmd_out_char, 6 
0x01FA	0xD002      	BRA         L__Lcd_Cmd23
0x01FC	0x9481      	BCF         LCD_D6, BitPos(LCD_D6+0) 
0x01FE	0xD001      	BRA         L__Lcd_Cmd24
L__Lcd_Cmd23:
0x0200	0x8481      	BSF         LCD_D6, BitPos(LCD_D6+0) 
L__Lcd_Cmd24:
;__Lib_Lcd.c,22 :: 		
0x0202	0xBA5D      	BTFSC       FARG_Lcd_Cmd_out_char, 5 
0x0204	0xD002      	BRA         L__Lcd_Cmd25
0x0206	0x9281      	BCF         LCD_D5, BitPos(LCD_D5+0) 
0x0208	0xD001      	BRA         L__Lcd_Cmd26
L__Lcd_Cmd25:
0x020A	0x8281      	BSF         LCD_D5, BitPos(LCD_D5+0) 
L__Lcd_Cmd26:
;__Lib_Lcd.c,23 :: 		
0x020C	0xB85D      	BTFSC       FARG_Lcd_Cmd_out_char, 4 
0x020E	0xD002      	BRA         L__Lcd_Cmd27
0x0210	0x9081      	BCF         LCD_D4, BitPos(LCD_D4+0) 
0x0212	0xD001      	BRA         L__Lcd_Cmd28
L__Lcd_Cmd27:
0x0214	0x8081      	BSF         LCD_D4, BitPos(LCD_D4+0) 
L__Lcd_Cmd28:
;__Lib_Lcd.c,25 :: 		
0x0216	0xB056      	BTFSC       __Lib_Lcd_cmd_status, BitPos(__Lib_Lcd_cmd_status+0) 
0x0218	0xD002      	BRA         L__Lcd_Cmd29
0x021A	0x8881      	BSF         LCD_RS, BitPos(LCD_RS+0) 
0x021C	0xD001      	BRA         L__Lcd_Cmd30
L__Lcd_Cmd29:
0x021E	0x9881      	BCF         LCD_RS, BitPos(LCD_RS+0) 
L__Lcd_Cmd30:
;__Lib_Lcd.c,28 :: 		
0x0220	0x8A81      	BSF         LCD_EN, BitPos(LCD_EN+0) 
;__Lib_Lcd.c,29 :: 		
0x0222	0xDFCD      	RCALL       _Delay_1us
;__Lib_Lcd.c,30 :: 		
0x0224	0x9A81      	BCF         LCD_EN, BitPos(LCD_EN+0) 
;__Lib_Lcd.c,33 :: 		
0x0226	0xB65D      	BTFSC       FARG_Lcd_Cmd_out_char, 3 
0x0228	0xD002      	BRA         L__Lcd_Cmd31
0x022A	0x9681      	BCF         LCD_D7, BitPos(LCD_D7+0) 
0x022C	0xD001      	BRA         L__Lcd_Cmd32
L__Lcd_Cmd31:
0x022E	0x8681      	BSF         LCD_D7, BitPos(LCD_D7+0) 
L__Lcd_Cmd32:
;__Lib_Lcd.c,34 :: 		
0x0230	0xB45D      	BTFSC       FARG_Lcd_Cmd_out_char, 2 
0x0232	0xD002      	BRA         L__Lcd_Cmd33
0x0234	0x9481      	BCF         LCD_D6, BitPos(LCD_D6+0) 
0x0236	0xD001      	BRA         L__Lcd_Cmd34
L__Lcd_Cmd33:
0x0238	0x8481      	BSF         LCD_D6, BitPos(LCD_D6+0) 
L__Lcd_Cmd34:
;__Lib_Lcd.c,35 :: 		
0x023A	0xB25D      	BTFSC       FARG_Lcd_Cmd_out_char, 1 
0x023C	0xD002      	BRA         L__Lcd_Cmd35
0x023E	0x9281      	BCF         LCD_D5, BitPos(LCD_D5+0) 
0x0240	0xD001      	BRA         L__Lcd_Cmd36
L__Lcd_Cmd35:
0x0242	0x8281      	BSF         LCD_D5, BitPos(LCD_D5+0) 
L__Lcd_Cmd36:
;__Lib_Lcd.c,36 :: 		
0x0244	0xB05D      	BTFSC       FARG_Lcd_Cmd_out_char, 0 
0x0246	0xD002      	BRA         L__Lcd_Cmd37
0x0248	0x9081      	BCF         LCD_D4, BitPos(LCD_D4+0) 
0x024A	0xD001      	BRA         L__Lcd_Cmd38
L__Lcd_Cmd37:
0x024C	0x8081      	BSF         LCD_D4, BitPos(LCD_D4+0) 
L__Lcd_Cmd38:
;__Lib_Lcd.c,38 :: 		
0x024E	0xB056      	BTFSC       __Lib_Lcd_cmd_status, BitPos(__Lib_Lcd_cmd_status+0) 
0x0250	0xD002      	BRA         L__Lcd_Cmd39
0x0252	0x8881      	BSF         LCD_RS, BitPos(LCD_RS+0) 
0x0254	0xD001      	BRA         L__Lcd_Cmd40
L__Lcd_Cmd39:
0x0256	0x9881      	BCF         LCD_RS, BitPos(LCD_RS+0) 
L__Lcd_Cmd40:
;__Lib_Lcd.c,40 :: 		
0x0258	0x8A81      	BSF         LCD_EN, BitPos(LCD_EN+0) 
;__Lib_Lcd.c,41 :: 		
0x025A	0xDFB1      	RCALL       _Delay_1us
;__Lib_Lcd.c,42 :: 		
0x025C	0x9A81      	BCF         LCD_EN, BitPos(LCD_EN+0) 
;__Lib_Lcd.c,44 :: 		
0x025E	0xA056      	BTFSS       __Lib_Lcd_cmd_status, BitPos(__Lib_Lcd_cmd_status+0) 
0x0260	0xD002      	BRA         L_Lcd_Cmd0
;__Lib_Lcd.c,45 :: 		
0x0262	0xDFB5      	RCALL       _Delay_5500us
0x0264	0xD001      	BRA         L_Lcd_Cmd1
L_Lcd_Cmd0:
;__Lib_Lcd.c,47 :: 		
0x0266	0xDFAE      	RCALL       _Delay_50us
L_Lcd_Cmd1:
;__Lib_Lcd.c,48 :: 		
L_end_Lcd_Cmd:
0x0268	0x0012      	RETURN      0
; end of _Lcd_Cmd
_Lcd_Init:
;__Lib_Lcd.c,84 :: 		
;__Lib_Lcd.c,86 :: 		
0x026A	0x9A93      	BCF         LCD_EN_Direction, BitPos(LCD_EN_Direction+0) 
;__Lib_Lcd.c,87 :: 		
0x026C	0x9893      	BCF         LCD_RS_Direction, BitPos(LCD_RS_Direction+0) 
;__Lib_Lcd.c,88 :: 		
0x026E	0x9093      	BCF         LCD_D4_Direction, BitPos(LCD_D4_Direction+0) 
;__Lib_Lcd.c,89 :: 		
0x0270	0x9293      	BCF         LCD_D5_Direction, BitPos(LCD_D5_Direction+0) 
;__Lib_Lcd.c,90 :: 		
0x0272	0x9493      	BCF         LCD_D6_Direction, BitPos(LCD_D6_Direction+0) 
;__Lib_Lcd.c,91 :: 		
0x0274	0x9693      	BCF         LCD_D7_Direction, BitPos(LCD_D7_Direction+0) 
;__Lib_Lcd.c,93 :: 		
0x0276	0x9A81      	BCF         LCD_EN, BitPos(LCD_EN+0) 
;__Lib_Lcd.c,94 :: 		
0x0278	0x9881      	BCF         LCD_RS, BitPos(LCD_RS+0) 
;__Lib_Lcd.c,95 :: 		
0x027A	0x9681      	BCF         LCD_D7, BitPos(LCD_D7+0) 
;__Lib_Lcd.c,96 :: 		
0x027C	0x9481      	BCF         LCD_D6, BitPos(LCD_D6+0) 
;__Lib_Lcd.c,97 :: 		
0x027E	0x9281      	BCF         LCD_D5, BitPos(LCD_D5+0) 
;__Lib_Lcd.c,98 :: 		
0x0280	0x9081      	BCF         LCD_D4, BitPos(LCD_D4+0) 
;__Lib_Lcd.c,100 :: 		
0x0282	0xDFA5      	RCALL       _Delay_5500us
;__Lib_Lcd.c,101 :: 		
0x0284	0xDFA4      	RCALL       _Delay_5500us
;__Lib_Lcd.c,102 :: 		
0x0286	0xDFA3      	RCALL       _Delay_5500us
;__Lib_Lcd.c,105 :: 		
0x0288	0x8281      	BSF         LCD_D5, BitPos(LCD_D5+0) 
;__Lib_Lcd.c,106 :: 		
0x028A	0x8081      	BSF         LCD_D4, BitPos(LCD_D4+0) 
;__Lib_Lcd.c,107 :: 		
0x028C	0x8A81      	BSF         LCD_EN, BitPos(LCD_EN+0) 
;__Lib_Lcd.c,108 :: 		
0x028E	0xDF97      	RCALL       _Delay_1us
;__Lib_Lcd.c,109 :: 		
0x0290	0x9A81      	BCF         LCD_EN, BitPos(LCD_EN+0) 
;__Lib_Lcd.c,110 :: 		
0x0292	0xDF9D      	RCALL       _Delay_5500us
;__Lib_Lcd.c,112 :: 		
0x0294	0x8A81      	BSF         LCD_EN, BitPos(LCD_EN+0) 
;__Lib_Lcd.c,113 :: 		
0x0296	0xDF93      	RCALL       _Delay_1us
;__Lib_Lcd.c,114 :: 		
0x0298	0x9A81      	BCF         LCD_EN, BitPos(LCD_EN+0) 
;__Lib_Lcd.c,115 :: 		
0x029A	0xDF99      	RCALL       _Delay_5500us
;__Lib_Lcd.c,117 :: 		
0x029C	0x8A81      	BSF         LCD_EN, BitPos(LCD_EN+0) 
;__Lib_Lcd.c,118 :: 		
0x029E	0xDF8F      	RCALL       _Delay_1us
;__Lib_Lcd.c,119 :: 		
0x02A0	0x9A81      	BCF         LCD_EN, BitPos(LCD_EN+0) 
;__Lib_Lcd.c,120 :: 		
0x02A2	0xDF95      	RCALL       _Delay_5500us
;__Lib_Lcd.c,123 :: 		
0x02A4	0x9081      	BCF         LCD_D4, BitPos(LCD_D4+0) 
;__Lib_Lcd.c,124 :: 		
0x02A6	0x8A81      	BSF         LCD_EN, BitPos(LCD_EN+0) 
;__Lib_Lcd.c,125 :: 		
0x02A8	0xDF8A      	RCALL       _Delay_1us
;__Lib_Lcd.c,126 :: 		
0x02AA	0x9A81      	BCF         LCD_EN, BitPos(LCD_EN+0) 
;__Lib_Lcd.c,127 :: 		
0x02AC	0xDF90      	RCALL       _Delay_5500us
;__Lib_Lcd.c,130 :: 		
0x02AE	0x8A81      	BSF         LCD_EN, BitPos(LCD_EN+0) 
;__Lib_Lcd.c,131 :: 		
0x02B0	0xDF86      	RCALL       _Delay_1us
;__Lib_Lcd.c,132 :: 		
0x02B2	0x9A81      	BCF         LCD_EN, BitPos(LCD_EN+0) 
;__Lib_Lcd.c,134 :: 		
0x02B4	0x9281      	BCF         LCD_D5, BitPos(LCD_D5+0) 
;__Lib_Lcd.c,135 :: 		
0x02B6	0x8681      	BSF         LCD_D7, BitPos(LCD_D7+0) 
;__Lib_Lcd.c,136 :: 		
0x02B8	0x8A81      	BSF         LCD_EN, BitPos(LCD_EN+0) 
;__Lib_Lcd.c,137 :: 		
0x02BA	0xDF81      	RCALL       _Delay_1us
;__Lib_Lcd.c,138 :: 		
0x02BC	0x9A81      	BCF         LCD_EN, BitPos(LCD_EN+0) 
;__Lib_Lcd.c,139 :: 		
0x02BE	0xDF87      	RCALL       _Delay_5500us
;__Lib_Lcd.c,142 :: 		
0x02C0	0x9681      	BCF         LCD_D7, BitPos(LCD_D7+0) 
;__Lib_Lcd.c,143 :: 		
0x02C2	0x8081      	BSF         LCD_D4, BitPos(LCD_D4+0) 
;__Lib_Lcd.c,144 :: 		
0x02C4	0x8A81      	BSF         LCD_EN, BitPos(LCD_EN+0) 
;__Lib_Lcd.c,145 :: 		
0x02C6	0xDF7B      	RCALL       _Delay_1us
;__Lib_Lcd.c,146 :: 		
0x02C8	0x9A81      	BCF         LCD_EN, BitPos(LCD_EN+0) 
;__Lib_Lcd.c,148 :: 		
0x02CA	0x9081      	BCF         LCD_D4, BitPos(LCD_D4+0) 
;__Lib_Lcd.c,149 :: 		
0x02CC	0x8A81      	BSF         LCD_EN, BitPos(LCD_EN+0) 
;__Lib_Lcd.c,150 :: 		
0x02CE	0xDF77      	RCALL       _Delay_1us
;__Lib_Lcd.c,151 :: 		
0x02D0	0x9A81      	BCF         LCD_EN, BitPos(LCD_EN+0) 
;__Lib_Lcd.c,152 :: 		
0x02D2	0xDF7D      	RCALL       _Delay_5500us
;__Lib_Lcd.c,155 :: 		
0x02D4	0x8A81      	BSF         LCD_EN, BitPos(LCD_EN+0) 
;__Lib_Lcd.c,156 :: 		
0x02D6	0xDF73      	RCALL       _Delay_1us
;__Lib_Lcd.c,157 :: 		
0x02D8	0x9A81      	BCF         LCD_EN, BitPos(LCD_EN+0) 
;__Lib_Lcd.c,159 :: 		
0x02DA	0x8081      	BSF         LCD_D4, BitPos(LCD_D4+0) 
;__Lib_Lcd.c,160 :: 		
0x02DC	0x8A81      	BSF         LCD_EN, BitPos(LCD_EN+0) 
;__Lib_Lcd.c,161 :: 		
0x02DE	0xDF6F      	RCALL       _Delay_1us
;__Lib_Lcd.c,162 :: 		
0x02E0	0x9A81      	BCF         LCD_EN, BitPos(LCD_EN+0) 
;__Lib_Lcd.c,163 :: 		
0x02E2	0xDF75      	RCALL       _Delay_5500us
;__Lib_Lcd.c,166 :: 		
0x02E4	0x9081      	BCF         LCD_D4, BitPos(LCD_D4+0) 
;__Lib_Lcd.c,167 :: 		
0x02E6	0x8A81      	BSF         LCD_EN, BitPos(LCD_EN+0) 
;__Lib_Lcd.c,168 :: 		
0x02E8	0xDF6A      	RCALL       _Delay_1us
;__Lib_Lcd.c,169 :: 		
0x02EA	0x9A81      	BCF         LCD_EN, BitPos(LCD_EN+0) 
;__Lib_Lcd.c,171 :: 		
0x02EC	0x8681      	BSF         LCD_D7, BitPos(LCD_D7+0) 
;__Lib_Lcd.c,172 :: 		
0x02EE	0x8481      	BSF         LCD_D6, BitPos(LCD_D6+0) 
;__Lib_Lcd.c,173 :: 		
0x02F0	0x8281      	BSF         LCD_D5, BitPos(LCD_D5+0) 
;__Lib_Lcd.c,174 :: 		
0x02F2	0x8081      	BSF         LCD_D4, BitPos(LCD_D4+0) 
;__Lib_Lcd.c,175 :: 		
0x02F4	0x8A81      	BSF         LCD_EN, BitPos(LCD_EN+0) 
;__Lib_Lcd.c,176 :: 		
0x02F6	0xDF63      	RCALL       _Delay_1us
;__Lib_Lcd.c,177 :: 		
0x02F8	0x9A81      	BCF         LCD_EN, BitPos(LCD_EN+0) 
;__Lib_Lcd.c,179 :: 		
0x02FA	0xDF69      	RCALL       _Delay_5500us
;__Lib_Lcd.c,181 :: 		
0x02FC	0x8056      	BSF         __Lib_Lcd_cmd_status, BitPos(__Lib_Lcd_cmd_status+0) 
;__Lib_Lcd.c,182 :: 		
L_end_Lcd_Init:
0x02FE	0x0012      	RETURN      0
; end of _Lcd_Init
__OS_ReturnSave:
;osa_pic18_mikroc.c,106 :: 		
;osa_pic18_mikroc.c,108 :: 		
0x0300	0xDF71      	RCALL       __OS_SET_FSR_CUR_TASK
;osa_pic18_mikroc.c,109 :: 		
0x0302	0xFFECCFFD  	MOVFF       TOSL, PREINC0
0x0306	0xFFECCFFE  	MOVFF       TOSH, PREINC0
0x030A	0xFFECCFFF  	MOVFF       TOSU, PREINC0
;osa_pic18_mikroc.c,110 :: 		
0x030E	0x864C      	BSF         __OS_State, 3 
;osa_pic18_mikroc.c,111 :: 		
0x0310	0x0006      	POP
;osa_pic18_mikroc.c,112 :: 		
L_end__OS_ReturnSave:
0x0312	0x0012      	RETURN      0
; end of __OS_ReturnSave
___CC2DW:
;__Lib_System.c,21 :: 		
;__Lib_System.c,23 :: 		
_CC2DL_Loop1:
;__Lib_System.c,24 :: 		
0x0314	0x0009      	TBLRD*+
;__Lib_System.c,25 :: 		
0x0316	0xFFE6CFF5  	MOVFF       TABLAT, POSTINC1
;__Lib_System.c,26 :: 		
0x031A	0x0600      	DECF        R0, 1, 0
;__Lib_System.c,27 :: 		
0x031C	0xE1FB      	BNZ         _CC2DL_Loop1
;__Lib_System.c,28 :: 		
0x031E	0x0601      	DECF        R1, 1, 0
;__Lib_System.c,29 :: 		
0x0320	0xE1F9      	BNZ         _CC2DL_Loop1
;__Lib_System.c,31 :: 		
L_end___CC2DW:
0x0322	0x0012      	RETURN      0
; end of ___CC2DW
_Mul_16X16_U:
;__Lib_Math.c,440 :: 		
;__Lib_Math.c,447 :: 		
0x0324	0x6A0B      	CLRF        R11, 0
;__Lib_Math.c,448 :: 		
0x0326	0x6A0A      	CLRF        R10, 0
;__Lib_Math.c,449 :: 		
0x0328	0x6A09      	CLRF        R9, 0
;__Lib_Math.c,450 :: 		
0x032A	0x5000      	MOVF        R0, 0, 0
;__Lib_Math.c,451 :: 		
0x032C	0x0204      	MULWF       R4, 0
;__Lib_Math.c,453 :: 		
0x032E	0xF009CFF4  	MOVFF       PRODH, R9
;__Lib_Math.c,454 :: 		
0x0332	0xF008CFF3  	MOVFF       PRODL, R8
;__Lib_Math.c,455 :: 		
0x0336	0x5001      	MOVF        R1, 0, 0
;__Lib_Math.c,456 :: 		
0x0338	0x0205      	MULWF       R5, 0
;__Lib_Math.c,458 :: 		
0x033A	0xF00BCFF4  	MOVFF       PRODH, R11
;__Lib_Math.c,459 :: 		
0x033E	0xF00ACFF3  	MOVFF       PRODL, R10
;__Lib_Math.c,460 :: 		
0x0342	0x5000      	MOVF        R0, 0, 0
;__Lib_Math.c,461 :: 		
0x0344	0x0205      	MULWF       R5, 0
;__Lib_Math.c,463 :: 		
0x0346	0x50F3      	MOVF        PRODL, 0, 0
;__Lib_Math.c,464 :: 		
0x0348	0x2609      	ADDWF       R9, 1, 0
;__Lib_Math.c,465 :: 		
0x034A	0x50F4      	MOVF        PRODH, 0, 0
;__Lib_Math.c,466 :: 		
0x034C	0x220A      	ADDWFC      R10, 1, 0
;__Lib_Math.c,467 :: 		
0x034E	0x6AE8      	CLRF        WREG, 0
;__Lib_Math.c,468 :: 		
0x0350	0x220B      	ADDWFC      R11, 1, 0
;__Lib_Math.c,469 :: 		
0x0352	0x5001      	MOVF        R1, 0, 0
;__Lib_Math.c,470 :: 		
0x0354	0x0204      	MULWF       R4, 0
;__Lib_Math.c,472 :: 		
0x0356	0x50F3      	MOVF        PRODL, 0, 0
;__Lib_Math.c,473 :: 		
0x0358	0x2609      	ADDWF       R9, 1, 0
;__Lib_Math.c,474 :: 		
0x035A	0x50F4      	MOVF        PRODH, 0, 0
;__Lib_Math.c,475 :: 		
0x035C	0x220A      	ADDWFC      R10, 1, 0
;__Lib_Math.c,476 :: 		
0x035E	0x6AE8      	CLRF        WREG, 0
;__Lib_Math.c,477 :: 		
0x0360	0x220B      	ADDWFC      R11, 1, 0
;__Lib_Math.c,479 :: 		
0x0362	0xF000C008  	MOVFF       R8, R0
;__Lib_Math.c,480 :: 		
0x0366	0xF001C009  	MOVFF       R9, R1
;__Lib_Math.c,481 :: 		
0x036A	0xF002C00A  	MOVFF       R10, R2
;__Lib_Math.c,482 :: 		
0x036E	0xF003C00B  	MOVFF       R11, R3
;__Lib_Math.c,485 :: 		
L_end_Mul_16X16_U:
0x0372	0x0012      	RETURN      0
; end of _Mul_16X16_U
__OS_JumpToTask:
;osa_pic18_mikroc.c,64 :: 		
;osa_pic18_mikroc.c,66 :: 		
0x0374	0xDF37      	RCALL       __OS_SET_FSR_CUR_TASK
;osa_pic18_mikroc.c,67 :: 		
0x0376	0xF04CCFEE  	MOVFF       POSTINC0, __OS_State
;osa_pic18_mikroc.c,69 :: 		
0x037A	0x0005      	PUSH
;osa_pic18_mikroc.c,70 :: 		
0x037C	0x50EE      	MOVF        POSTINC0, 0, 0
;osa_pic18_mikroc.c,71 :: 		
0x037E	0x6EFD      	MOVWF       TOSL, 0
;osa_pic18_mikroc.c,72 :: 		
0x0380	0x50EE      	MOVF        POSTINC0, 0, 0
;osa_pic18_mikroc.c,73 :: 		
0x0382	0x6EFE      	MOVWF       TOSH, 0
;osa_pic18_mikroc.c,74 :: 		
0x0384	0x50EE      	MOVF        POSTINC0, 0, 0
;osa_pic18_mikroc.c,75 :: 		
0x0386	0x6EFF      	MOVWF       TOSU, 0
;osa_pic18_mikroc.c,76 :: 		
0x0388	0x0012      	RETURN      0
;osa_pic18_mikroc.c,78 :: 		
L_end__OS_JumpToTask:
0x038A	0x0012      	RETURN      0
; end of __OS_JumpToTask
_Task_LED1:
;main.c,51 :: 		void Task_LED1(void)
;main.c,53 :: 		tp_Task = OS_Task_GetCur();
0x038C	0xF049C047  	MOVFF       __OS_CurTask, _tp_Task
0x0390	0xF04AC048  	MOVFF       __OS_CurTask+1, _tp_Task+1
;main.c,54 :: 		for(;;)
L_Task_LED143:
;main.c,56 :: 		LATD.RD1 = ~LATD.RD1;
0x0394	0x728C      	BTG         LATD, 1 
;main.c,57 :: 		Delay_ms(2000);
0x0396	0x0E15      	MOVLW       21
0x0398	0x6E0B      	MOVWF       R11, 0
0x039A	0x0E4B      	MOVLW       75
0x039C	0x6E0C      	MOVWF       R12, 0
0x039E	0x0EBE      	MOVLW       190
0x03A0	0x6E0D      	MOVWF       R13, 0
L_Task_LED146:
0x03A2	0x2E0D      	DECFSZ      R13, 1, 0
0x03A4	0xD7FE      	BRA         L_Task_LED146
0x03A6	0x2E0C      	DECFSZ      R12, 1, 0
0x03A8	0xD7FC      	BRA         L_Task_LED146
0x03AA	0x2E0B      	DECFSZ      R11, 1, 0
0x03AC	0xD7FA      	BRA         L_Task_LED146
0x03AE	0x0000      	NOP
;main.c,58 :: 		OS_Task_Pause(tp_Task);
0x03B0	0xFFE1C049  	MOVFF       _tp_Task, FSR1L
0x03B4	0xFFE2C04A  	MOVFF       _tp_Task+1, FSR1H
0x03B8	0x8EE6      	BSF         POSTINC1, 7 
0x03BA	0x504A      	MOVF        _tp_Task+1, 0 
0x03BC	0x1848      	XORWF       __OS_CurTask+1, 0 
0x03BE	0xE102      	BNZ         L__Task_LED165
0x03C0	0x5047      	MOVF        __OS_CurTask, 0 
0x03C2	0x1849      	XORWF       _tp_Task, 0 
L__Task_LED165:
0x03C4	0xE103      	BNZ         L_Task_LED147
0x03C6	0x8E4C      	BSF         __OS_State, 7 
0x03C8	0xDF9B      	RCALL       __OS_ReturnSave
0x03CA	0x0000      	NOP
L_Task_LED147:
;main.c,60 :: 		}
0x03CC	0xD7E3      	BRA         L_Task_LED143
;main.c,61 :: 		}
L_end_Task_LED1:
0x03CE	0x0012      	RETURN      0
; end of _Task_LED1
_Task_LED2:
;main.c,63 :: 		void Task_LED2(void)
;main.c,65 :: 		tp_Task = OS_Task_GetCur();
0x03D0	0xF049C047  	MOVFF       __OS_CurTask, _tp_Task
0x03D4	0xF04AC048  	MOVFF       __OS_CurTask+1, _tp_Task+1
;main.c,66 :: 		for(;;)
L_Task_LED248:
;main.c,68 :: 		LATD.RD2 = ~LATD.RD2;
0x03D8	0x748C      	BTG         LATD, 2 
;main.c,69 :: 		Delay_ms(2000);
0x03DA	0x0E15      	MOVLW       21
0x03DC	0x6E0B      	MOVWF       R11, 0
0x03DE	0x0E4B      	MOVLW       75
0x03E0	0x6E0C      	MOVWF       R12, 0
0x03E2	0x0EBE      	MOVLW       190
0x03E4	0x6E0D      	MOVWF       R13, 0
L_Task_LED251:
0x03E6	0x2E0D      	DECFSZ      R13, 1, 0
0x03E8	0xD7FE      	BRA         L_Task_LED251
0x03EA	0x2E0C      	DECFSZ      R12, 1, 0
0x03EC	0xD7FC      	BRA         L_Task_LED251
0x03EE	0x2E0B      	DECFSZ      R11, 1, 0
0x03F0	0xD7FA      	BRA         L_Task_LED251
0x03F2	0x0000      	NOP
;main.c,70 :: 		OS_Task_Pause(tp_Task);
0x03F4	0xFFE1C049  	MOVFF       _tp_Task, FSR1L
0x03F8	0xFFE2C04A  	MOVFF       _tp_Task+1, FSR1H
0x03FC	0x8EE6      	BSF         POSTINC1, 7 
0x03FE	0x504A      	MOVF        _tp_Task+1, 0 
0x0400	0x1848      	XORWF       __OS_CurTask+1, 0 
0x0402	0xE102      	BNZ         L__Task_LED267
0x0404	0x5047      	MOVF        __OS_CurTask, 0 
0x0406	0x1849      	XORWF       _tp_Task, 0 
L__Task_LED267:
0x0408	0xE103      	BNZ         L_Task_LED252
0x040A	0x8E4C      	BSF         __OS_State, 7 
0x040C	0xDF79      	RCALL       __OS_ReturnSave
0x040E	0x0000      	NOP
L_Task_LED252:
;main.c,72 :: 		}
0x0410	0xD7E3      	BRA         L_Task_LED248
;main.c,73 :: 		}
L_end_Task_LED2:
0x0412	0x0012      	RETURN      0
; end of _Task_LED2
_Task_LED0:
;main.c,39 :: 		void Task_LED0(void)
;main.c,41 :: 		tp_Task = OS_Task_GetCur();
0x0414	0xF049C047  	MOVFF       __OS_CurTask, _tp_Task
0x0418	0xF04AC048  	MOVFF       __OS_CurTask+1, _tp_Task+1
;main.c,42 :: 		for(;;)
L_Task_LED038:
;main.c,44 :: 		LATD.RD0 = ~LATD.RD0;
0x041C	0x708C      	BTG         LATD, 0 
;main.c,45 :: 		Delay_ms(2000);
0x041E	0x0E15      	MOVLW       21
0x0420	0x6E0B      	MOVWF       R11, 0
0x0422	0x0E4B      	MOVLW       75
0x0424	0x6E0C      	MOVWF       R12, 0
0x0426	0x0EBE      	MOVLW       190
0x0428	0x6E0D      	MOVWF       R13, 0
L_Task_LED041:
0x042A	0x2E0D      	DECFSZ      R13, 1, 0
0x042C	0xD7FE      	BRA         L_Task_LED041
0x042E	0x2E0C      	DECFSZ      R12, 1, 0
0x0430	0xD7FC      	BRA         L_Task_LED041
0x0432	0x2E0B      	DECFSZ      R11, 1, 0
0x0434	0xD7FA      	BRA         L_Task_LED041
0x0436	0x0000      	NOP
;main.c,46 :: 		OS_Task_Pause(tp_Task);
0x0438	0xFFE1C049  	MOVFF       _tp_Task, FSR1L
0x043C	0xFFE2C04A  	MOVFF       _tp_Task+1, FSR1H
0x0440	0x8EE6      	BSF         POSTINC1, 7 
0x0442	0x504A      	MOVF        _tp_Task+1, 0 
0x0444	0x1848      	XORWF       __OS_CurTask+1, 0 
0x0446	0xE102      	BNZ         L__Task_LED063
0x0448	0x5047      	MOVF        __OS_CurTask, 0 
0x044A	0x1849      	XORWF       _tp_Task, 0 
L__Task_LED063:
0x044C	0xE103      	BNZ         L_Task_LED042
0x044E	0x8E4C      	BSF         __OS_State, 7 
0x0450	0xDF57      	RCALL       __OS_ReturnSave
0x0452	0x0000      	NOP
L_Task_LED042:
;main.c,48 :: 		}
0x0454	0xD7E3      	BRA         L_Task_LED038
;main.c,49 :: 		}
L_end_Task_LED0:
0x0456	0x0012      	RETURN      0
; end of _Task_LED0
__OS_Task_Create:
;osa_tasks.c,75 :: 		
;osa_tasks.c,79 :: 		
0x0458	0x924B      	BCF         __OS_Flags, 1 
;osa_tasks.c,88 :: 		
0x045A	0x0E1D      	MOVLW       __OS_Tasks
0x045C	0x6E01      	MOVWF       R1 
0x045E	0x0E00      	MOVLW       hi_addr(__OS_Tasks)
0x0460	0x6E02      	MOVWF       R2 
;osa_tasks.c,89 :: 		
0x0462	0x6A45      	CLRF        __OS_Temp 
;osa_tasks.c,91 :: 		
L__OS_Task_Create40:
;osa_tasks.c,93 :: 		
0x0464	0xFFE9C001  	MOVFF       R1, FSR0L
0x0468	0xFFEAC002  	MOVFF       R2, FSR0H
0x046C	0xF000CFEE  	MOVFF       POSTINC0, R0
0x0470	0xBC00      	BTFSC       R0, 6 
0x0472	0xD02A      	BRA         L__OS_Task_Create43
;osa_tasks.c,95 :: 		
0x0474	0x8C58      	BSF         FARG__OS_Task_Create_priority, 6 
;osa_tasks.c,96 :: 		
0x0476	0x8658      	BSF         FARG__OS_Task_Create_priority, 3 
;osa_tasks.c,98 :: 		
0x0478	0x0E01      	MOVLW       1
0x047A	0x2401      	ADDWF       R1, 0 
0x047C	0x6EE1      	MOVWF       FSR1L 
0x047E	0x0E00      	MOVLW       0
0x0480	0x2002      	ADDWFC      R2, 0 
0x0482	0x6EE2      	MOVWF       FSR1H 
0x0484	0xFFE6C059  	MOVFF       FARG__OS_Task_Create_TaskAddr, POSTINC1
0x0488	0xFFE6C05A  	MOVFF       FARG__OS_Task_Create_TaskAddr+1, POSTINC1
0x048C	0xFFE6C05B  	MOVFF       FARG__OS_Task_Create_TaskAddr+2, POSTINC1
0x0490	0xFFE6C05C  	MOVFF       FARG__OS_Task_Create_TaskAddr+3, POSTINC1
;osa_tasks.c,101 :: 		
0x0494	0x0E05      	MOVLW       5
0x0496	0x2401      	ADDWF       R1, 0 
0x0498	0x6EE1      	MOVWF       FSR1L 
0x049A	0x0E00      	MOVLW       0
0x049C	0x2002      	ADDWFC      R2, 0 
0x049E	0x6EE2      	MOVWF       FSR1H 
0x04A0	0x6AE6      	CLRF        POSTINC1 
0x04A2	0x6AE6      	CLRF        POSTINC1 
0x04A4	0x6AE6      	CLRF        POSTINC1 
0x04A6	0x6AE6      	CLRF        POSTINC1 
;osa_tasks.c,108 :: 		
0x04A8	0xFFE1C001  	MOVFF       R1, FSR1L
0x04AC	0xFFE2C002  	MOVFF       R2, FSR1H
0x04B0	0xFFE6C058  	MOVFF       FARG__OS_Task_Create_priority, POSTINC1
;osa_tasks.c,111 :: 		
0x04B4	0x5002      	MOVF        R2, 0 
0x04B6	0x1848      	XORWF       __OS_CurTask+1, 0 
0x04B8	0xE102      	BNZ         L___OS_Task_Create71
0x04BA	0x5047      	MOVF        __OS_CurTask, 0 
0x04BC	0x1801      	XORWF       R1, 0 
L___OS_Task_Create71:
0x04BE	0xE102      	BNZ         L__OS_Task_Create44
0x04C0	0xF04CC058  	MOVFF       FARG__OS_Task_Create_priority, __OS_State
L__OS_Task_Create44:
;osa_tasks.c,126 :: 		
0x04C4	0x924B      	BCF         __OS_Flags, 1 
;osa_tasks.c,128 :: 		
0x04C6	0xD009      	BRA         L_end__OS_Task_Create
;osa_tasks.c,130 :: 		
L__OS_Task_Create43:
;osa_tasks.c,132 :: 		
0x04C8	0x0E09      	MOVLW       9
0x04CA	0x2601      	ADDWF       R1, 1 
0x04CC	0x0E00      	MOVLW       0
0x04CE	0x2202      	ADDWFC      R2, 1 
;osa_tasks.c,134 :: 		
0x04D0	0x2A45      	INCF        __OS_Temp, 1 
0x04D2	0x0E04      	MOVLW       4
0x04D4	0x5C45      	SUBWF       __OS_Temp, 0 
0x04D6	0xE3C6      	BNC         L__OS_Task_Create40
;osa_tasks.c,137 :: 		
0x04D8	0x824B      	BSF         __OS_Flags, 1 
;osa_tasks.c,139 :: 		
;osa_tasks.c,140 :: 		
L_end__OS_Task_Create:
0x04DA	0x0012      	RETURN      0
; end of __OS_Task_Create
_OS_Init:
;osa_system.c,67 :: 		
;osa_system.c,72 :: 		
0x04DC	0x6A4B      	CLRF        __OS_Flags 
;osa_system.c,81 :: 		
0x04DE	0x0E38      	MOVLW       __OS_Tasks+27
0x04E0	0x6E41      	MOVWF       __OS_LastTask 
0x04E2	0x0E00      	MOVLW       hi_addr(__OS_Tasks+27)
0x04E4	0x6E42      	MOVWF       __OS_LastTask+1 
;osa_system.c,238 :: 		
0x04E6	0x0E03      	MOVLW       3
0x04E8	0x6E4D      	MOVWF       __OS_StimersFree 
;osa_system.c,260 :: 		
0x04EA	0x6A57      	CLRF        __OS_Bsems 
;osa_system.c,326 :: 		
0x04EC	0x9C1D      	BCF         __OS_Tasks, 6 
;osa_system.c,329 :: 		
0x04EE	0x9C26      	BCF         __OS_Tasks+9, 6 
;osa_system.c,333 :: 		
0x04F0	0x9C2F      	BCF         __OS_Tasks+18, 6 
;osa_system.c,337 :: 		
0x04F2	0x9C38      	BCF         __OS_Tasks+27, 6 
;osa_system.c,394 :: 		
L_end_OS_Init:
0x04F4	0x0012      	RETURN      0
; end of _OS_Init
_TickTimerIE:
;timer.c,3 :: 		void TickTimerIE(void)
;timer.c,6 :: 		T2CON = T2CON_CONST;
0x04F6	0x0E4D      	MOVLW       77
0x04F8	0x6EBA      	MOVWF       T2CON 
;timer.c,7 :: 		PR2 = PR2_CONST;
0x04FA	0x0E31      	MOVLW       49
0x04FC	0x6EBB      	MOVWF       PR2 
;timer.c,9 :: 		INTCON.GIEH = 1;
0x04FE	0x8EF2      	BSF         INTCON, 7 
;timer.c,10 :: 		INTCON.GIEL = 1;
0x0500	0x8CF2      	BSF         INTCON, 6 
;timer.c,11 :: 		RCON.IPEN = 1;
0x0502	0x8ED0      	BSF         RCON, 7 
;timer.c,13 :: 		TMR2IE_bit = 1;
0x0504	0x829D      	BSF         TMR2IE_bit, BitPos(TMR2IE_bit+0) 
;timer.c,14 :: 		TMR2IP_bit = 1;
0x0506	0x829F      	BSF         TMR2IP_bit, BitPos(TMR2IP_bit+0) 
;timer.c,15 :: 		T2CON.TMR2ON = 1;
0x0508	0x84BA      	BSF         T2CON, 2 
;timer.c,16 :: 		}
L_end_TickTimerIE:
0x050A	0x0012      	RETURN      0
; end of _TickTimerIE
_InitMCU:
;bsp.c,3 :: 		void InitMCU(void)
;bsp.c,6 :: 		ANSELA = 0;
0x050C	0x010F      	MOVLB       15
0x050E	0x6B38      	CLRF        ANSELA, 1
;bsp.c,7 :: 		ANSELB = 0;
0x0510	0x6B39      	CLRF        ANSELB, 1
;bsp.c,8 :: 		ANSELC = 0;
0x0512	0x6B3A      	CLRF        ANSELC, 1
;bsp.c,9 :: 		ANSELD = 0;
0x0514	0x6B3B      	CLRF        ANSELD, 1
;bsp.c,10 :: 		ANSELE = 0;
0x0516	0x6B3C      	CLRF        ANSELE, 1
;bsp.c,15 :: 		TRISD = 0;        //PORTD configurado como Saída
0x0518	0x6A95      	CLRF        TRISD 
;bsp.c,16 :: 		PORTD = 0;        //LEDs OFF
0x051A	0x6A83      	CLRF        PORTD 
;bsp.c,18 :: 		TRISE.RE0 = 1;    //pinos dos BTN como entrada
0x051C	0x8096      	BSF         TRISE, 0 
;bsp.c,19 :: 		TRISE.RE1 = 1;
0x051E	0x8296      	BSF         TRISE, 1 
;bsp.c,22 :: 		TRISE.RE0 = 1;    //Button0
0x0520	0x8096      	BSF         TRISE, 0 
;bsp.c,23 :: 		PORTE.RE0 = 1;
0x0522	0x8084      	BSF         PORTE, 0 
;bsp.c,25 :: 		TRISE.RE1 = 1;    //Button0
0x0524	0x8296      	BSF         TRISE, 1 
;bsp.c,26 :: 		PORTE.RE1 = 1;
0x0526	0x8284      	BSF         PORTE, 1 
;bsp.c,27 :: 		}
L_end_InitMCU:
0x0528	0x0012      	RETURN      0
; end of _InitMCU
_InitLCD:
;lcd.c,3 :: 		void InitLCD(void)
;lcd.c,5 :: 		Lcd_Init();                        // Initialize LCD
0x052A	0xDE9F      	RCALL       _Lcd_Init
;lcd.c,6 :: 		Lcd_Cmd(_LCD_CLEAR);               // Clear display
0x052C	0x0E01      	MOVLW       1
0x052E	0x6E5D      	MOVWF       FARG_Lcd_Cmd_out_char 
0x0530	0xDE5E      	RCALL       _Lcd_Cmd
;lcd.c,7 :: 		Lcd_Cmd(_LCD_CURSOR_OFF);          // Cursor off
0x0532	0x0E0C      	MOVLW       12
0x0534	0x6E5D      	MOVWF       FARG_Lcd_Cmd_out_char 
0x0536	0xDE5B      	RCALL       _Lcd_Cmd
;lcd.c,9 :: 		}
L_end_InitLCD:
0x0538	0x0012      	RETURN      0
; end of _InitLCD
_main:
;main.c,18 :: 		void main (void)
;main.c,20 :: 		InitMCU();                         //Inicializa os periféricos do MCU
0x053A	0xDFE8      	RCALL       _InitMCU
;main.c,21 :: 		TickTimerIE();                     //Configura e habilita a Interrupção TickTimer
0x053C	0xDFDC      	RCALL       _TickTimerIE
;main.c,22 :: 		InitLCD();
0x053E	0xDFF5      	RCALL       _InitLCD
;main.c,24 :: 		OS_Init();                         //Inicializa RTO's
0x0540	0xDFCD      	RCALL       _OS_Init
;main.c,27 :: 		OS_Task_Create(2, Task_LED0);      //Cria task LED0
0x0542	0x0E02      	MOVLW       2
0x0544	0x6E58      	MOVWF       FARG__OS_Task_Create_priority 
0x0546	0x0E14      	MOVLW       _Task_LED0
0x0548	0x6E59      	MOVWF       FARG__OS_Task_Create_TaskAddr 
0x054A	0x0E04      	MOVLW       hi_addr(_Task_LED0)
0x054C	0x6E5A      	MOVWF       FARG__OS_Task_Create_TaskAddr+1 
0x054E	0x0E00      	MOVLW       0
0x0550	0x6E5B      	MOVWF       FARG__OS_Task_Create_TaskAddr+2 
0x0552	0x0E00      	MOVLW       0
0x0554	0x6E5C      	MOVWF       FARG__OS_Task_Create_TaskAddr+3 
0x0556	0xDF80      	RCALL       __OS_Task_Create
;main.c,28 :: 		OS_Task_Create(1, Task_LED1);      //Cria task LED1
0x0558	0x0E01      	MOVLW       1
0x055A	0x6E58      	MOVWF       FARG__OS_Task_Create_priority 
0x055C	0x0E8C      	MOVLW       _Task_LED1
0x055E	0x6E59      	MOVWF       FARG__OS_Task_Create_TaskAddr 
0x0560	0x0E03      	MOVLW       hi_addr(_Task_LED1)
0x0562	0x6E5A      	MOVWF       FARG__OS_Task_Create_TaskAddr+1 
0x0564	0x0E00      	MOVLW       0
0x0566	0x6E5B      	MOVWF       FARG__OS_Task_Create_TaskAddr+2 
0x0568	0x0E00      	MOVLW       0
0x056A	0x6E5C      	MOVWF       FARG__OS_Task_Create_TaskAddr+3 
0x056C	0xDF75      	RCALL       __OS_Task_Create
;main.c,29 :: 		OS_Task_Create(0, Task_LED2);      //Cria task LED2
0x056E	0x6A58      	CLRF        FARG__OS_Task_Create_priority 
0x0570	0x0ED0      	MOVLW       _Task_LED2
0x0572	0x6E59      	MOVWF       FARG__OS_Task_Create_TaskAddr 
0x0574	0x0E03      	MOVLW       hi_addr(_Task_LED2)
0x0576	0x6E5A      	MOVWF       FARG__OS_Task_Create_TaskAddr+1 
0x0578	0x0E00      	MOVLW       0
0x057A	0x6E5B      	MOVWF       FARG__OS_Task_Create_TaskAddr+2 
0x057C	0x0E00      	MOVLW       0
0x057E	0x6E5C      	MOVWF       FARG__OS_Task_Create_TaskAddr+3 
0x0580	0xDF6B      	RCALL       __OS_Task_Create
;main.c,31 :: 		OS_EI();
0x0582	0x8EF2      	BSF         GIE_bit, BitPos(GIE_bit+0) 
0x0584	0xBED0      	BTFSC       IPEN_bit, BitPos(IPEN_bit+0) 
0x0586	0x8CF2      	BSF         GIEL_bit, BitPos(GIEL_bit+0) 
L_main10:
;main.c,33 :: 		OS_Run();
L_main11:
0x0588	0x984B      	BCF         __OS_Flags, 4 
0x058A	0x864B      	BSF         __OS_Flags, 3 
0x058C	0x0E08      	MOVLW       8
0x058E	0x6E46      	MOVWF       __OS_Best_Priority 
0x0590	0xF047C041  	MOVFF       __OS_LastTask, __OS_CurTask
0x0594	0xF048C042  	MOVFF       __OS_LastTask+1, __OS_CurTask+1
L_main14:
0x0598	0x0E00      	MOVLW       hi_addr(__OS_Tasks+27)
0x059A	0x5C48      	SUBWF       __OS_CurTask+1, 0 
0x059C	0xE102      	BNZ         L__main60
0x059E	0x0E38      	MOVLW       __OS_Tasks+27
0x05A0	0x5C47      	SUBWF       __OS_CurTask, 0 
L__main60:
0x05A2	0xE305      	BNC         L_main17
0x05A4	0x0E1D      	MOVLW       __OS_Tasks
0x05A6	0x6E47      	MOVWF       __OS_CurTask 
0x05A8	0x0E00      	MOVLW       hi_addr(__OS_Tasks)
0x05AA	0x6E48      	MOVWF       __OS_CurTask+1 
0x05AC	0xD00A      	BRA         L_main18
L_main17:
0x05AE	0x0E09      	MOVLW       9
0x05B0	0x2447      	ADDWF       __OS_CurTask, 0 
0x05B2	0x6E00      	MOVWF       R0 
0x05B4	0x0E00      	MOVLW       0
0x05B6	0x2048      	ADDWFC      __OS_CurTask+1, 0 
0x05B8	0x6E01      	MOVWF       R1 
0x05BA	0xF047C000  	MOVFF       R0, __OS_CurTask
0x05BE	0xF048C001  	MOVFF       R1, __OS_CurTask+1
L_main18:
0x05C2	0xFFE9C047  	MOVFF       __OS_CurTask, FSR0L
0x05C6	0xFFEAC048  	MOVFF       __OS_CurTask+1, FSR0H
0x05CA	0x0E01      	MOVLW       1
0x05CC	0x6E00      	MOVWF       R0 
0x05CE	0x0E4C      	MOVLW       __OS_State
0x05D0	0x6EE1      	MOVWF       FSR1L 
0x05D2	0x0E00      	MOVLW       hi_addr(__OS_State)
0x05D4	0x6EE2      	MOVWF       FSR1H 
L_main19:
0x05D6	0xFFE6CFEE  	MOVFF       POSTINC0, POSTINC1
0x05DA	0x0600      	DECF        R0, 1 
0x05DC	0xE1FC      	BNZ         L_main19
0x05DE	0xAC4C      	BTFSS       __OS_State, 6 
0x05E0	0xD003      	BRA         L__main56
0x05E2	0xBE4C      	BTFSC       __OS_State, 7 
0x05E4	0xD001      	BRA         L__main56
0x05E6	0xD001      	BRA         L_main22
L__main56:
0x05E8	0xD02E      	BRA         ___main__OS_SCHED_CONTINUE
L_main22:
0x05EA	0xF000C04C  	MOVFF       __OS_State, R0
0x05EE	0x0E07      	MOVLW       7
0x05F0	0x1600      	ANDWF       R0, 1 
0x05F2	0xF045C000  	MOVFF       R0, __OS_Temp
0x05F6	0x5046      	MOVF        __OS_Best_Priority, 0 
0x05F8	0x5C45      	SUBWF       __OS_Temp, 0 
0x05FA	0xE301      	BNC         L_main23
0x05FC	0xD024      	BRA         ___main__OS_SCHED_CONTINUE
L_main23:
0x05FE	0xB64C      	BTFSC       __OS_State, 3 
0x0600	0xD00C      	BRA         L_main24
___main__OS_SCHED_RUN:
0x0602	0xDEB8      	RCALL       __OS_JumpToTask
0x0604	0xDDEF      	RCALL       __OS_SET_FSR_CUR_TASK
0x0606	0x0ED7      	MOVLW       215
0x0608	0x16EF      	ANDWF       __indf, 1 
0x060A	0x0E28      	MOVLW       40
0x060C	0x144C      	ANDWF       __OS_State, 0 
0x060E	0x6E00      	MOVWF       R0 
0x0610	0x5000      	MOVF        R0, 0 
0x0612	0x12EF      	IORWF       __indf, 1 
0x0614	0xB64B      	BTFSC       __OS_Flags, 3 
0x0616	0xD001      	BRA         L_main25
0x0618	0xD03B      	BRA         ___main_SCHED_END
L_main25:
L_main24:
0x061A	0xA84C      	BTFSS       __OS_State, 4 
0x061C	0xD003      	BRA         L_main28
0x061E	0xBA4C      	BTFSC       __OS_State, 5 
0x0620	0xD001      	BRA         L_main28
L__main55:
0x0622	0xD011      	BRA         ___main__OS_SCHED_CONTINUE
L_main28:
0x0624	0xA64C      	BTFSS       __OS_State, 3 
0x0626	0xD00F      	BRA         L_main29
0x0628	0x884B      	BSF         __OS_Flags, 4 
0x062A	0xF043C047  	MOVFF       __OS_CurTask, __OS_BestTask
0x062E	0xF044C048  	MOVFF       __OS_CurTask+1, __OS_BestTask+1
0x0632	0xF000C04C  	MOVFF       __OS_State, R0
0x0636	0x0E07      	MOVLW       7
0x0638	0x1600      	ANDWF       R0, 1 
0x063A	0xF046C000  	MOVFF       R0, __OS_Best_Priority
0x063E	0x5046      	MOVF        __OS_Best_Priority, 0 
0x0640	0x0A00      	XORLW       0
0x0642	0xE101      	BNZ         L_main30
0x0644	0xD007      	BRA         L_main15
L_main30:
L_main29:
___main__OS_SCHED_CONTINUE:
0x0646	0x5048      	MOVF        __OS_CurTask+1, 0 
0x0648	0x1842      	XORWF       __OS_LastTask+1, 0 
0x064A	0xE102      	BNZ         L__main61
0x064C	0x5041      	MOVF        __OS_LastTask, 0 
0x064E	0x1847      	XORWF       __OS_CurTask, 0 
L__main61:
0x0650	0xE001      	BZ          L__main54
0x0652	0xD7A2      	BRA         L_main14
L__main54:
L_main15:
0x0654	0xA84B      	BTFSS       __OS_Flags, 4 
0x0656	0xD01C      	BRA         L_main33
0x0658	0x964B      	BCF         __OS_Flags, 3 
0x065A	0xF047C043  	MOVFF       __OS_BestTask, __OS_CurTask
0x065E	0xF048C044  	MOVFF       __OS_BestTask+1, __OS_CurTask+1
0x0662	0xF041C047  	MOVFF       __OS_CurTask, __OS_LastTask
0x0666	0xF042C048  	MOVFF       __OS_CurTask+1, __OS_LastTask+1
0x066A	0xFFE9C047  	MOVFF       __OS_CurTask, FSR0L
0x066E	0xFFEAC048  	MOVFF       __OS_CurTask+1, FSR0H
0x0672	0x0E01      	MOVLW       1
0x0674	0x6E00      	MOVWF       R0 
0x0676	0x0E4C      	MOVLW       __OS_State
0x0678	0x6EE1      	MOVWF       FSR1L 
0x067A	0x0E00      	MOVLW       hi_addr(__OS_State)
0x067C	0x6EE2      	MOVWF       FSR1H 
L_main34:
0x067E	0xFFE6CFEE  	MOVFF       POSTINC0, POSTINC1
0x0682	0x0600      	DECF        R0, 1 
0x0684	0xE1FC      	BNZ         L_main34
0x0686	0xAC4C      	BTFSS       __OS_State, 6 
0x0688	0xD003      	BRA         L_main37
0x068A	0xBE4C      	BTFSC       __OS_State, 7 
0x068C	0xD001      	BRA         L_main37
L__main53:
0x068E	0xD7B9      	BRA         ___main__OS_SCHED_RUN
L_main37:
L_main33:
___main_SCHED_END:
0x0690	0xD77B      	BRA         L_main11
;main.c,35 :: 		}
L_end_main:
0x0692	0xD7FF      	BRA         $+0
; end of _main
Symbol List:
//** Routines locations **
//ADDRESS    SIZE    PROCEDURE
//----------------------------------------------
0x0008     [438]    _INTERRUPT_HIGH
0x01BE       [6]    _Delay_1us
0x01C4      [10]    _Delay_50us
0x01CE      [22]    _Delay_5500us
0x01E4      [10]    __OS_SET_FSR_CUR_TASK
0x01EE     [124]    _Lcd_Cmd
0x026A     [150]    _Lcd_Init
0x0300      [20]    __OS_ReturnSave
0x0314      [16]    ___CC2DW
0x0324      [80]    _Mul_16X16_U
0x0374      [24]    __OS_JumpToTask
0x038C      [68]    _Task_LED1
0x03D0      [68]    _Task_LED2
0x0414      [68]    _Task_LED0
0x0458     [132]    __OS_Task_Create
0x04DC      [26]    _OS_Init
0x04F6      [22]    _TickTimerIE
0x050C      [30]    _InitMCU
0x052A      [16]    _InitLCD
0x053A     [346]    _main
//** Variables locations ** 
//ADDRESS    SIZE    VARIABLE
//----------------------------------------------
0x0000       [1]    UART1_Init_tmp_L0
0x0000       [1]    EEPROM_Write_SaveINTCON_L0
0x0000       [1]    UART2_Init_tmp_L0
0x0000       [1]    R0
0x0001       [1]    UART2_Read___tmp_UART2_Read_L0
0x0001       [1]    UART1_Read___tmp_UART1_Read_L0
0x0001       [1]    OS_DI_temp_L0
0x0001       [2]    _OS_Task_Create_Task_L0
0x0001       [1]    R1
0x0002       [2]    memcpy_dd_L0
0x0002       [2]    strlen_cp_L0
0x0002       [1]    R2
0x0002       [2]    memset_pp_L0
0x0002       [2]    memchr_s_L0
0x0003       [2]    memmove_tt_L0
0x0003       [1]    _OS_Stimer_GetFree_n_L0
0x0003       [1]    R3
0x0003       [2]    Ltrim_original_L0
0x0004       [3]    _OS_Queue_Send_I_q_L0
0x0004       [2]    strncat_cp_L0
0x0004       [1]    R4
0x0004       [2]    memcpy_ss_L0
0x0004       [2]    strncpy_cp_L0
0x0004       [2]    strcat_cp_L0
0x0004       [1]    _OS_Stimer_GetFree_i_L0
0x0004       [3]    _OS_Queue_Send_q_L0
0x0004       [2]    strcpy_cp_L0
0x0005       [2]    LongWordToHex_input_half_L0
0x0005       [1]    R5
0x0005       [2]    Ltrim_p_L0
0x0005       [3]    _OS_Queue_Get_I_q_L0
0x0005       [1]    _OS_Stimer_GetFree_temp_L0
0x0005       [3]    _OS_Queue_Get_q_L0
0x0005       [2]    LongIntToHex_input_half_L0
0x0005       [2]    memmove_ff_L0
0x0006       [1]    R6
0x0006       [1]    _OS_Stimer_GetFree_mask_L0
0x0007       [2]    _OS_Queue_Send_I_temp_L0
0x0007       [2]    _OS_Queue_Send_temp_L0
0x0007       [1]    R7
0x0008       [1]    _OS_Queue_Get_temp_L0
0x0008       [1]    R8
0x0008       [1]    _OS_Queue_Get_I_temp_L0
0x0009       [1]    R9
0x000A       [1]    R10
0x000B       [1]    R11
0x000C       [1]    R12
0x000D       [1]    R13
0x000E       [1]    R14
0x000F       [1]    R15
0x0010       [1]    R16
0x0011       [1]    R17
0x0012       [1]    R18
0x0013       [1]    R19
0x0014       [1]    R20
0x001D      [36]    __OS_Tasks
0x0041       [2]    __OS_LastTask
0x0043       [2]    __OS_BestTask
0x0045       [1]    __OS_Temp
0x0046       [1]    __OS_Best_Priority
0x0047       [2]    __OS_CurTask
0x0049       [2]    _tp_Task
0x004B       [1]    __OS_Flags
0x004C       [1]    __OS_State
0x004D       [1]    __OS_StimersFree
0x004E       [8]    __OS_Stimers
0x0056       [0]    __Lib_Lcd_cmd_status
0x0057       [1]    __OS_Bsems
0x0058       [1]    FARG__OS_Task_Create_priority
0x0059       [4]    FARG__OS_Task_Create_TaskAddr
0x005D       [1]    FARG_Lcd_Cmd_out_char
0x005E       [1]    INTERRUPT_HIGH__os_i_L3
0x005F       [1]    INTERRUPT_HIGH__os_i_L3_L3
0x0F38       [1]    ANSELA
0x0F39       [1]    ANSELB
0x0F3A       [1]    ANSELC
0x0F3B       [1]    ANSELD
0x0F3C       [1]    ANSELE
0x0F81       [0]    LCD_RS
0x0F81       [0]    LCD_D4
0x0F81       [0]    LCD_EN
0x0F81       [0]    RB5_bit
0x0F81       [0]    RB4_bit
0x0F81       [0]    RB1_bit
0x0F81       [0]    RB0_bit
0x0F81       [0]    RB3_bit
0x0F81       [0]    RB2_bit
0x0F81       [0]    LCD_D5
0x0F81       [0]    LCD_D6
0x0F81       [0]    LCD_D7
0x0F83       [1]    PORTD
0x0F84       [1]    PORTE
0x0F8C       [1]    LATD
0x0F93       [0]    LCD_D5_Direction
0x0F93       [0]    LCD_D4_Direction
0x0F93       [0]    LCD_D7_Direction
0x0F93       [0]    LCD_D6_Direction
0x0F93       [0]    LCD_EN_Direction
0x0F93       [0]    TRISB1_bit
0x0F93       [0]    TRISB0_bit
0x0F93       [0]    TRISB4_bit
0x0F93       [0]    TRISB3_bit
0x0F93       [0]    TRISB5_bit
0x0F93       [0]    TRISB2_bit
0x0F93       [0]    LCD_RS_Direction
0x0F95       [1]    TRISD
0x0F96       [1]    TRISE
0x0F9D       [0]    TMR2IE_bit
0x0F9E       [0]    TMR2IF_bit
0x0F9F       [0]    TMR2IP_bit
0x0FBA       [1]    T2CON
0x0FBB       [1]    PR2
0x0FD0       [0]    IPEN_bit
0x0FD0       [1]    RCON
0x0FD8       [1]    STATUS
0x0FD9       [1]    FSR2L
0x0FDA       [1]    FSR2H
0x0FDE       [1]    POSTINC2
0x0FE0       [1]    BSR
0x0FE1       [1]    FSR1L
0x0FE2       [1]    FSR1H
0x0FE4       [1]    PREINC1
0x0FE6       [1]    POSTINC1
0x0FE7       [1]    INDF1
0x0FE8       [1]    WREG
0x0FE9       [2]    __fsr
0x0FE9       [1]    FSR0L
0x0FEA       [1]    FSR0H
0x0FEC       [1]    __preinc
0x0FEE       [1]    __postinc
0x0FEE       [1]    POSTINC0
0x0FEF       [1]    __indf
0x0FF2       [0]    GIEL_bit
0x0FF2       [1]    INTCON
0x0FF2       [0]    GIE_bit
0x0FF3       [1]    PRODL
0x0FF4       [1]    PRODH
0x0FF5       [1]    TABLAT
0x0FF6       [1]    TBLPTRL
0x0FF7       [1]    TBLPTRH
0x0FF8       [1]    TBLPTRU
0x0FFD       [1]    __tosl
0x0FFE       [1]    __tosh
0x0FFF       [1]    __tosu
