;  LST file generated by mikroListExporter - v.2.0 
; Date/Time: 25/05/2023 09:40:24
;----------------------------------------------

;Address Opcode 	ASM
0x0000	0xF002EF88  	GOTO        1296
_INTERRUPT_HIGH:
;main.c,6 :: 		void INTERRUPT_HIGH() iv 0x0008 ics ICS_AUTO {
0x0008	0xF01CC000  	MOVFF       R0, 28
0x000C	0xF01BC001  	MOVFF       R1, 27
0x0010	0xF01AC002  	MOVFF       R2, 26
0x0014	0xF019C003  	MOVFF       R3, 25
0x0018	0xF018C004  	MOVFF       R4, 24
0x001C	0xF017C005  	MOVFF       R5, 23
0x0020	0xF016C006  	MOVFF       R6, 22
0x0024	0xF015C007  	MOVFF       R7, 21
;main.c,7 :: 		if (TMR2IF_bit){
0x0028	0xF01FCFE1  	MOVFF       FSR1L, 31
0x002C	0xF020CFE2  	MOVFF       FSR1H, 32
0x0030	0xF01DCFE9  	MOVFF       FSR0L, 29
0x0034	0xF01ECFEA  	MOVFF       FSR0H, 30
0x0038	0xA29E      	BTFSS       TMR2IF_bit, BitPos(TMR2IF_bit+0) 
0x003A	0xD0B9      	BRA         L_INTERRUPT_HIGH0
;main.c,8 :: 		TMR2IF_bit = 0;
0x003C	0x929E      	BCF         TMR2IF_bit, BitPos(TMR2IF_bit+0) 
;main.c,9 :: 		OS_Timer();
0x003E	0x6A5F      	CLRF        INTERRUPT_HIGH__os_i_L3 
L_INTERRUPT_HIGH1:
0x0040	0x0E04      	MOVLW       4
0x0042	0x5C5F      	SUBWF       INTERRUPT_HIGH__os_i_L3, 0 
0x0044	0xE265      	BC          L_INTERRUPT_HIGH2
0x0046	0x0E09      	MOVLW       9
0x0048	0x6E00      	MOVWF       R0 
0x004A	0x0E00      	MOVLW       0
0x004C	0x6E01      	MOVWF       R1 
0x004E	0xF004C05F  	MOVFF       INTERRUPT_HIGH__os_i_L3, R4
0x0052	0x0E00      	MOVLW       0
0x0054	0x6E05      	MOVWF       R5 
0x0056	0xD972      	RCALL       _Mul_16X16_U
0x0058	0x0E34      	MOVLW       __OS_Tasks
0x005A	0x2400      	ADDWF       R0, 0 
0x005C	0x6EE9      	MOVWF       FSR0L 
0x005E	0x0E00      	MOVLW       hi_addr(__OS_Tasks)
0x0060	0x2001      	ADDWFC      R1, 0 
0x0062	0x6EEA      	MOVWF       FSR0L+1 
0x0064	0xF000CFEE  	MOVFF       POSTINC0, R0
0x0068	0xA800      	BTFSS       R0, 4 
0x006A	0xD050      	BRA         L_INTERRUPT_HIGH4
0x006C	0x0E09      	MOVLW       9
0x006E	0x6E00      	MOVWF       R0 
0x0070	0x0E00      	MOVLW       0
0x0072	0x6E01      	MOVWF       R1 
0x0074	0xF004C05F  	MOVFF       INTERRUPT_HIGH__os_i_L3, R4
0x0078	0x0E00      	MOVLW       0
0x007A	0x6E05      	MOVWF       R5 
0x007C	0xD95F      	RCALL       _Mul_16X16_U
0x007E	0x0E34      	MOVLW       __OS_Tasks
0x0080	0x2600      	ADDWF       R0, 1 
0x0082	0x0E00      	MOVLW       hi_addr(__OS_Tasks)
0x0084	0x2201      	ADDWFC      R1, 1 
0x0086	0x0E05      	MOVLW       5
0x0088	0x2400      	ADDWF       R0, 0 
0x008A	0x6E04      	MOVWF       R4 
0x008C	0x0E00      	MOVLW       0
0x008E	0x2001      	ADDWFC      R1, 0 
0x0090	0x6E05      	MOVWF       R5 
0x0092	0xFFE9C004  	MOVFF       R4, FSR0L
0x0096	0xFFEAC005  	MOVFF       R5, FSR0H
0x009A	0x0E01      	MOVLW       1
0x009C	0x24EE      	ADDWF       POSTINC0, 0 
0x009E	0x6E00      	MOVWF       R0 
0x00A0	0x0E00      	MOVLW       0
0x00A2	0x20EE      	ADDWFC      POSTINC0, 0 
0x00A4	0x6E01      	MOVWF       R1 
0x00A6	0x0E00      	MOVLW       0
0x00A8	0x20EE      	ADDWFC      POSTINC0, 0 
0x00AA	0x6E02      	MOVWF       R2 
0x00AC	0x0E00      	MOVLW       0
0x00AE	0x20EE      	ADDWFC      POSTINC0, 0 
0x00B0	0x6E03      	MOVWF       R3 
0x00B2	0xFFE1C004  	MOVFF       R4, FSR1L
0x00B6	0xFFE2C005  	MOVFF       R5, FSR1H
0x00BA	0xFFE6C000  	MOVFF       R0, POSTINC1
0x00BE	0xFFE6C001  	MOVFF       R1, POSTINC1
0x00C2	0xFFE6C002  	MOVFF       R2, POSTINC1
0x00C6	0xFFE6C003  	MOVFF       R3, POSTINC1
0x00CA	0xFFE9C004  	MOVFF       R4, FSR0L
0x00CE	0xFFEAC005  	MOVFF       R5, FSR0H
0x00D2	0xF000CFEE  	MOVFF       POSTINC0, R0
0x00D6	0xF001CFEE  	MOVFF       POSTINC0, R1
0x00DA	0xF002CFEE  	MOVFF       POSTINC0, R2
0x00DE	0xF003CFEE  	MOVFF       POSTINC0, R3
0x00E2	0x5000      	MOVF        R0, 0 
0x00E4	0x1001      	IORWF       R1, 0 
0x00E6	0x1002      	IORWF       R2, 0 
0x00E8	0x1003      	IORWF       R3, 0 
0x00EA	0xE110      	BNZ         L_INTERRUPT_HIGH5
0x00EC	0x0E09      	MOVLW       9
0x00EE	0x6E00      	MOVWF       R0 
0x00F0	0x0E00      	MOVLW       0
0x00F2	0x6E01      	MOVWF       R1 
0x00F4	0xF004C05F  	MOVFF       INTERRUPT_HIGH__os_i_L3, R4
0x00F8	0x0E00      	MOVLW       0
0x00FA	0x6E05      	MOVWF       R5 
0x00FC	0xD91F      	RCALL       _Mul_16X16_U
0x00FE	0x0E34      	MOVLW       __OS_Tasks
0x0100	0x2400      	ADDWF       R0, 0 
0x0102	0x6EE1      	MOVWF       FSR1L 
0x0104	0x0E00      	MOVLW       hi_addr(__OS_Tasks)
0x0106	0x2001      	ADDWFC      R1, 0 
0x0108	0x6EE2      	MOVWF       FSR1L+1 
0x010A	0x98E6      	BCF         POSTINC1, 4 
L_INTERRUPT_HIGH5:
L_INTERRUPT_HIGH4:
0x010C	0x2A5F      	INCF        INTERRUPT_HIGH__os_i_L3, 1 
0x010E	0xD798      	BRA         L_INTERRUPT_HIGH1
L_INTERRUPT_HIGH2:
0x0110	0x0100      	MOVLB       0
0x0112	0x6B60      	CLRF        INTERRUPT_HIGH__os_i_L3_L3, 1
L_INTERRUPT_HIGH6:
0x0114	0x0E02      	MOVLW       2
0x0116	0x5D60      	SUBWF       INTERRUPT_HIGH__os_i_L3_L3, 0, 1
0x0118	0xE24A      	BC          L_INTERRUPT_HIGH7
0x011A	0xF000C060  	MOVFF       INTERRUPT_HIGH__os_i_L3_L3, R0
0x011E	0x0E00      	MOVLW       0
0x0120	0x6E01      	MOVWF       R1 
0x0122	0x3600      	RLCF        R0, 1 
0x0124	0x9000      	BCF         R0, 0 
0x0126	0x3601      	RLCF        R1, 1 
0x0128	0x3600      	RLCF        R0, 1 
0x012A	0x9000      	BCF         R0, 0 
0x012C	0x3601      	RLCF        R1, 1 
0x012E	0x0E26      	MOVLW       __OS_Stimers
0x0130	0x2400      	ADDWF       R0, 0 
0x0132	0x6EE9      	MOVWF       FSR0L 
0x0134	0x0E00      	MOVLW       hi_addr(__OS_Stimers)
0x0136	0x2001      	ADDWFC      R1, 0 
0x0138	0x6EEA      	MOVWF       FSR0L+1 
0x013A	0xF004CFEE  	MOVFF       POSTINC0, R4
0x013E	0xF005CFEE  	MOVFF       POSTINC0, R5
0x0142	0xF006CFEE  	MOVFF       POSTINC0, R6
0x0146	0xF007CFEE  	MOVFF       POSTINC0, R7
0x014A	0xAE07      	BTFSS       R7, 7 
0x014C	0xD02E      	BRA         L_INTERRUPT_HIGH9
0x014E	0xF000C060  	MOVFF       INTERRUPT_HIGH__os_i_L3_L3, R0
0x0152	0x0E00      	MOVLW       0
0x0154	0x6E01      	MOVWF       R1 
0x0156	0x3600      	RLCF        R0, 1 
0x0158	0x9000      	BCF         R0, 0 
0x015A	0x3601      	RLCF        R1, 1 
0x015C	0x3600      	RLCF        R0, 1 
0x015E	0x9000      	BCF         R0, 0 
0x0160	0x3601      	RLCF        R1, 1 
0x0162	0x0E26      	MOVLW       __OS_Stimers
0x0164	0x2400      	ADDWF       R0, 0 
0x0166	0x6E04      	MOVWF       R4 
0x0168	0x0E00      	MOVLW       hi_addr(__OS_Stimers)
0x016A	0x2001      	ADDWFC      R1, 0 
0x016C	0x6E05      	MOVWF       R5 
0x016E	0xFFE9C004  	MOVFF       R4, FSR0L
0x0172	0xFFEAC005  	MOVFF       R5, FSR0H
0x0176	0xF000CFEE  	MOVFF       POSTINC0, R0
0x017A	0xF001CFEE  	MOVFF       POSTINC0, R1
0x017E	0xF002CFEE  	MOVFF       POSTINC0, R2
0x0182	0xF003CFEE  	MOVFF       POSTINC0, R3
0x0186	0x0E01      	MOVLW       1
0x0188	0x2600      	ADDWF       R0, 1 
0x018A	0x0E00      	MOVLW       0
0x018C	0x2201      	ADDWFC      R1, 1 
0x018E	0x2202      	ADDWFC      R2, 1 
0x0190	0x2203      	ADDWFC      R3, 1 
0x0192	0xFFE1C004  	MOVFF       R4, FSR1L
0x0196	0xFFE2C005  	MOVFF       R5, FSR1H
0x019A	0xFFE6C000  	MOVFF       R0, POSTINC1
0x019E	0xFFE6C001  	MOVFF       R1, POSTINC1
0x01A2	0xFFE6C002  	MOVFF       R2, POSTINC1
0x01A6	0xFFE6C003  	MOVFF       R3, POSTINC1
L_INTERRUPT_HIGH9:
0x01AA	0x2B60      	INCF        INTERRUPT_HIGH__os_i_L3_L3, 1, 1
0x01AC	0xD7B3      	BRA         L_INTERRUPT_HIGH6
L_INTERRUPT_HIGH7:
;main.c,10 :: 		}
L_INTERRUPT_HIGH0:
;main.c,11 :: 		}
L_end_INTERRUPT_HIGH:
L__INTERRUPT_HIGH52:
0x01AE	0xF000C01C  	MOVFF       28, R0
0x01B2	0xF001C01B  	MOVFF       27, R1
0x01B6	0xF002C01A  	MOVFF       26, R2
0x01BA	0xF003C019  	MOVFF       25, R3
0x01BE	0xF004C018  	MOVFF       24, R4
0x01C2	0xF005C017  	MOVFF       23, R5
0x01C6	0xF006C016  	MOVFF       22, R6
0x01CA	0xF007C015  	MOVFF       21, R7
0x01CE	0xFFE9C01D  	MOVFF       29, FSR0L
0x01D2	0xFFEAC01E  	MOVFF       30, FSR0H
0x01D6	0xFFE1C01F  	MOVFF       31, FSR1L
0x01DA	0xFFE2C020  	MOVFF       32, FSR1H
0x01DE	0x0011      	RETFIE      1
; end of _INTERRUPT_HIGH
__OS_SET_FSR_CUR_TASK:
;osa_pic18_mikroc.c,242 :: 		
;osa_pic18_mikroc.c,244 :: 		
0x01E0	0xFFE9C022  	MOVFF       __OS_CurTask, FSR0L
0x01E4	0xFFEAC023  	MOVFF       __OS_CurTask+1, FSR0H
;osa_pic18_mikroc.c,245 :: 		
L_end__OS_SET_FSR_CUR_TASK:
0x01E8	0x0012      	RETURN      0
; end of __OS_SET_FSR_CUR_TASK
__OS_ClrReadySetClrCanContinue:
;osa_pic18_mikroc.c,207 :: 		
;osa_pic18_mikroc.c,209 :: 		
0x01EA	0x0006      	POP
;osa_pic18_mikroc.c,211 :: 		
0x01EC	0x9024      	BCF         __OS_Flags, 0 
;osa_pic18_mikroc.c,213 :: 		
0x01EE	0xDFF8      	RCALL       __OS_SET_FSR_CUR_TASK
;osa_pic18_mikroc.c,214 :: 		
0x01F0	0xFFECCFFD  	MOVFF       TOSL, PREINC0
0x01F4	0xFFECCFFE  	MOVFF       TOSH, PREINC0
0x01F8	0xFFECCFFF  	MOVFF       TOSU, PREINC0
;osa_pic18_mikroc.c,215 :: 		
0x01FC	0x9658      	BCF         __OS_State, 3 
;osa_pic18_mikroc.c,218 :: 		
0x01FE	0xA858      	BTFSS       __OS_State, 4 
0x0200	0x9A58      	BCF         __OS_State, 5 
L__OS_ClrReadySetClrCanContinue0:
;osa_pic18_mikroc.c,219 :: 		
0x0202	0xB033      	BTFSC       __OS_Temp, 0 
0x0204	0x8A58      	BSF         __OS_State, 5 
L__OS_ClrReadySetClrCanContinue1:
;osa_pic18_mikroc.c,222 :: 		
L_end__OS_ClrReadySetClrCanContinue:
0x0206	0x0012      	RETURN      0
; end of __OS_ClrReadySetClrCanContinue
__OS_InitDelay:
;osa_ttimer.c,69 :: 		
;osa_ttimer.c,72 :: 		
0x0208	0x9A58      	BCF         __OS_State, 5 
0x020A	0xFFE1C022  	MOVFF       __OS_CurTask, FSR1L
0x020E	0xFFE2C023  	MOVFF       __OS_CurTask+1, FSR1L+1
0x0212	0x98E6      	BCF         POSTINC1, 4 
;osa_ttimer.c,77 :: 		
0x0214	0x0100      	MOVLB       0
0x0216	0x5161      	MOVF        FARG__OS_InitDelay_Delay, 0, 1
0x0218	0x1162      	IORWF       FARG__OS_InitDelay_Delay+1, 0, 1
0x021A	0x1163      	IORWF       FARG__OS_InitDelay_Delay+2, 0, 1
0x021C	0x1164      	IORWF       FARG__OS_InitDelay_Delay+3, 0, 1
0x021E	0xE046      	BZ          L__OS_InitDelay23
;osa_ttimer.c,79 :: 		
0x0220	0x0EFF      	MOVLW       255
0x0222	0x1961      	XORWF       FARG__OS_InitDelay_Delay, 0, 1
0x0224	0x6E00      	MOVWF       R0 
0x0226	0x0EFF      	MOVLW       255
0x0228	0x1962      	XORWF       FARG__OS_InitDelay_Delay+1, 0, 1
0x022A	0x6E01      	MOVWF       R1 
0x022C	0x0EFF      	MOVLW       255
0x022E	0x1963      	XORWF       FARG__OS_InitDelay_Delay+2, 0, 1
0x0230	0x6E02      	MOVWF       R2 
0x0232	0x0EFF      	MOVLW       255
0x0234	0x1964      	XORWF       FARG__OS_InitDelay_Delay+3, 0, 1
0x0236	0x6E03      	MOVWF       R3 
0x0238	0xF061C000  	MOVFF       R0, FARG__OS_InitDelay_Delay
0x023C	0xF062C001  	MOVFF       R1, FARG__OS_InitDelay_Delay+1
0x0240	0xF063C002  	MOVFF       R2, FARG__OS_InitDelay_Delay+2
0x0244	0xF064C003  	MOVFF       R3, FARG__OS_InitDelay_Delay+3
;osa_ttimer.c,80 :: 		
0x0248	0x0E01      	MOVLW       1
0x024A	0x2400      	ADDWF       R0, 0 
0x024C	0x6E04      	MOVWF       R4 
0x024E	0x0E00      	MOVLW       0
0x0250	0x2001      	ADDWFC      R1, 0 
0x0252	0x6E05      	MOVWF       R5 
0x0254	0x0E00      	MOVLW       0
0x0256	0x2002      	ADDWFC      R2, 0 
0x0258	0x6E06      	MOVWF       R6 
0x025A	0x0E00      	MOVLW       0
0x025C	0x2003      	ADDWFC      R3, 0 
0x025E	0x6E07      	MOVWF       R7 
0x0260	0xF061C004  	MOVFF       R4, FARG__OS_InitDelay_Delay
0x0264	0xF062C005  	MOVFF       R5, FARG__OS_InitDelay_Delay+1
0x0268	0xF063C006  	MOVFF       R6, FARG__OS_InitDelay_Delay+2
0x026C	0xF064C007  	MOVFF       R7, FARG__OS_InitDelay_Delay+3
;osa_ttimer.c,81 :: 		
0x0270	0xF000C022  	MOVFF       __OS_CurTask, R0
0x0274	0xF001C023  	MOVFF       __OS_CurTask+1, R1
0x0278	0x0E05      	MOVLW       5
0x027A	0x2400      	ADDWF       R0, 0 
0x027C	0x6EE1      	MOVWF       FSR1L 
0x027E	0x0E00      	MOVLW       0
0x0280	0x2001      	ADDWFC      R1, 0 
0x0282	0x6EE2      	MOVWF       FSR1L+1 
0x0284	0xFFE6C004  	MOVFF       R4, POSTINC1
0x0288	0xFFE6C005  	MOVFF       R5, POSTINC1
0x028C	0xFFE6C006  	MOVFF       R6, POSTINC1
0x0290	0xFFE6C007  	MOVFF       R7, POSTINC1
;osa_ttimer.c,82 :: 		
0x0294	0xFFE1C022  	MOVFF       __OS_CurTask, FSR1L
0x0298	0xFFE2C023  	MOVFF       __OS_CurTask+1, FSR1L+1
0x029C	0x86E6      	BSF         POSTINC1, 3 
0x029E	0xFFE1C022  	MOVFF       __OS_CurTask, FSR1L
0x02A2	0xFFE2C023  	MOVFF       __OS_CurTask+1, FSR1L+1
0x02A6	0x88E6      	BSF         POSTINC1, 4 
;osa_ttimer.c,87 :: 		
0x02A8	0x8858      	BSF         __OS_State, 4 
;osa_ttimer.c,88 :: 		
0x02AA	0x8658      	BSF         __OS_State, 3 
;osa_ttimer.c,90 :: 		
L__OS_InitDelay23:
;osa_ttimer.c,91 :: 		
L_end__OS_InitDelay:
0x02AC	0x0012      	RETURN      0
; end of __OS_InitDelay
__OS_ReturnSave:
;osa_pic18_mikroc.c,106 :: 		
;osa_pic18_mikroc.c,108 :: 		
0x02AE	0xDF98      	RCALL       __OS_SET_FSR_CUR_TASK
;osa_pic18_mikroc.c,109 :: 		
0x02B0	0xFFECCFFD  	MOVFF       TOSL, PREINC0
0x02B4	0xFFECCFFE  	MOVFF       TOSH, PREINC0
0x02B8	0xFFECCFFF  	MOVFF       TOSU, PREINC0
;osa_pic18_mikroc.c,110 :: 		
0x02BC	0x8658      	BSF         __OS_State, 3 
;osa_pic18_mikroc.c,111 :: 		
0x02BE	0x0006      	POP
;osa_pic18_mikroc.c,112 :: 		
L_end__OS_ReturnSave:
0x02C0	0x0012      	RETURN      0
; end of __OS_ReturnSave
__OS_CheckEvent:
;osa_pic18_mikroc.c,383 :: 		
;osa_pic18_mikroc.c,421 :: 		
0x02C2	0x9A24      	BCF         __OS_Flags, 5 
;osa_pic18_mikroc.c,422 :: 		
0x02C4	0xDF8D      	RCALL       __OS_SET_FSR_CUR_TASK
;osa_pic18_mikroc.c,424 :: 		
0x02C6	0x525E      	MOVF        FARG__OS_CheckEvent_bEvent, 1 
0x02C8	0xE007      	BZ          L__OS_CheckEvent10
;osa_pic18_mikroc.c,426 :: 		
0x02CA	0xA658      	BTFSS       __OS_State, 3 
0x02CC	0xD003      	BRA         L__OS_CheckEvent11
;osa_pic18_mikroc.c,430 :: 		
0x02CE	0x9858      	BCF         __OS_State, 4 
;osa_pic18_mikroc.c,431 :: 		
0x02D0	0x98EF      	BCF         INDF0, 4 
;osa_pic18_mikroc.c,439 :: 		
0x02D2	0xD00B      	BRA         L_end__OS_CheckEvent
;osa_pic18_mikroc.c,440 :: 		
L__OS_CheckEvent11:
;osa_pic18_mikroc.c,442 :: 		
0x02D4	0x8658      	BSF         __OS_State, 3 
;osa_pic18_mikroc.c,444 :: 		
0x02D6	0xD001      	BRA         L__OS_CheckEvent12
L__OS_CheckEvent10:
;osa_pic18_mikroc.c,445 :: 		
0x02D8	0x9658      	BCF         __OS_State, 3 
;osa_pic18_mikroc.c,446 :: 		
L__OS_CheckEvent12:
;osa_pic18_mikroc.c,450 :: 		
0x02DA	0xB858      	BTFSC       __OS_State, 4 
0x02DC	0xD005      	BRA         L__OS_CheckEvent15
0x02DE	0xAA58      	BTFSS       __OS_State, 5 
0x02E0	0xD003      	BRA         L__OS_CheckEvent15
L___OS_CheckEvent45:
;osa_pic18_mikroc.c,452 :: 		
0x02E2	0x8658      	BSF         __OS_State, 3 
;osa_pic18_mikroc.c,453 :: 		
0x02E4	0x8A24      	BSF         __OS_Flags, 5 
;osa_pic18_mikroc.c,459 :: 		
0x02E6	0xD001      	BRA         L_end__OS_CheckEvent
;osa_pic18_mikroc.c,460 :: 		
L__OS_CheckEvent15:
;osa_pic18_mikroc.c,464 :: 		
0x02E8	0x0006      	POP
;osa_pic18_mikroc.c,469 :: 		
L_end__OS_CheckEvent:
0x02EA	0x0012      	RETURN      0
; end of __OS_CheckEvent
__OS_EnterWaitMode:
;osa_pic18_mikroc.c,156 :: 		
;osa_pic18_mikroc.c,158 :: 		
0x02EC	0x6A33      	CLRF        __OS_Temp 
;osa_pic18_mikroc.c,159 :: 		
0x02EE	0xDF7D      	RCALL       __OS_ClrReadySetClrCanContinue
;osa_pic18_mikroc.c,160 :: 		
L_end__OS_EnterWaitMode:
0x02F0	0x0012      	RETURN      0
; end of __OS_EnterWaitMode
_Task_LED2:
;main.c,71 :: 		void Task_LED2(void)
;main.c,73 :: 		for(;;)
L_Task_LED244:
;main.c,75 :: 		OS_Bsem_Wait(BS_LED2);
0x02F2	0xDFFC      	RCALL       __OS_EnterWaitMode
0x02F4	0x0000      	NOP
0x02F6	0x0E04      	MOVLW       4
0x02F8	0x1425      	ANDWF       __OS_Bsems, 0 
0x02FA	0x6E00      	MOVWF       R0 
0x02FC	0x0E00      	MOVLW       0
0x02FE	0x0B00      	ANDLW       0
0x0300	0x6E01      	MOVWF       R1 
0x0302	0x0E00      	MOVLW       0
0x0304	0x1801      	XORWF       R1, 0 
0x0306	0xE102      	BNZ         L__Task_LED261
0x0308	0x0E00      	MOVLW       0
0x030A	0x1800      	XORWF       R0, 0 
L__Task_LED261:
0x030C	0x0E00      	MOVLW       0
0x030E	0xA4D8      	BTFSS       STATUS, 2 
0x0310	0x0E01      	MOVLW       1
0x0312	0x6E5E      	MOVWF       FARG__OS_CheckEvent_bEvent 
0x0314	0xDFD6      	RCALL       __OS_CheckEvent
0x0316	0x0EFB      	MOVLW       251
0x0318	0x1625      	ANDWF       __OS_Bsems, 1 
;main.c,77 :: 		LATD.RD2 = ~LATD.RD2;
0x031A	0x748C      	BTG         LATD, 2 
;main.c,78 :: 		OS_Delay(300 ms);
0x031C	0x0E2C      	MOVLW       44
0x031E	0x0100      	MOVLB       0
0x0320	0x6F61      	MOVWF       FARG__OS_InitDelay_Delay, 1
0x0322	0x0E01      	MOVLW       1
0x0324	0x6F62      	MOVWF       FARG__OS_InitDelay_Delay+1, 1
0x0326	0x0E00      	MOVLW       0
0x0328	0x6F63      	MOVWF       FARG__OS_InitDelay_Delay+2, 1
0x032A	0x6F64      	MOVWF       FARG__OS_InitDelay_Delay+3, 1
0x032C	0xDF6D      	RCALL       __OS_InitDelay
0x032E	0xDFBF      	RCALL       __OS_ReturnSave
0x0330	0x0000      	NOP
;main.c,80 :: 		OS_Bsem_Reset(BS_LED2);
0x0332	0x0EFB      	MOVLW       251
0x0334	0x1625      	ANDWF       __OS_Bsems, 1 
;main.c,81 :: 		OS_Bsem_Set(BS_LED0);
0x0336	0x8025      	BSF         __OS_Bsems, 0 
;main.c,82 :: 		}
0x0338	0xD7DC      	BRA         L_Task_LED244
;main.c,83 :: 		}
L_end_Task_LED2:
0x033A	0x0012      	RETURN      0
; end of _Task_LED2
_Mul_16X16_U:
;__Lib_Math.c,440 :: 		
;__Lib_Math.c,447 :: 		
0x033C	0x6A0B      	CLRF        R11, 0
;__Lib_Math.c,448 :: 		
0x033E	0x6A0A      	CLRF        R10, 0
;__Lib_Math.c,449 :: 		
0x0340	0x6A09      	CLRF        R9, 0
;__Lib_Math.c,450 :: 		
0x0342	0x5000      	MOVF        R0, 0, 0
;__Lib_Math.c,451 :: 		
0x0344	0x0204      	MULWF       R4, 0
;__Lib_Math.c,453 :: 		
0x0346	0xF009CFF4  	MOVFF       PRODH, R9
;__Lib_Math.c,454 :: 		
0x034A	0xF008CFF3  	MOVFF       PRODL, R8
;__Lib_Math.c,455 :: 		
0x034E	0x5001      	MOVF        R1, 0, 0
;__Lib_Math.c,456 :: 		
0x0350	0x0205      	MULWF       R5, 0
;__Lib_Math.c,458 :: 		
0x0352	0xF00BCFF4  	MOVFF       PRODH, R11
;__Lib_Math.c,459 :: 		
0x0356	0xF00ACFF3  	MOVFF       PRODL, R10
;__Lib_Math.c,460 :: 		
0x035A	0x5000      	MOVF        R0, 0, 0
;__Lib_Math.c,461 :: 		
0x035C	0x0205      	MULWF       R5, 0
;__Lib_Math.c,463 :: 		
0x035E	0x50F3      	MOVF        PRODL, 0, 0
;__Lib_Math.c,464 :: 		
0x0360	0x2609      	ADDWF       R9, 1, 0
;__Lib_Math.c,465 :: 		
0x0362	0x50F4      	MOVF        PRODH, 0, 0
;__Lib_Math.c,466 :: 		
0x0364	0x220A      	ADDWFC      R10, 1, 0
;__Lib_Math.c,467 :: 		
0x0366	0x6AE8      	CLRF        WREG, 0
;__Lib_Math.c,468 :: 		
0x0368	0x220B      	ADDWFC      R11, 1, 0
;__Lib_Math.c,469 :: 		
0x036A	0x5001      	MOVF        R1, 0, 0
;__Lib_Math.c,470 :: 		
0x036C	0x0204      	MULWF       R4, 0
;__Lib_Math.c,472 :: 		
0x036E	0x50F3      	MOVF        PRODL, 0, 0
;__Lib_Math.c,473 :: 		
0x0370	0x2609      	ADDWF       R9, 1, 0
;__Lib_Math.c,474 :: 		
0x0372	0x50F4      	MOVF        PRODH, 0, 0
;__Lib_Math.c,475 :: 		
0x0374	0x220A      	ADDWFC      R10, 1, 0
;__Lib_Math.c,476 :: 		
0x0376	0x6AE8      	CLRF        WREG, 0
;__Lib_Math.c,477 :: 		
0x0378	0x220B      	ADDWFC      R11, 1, 0
;__Lib_Math.c,479 :: 		
0x037A	0xF000C008  	MOVFF       R8, R0
;__Lib_Math.c,480 :: 		
0x037E	0xF001C009  	MOVFF       R9, R1
;__Lib_Math.c,481 :: 		
0x0382	0xF002C00A  	MOVFF       R10, R2
;__Lib_Math.c,482 :: 		
0x0386	0xF003C00B  	MOVFF       R11, R3
;__Lib_Math.c,485 :: 		
L_end_Mul_16X16_U:
0x038A	0x0012      	RETURN      0
; end of _Mul_16X16_U
_Task_LED1:
;main.c,57 :: 		void Task_LED1(void)
;main.c,59 :: 		for(;;)
L_Task_LED141:
;main.c,61 :: 		OS_Bsem_Wait(BS_LED1);
0x038C	0xDFAF      	RCALL       __OS_EnterWaitMode
0x038E	0x0000      	NOP
0x0390	0x0E02      	MOVLW       2
0x0392	0x1425      	ANDWF       __OS_Bsems, 0 
0x0394	0x6E00      	MOVWF       R0 
0x0396	0x0E00      	MOVLW       0
0x0398	0x0B00      	ANDLW       0
0x039A	0x6E01      	MOVWF       R1 
0x039C	0x0E00      	MOVLW       0
0x039E	0x1801      	XORWF       R1, 0 
0x03A0	0xE102      	BNZ         L__Task_LED159
0x03A2	0x0E00      	MOVLW       0
0x03A4	0x1800      	XORWF       R0, 0 
L__Task_LED159:
0x03A6	0x0E00      	MOVLW       0
0x03A8	0xA4D8      	BTFSS       STATUS, 2 
0x03AA	0x0E01      	MOVLW       1
0x03AC	0x6E5E      	MOVWF       FARG__OS_CheckEvent_bEvent 
0x03AE	0xDF89      	RCALL       __OS_CheckEvent
0x03B0	0x0EFD      	MOVLW       253
0x03B2	0x1625      	ANDWF       __OS_Bsems, 1 
;main.c,63 :: 		LATD.RD1 = ~LATD.RD1;
0x03B4	0x728C      	BTG         LATD, 1 
;main.c,64 :: 		OS_Delay(300 ms);
0x03B6	0x0E2C      	MOVLW       44
0x03B8	0x0100      	MOVLB       0
0x03BA	0x6F61      	MOVWF       FARG__OS_InitDelay_Delay, 1
0x03BC	0x0E01      	MOVLW       1
0x03BE	0x6F62      	MOVWF       FARG__OS_InitDelay_Delay+1, 1
0x03C0	0x0E00      	MOVLW       0
0x03C2	0x6F63      	MOVWF       FARG__OS_InitDelay_Delay+2, 1
0x03C4	0x6F64      	MOVWF       FARG__OS_InitDelay_Delay+3, 1
0x03C6	0xDF20      	RCALL       __OS_InitDelay
0x03C8	0xDF72      	RCALL       __OS_ReturnSave
0x03CA	0x0000      	NOP
;main.c,66 :: 		OS_Bsem_Reset(BS_LED1);
0x03CC	0x0EFD      	MOVLW       253
0x03CE	0x1625      	ANDWF       __OS_Bsems, 1 
;main.c,67 :: 		OS_Bsem_Set(BS_LED2);
0x03D0	0x8425      	BSF         __OS_Bsems, 2 
;main.c,68 :: 		}
0x03D2	0xD7DC      	BRA         L_Task_LED141
;main.c,69 :: 		}
L_end_Task_LED1:
0x03D4	0x0012      	RETURN      0
; end of _Task_LED1
__OS_JumpToTask:
;osa_pic18_mikroc.c,64 :: 		
;osa_pic18_mikroc.c,66 :: 		
0x03D6	0xDF04      	RCALL       __OS_SET_FSR_CUR_TASK
;osa_pic18_mikroc.c,67 :: 		
0x03D8	0xF058CFEE  	MOVFF       POSTINC0, __OS_State
;osa_pic18_mikroc.c,69 :: 		
0x03DC	0x0005      	PUSH
;osa_pic18_mikroc.c,70 :: 		
0x03DE	0x50EE      	MOVF        POSTINC0, 0, 0
;osa_pic18_mikroc.c,71 :: 		
0x03E0	0x6EFD      	MOVWF       TOSL, 0
;osa_pic18_mikroc.c,72 :: 		
0x03E2	0x50EE      	MOVF        POSTINC0, 0, 0
;osa_pic18_mikroc.c,73 :: 		
0x03E4	0x6EFE      	MOVWF       TOSH, 0
;osa_pic18_mikroc.c,74 :: 		
0x03E6	0x50EE      	MOVF        POSTINC0, 0, 0
;osa_pic18_mikroc.c,75 :: 		
0x03E8	0x6EFF      	MOVWF       TOSU, 0
;osa_pic18_mikroc.c,76 :: 		
0x03EA	0x0012      	RETURN      0
;osa_pic18_mikroc.c,78 :: 		
L_end__OS_JumpToTask:
0x03EC	0x0012      	RETURN      0
; end of __OS_JumpToTask
___CC2DW:
;__Lib_System.c,21 :: 		
;__Lib_System.c,23 :: 		
_CC2DL_Loop1:
;__Lib_System.c,24 :: 		
0x03EE	0x0009      	TBLRD*+
;__Lib_System.c,25 :: 		
0x03F0	0xFFE6CFF5  	MOVFF       TABLAT, POSTINC1
;__Lib_System.c,26 :: 		
0x03F4	0x0600      	DECF        R0, 1, 0
;__Lib_System.c,27 :: 		
0x03F6	0xE1FB      	BNZ         _CC2DL_Loop1
;__Lib_System.c,28 :: 		
0x03F8	0x0601      	DECF        R1, 1, 0
;__Lib_System.c,29 :: 		
0x03FA	0xE1F9      	BNZ         _CC2DL_Loop1
;__Lib_System.c,31 :: 		
L_end___CC2DW:
0x03FC	0x0012      	RETURN      0
; end of ___CC2DW
_Task_LED0:
;main.c,40 :: 		void Task_LED0(void)
;main.c,42 :: 		OS_Bsem_Set(BS_LED0);
0x03FE	0x8025      	BSF         __OS_Bsems, 0 
;main.c,44 :: 		for(;;)
L_Task_LED038:
;main.c,46 :: 		OS_Bsem_Wait(BS_LED0); //BS_LED0 == 1?? SIM, DESCE, CASO CONTRÁRIO, DEVOLVE O CONTROLE PARA O RTOS
0x0400	0xDF75      	RCALL       __OS_EnterWaitMode
0x0402	0x0000      	NOP
0x0404	0x0E01      	MOVLW       1
0x0406	0x1425      	ANDWF       __OS_Bsems, 0 
0x0408	0x6E00      	MOVWF       R0 
0x040A	0x0E00      	MOVLW       0
0x040C	0x0B00      	ANDLW       0
0x040E	0x6E01      	MOVWF       R1 
0x0410	0x0E00      	MOVLW       0
0x0412	0x1801      	XORWF       R1, 0 
0x0414	0xE102      	BNZ         L__Task_LED057
0x0416	0x0E00      	MOVLW       0
0x0418	0x1800      	XORWF       R0, 0 
L__Task_LED057:
0x041A	0x0E00      	MOVLW       0
0x041C	0xA4D8      	BTFSS       STATUS, 2 
0x041E	0x0E01      	MOVLW       1
0x0420	0x6E5E      	MOVWF       FARG__OS_CheckEvent_bEvent 
0x0422	0xDF4F      	RCALL       __OS_CheckEvent
0x0424	0x0EFE      	MOVLW       254
0x0426	0x1625      	ANDWF       __OS_Bsems, 1 
;main.c,48 :: 		LATD.RD0 = ~LATD.RD0;  //LED
0x0428	0x708C      	BTG         LATD, 0 
;main.c,49 :: 		OS_Delay(300 ms);      //Aguarda 300ms
0x042A	0x0E2C      	MOVLW       44
0x042C	0x0100      	MOVLB       0
0x042E	0x6F61      	MOVWF       FARG__OS_InitDelay_Delay, 1
0x0430	0x0E01      	MOVLW       1
0x0432	0x6F62      	MOVWF       FARG__OS_InitDelay_Delay+1, 1
0x0434	0x0E00      	MOVLW       0
0x0436	0x6F63      	MOVWF       FARG__OS_InitDelay_Delay+2, 1
0x0438	0x6F64      	MOVWF       FARG__OS_InitDelay_Delay+3, 1
0x043A	0xDEE6      	RCALL       __OS_InitDelay
0x043C	0xDF38      	RCALL       __OS_ReturnSave
0x043E	0x0000      	NOP
;main.c,51 :: 		OS_Bsem_Reset(BS_LED0);
0x0440	0x0EFE      	MOVLW       254
0x0442	0x1625      	ANDWF       __OS_Bsems, 1 
;main.c,52 :: 		OS_Bsem_Set(BS_LED1);
0x0444	0x8225      	BSF         __OS_Bsems, 1 
;main.c,54 :: 		}
0x0446	0xD7DC      	BRA         L_Task_LED038
;main.c,55 :: 		}
L_end_Task_LED0:
0x0448	0x0012      	RETURN      0
; end of _Task_LED0
__OS_Task_Create:
;osa_tasks.c,75 :: 		
;osa_tasks.c,79 :: 		
0x044A	0x9224      	BCF         __OS_Flags, 1 
;osa_tasks.c,88 :: 		
0x044C	0x0E34      	MOVLW       __OS_Tasks
0x044E	0x6E01      	MOVWF       R1 
0x0450	0x0E00      	MOVLW       hi_addr(__OS_Tasks)
0x0452	0x6E02      	MOVWF       R2 
;osa_tasks.c,89 :: 		
0x0454	0x6A33      	CLRF        __OS_Temp 
;osa_tasks.c,91 :: 		
L__OS_Task_Create40:
;osa_tasks.c,93 :: 		
0x0456	0xFFE9C001  	MOVFF       R1, FSR0L
0x045A	0xFFEAC002  	MOVFF       R2, FSR0H
0x045E	0xF000CFEE  	MOVFF       POSTINC0, R0
0x0462	0xBC00      	BTFSC       R0, 6 
0x0464	0xD02A      	BRA         L__OS_Task_Create43
;osa_tasks.c,95 :: 		
0x0466	0x8C59      	BSF         FARG__OS_Task_Create_priority, 6 
;osa_tasks.c,96 :: 		
0x0468	0x8659      	BSF         FARG__OS_Task_Create_priority, 3 
;osa_tasks.c,98 :: 		
0x046A	0x0E01      	MOVLW       1
0x046C	0x2401      	ADDWF       R1, 0 
0x046E	0x6EE1      	MOVWF       FSR1L 
0x0470	0x0E00      	MOVLW       0
0x0472	0x2002      	ADDWFC      R2, 0 
0x0474	0x6EE2      	MOVWF       FSR1L+1 
0x0476	0xFFE6C05A  	MOVFF       FARG__OS_Task_Create_TaskAddr, POSTINC1
0x047A	0xFFE6C05B  	MOVFF       FARG__OS_Task_Create_TaskAddr+1, POSTINC1
0x047E	0xFFE6C05C  	MOVFF       FARG__OS_Task_Create_TaskAddr+2, POSTINC1
0x0482	0xFFE6C05D  	MOVFF       FARG__OS_Task_Create_TaskAddr+3, POSTINC1
;osa_tasks.c,101 :: 		
0x0486	0x0E05      	MOVLW       5
0x0488	0x2401      	ADDWF       R1, 0 
0x048A	0x6EE1      	MOVWF       FSR1L 
0x048C	0x0E00      	MOVLW       0
0x048E	0x2002      	ADDWFC      R2, 0 
0x0490	0x6EE2      	MOVWF       FSR1L+1 
0x0492	0x6AE6      	CLRF        POSTINC1 
0x0494	0x6AE6      	CLRF        POSTINC1 
0x0496	0x6AE6      	CLRF        POSTINC1 
0x0498	0x6AE6      	CLRF        POSTINC1 
;osa_tasks.c,108 :: 		
0x049A	0xFFE1C001  	MOVFF       R1, FSR1L
0x049E	0xFFE2C002  	MOVFF       R2, FSR1H
0x04A2	0xFFE6C059  	MOVFF       FARG__OS_Task_Create_priority, POSTINC1
;osa_tasks.c,111 :: 		
0x04A6	0x5002      	MOVF        R2, 0 
0x04A8	0x1823      	XORWF       __OS_CurTask+1, 0 
0x04AA	0xE102      	BNZ         L___OS_Task_Create71
0x04AC	0x5022      	MOVF        __OS_CurTask, 0 
0x04AE	0x1801      	XORWF       R1, 0 
L___OS_Task_Create71:
0x04B0	0xE102      	BNZ         L__OS_Task_Create44
0x04B2	0xF058C059  	MOVFF       FARG__OS_Task_Create_priority, __OS_State
L__OS_Task_Create44:
;osa_tasks.c,126 :: 		
0x04B6	0x9224      	BCF         __OS_Flags, 1 
;osa_tasks.c,128 :: 		
0x04B8	0xD009      	BRA         L_end__OS_Task_Create
;osa_tasks.c,130 :: 		
L__OS_Task_Create43:
;osa_tasks.c,132 :: 		
0x04BA	0x0E09      	MOVLW       9
0x04BC	0x2601      	ADDWF       R1, 1 
0x04BE	0x0E00      	MOVLW       0
0x04C0	0x2202      	ADDWFC      R2, 1 
;osa_tasks.c,134 :: 		
0x04C2	0x2A33      	INCF        __OS_Temp, 1 
0x04C4	0x0E04      	MOVLW       4
0x04C6	0x5C33      	SUBWF       __OS_Temp, 0 
0x04C8	0xE3C6      	BNC         L__OS_Task_Create40
;osa_tasks.c,137 :: 		
0x04CA	0x8224      	BSF         __OS_Flags, 1 
;osa_tasks.c,139 :: 		
;osa_tasks.c,140 :: 		
L_end__OS_Task_Create:
0x04CC	0x0012      	RETURN      0
; end of __OS_Task_Create
_InitMCU:
;bsp.c,3 :: 		void InitMCU(void)
;bsp.c,6 :: 		ANSELA = 0;
0x04CE	0x010F      	MOVLB       15
0x04D0	0x6B38      	CLRF        ANSELA, 1
;bsp.c,7 :: 		ANSELB = 0;
0x04D2	0x6B39      	CLRF        ANSELB, 1
;bsp.c,8 :: 		ANSELC = 0;
0x04D4	0x6B3A      	CLRF        ANSELC, 1
;bsp.c,9 :: 		ANSELD = 0;
0x04D6	0x6B3B      	CLRF        ANSELD, 1
;bsp.c,10 :: 		ANSELE = 0;
0x04D8	0x6B3C      	CLRF        ANSELE, 1
;bsp.c,15 :: 		TRISD = 0;        //PORTD configurado como Saída
0x04DA	0x6A95      	CLRF        TRISD 
;bsp.c,16 :: 		PORTD = 0;        //LEDs OFF
0x04DC	0x6A83      	CLRF        PORTD 
;bsp.c,18 :: 		}
L_end_InitMCU:
0x04DE	0x0012      	RETURN      0
; end of _InitMCU
_TickTimerIE:
;timer.c,3 :: 		void TickTimerIE(void)
;timer.c,6 :: 		T2CON = T2CON_CONST;
0x04E0	0x0E4D      	MOVLW       77
0x04E2	0x6EBA      	MOVWF       T2CON 
;timer.c,7 :: 		PR2 = PR2_CONST;
0x04E4	0x0E31      	MOVLW       49
0x04E6	0x6EBB      	MOVWF       PR2 
;timer.c,9 :: 		INTCON.GIEH = 1;
0x04E8	0x8EF2      	BSF         INTCON, 7 
;timer.c,10 :: 		INTCON.GIEL = 1;
0x04EA	0x8CF2      	BSF         INTCON, 6 
;timer.c,11 :: 		RCON.IPEN = 1;
0x04EC	0x8ED0      	BSF         RCON, 7 
;timer.c,13 :: 		TMR2IE_bit = 1;
0x04EE	0x829D      	BSF         TMR2IE_bit, BitPos(TMR2IE_bit+0) 
;timer.c,14 :: 		TMR2IP_bit = 1;
0x04F0	0x829F      	BSF         TMR2IP_bit, BitPos(TMR2IP_bit+0) 
;timer.c,15 :: 		T2CON.TMR2ON = 1;
0x04F2	0x84BA      	BSF         T2CON, 2 
;timer.c,16 :: 		}
L_end_TickTimerIE:
0x04F4	0x0012      	RETURN      0
; end of _TickTimerIE
_OS_Init:
;osa_system.c,67 :: 		
;osa_system.c,72 :: 		
0x04F6	0x6A24      	CLRF        __OS_Flags 
;osa_system.c,81 :: 		
0x04F8	0x0E4F      	MOVLW       __OS_Tasks+27
0x04FA	0x6E2E      	MOVWF       __OS_LastTask 
0x04FC	0x0E00      	MOVLW       hi_addr(__OS_Tasks+27)
0x04FE	0x6E2F      	MOVWF       __OS_LastTask+1 
;osa_system.c,238 :: 		
0x0500	0x0E03      	MOVLW       3
0x0502	0x6E32      	MOVWF       __OS_StimersFree 
;osa_system.c,260 :: 		
0x0504	0x6A25      	CLRF        __OS_Bsems 
;osa_system.c,326 :: 		
0x0506	0x9C34      	BCF         __OS_Tasks, 6 
;osa_system.c,329 :: 		
0x0508	0x9C3D      	BCF         __OS_Tasks+9, 6 
;osa_system.c,333 :: 		
0x050A	0x9C46      	BCF         __OS_Tasks+18, 6 
;osa_system.c,337 :: 		
0x050C	0x9C4F      	BCF         __OS_Tasks+27, 6 
;osa_system.c,394 :: 		
L_end_OS_Init:
0x050E	0x0012      	RETURN      0
; end of _OS_Init
_main:
;main.c,14 :: 		void main (void)
;main.c,16 :: 		InitMCU();                         //Inicializa os periféricos do MCU
0x0510	0xDFDE      	RCALL       _InitMCU
;main.c,17 :: 		TickTimerIE();                     //Configura e habilita a Interrupção TickTimer
0x0512	0xDFE6      	RCALL       _TickTimerIE
;main.c,19 :: 		OS_Init();                         //Inicializa RTO's
0x0514	0xDFF0      	RCALL       _OS_Init
;main.c,22 :: 		OS_Task_Create(0, Task_LED0);      //Cria task LE0 (máxima prioridade)
0x0516	0x6A59      	CLRF        FARG__OS_Task_Create_priority 
0x0518	0x0EFE      	MOVLW       _Task_LED0
0x051A	0x6E5A      	MOVWF       FARG__OS_Task_Create_TaskAddr 
0x051C	0x0E03      	MOVLW       hi_addr(_Task_LED0)
0x051E	0x6E5B      	MOVWF       FARG__OS_Task_Create_TaskAddr+1 
0x0520	0x0E00      	MOVLW       0
0x0522	0x6E5C      	MOVWF       FARG__OS_Task_Create_TaskAddr+2 
0x0524	0x0E00      	MOVLW       0
0x0526	0x6E5D      	MOVWF       FARG__OS_Task_Create_TaskAddr+3 
0x0528	0xDF90      	RCALL       __OS_Task_Create
;main.c,23 :: 		OS_Task_Create(0, Task_LED1);      //Cria task LE1 (máxima prioridade)
0x052A	0x6A59      	CLRF        FARG__OS_Task_Create_priority 
0x052C	0x0E8C      	MOVLW       _Task_LED1
0x052E	0x6E5A      	MOVWF       FARG__OS_Task_Create_TaskAddr 
0x0530	0x0E03      	MOVLW       hi_addr(_Task_LED1)
0x0532	0x6E5B      	MOVWF       FARG__OS_Task_Create_TaskAddr+1 
0x0534	0x0E00      	MOVLW       0
0x0536	0x6E5C      	MOVWF       FARG__OS_Task_Create_TaskAddr+2 
0x0538	0x0E00      	MOVLW       0
0x053A	0x6E5D      	MOVWF       FARG__OS_Task_Create_TaskAddr+3 
0x053C	0xDF86      	RCALL       __OS_Task_Create
;main.c,24 :: 		OS_Task_Create(0, Task_LED2);      //Cria task LE2 (máxima prioridade)
0x053E	0x6A59      	CLRF        FARG__OS_Task_Create_priority 
0x0540	0x0EF2      	MOVLW       _Task_LED2
0x0542	0x6E5A      	MOVWF       FARG__OS_Task_Create_TaskAddr 
0x0544	0x0E02      	MOVLW       hi_addr(_Task_LED2)
0x0546	0x6E5B      	MOVWF       FARG__OS_Task_Create_TaskAddr+1 
0x0548	0x0E00      	MOVLW       0
0x054A	0x6E5C      	MOVWF       FARG__OS_Task_Create_TaskAddr+2 
0x054C	0x0E00      	MOVLW       0
0x054E	0x6E5D      	MOVWF       FARG__OS_Task_Create_TaskAddr+3 
0x0550	0xDF7C      	RCALL       __OS_Task_Create
;main.c,26 :: 		OS_Bsem_Reset(BS_LED0);    //Reset -> OCUPADO - Set -> LIVRE
0x0552	0x9025      	BCF         __OS_Bsems, 0 
;main.c,27 :: 		OS_Bsem_Reset(BS_LED1);
0x0554	0x9225      	BCF         __OS_Bsems, 1 
;main.c,28 :: 		OS_Bsem_Reset(BS_LED2);
0x0556	0x9425      	BCF         __OS_Bsems, 2 
;main.c,30 :: 		OS_EI();
0x0558	0x8EF2      	BSF         GIE_bit, BitPos(GIE_bit+0) 
0x055A	0xBED0      	BTFSC       IPEN_bit, BitPos(IPEN_bit+0) 
0x055C	0x8CF2      	BSF         GIEL_bit, BitPos(GIEL_bit+0) 
L_main10:
;main.c,32 :: 		OS_Run();
L_main11:
0x055E	0x9824      	BCF         __OS_Flags, 4 
0x0560	0x8624      	BSF         __OS_Flags, 3 
0x0562	0x0E08      	MOVLW       8
0x0564	0x6E21      	MOVWF       __OS_Best_Priority 
0x0566	0xF022C02E  	MOVFF       __OS_LastTask, __OS_CurTask
0x056A	0xF023C02F  	MOVFF       __OS_LastTask+1, __OS_CurTask+1
L_main14:
0x056E	0x0E00      	MOVLW       hi_addr(__OS_Tasks+27)
0x0570	0x5C23      	SUBWF       __OS_CurTask+1, 0 
0x0572	0xE102      	BNZ         L__main54
0x0574	0x0E4F      	MOVLW       __OS_Tasks+27
0x0576	0x5C22      	SUBWF       __OS_CurTask, 0 
L__main54:
0x0578	0xE305      	BNC         L_main17
0x057A	0x0E34      	MOVLW       __OS_Tasks
0x057C	0x6E22      	MOVWF       __OS_CurTask 
0x057E	0x0E00      	MOVLW       hi_addr(__OS_Tasks)
0x0580	0x6E23      	MOVWF       __OS_CurTask+1 
0x0582	0xD00A      	BRA         L_main18
L_main17:
0x0584	0x0E09      	MOVLW       9
0x0586	0x2422      	ADDWF       __OS_CurTask, 0 
0x0588	0x6E00      	MOVWF       R0 
0x058A	0x0E00      	MOVLW       0
0x058C	0x2023      	ADDWFC      __OS_CurTask+1, 0 
0x058E	0x6E01      	MOVWF       R1 
0x0590	0xF022C000  	MOVFF       R0, __OS_CurTask
0x0594	0xF023C001  	MOVFF       R1, __OS_CurTask+1
L_main18:
0x0598	0xFFE9C022  	MOVFF       __OS_CurTask, FSR0L
0x059C	0xFFEAC023  	MOVFF       __OS_CurTask+1, FSR0L+1
0x05A0	0x0E01      	MOVLW       1
0x05A2	0x6E00      	MOVWF       R0 
0x05A4	0x0E58      	MOVLW       __OS_State
0x05A6	0x6EE1      	MOVWF       FSR1L 
0x05A8	0x0E00      	MOVLW       hi_addr(__OS_State)
0x05AA	0x6EE2      	MOVWF       FSR1L+1 
L_main19:
0x05AC	0xFFE6CFEE  	MOVFF       POSTINC0, POSTINC1
0x05B0	0x0600      	DECF        R0, 1 
0x05B2	0xE1FC      	BNZ         L_main19
0x05B4	0xAC58      	BTFSS       __OS_State, 6 
0x05B6	0xD003      	BRA         L__main50
0x05B8	0xBE58      	BTFSC       __OS_State, 7 
0x05BA	0xD001      	BRA         L__main50
0x05BC	0xD001      	BRA         L_main22
L__main50:
0x05BE	0xD02E      	BRA         ___main__OS_SCHED_CONTINUE
L_main22:
0x05C0	0xF000C058  	MOVFF       __OS_State, R0
0x05C4	0x0E07      	MOVLW       7
0x05C6	0x1600      	ANDWF       R0, 1 
0x05C8	0xF033C000  	MOVFF       R0, __OS_Temp
0x05CC	0x5021      	MOVF        __OS_Best_Priority, 0 
0x05CE	0x5C33      	SUBWF       __OS_Temp, 0 
0x05D0	0xE301      	BNC         L_main23
0x05D2	0xD024      	BRA         ___main__OS_SCHED_CONTINUE
L_main23:
0x05D4	0xB658      	BTFSC       __OS_State, 3 
0x05D6	0xD00C      	BRA         L_main24
___main__OS_SCHED_RUN:
0x05D8	0xDEFE      	RCALL       __OS_JumpToTask
0x05DA	0xDE02      	RCALL       __OS_SET_FSR_CUR_TASK
0x05DC	0x0ED7      	MOVLW       215
0x05DE	0x16EF      	ANDWF       __indf, 1 
0x05E0	0x0E28      	MOVLW       40
0x05E2	0x1458      	ANDWF       __OS_State, 0 
0x05E4	0x6E00      	MOVWF       R0 
0x05E6	0x5000      	MOVF        R0, 0 
0x05E8	0x12EF      	IORWF       __indf, 1 
0x05EA	0xB624      	BTFSC       __OS_Flags, 3 
0x05EC	0xD001      	BRA         L_main25
0x05EE	0xD03B      	BRA         ___main_SCHED_END
L_main25:
L_main24:
0x05F0	0xA858      	BTFSS       __OS_State, 4 
0x05F2	0xD003      	BRA         L_main28
0x05F4	0xBA58      	BTFSC       __OS_State, 5 
0x05F6	0xD001      	BRA         L_main28
L__main49:
0x05F8	0xD011      	BRA         ___main__OS_SCHED_CONTINUE
L_main28:
0x05FA	0xA658      	BTFSS       __OS_State, 3 
0x05FC	0xD00F      	BRA         L_main29
0x05FE	0x8824      	BSF         __OS_Flags, 4 
0x0600	0xF030C022  	MOVFF       __OS_CurTask, __OS_BestTask
0x0604	0xF031C023  	MOVFF       __OS_CurTask+1, __OS_BestTask+1
0x0608	0xF000C058  	MOVFF       __OS_State, R0
0x060C	0x0E07      	MOVLW       7
0x060E	0x1600      	ANDWF       R0, 1 
0x0610	0xF021C000  	MOVFF       R0, __OS_Best_Priority
0x0614	0x5021      	MOVF        __OS_Best_Priority, 0 
0x0616	0x0A00      	XORLW       0
0x0618	0xE101      	BNZ         L_main30
0x061A	0xD007      	BRA         L_main15
L_main30:
L_main29:
___main__OS_SCHED_CONTINUE:
0x061C	0x5023      	MOVF        __OS_CurTask+1, 0 
0x061E	0x182F      	XORWF       __OS_LastTask+1, 0 
0x0620	0xE102      	BNZ         L__main55
0x0622	0x502E      	MOVF        __OS_LastTask, 0 
0x0624	0x1822      	XORWF       __OS_CurTask, 0 
L__main55:
0x0626	0xE001      	BZ          L__main48
0x0628	0xD7A2      	BRA         L_main14
L__main48:
L_main15:
0x062A	0xA824      	BTFSS       __OS_Flags, 4 
0x062C	0xD01C      	BRA         L_main33
0x062E	0x9624      	BCF         __OS_Flags, 3 
0x0630	0xF022C030  	MOVFF       __OS_BestTask, __OS_CurTask
0x0634	0xF023C031  	MOVFF       __OS_BestTask+1, __OS_CurTask+1
0x0638	0xF02EC022  	MOVFF       __OS_CurTask, __OS_LastTask
0x063C	0xF02FC023  	MOVFF       __OS_CurTask+1, __OS_LastTask+1
0x0640	0xFFE9C022  	MOVFF       __OS_CurTask, FSR0L
0x0644	0xFFEAC023  	MOVFF       __OS_CurTask+1, FSR0L+1
0x0648	0x0E01      	MOVLW       1
0x064A	0x6E00      	MOVWF       R0 
0x064C	0x0E58      	MOVLW       __OS_State
0x064E	0x6EE1      	MOVWF       FSR1L 
0x0650	0x0E00      	MOVLW       hi_addr(__OS_State)
0x0652	0x6EE2      	MOVWF       FSR1L+1 
L_main34:
0x0654	0xFFE6CFEE  	MOVFF       POSTINC0, POSTINC1
0x0658	0x0600      	DECF        R0, 1 
0x065A	0xE1FC      	BNZ         L_main34
0x065C	0xAC58      	BTFSS       __OS_State, 6 
0x065E	0xD003      	BRA         L_main37
0x0660	0xBE58      	BTFSC       __OS_State, 7 
0x0662	0xD001      	BRA         L_main37
L__main47:
0x0664	0xD7B9      	BRA         ___main__OS_SCHED_RUN
L_main37:
L_main33:
___main_SCHED_END:
0x0666	0xD77B      	BRA         L_main11
;main.c,34 :: 		}
L_end_main:
0x0668	0xD7FF      	BRA         $+0
; end of _main
Symbol List:
//** Routines locations **
//ADDRESS    SIZE    PROCEDURE
//----------------------------------------------
0x0008     [472]    _INTERRUPT_HIGH
0x01E0      [10]    __OS_SET_FSR_CUR_TASK
0x01EA      [30]    __OS_ClrReadySetClrCanContinue
0x0208     [166]    __OS_InitDelay
0x02AE      [20]    __OS_ReturnSave
0x02C2      [42]    __OS_CheckEvent
0x02EC       [6]    __OS_EnterWaitMode
0x02F2      [74]    _Task_LED2
0x033C      [80]    _Mul_16X16_U
0x038C      [74]    _Task_LED1
0x03D6      [24]    __OS_JumpToTask
0x03EE      [16]    ___CC2DW
0x03FE      [76]    _Task_LED0
0x044A     [132]    __OS_Task_Create
0x04CE      [18]    _InitMCU
0x04E0      [22]    _TickTimerIE
0x04F6      [26]    _OS_Init
0x0510     [346]    _main
//** Variables locations ** 
//ADDRESS    SIZE    VARIABLE
//----------------------------------------------
0x0000       [1]    R0
0x0000       [1]    UART2_Init_tmp_L0
0x0000       [1]    UART1_Init_tmp_L0
0x0000       [1]    EEPROM_Write_SaveINTCON_L0
0x0001       [2]    _OS_Task_Create_Task_L0
0x0001       [1]    UART2_Read___tmp_UART2_Read_L0
0x0001       [1]    R1
0x0001       [1]    OS_DI_temp_L0
0x0001       [1]    UART1_Read___tmp_UART1_Read_L0
0x0001       [1]    __Lib_Conversions_Adjust_Hex_tmp_L0
0x0002       [2]    memcpy_dd_L0
0x0002       [2]    memset_pp_L0
0x0002       [2]    memchr_s_L0
0x0002       [1]    R2
0x0002       [2]    strlen_cp_L0
0x0003       [2]    memmove_tt_L0
0x0003       [1]    R3
0x0003       [3]    _OS_Queue_Get_I_q_L0
0x0003       [3]    _OS_Queue_Get_q_L0
0x0003       [1]    _OS_Stimer_GetFree_n_L0
0x0003       [2]    Ltrim_original_L0
0x0004       [2]    memcpy_ss_L0
0x0004       [2]    strncat_cp_L0
0x0004       [1]    _OS_Stimer_GetFree_i_L0
0x0004       [2]    strncpy_cp_L0
0x0004       [3]    _OS_Queue_Send_q_L0
0x0004       [2]    strcat_cp_L0
0x0004       [2]    strcpy_cp_L0
0x0004       [1]    R4
0x0004       [3]    _OS_Queue_Send_I_q_L0
0x0005       [2]    LongWordToHex_input_half_L0
0x0005       [1]    R5
0x0005       [2]    memmove_ff_L0
0x0005       [2]    Ltrim_p_L0
0x0005       [1]    _OS_Stimer_GetFree_temp_L0
0x0005       [2]    LongIntToHex_input_half_L0
0x0006       [1]    _OS_Queue_Get_temp_L0
0x0006       [1]    _OS_Stimer_GetFree_mask_L0
0x0006       [1]    R6
0x0006       [1]    _OS_Queue_Get_I_temp_L0
0x0007       [2]    _OS_Queue_Send_I_temp_L0
0x0007       [2]    _OS_Queue_Send_temp_L0
0x0007       [1]    R7
0x0008       [1]    R8
0x0009       [1]    R9
0x000A       [1]    R10
0x000B       [1]    R11
0x000C       [1]    R12
0x000D       [1]    R13
0x000E       [1]    R14
0x000F       [1]    R15
0x0010       [1]    R16
0x0011       [1]    R17
0x0012       [1]    R18
0x0013       [1]    R19
0x0014       [1]    R20
0x0021       [1]    __OS_Best_Priority
0x0022       [2]    __OS_CurTask
0x0024       [1]    __OS_Flags
0x0025       [1]    __OS_Bsems
0x0026       [8]    __OS_Stimers
0x002E       [2]    __OS_LastTask
0x0030       [2]    __OS_BestTask
0x0032       [1]    __OS_StimersFree
0x0033       [1]    __OS_Temp
0x0034      [36]    __OS_Tasks
0x0058       [1]    __OS_State
0x0059       [1]    FARG__OS_Task_Create_priority
0x005A       [4]    FARG__OS_Task_Create_TaskAddr
0x005E       [1]    FARG__OS_CheckEvent_bEvent
0x005F       [1]    INTERRUPT_HIGH__os_i_L3
0x0060       [1]    INTERRUPT_HIGH__os_i_L3_L3
0x0061       [4]    FARG__OS_InitDelay_Delay
0x0F38       [1]    ANSELA
0x0F39       [1]    ANSELB
0x0F3A       [1]    ANSELC
0x0F3B       [1]    ANSELD
0x0F3C       [1]    ANSELE
0x0F83       [1]    PORTD
0x0F8C       [1]    LATD
0x0F95       [1]    TRISD
0x0F9D       [0]    TMR2IE_bit
0x0F9E       [0]    TMR2IF_bit
0x0F9F       [0]    TMR2IP_bit
0x0FBA       [1]    T2CON
0x0FBB       [1]    PR2
0x0FD0       [0]    IPEN_bit
0x0FD0       [1]    RCON
0x0FD8       [1]    STATUS
0x0FD9       [1]    FSR2L
0x0FDA       [1]    FSR2H
0x0FDE       [1]    POSTINC2
0x0FE0       [1]    BSR
0x0FE1       [1]    FSR1L
0x0FE2       [1]    FSR1H
0x0FE4       [1]    PREINC1
0x0FE6       [1]    POSTINC1
0x0FE7       [1]    INDF1
0x0FE8       [1]    WREG
0x0FE9       [1]    FSR0L
0x0FE9       [2]    __fsr
0x0FEA       [1]    FSR0H
0x0FEC       [1]    __preinc
0x0FEE       [1]    POSTINC0
0x0FEE       [1]    __postinc
0x0FEF       [1]    __indf
0x0FF2       [1]    INTCON
0x0FF2       [0]    GIE_bit
0x0FF2       [0]    GIEL_bit
0x0FF3       [1]    PRODL
0x0FF4       [1]    PRODH
0x0FF5       [1]    TABLAT
0x0FF6       [1]    TBLPTRL
0x0FF7       [1]    TBLPTRH
0x0FF8       [1]    TBLPTRU
0x0FFD       [1]    __tosl
0x0FFE       [1]    __tosh
0x0FFF       [1]    __tosu
