0	1	mikroCPIC1618.exe -MSF -DBG -pP18F45K22 -DL -O11111114 -fo8 -N"C:\Users\user\Desktop\RTOS_PROJETOS_CODIGO_FONTES_mikroc_7_20_osa_110306.zip\osa_110306_mikroc_pro_7_20\osa\apps\02_PROJETO_SEMAFORO_BINARIO\RTOSproject.mcppi" -SP"C:\Users\Public\Documents\Mikroelektronika\mikroC PRO for PIC\Defs\" -SP"C:\Users\Public\Documents\Mikroelektronika\mikroC PRO for PIC\uses\P18\" -SP"C:\Users\user\Desktop\RTOS_PROJETOS_CODIGO_FONTES_mikroc_7_20_osa_110306.zip\osa_110306_mikroc_pro_7_20\osa\apps\02_PROJETO_SEMAFORO_BINARIO\" -SP"C:\Users\user\Desktop\RTOS_PROJETOS_CODIGO_FONTES_mikroc_7_20_osa_110306.zip\osa_110306_mikroc_pro_7_20\osa\" -IP"C:\Users\Public\Documents\Mikroelektronika\mikroC PRO for PIC\uses\P18\" -IP"C:\Users\user\Desktop\RTOS_PROJETOS_CODIGO_FONTES_mikroc_7_20_osa_110306.zip\osa_110306_mikroc_pro_7_20\osa\" "main.c" "osa.c" "bsp.c" "timer.c" "__Lib_Math.mcl" "__Lib_MathDouble.mcl" "__Lib_System.mcl" "__Lib_Delays.mcl" "__Lib_CString.mcl" "__Lib_Conversions.mcl" "__Lib_ADC_K22_B.mcl" "__Lib_EEPROM_256.mcl" "__Lib_PWM_c21.mcl" "__Lib_UART_c67d67.mcl" "__Lib_LcdConsts.mcl" "__Lib_Lcd.mcl"	 
hint: 0	1139	Available RAM: 1515 [bytes], Available ROM: 32768 [bytes]	 
diagnostics: 0	122	Compilation Started	P18F45K22.c
diagnostics: 2776	123	Compiled Successfully	P18F45K22.c
diagnostics: 0	122	Compilation Started	__Lib_Delays.c
diagnostics: 172	123	Compiled Successfully	__Lib_Delays.c
diagnostics: 0	122	Compilation Started	osacfg.h
hint: 0	1004	interrupt handler (INTERRUPT_HIGH at 0x0008)	main.c
diagnostics: 83	123	Compiled Successfully	main.c
diagnostics: 0	122	Compilation Started	osacfg.h
diagnostics: 140	123	Compiled Successfully	osa_tasks.c
hint: 217	1164	Variable 'msg_temp' has been eliminated by optimizer	osa_tasks.c
diagnostics: 0	122	Compilation Started	bsp.h
diagnostics: 18	123	Compiled Successfully	bsp.c
diagnostics: 0	122	Compilation Started	timer.h
diagnostics: 16	123	Compiled Successfully	timer.c
diagnostics: 0	127	All files Compiled in 344 ms	 
hint: 0	1144	Used RAM (bytes): 68 (4%)  Free RAM (bytes): 1447 (96%)	Used RAM (bytes): 68 (4%)  Free RAM (bytes): 1447 (96%)
hint: 0	1144	Used ROM (bytes): 1640 (5%)  Free ROM (bytes): 31128 (95%)	Used ROM (bytes): 1640 (5%)  Free ROM (bytes): 31128 (95%)
diagnostics: 0	125	Project Linked Successfully	RTOSproject.mcppi
diagnostics: 0	128	Linked in 47 ms	 
diagnostics: 0	129	Project 'RTOSproject.mcppi' completed: 594 ms	 
diagnostics: 0	103	Finished successfully: 25 mai 2023, 09:40:24	RTOSproject.mcppi
